[2025-06-12T15:37:43.426+0300] {processor.py:186} INFO - Started process (PID=9635) to work on /opt/anaconda3/envs/bc_pipeline/lib/python3.11/site-packages/airflow/example_dags/plugins/event_listener.py
[2025-06-12T15:37:43.427+0300] {processor.py:914} INFO - Processing file /opt/anaconda3/envs/bc_pipeline/lib/python3.11/site-packages/airflow/example_dags/plugins/event_listener.py for tasks to queue
[2025-06-12T15:37:43.427+0300] {logging_mixin.py:190} INFO - [2025-06-12T15:37:43.427+0300] {dagbag.py:588} INFO - Filling up the DagBag from /opt/anaconda3/envs/bc_pipeline/lib/python3.11/site-packages/airflow/example_dags/plugins/event_listener.py
[2025-06-12T15:37:43.428+0300] {processor.py:927} WARNING - No viable dags retrieved from /opt/anaconda3/envs/bc_pipeline/lib/python3.11/site-packages/airflow/example_dags/plugins/event_listener.py
[2025-06-12T15:37:43.460+0300] {processor.py:208} INFO - Processing /opt/anaconda3/envs/bc_pipeline/lib/python3.11/site-packages/airflow/example_dags/plugins/event_listener.py took 0.036 seconds
[2025-06-12T15:39:24.623+0300] {processor.py:186} INFO - Started process (PID=10778) to work on /opt/anaconda3/envs/bc_pipeline/lib/python3.11/site-packages/airflow/example_dags/plugins/event_listener.py
[2025-06-12T15:39:24.623+0300] {processor.py:914} INFO - Processing file /opt/anaconda3/envs/bc_pipeline/lib/python3.11/site-packages/airflow/example_dags/plugins/event_listener.py for tasks to queue
[2025-06-12T15:39:24.624+0300] {logging_mixin.py:190} INFO - [2025-06-12T15:39:24.624+0300] {dagbag.py:588} INFO - Filling up the DagBag from /opt/anaconda3/envs/bc_pipeline/lib/python3.11/site-packages/airflow/example_dags/plugins/event_listener.py
[2025-06-12T15:39:24.624+0300] {processor.py:927} WARNING - No viable dags retrieved from /opt/anaconda3/envs/bc_pipeline/lib/python3.11/site-packages/airflow/example_dags/plugins/event_listener.py
[2025-06-12T15:39:24.654+0300] {processor.py:208} INFO - Processing /opt/anaconda3/envs/bc_pipeline/lib/python3.11/site-packages/airflow/example_dags/plugins/event_listener.py took 0.033 seconds
[2025-06-12T15:56:24.505+0300] {processor.py:186} INFO - Started process (PID=25916) to work on /opt/anaconda3/envs/bc_pipeline/lib/python3.11/site-packages/airflow/example_dags/plugins/event_listener.py
[2025-06-12T15:56:24.506+0300] {processor.py:914} INFO - Processing file /opt/anaconda3/envs/bc_pipeline/lib/python3.11/site-packages/airflow/example_dags/plugins/event_listener.py for tasks to queue
[2025-06-12T15:56:24.506+0300] {logging_mixin.py:190} INFO - [2025-06-12T15:56:24.506+0300] {dagbag.py:588} INFO - Filling up the DagBag from /opt/anaconda3/envs/bc_pipeline/lib/python3.11/site-packages/airflow/example_dags/plugins/event_listener.py
[2025-06-12T15:56:24.507+0300] {processor.py:927} WARNING - No viable dags retrieved from /opt/anaconda3/envs/bc_pipeline/lib/python3.11/site-packages/airflow/example_dags/plugins/event_listener.py
[2025-06-12T15:56:24.539+0300] {processor.py:208} INFO - Processing /opt/anaconda3/envs/bc_pipeline/lib/python3.11/site-packages/airflow/example_dags/plugins/event_listener.py took 0.035 seconds
[2025-06-12T15:58:03.358+0300] {processor.py:186} INFO - Started process (PID=28265) to work on /opt/anaconda3/envs/bc_pipeline/lib/python3.11/site-packages/airflow/example_dags/plugins/event_listener.py
[2025-06-12T15:58:03.359+0300] {processor.py:914} INFO - Processing file /opt/anaconda3/envs/bc_pipeline/lib/python3.11/site-packages/airflow/example_dags/plugins/event_listener.py for tasks to queue
[2025-06-12T15:58:03.360+0300] {logging_mixin.py:190} INFO - [2025-06-12T15:58:03.359+0300] {dagbag.py:588} INFO - Filling up the DagBag from /opt/anaconda3/envs/bc_pipeline/lib/python3.11/site-packages/airflow/example_dags/plugins/event_listener.py
[2025-06-12T15:58:03.360+0300] {processor.py:927} WARNING - No viable dags retrieved from /opt/anaconda3/envs/bc_pipeline/lib/python3.11/site-packages/airflow/example_dags/plugins/event_listener.py
[2025-06-12T15:58:03.394+0300] {processor.py:208} INFO - Processing /opt/anaconda3/envs/bc_pipeline/lib/python3.11/site-packages/airflow/example_dags/plugins/event_listener.py took 0.037 seconds
[2025-06-12T15:59:44.098+0300] {processor.py:186} INFO - Started process (PID=29710) to work on /opt/anaconda3/envs/bc_pipeline/lib/python3.11/site-packages/airflow/example_dags/plugins/event_listener.py
[2025-06-12T15:59:44.099+0300] {processor.py:914} INFO - Processing file /opt/anaconda3/envs/bc_pipeline/lib/python3.11/site-packages/airflow/example_dags/plugins/event_listener.py for tasks to queue
[2025-06-12T15:59:44.099+0300] {logging_mixin.py:190} INFO - [2025-06-12T15:59:44.099+0300] {dagbag.py:588} INFO - Filling up the DagBag from /opt/anaconda3/envs/bc_pipeline/lib/python3.11/site-packages/airflow/example_dags/plugins/event_listener.py
[2025-06-12T15:59:44.100+0300] {processor.py:927} WARNING - No viable dags retrieved from /opt/anaconda3/envs/bc_pipeline/lib/python3.11/site-packages/airflow/example_dags/plugins/event_listener.py
[2025-06-12T15:59:44.131+0300] {processor.py:208} INFO - Processing /opt/anaconda3/envs/bc_pipeline/lib/python3.11/site-packages/airflow/example_dags/plugins/event_listener.py took 0.034 seconds
[2025-06-12T16:01:12.400+0300] {processor.py:186} INFO - Started process (PID=30701) to work on /opt/anaconda3/envs/bc_pipeline/lib/python3.11/site-packages/airflow/example_dags/plugins/event_listener.py
[2025-06-12T16:01:12.401+0300] {processor.py:914} INFO - Processing file /opt/anaconda3/envs/bc_pipeline/lib/python3.11/site-packages/airflow/example_dags/plugins/event_listener.py for tasks to queue
[2025-06-12T16:01:12.402+0300] {logging_mixin.py:190} INFO - [2025-06-12T16:01:12.402+0300] {dagbag.py:588} INFO - Filling up the DagBag from /opt/anaconda3/envs/bc_pipeline/lib/python3.11/site-packages/airflow/example_dags/plugins/event_listener.py
[2025-06-12T16:01:12.402+0300] {processor.py:927} WARNING - No viable dags retrieved from /opt/anaconda3/envs/bc_pipeline/lib/python3.11/site-packages/airflow/example_dags/plugins/event_listener.py
[2025-06-12T16:01:12.431+0300] {processor.py:208} INFO - Processing /opt/anaconda3/envs/bc_pipeline/lib/python3.11/site-packages/airflow/example_dags/plugins/event_listener.py took 0.033 seconds
[2025-06-12T16:02:26.553+0300] {processor.py:186} INFO - Started process (PID=31556) to work on /opt/anaconda3/envs/bc_pipeline/lib/python3.11/site-packages/airflow/example_dags/plugins/event_listener.py
[2025-06-12T16:02:26.554+0300] {processor.py:914} INFO - Processing file /opt/anaconda3/envs/bc_pipeline/lib/python3.11/site-packages/airflow/example_dags/plugins/event_listener.py for tasks to queue
[2025-06-12T16:02:26.555+0300] {logging_mixin.py:190} INFO - [2025-06-12T16:02:26.555+0300] {dagbag.py:588} INFO - Filling up the DagBag from /opt/anaconda3/envs/bc_pipeline/lib/python3.11/site-packages/airflow/example_dags/plugins/event_listener.py
[2025-06-12T16:02:26.555+0300] {processor.py:927} WARNING - No viable dags retrieved from /opt/anaconda3/envs/bc_pipeline/lib/python3.11/site-packages/airflow/example_dags/plugins/event_listener.py
[2025-06-12T16:02:26.586+0300] {processor.py:208} INFO - Processing /opt/anaconda3/envs/bc_pipeline/lib/python3.11/site-packages/airflow/example_dags/plugins/event_listener.py took 0.034 seconds
