[2025-06-12T15:37:42.569+0300] {processor.py:186} INFO - Started process (PID=9613) to work on /opt/anaconda3/envs/bc_pipeline/lib/python3.11/site-packages/airflow/example_dags/plugins/listener_plugin.py
[2025-06-12T15:37:42.569+0300] {processor.py:914} INFO - Processing file /opt/anaconda3/envs/bc_pipeline/lib/python3.11/site-packages/airflow/example_dags/plugins/listener_plugin.py for tasks to queue
[2025-06-12T15:37:42.570+0300] {logging_mixin.py:190} INFO - [2025-06-12T15:37:42.569+0300] {dagbag.py:588} INFO - Filling up the DagBag from /opt/anaconda3/envs/bc_pipeline/lib/python3.11/site-packages/airflow/example_dags/plugins/listener_plugin.py
[2025-06-12T15:37:42.570+0300] {processor.py:927} WARNING - No viable dags retrieved from /opt/anaconda3/envs/bc_pipeline/lib/python3.11/site-packages/airflow/example_dags/plugins/listener_plugin.py
[2025-06-12T15:37:42.601+0300] {processor.py:208} INFO - Processing /opt/anaconda3/envs/bc_pipeline/lib/python3.11/site-packages/airflow/example_dags/plugins/listener_plugin.py took 0.034 seconds
[2025-06-12T15:39:22.860+0300] {processor.py:186} INFO - Started process (PID=10756) to work on /opt/anaconda3/envs/bc_pipeline/lib/python3.11/site-packages/airflow/example_dags/plugins/listener_plugin.py
[2025-06-12T15:39:22.861+0300] {processor.py:914} INFO - Processing file /opt/anaconda3/envs/bc_pipeline/lib/python3.11/site-packages/airflow/example_dags/plugins/listener_plugin.py for tasks to queue
[2025-06-12T15:39:22.862+0300] {logging_mixin.py:190} INFO - [2025-06-12T15:39:22.862+0300] {dagbag.py:588} INFO - Filling up the DagBag from /opt/anaconda3/envs/bc_pipeline/lib/python3.11/site-packages/airflow/example_dags/plugins/listener_plugin.py
[2025-06-12T15:39:22.863+0300] {processor.py:927} WARNING - No viable dags retrieved from /opt/anaconda3/envs/bc_pipeline/lib/python3.11/site-packages/airflow/example_dags/plugins/listener_plugin.py
[2025-06-12T15:39:22.893+0300] {processor.py:208} INFO - Processing /opt/anaconda3/envs/bc_pipeline/lib/python3.11/site-packages/airflow/example_dags/plugins/listener_plugin.py took 0.033 seconds
[2025-06-12T15:56:22.727+0300] {processor.py:186} INFO - Started process (PID=25892) to work on /opt/anaconda3/envs/bc_pipeline/lib/python3.11/site-packages/airflow/example_dags/plugins/listener_plugin.py
[2025-06-12T15:56:22.728+0300] {processor.py:914} INFO - Processing file /opt/anaconda3/envs/bc_pipeline/lib/python3.11/site-packages/airflow/example_dags/plugins/listener_plugin.py for tasks to queue
[2025-06-12T15:56:22.729+0300] {logging_mixin.py:190} INFO - [2025-06-12T15:56:22.729+0300] {dagbag.py:588} INFO - Filling up the DagBag from /opt/anaconda3/envs/bc_pipeline/lib/python3.11/site-packages/airflow/example_dags/plugins/listener_plugin.py
[2025-06-12T15:56:22.730+0300] {processor.py:927} WARNING - No viable dags retrieved from /opt/anaconda3/envs/bc_pipeline/lib/python3.11/site-packages/airflow/example_dags/plugins/listener_plugin.py
[2025-06-12T15:56:22.759+0300] {processor.py:208} INFO - Processing /opt/anaconda3/envs/bc_pipeline/lib/python3.11/site-packages/airflow/example_dags/plugins/listener_plugin.py took 0.033 seconds
[2025-06-12T15:58:01.547+0300] {processor.py:186} INFO - Started process (PID=28243) to work on /opt/anaconda3/envs/bc_pipeline/lib/python3.11/site-packages/airflow/example_dags/plugins/listener_plugin.py
[2025-06-12T15:58:01.549+0300] {processor.py:914} INFO - Processing file /opt/anaconda3/envs/bc_pipeline/lib/python3.11/site-packages/airflow/example_dags/plugins/listener_plugin.py for tasks to queue
[2025-06-12T15:58:01.549+0300] {logging_mixin.py:190} INFO - [2025-06-12T15:58:01.549+0300] {dagbag.py:588} INFO - Filling up the DagBag from /opt/anaconda3/envs/bc_pipeline/lib/python3.11/site-packages/airflow/example_dags/plugins/listener_plugin.py
[2025-06-12T15:58:01.550+0300] {processor.py:927} WARNING - No viable dags retrieved from /opt/anaconda3/envs/bc_pipeline/lib/python3.11/site-packages/airflow/example_dags/plugins/listener_plugin.py
[2025-06-12T15:58:01.579+0300] {processor.py:208} INFO - Processing /opt/anaconda3/envs/bc_pipeline/lib/python3.11/site-packages/airflow/example_dags/plugins/listener_plugin.py took 0.033 seconds
[2025-06-12T15:59:42.294+0300] {processor.py:186} INFO - Started process (PID=29686) to work on /opt/anaconda3/envs/bc_pipeline/lib/python3.11/site-packages/airflow/example_dags/plugins/listener_plugin.py
[2025-06-12T15:59:42.295+0300] {processor.py:914} INFO - Processing file /opt/anaconda3/envs/bc_pipeline/lib/python3.11/site-packages/airflow/example_dags/plugins/listener_plugin.py for tasks to queue
[2025-06-12T15:59:42.295+0300] {logging_mixin.py:190} INFO - [2025-06-12T15:59:42.295+0300] {dagbag.py:588} INFO - Filling up the DagBag from /opt/anaconda3/envs/bc_pipeline/lib/python3.11/site-packages/airflow/example_dags/plugins/listener_plugin.py
[2025-06-12T15:59:42.297+0300] {processor.py:927} WARNING - No viable dags retrieved from /opt/anaconda3/envs/bc_pipeline/lib/python3.11/site-packages/airflow/example_dags/plugins/listener_plugin.py
[2025-06-12T15:59:42.329+0300] {processor.py:208} INFO - Processing /opt/anaconda3/envs/bc_pipeline/lib/python3.11/site-packages/airflow/example_dags/plugins/listener_plugin.py took 0.036 seconds
[2025-06-12T16:01:07.808+0300] {processor.py:186} INFO - Started process (PID=30630) to work on /opt/anaconda3/envs/bc_pipeline/lib/python3.11/site-packages/airflow/example_dags/plugins/listener_plugin.py
[2025-06-12T16:01:07.809+0300] {processor.py:914} INFO - Processing file /opt/anaconda3/envs/bc_pipeline/lib/python3.11/site-packages/airflow/example_dags/plugins/listener_plugin.py for tasks to queue
[2025-06-12T16:01:07.810+0300] {logging_mixin.py:190} INFO - [2025-06-12T16:01:07.810+0300] {dagbag.py:588} INFO - Filling up the DagBag from /opt/anaconda3/envs/bc_pipeline/lib/python3.11/site-packages/airflow/example_dags/plugins/listener_plugin.py
[2025-06-12T16:01:07.811+0300] {processor.py:927} WARNING - No viable dags retrieved from /opt/anaconda3/envs/bc_pipeline/lib/python3.11/site-packages/airflow/example_dags/plugins/listener_plugin.py
[2025-06-12T16:01:07.842+0300] {processor.py:208} INFO - Processing /opt/anaconda3/envs/bc_pipeline/lib/python3.11/site-packages/airflow/example_dags/plugins/listener_plugin.py took 0.035 seconds
[2025-06-12T16:02:24.790+0300] {processor.py:186} INFO - Started process (PID=31533) to work on /opt/anaconda3/envs/bc_pipeline/lib/python3.11/site-packages/airflow/example_dags/plugins/listener_plugin.py
[2025-06-12T16:02:24.791+0300] {processor.py:914} INFO - Processing file /opt/anaconda3/envs/bc_pipeline/lib/python3.11/site-packages/airflow/example_dags/plugins/listener_plugin.py for tasks to queue
[2025-06-12T16:02:24.791+0300] {logging_mixin.py:190} INFO - [2025-06-12T16:02:24.791+0300] {dagbag.py:588} INFO - Filling up the DagBag from /opt/anaconda3/envs/bc_pipeline/lib/python3.11/site-packages/airflow/example_dags/plugins/listener_plugin.py
[2025-06-12T16:02:24.793+0300] {processor.py:927} WARNING - No viable dags retrieved from /opt/anaconda3/envs/bc_pipeline/lib/python3.11/site-packages/airflow/example_dags/plugins/listener_plugin.py
[2025-06-12T16:02:24.826+0300] {processor.py:208} INFO - Processing /opt/anaconda3/envs/bc_pipeline/lib/python3.11/site-packages/airflow/example_dags/plugins/listener_plugin.py took 0.038 seconds
