[2025-06-12T15:38:52.353+0300] {processor.py:186} INFO - Started process (PID=10389) to work on /opt/anaconda3/envs/bc_pipeline/lib/python3.11/site-packages/airflow/example_dags/example_display_name.py
[2025-06-12T15:38:52.354+0300] {processor.py:914} INFO - Processing file /opt/anaconda3/envs/bc_pipeline/lib/python3.11/site-packages/airflow/example_dags/example_display_name.py for tasks to queue
[2025-06-12T15:38:52.354+0300] {logging_mixin.py:190} INFO - [2025-06-12T15:38:52.354+0300] {dagbag.py:588} INFO - Filling up the DagBag from /opt/anaconda3/envs/bc_pipeline/lib/python3.11/site-packages/airflow/example_dags/example_display_name.py
[2025-06-12T15:38:52.370+0300] {processor.py:925} INFO - DAG(s) 'example_display_name' retrieved from /opt/anaconda3/envs/bc_pipeline/lib/python3.11/site-packages/airflow/example_dags/example_display_name.py
[2025-06-12T15:38:52.458+0300] {logging_mixin.py:190} INFO - [2025-06-12T15:38:52.458+0300] {override.py:1900} INFO - Created Permission View: can delete on DAG:example_display_name
[2025-06-12T15:38:52.461+0300] {logging_mixin.py:190} INFO - [2025-06-12T15:38:52.461+0300] {override.py:1900} INFO - Created Permission View: can read on DAG:example_display_name
[2025-06-12T15:38:52.463+0300] {logging_mixin.py:190} INFO - [2025-06-12T15:38:52.463+0300] {override.py:1900} INFO - Created Permission View: can edit on DAG:example_display_name
[2025-06-12T15:38:52.466+0300] {logging_mixin.py:190} INFO - [2025-06-12T15:38:52.466+0300] {override.py:1900} INFO - Created Permission View: menu access on DAG Run:example_display_name
[2025-06-12T15:38:52.468+0300] {logging_mixin.py:190} INFO - [2025-06-12T15:38:52.467+0300] {override.py:1900} INFO - Created Permission View: can delete on DAG Run:example_display_name
[2025-06-12T15:38:52.469+0300] {logging_mixin.py:190} INFO - [2025-06-12T15:38:52.469+0300] {override.py:1900} INFO - Created Permission View: can read on DAG Run:example_display_name
[2025-06-12T15:38:52.471+0300] {logging_mixin.py:190} INFO - [2025-06-12T15:38:52.471+0300] {override.py:1900} INFO - Created Permission View: can create on DAG Run:example_display_name
[2025-06-12T15:38:52.471+0300] {logging_mixin.py:190} INFO - [2025-06-12T15:38:52.471+0300] {dag.py:3239} INFO - Sync 1 DAGs
[2025-06-12T15:38:52.475+0300] {logging_mixin.py:190} INFO - [2025-06-12T15:38:52.475+0300] {dag.py:3262} INFO - Creating ORM DAG for example_display_name
[2025-06-12T15:38:52.475+0300] {logging_mixin.py:190} INFO - [2025-06-12T15:38:52.475+0300] {dag.py:4180} INFO - Setting next_dagrun for example_display_name to None, run_after=None
[2025-06-12T15:38:52.481+0300] {processor.py:208} INFO - Processing /opt/anaconda3/envs/bc_pipeline/lib/python3.11/site-packages/airflow/example_dags/example_display_name.py took 0.128 seconds
[2025-06-12T15:59:12.517+0300] {processor.py:186} INFO - Started process (PID=29353) to work on /opt/anaconda3/envs/bc_pipeline/lib/python3.11/site-packages/airflow/example_dags/example_display_name.py
[2025-06-12T15:59:12.518+0300] {processor.py:914} INFO - Processing file /opt/anaconda3/envs/bc_pipeline/lib/python3.11/site-packages/airflow/example_dags/example_display_name.py for tasks to queue
[2025-06-12T15:59:12.518+0300] {logging_mixin.py:190} INFO - [2025-06-12T15:59:12.518+0300] {dagbag.py:588} INFO - Filling up the DagBag from /opt/anaconda3/envs/bc_pipeline/lib/python3.11/site-packages/airflow/example_dags/example_display_name.py
[2025-06-12T15:59:12.570+0300] {processor.py:925} INFO - DAG(s) 'example_display_name' retrieved from /opt/anaconda3/envs/bc_pipeline/lib/python3.11/site-packages/airflow/example_dags/example_display_name.py
[2025-06-12T15:59:12.611+0300] {logging_mixin.py:190} INFO - [2025-06-12T15:59:12.611+0300] {dag.py:3239} INFO - Sync 1 DAGs
[2025-06-12T15:59:12.649+0300] {logging_mixin.py:190} INFO - [2025-06-12T15:59:12.649+0300] {dag.py:4180} INFO - Setting next_dagrun for example_display_name to None, run_after=None
[2025-06-12T15:59:12.657+0300] {processor.py:208} INFO - Processing /opt/anaconda3/envs/bc_pipeline/lib/python3.11/site-packages/airflow/example_dags/example_display_name.py took 0.141 seconds
[2025-06-12T16:01:54.462+0300] {processor.py:186} INFO - Started process (PID=31190) to work on /opt/anaconda3/envs/bc_pipeline/lib/python3.11/site-packages/airflow/example_dags/example_display_name.py
[2025-06-12T16:01:54.463+0300] {processor.py:914} INFO - Processing file /opt/anaconda3/envs/bc_pipeline/lib/python3.11/site-packages/airflow/example_dags/example_display_name.py for tasks to queue
[2025-06-12T16:01:54.464+0300] {logging_mixin.py:190} INFO - [2025-06-12T16:01:54.464+0300] {dagbag.py:588} INFO - Filling up the DagBag from /opt/anaconda3/envs/bc_pipeline/lib/python3.11/site-packages/airflow/example_dags/example_display_name.py
[2025-06-12T16:01:54.479+0300] {processor.py:925} INFO - DAG(s) 'example_display_name' retrieved from /opt/anaconda3/envs/bc_pipeline/lib/python3.11/site-packages/airflow/example_dags/example_display_name.py
[2025-06-12T16:01:54.509+0300] {logging_mixin.py:190} INFO - [2025-06-12T16:01:54.509+0300] {dag.py:3239} INFO - Sync 1 DAGs
[2025-06-12T16:01:54.539+0300] {logging_mixin.py:190} INFO - [2025-06-12T16:01:54.539+0300] {dag.py:4180} INFO - Setting next_dagrun for example_display_name to None, run_after=None
[2025-06-12T16:01:54.546+0300] {processor.py:208} INFO - Processing /opt/anaconda3/envs/bc_pipeline/lib/python3.11/site-packages/airflow/example_dags/example_display_name.py took 0.085 seconds
