[2025-06-12T15:38:35.922+0300] {processor.py:186} INFO - Started process (PID=10212) to work on /opt/anaconda3/envs/bc_pipeline/lib/python3.11/site-packages/airflow/example_dags/example_nested_branch_dag.py
[2025-06-12T15:38:35.923+0300] {processor.py:914} INFO - Processing file /opt/anaconda3/envs/bc_pipeline/lib/python3.11/site-packages/airflow/example_dags/example_nested_branch_dag.py for tasks to queue
[2025-06-12T15:38:35.923+0300] {logging_mixin.py:190} INFO - [2025-06-12T15:38:35.923+0300] {dagbag.py:588} INFO - Filling up the DagBag from /opt/anaconda3/envs/bc_pipeline/lib/python3.11/site-packages/airflow/example_dags/example_nested_branch_dag.py
[2025-06-12T15:38:35.940+0300] {processor.py:925} INFO - DAG(s) 'example_nested_branch_dag' retrieved from /opt/anaconda3/envs/bc_pipeline/lib/python3.11/site-packages/airflow/example_dags/example_nested_branch_dag.py
[2025-06-12T15:38:36.035+0300] {logging_mixin.py:190} INFO - [2025-06-12T15:38:36.035+0300] {override.py:1900} INFO - Created Permission View: can edit on DAG:example_nested_branch_dag
[2025-06-12T15:38:36.038+0300] {logging_mixin.py:190} INFO - [2025-06-12T15:38:36.038+0300] {override.py:1900} INFO - Created Permission View: can delete on DAG:example_nested_branch_dag
[2025-06-12T15:38:36.041+0300] {logging_mixin.py:190} INFO - [2025-06-12T15:38:36.040+0300] {override.py:1900} INFO - Created Permission View: can read on DAG:example_nested_branch_dag
[2025-06-12T15:38:36.044+0300] {logging_mixin.py:190} INFO - [2025-06-12T15:38:36.044+0300] {override.py:1900} INFO - Created Permission View: can delete on DAG Run:example_nested_branch_dag
[2025-06-12T15:38:36.046+0300] {logging_mixin.py:190} INFO - [2025-06-12T15:38:36.046+0300] {override.py:1900} INFO - Created Permission View: menu access on DAG Run:example_nested_branch_dag
[2025-06-12T15:38:36.048+0300] {logging_mixin.py:190} INFO - [2025-06-12T15:38:36.048+0300] {override.py:1900} INFO - Created Permission View: can create on DAG Run:example_nested_branch_dag
[2025-06-12T15:38:36.050+0300] {logging_mixin.py:190} INFO - [2025-06-12T15:38:36.049+0300] {override.py:1900} INFO - Created Permission View: can read on DAG Run:example_nested_branch_dag
[2025-06-12T15:38:36.050+0300] {logging_mixin.py:190} INFO - [2025-06-12T15:38:36.050+0300] {dag.py:3239} INFO - Sync 1 DAGs
[2025-06-12T15:38:36.054+0300] {logging_mixin.py:190} INFO - [2025-06-12T15:38:36.054+0300] {dag.py:3262} INFO - Creating ORM DAG for example_nested_branch_dag
[2025-06-12T15:38:36.057+0300] {logging_mixin.py:190} INFO - [2025-06-12T15:38:36.057+0300] {dag.py:4180} INFO - Setting next_dagrun for example_nested_branch_dag to 2025-06-11 00:00:00+00:00, run_after=2025-06-12 00:00:00+00:00
[2025-06-12T15:38:36.063+0300] {processor.py:208} INFO - Processing /opt/anaconda3/envs/bc_pipeline/lib/python3.11/site-packages/airflow/example_dags/example_nested_branch_dag.py took 0.142 seconds
[2025-06-12T15:58:56.301+0300] {processor.py:186} INFO - Started process (PID=29081) to work on /opt/anaconda3/envs/bc_pipeline/lib/python3.11/site-packages/airflow/example_dags/example_nested_branch_dag.py
[2025-06-12T15:58:56.302+0300] {processor.py:914} INFO - Processing file /opt/anaconda3/envs/bc_pipeline/lib/python3.11/site-packages/airflow/example_dags/example_nested_branch_dag.py for tasks to queue
[2025-06-12T15:58:56.303+0300] {logging_mixin.py:190} INFO - [2025-06-12T15:58:56.303+0300] {dagbag.py:588} INFO - Filling up the DagBag from /opt/anaconda3/envs/bc_pipeline/lib/python3.11/site-packages/airflow/example_dags/example_nested_branch_dag.py
[2025-06-12T15:58:56.320+0300] {processor.py:925} INFO - DAG(s) 'example_nested_branch_dag' retrieved from /opt/anaconda3/envs/bc_pipeline/lib/python3.11/site-packages/airflow/example_dags/example_nested_branch_dag.py
[2025-06-12T15:58:56.356+0300] {logging_mixin.py:190} INFO - [2025-06-12T15:58:56.356+0300] {dag.py:3239} INFO - Sync 1 DAGs
[2025-06-12T15:58:56.393+0300] {logging_mixin.py:190} INFO - [2025-06-12T15:58:56.393+0300] {dag.py:4180} INFO - Setting next_dagrun for example_nested_branch_dag to 2025-06-11 00:00:00+00:00, run_after=2025-06-12 00:00:00+00:00
[2025-06-12T15:58:56.401+0300] {processor.py:208} INFO - Processing /opt/anaconda3/envs/bc_pipeline/lib/python3.11/site-packages/airflow/example_dags/example_nested_branch_dag.py took 0.102 seconds
[2025-06-12T16:00:38.185+0300] {processor.py:186} INFO - Started process (PID=30303) to work on /opt/anaconda3/envs/bc_pipeline/lib/python3.11/site-packages/airflow/example_dags/example_nested_branch_dag.py
[2025-06-12T16:00:38.186+0300] {processor.py:914} INFO - Processing file /opt/anaconda3/envs/bc_pipeline/lib/python3.11/site-packages/airflow/example_dags/example_nested_branch_dag.py for tasks to queue
[2025-06-12T16:00:38.187+0300] {logging_mixin.py:190} INFO - [2025-06-12T16:00:38.187+0300] {dagbag.py:588} INFO - Filling up the DagBag from /opt/anaconda3/envs/bc_pipeline/lib/python3.11/site-packages/airflow/example_dags/example_nested_branch_dag.py
[2025-06-12T16:00:38.202+0300] {processor.py:925} INFO - DAG(s) 'example_nested_branch_dag' retrieved from /opt/anaconda3/envs/bc_pipeline/lib/python3.11/site-packages/airflow/example_dags/example_nested_branch_dag.py
[2025-06-12T16:00:38.233+0300] {logging_mixin.py:190} INFO - [2025-06-12T16:00:38.233+0300] {dag.py:3239} INFO - Sync 1 DAGs
[2025-06-12T16:00:38.269+0300] {logging_mixin.py:190} INFO - [2025-06-12T16:00:38.269+0300] {dag.py:4180} INFO - Setting next_dagrun for example_nested_branch_dag to 2025-06-11 00:00:00+00:00, run_after=2025-06-12 00:00:00+00:00
[2025-06-12T16:00:38.276+0300] {processor.py:208} INFO - Processing /opt/anaconda3/envs/bc_pipeline/lib/python3.11/site-packages/airflow/example_dags/example_nested_branch_dag.py took 0.093 seconds
