[2025-06-12T15:38:06.697+0300] {processor.py:186} INFO - Started process (PID=9890) to work on /opt/anaconda3/envs/bc_pipeline/lib/python3.11/site-packages/airflow/example_dags/example_task_group.py
[2025-06-12T15:38:06.697+0300] {processor.py:914} INFO - Processing file /opt/anaconda3/envs/bc_pipeline/lib/python3.11/site-packages/airflow/example_dags/example_task_group.py for tasks to queue
[2025-06-12T15:38:06.698+0300] {logging_mixin.py:190} INFO - [2025-06-12T15:38:06.698+0300] {dagbag.py:588} INFO - Filling up the DagBag from /opt/anaconda3/envs/bc_pipeline/lib/python3.11/site-packages/airflow/example_dags/example_task_group.py
[2025-06-12T15:38:06.701+0300] {processor.py:925} INFO - DAG(s) 'example_task_group' retrieved from /opt/anaconda3/envs/bc_pipeline/lib/python3.11/site-packages/airflow/example_dags/example_task_group.py
[2025-06-12T15:38:06.788+0300] {logging_mixin.py:190} INFO - [2025-06-12T15:38:06.788+0300] {override.py:1900} INFO - Created Permission View: can read on DAG:example_task_group
[2025-06-12T15:38:06.791+0300] {logging_mixin.py:190} INFO - [2025-06-12T15:38:06.791+0300] {override.py:1900} INFO - Created Permission View: can edit on DAG:example_task_group
[2025-06-12T15:38:06.793+0300] {logging_mixin.py:190} INFO - [2025-06-12T15:38:06.793+0300] {override.py:1900} INFO - Created Permission View: can delete on DAG:example_task_group
[2025-06-12T15:38:06.796+0300] {logging_mixin.py:190} INFO - [2025-06-12T15:38:06.796+0300] {override.py:1900} INFO - Created Permission View: can read on DAG Run:example_task_group
[2025-06-12T15:38:06.798+0300] {logging_mixin.py:190} INFO - [2025-06-12T15:38:06.798+0300] {override.py:1900} INFO - Created Permission View: can delete on DAG Run:example_task_group
[2025-06-12T15:38:06.800+0300] {logging_mixin.py:190} INFO - [2025-06-12T15:38:06.800+0300] {override.py:1900} INFO - Created Permission View: menu access on DAG Run:example_task_group
[2025-06-12T15:38:06.801+0300] {logging_mixin.py:190} INFO - [2025-06-12T15:38:06.801+0300] {override.py:1900} INFO - Created Permission View: can create on DAG Run:example_task_group
[2025-06-12T15:38:06.802+0300] {logging_mixin.py:190} INFO - [2025-06-12T15:38:06.802+0300] {dag.py:3239} INFO - Sync 1 DAGs
[2025-06-12T15:38:06.806+0300] {logging_mixin.py:190} INFO - [2025-06-12T15:38:06.806+0300] {dag.py:3262} INFO - Creating ORM DAG for example_task_group
[2025-06-12T15:38:06.806+0300] {logging_mixin.py:190} INFO - [2025-06-12T15:38:06.806+0300] {dag.py:4180} INFO - Setting next_dagrun for example_task_group to None, run_after=None
[2025-06-12T15:38:06.812+0300] {processor.py:208} INFO - Processing /opt/anaconda3/envs/bc_pipeline/lib/python3.11/site-packages/airflow/example_dags/example_task_group.py took 0.117 seconds
[2025-06-12T15:58:28.145+0300] {processor.py:186} INFO - Started process (PID=28765) to work on /opt/anaconda3/envs/bc_pipeline/lib/python3.11/site-packages/airflow/example_dags/example_task_group.py
[2025-06-12T15:58:28.146+0300] {processor.py:914} INFO - Processing file /opt/anaconda3/envs/bc_pipeline/lib/python3.11/site-packages/airflow/example_dags/example_task_group.py for tasks to queue
[2025-06-12T15:58:28.146+0300] {logging_mixin.py:190} INFO - [2025-06-12T15:58:28.146+0300] {dagbag.py:588} INFO - Filling up the DagBag from /opt/anaconda3/envs/bc_pipeline/lib/python3.11/site-packages/airflow/example_dags/example_task_group.py
[2025-06-12T15:58:28.150+0300] {processor.py:925} INFO - DAG(s) 'example_task_group' retrieved from /opt/anaconda3/envs/bc_pipeline/lib/python3.11/site-packages/airflow/example_dags/example_task_group.py
[2025-06-12T15:58:28.185+0300] {logging_mixin.py:190} INFO - [2025-06-12T15:58:28.185+0300] {dag.py:3239} INFO - Sync 1 DAGs
[2025-06-12T15:58:28.189+0300] {logging_mixin.py:190} INFO - [2025-06-12T15:58:28.189+0300] {dag.py:4180} INFO - Setting next_dagrun for example_task_group to None, run_after=None
[2025-06-12T15:58:28.196+0300] {processor.py:208} INFO - Processing /opt/anaconda3/envs/bc_pipeline/lib/python3.11/site-packages/airflow/example_dags/example_task_group.py took 0.053 seconds
[2025-06-12T16:00:09.813+0300] {processor.py:186} INFO - Started process (PID=29984) to work on /opt/anaconda3/envs/bc_pipeline/lib/python3.11/site-packages/airflow/example_dags/example_task_group.py
[2025-06-12T16:00:09.813+0300] {processor.py:914} INFO - Processing file /opt/anaconda3/envs/bc_pipeline/lib/python3.11/site-packages/airflow/example_dags/example_task_group.py for tasks to queue
[2025-06-12T16:00:09.814+0300] {logging_mixin.py:190} INFO - [2025-06-12T16:00:09.814+0300] {dagbag.py:588} INFO - Filling up the DagBag from /opt/anaconda3/envs/bc_pipeline/lib/python3.11/site-packages/airflow/example_dags/example_task_group.py
[2025-06-12T16:00:09.818+0300] {processor.py:925} INFO - DAG(s) 'example_task_group' retrieved from /opt/anaconda3/envs/bc_pipeline/lib/python3.11/site-packages/airflow/example_dags/example_task_group.py
[2025-06-12T16:00:09.853+0300] {logging_mixin.py:190} INFO - [2025-06-12T16:00:09.853+0300] {dag.py:3239} INFO - Sync 1 DAGs
[2025-06-12T16:00:09.856+0300] {logging_mixin.py:190} INFO - [2025-06-12T16:00:09.856+0300] {dag.py:4180} INFO - Setting next_dagrun for example_task_group to None, run_after=None
[2025-06-12T16:00:09.863+0300] {processor.py:208} INFO - Processing /opt/anaconda3/envs/bc_pipeline/lib/python3.11/site-packages/airflow/example_dags/example_task_group.py took 0.052 seconds
[2025-06-12T16:01:39.737+0300] {processor.py:186} INFO - Started process (PID=31031) to work on /opt/anaconda3/envs/bc_pipeline/lib/python3.11/site-packages/airflow/example_dags/example_task_group.py
[2025-06-12T16:01:39.738+0300] {processor.py:914} INFO - Processing file /opt/anaconda3/envs/bc_pipeline/lib/python3.11/site-packages/airflow/example_dags/example_task_group.py for tasks to queue
[2025-06-12T16:01:39.738+0300] {logging_mixin.py:190} INFO - [2025-06-12T16:01:39.738+0300] {dagbag.py:588} INFO - Filling up the DagBag from /opt/anaconda3/envs/bc_pipeline/lib/python3.11/site-packages/airflow/example_dags/example_task_group.py
[2025-06-12T16:01:39.742+0300] {processor.py:925} INFO - DAG(s) 'example_task_group' retrieved from /opt/anaconda3/envs/bc_pipeline/lib/python3.11/site-packages/airflow/example_dags/example_task_group.py
[2025-06-12T16:01:39.779+0300] {logging_mixin.py:190} INFO - [2025-06-12T16:01:39.779+0300] {dag.py:3239} INFO - Sync 1 DAGs
[2025-06-12T16:01:39.783+0300] {logging_mixin.py:190} INFO - [2025-06-12T16:01:39.782+0300] {dag.py:4180} INFO - Setting next_dagrun for example_task_group to None, run_after=None
[2025-06-12T16:01:39.790+0300] {processor.py:208} INFO - Processing /opt/anaconda3/envs/bc_pipeline/lib/python3.11/site-packages/airflow/example_dags/example_task_group.py took 0.054 seconds
[2025-06-12T16:02:49.996+0300] {processor.py:186} INFO - Started process (PID=31804) to work on /opt/anaconda3/envs/bc_pipeline/lib/python3.11/site-packages/airflow/example_dags/example_task_group.py
[2025-06-12T16:02:49.996+0300] {processor.py:914} INFO - Processing file /opt/anaconda3/envs/bc_pipeline/lib/python3.11/site-packages/airflow/example_dags/example_task_group.py for tasks to queue
[2025-06-12T16:02:49.997+0300] {logging_mixin.py:190} INFO - [2025-06-12T16:02:49.997+0300] {dagbag.py:588} INFO - Filling up the DagBag from /opt/anaconda3/envs/bc_pipeline/lib/python3.11/site-packages/airflow/example_dags/example_task_group.py
[2025-06-12T16:02:50.000+0300] {processor.py:925} INFO - DAG(s) 'example_task_group' retrieved from /opt/anaconda3/envs/bc_pipeline/lib/python3.11/site-packages/airflow/example_dags/example_task_group.py
[2025-06-12T16:02:50.034+0300] {logging_mixin.py:190} INFO - [2025-06-12T16:02:50.034+0300] {dag.py:3239} INFO - Sync 1 DAGs
[2025-06-12T16:02:50.038+0300] {logging_mixin.py:190} INFO - [2025-06-12T16:02:50.038+0300] {dag.py:4180} INFO - Setting next_dagrun for example_task_group to None, run_after=None
[2025-06-12T16:02:50.045+0300] {processor.py:208} INFO - Processing /opt/anaconda3/envs/bc_pipeline/lib/python3.11/site-packages/airflow/example_dags/example_task_group.py took 0.051 seconds
