[2025-06-12T15:38:01.138+0300] {processor.py:186} INFO - Started process (PID=9820) to work on /opt/anaconda3/envs/bc_pipeline/lib/python3.11/site-packages/airflow/example_dags/example_trigger_controller_dag.py
[2025-06-12T15:38:01.139+0300] {processor.py:914} INFO - Processing file /opt/anaconda3/envs/bc_pipeline/lib/python3.11/site-packages/airflow/example_dags/example_trigger_controller_dag.py for tasks to queue
[2025-06-12T15:38:01.139+0300] {logging_mixin.py:190} INFO - [2025-06-12T15:38:01.139+0300] {dagbag.py:588} INFO - Filling up the DagBag from /opt/anaconda3/envs/bc_pipeline/lib/python3.11/site-packages/airflow/example_dags/example_trigger_controller_dag.py
[2025-06-12T15:38:01.144+0300] {processor.py:925} INFO - DAG(s) 'example_trigger_controller_dag' retrieved from /opt/anaconda3/envs/bc_pipeline/lib/python3.11/site-packages/airflow/example_dags/example_trigger_controller_dag.py
[2025-06-12T15:38:01.233+0300] {logging_mixin.py:190} INFO - [2025-06-12T15:38:01.233+0300] {override.py:1900} INFO - Created Permission View: can delete on DAG:example_trigger_controller_dag
[2025-06-12T15:38:01.237+0300] {logging_mixin.py:190} INFO - [2025-06-12T15:38:01.237+0300] {override.py:1900} INFO - Created Permission View: can edit on DAG:example_trigger_controller_dag
[2025-06-12T15:38:01.239+0300] {logging_mixin.py:190} INFO - [2025-06-12T15:38:01.239+0300] {override.py:1900} INFO - Created Permission View: can read on DAG:example_trigger_controller_dag
[2025-06-12T15:38:01.243+0300] {logging_mixin.py:190} INFO - [2025-06-12T15:38:01.242+0300] {override.py:1900} INFO - Created Permission View: can delete on DAG Run:example_trigger_controller_dag
[2025-06-12T15:38:01.245+0300] {logging_mixin.py:190} INFO - [2025-06-12T15:38:01.245+0300] {override.py:1900} INFO - Created Permission View: can create on DAG Run:example_trigger_controller_dag
[2025-06-12T15:38:01.247+0300] {logging_mixin.py:190} INFO - [2025-06-12T15:38:01.247+0300] {override.py:1900} INFO - Created Permission View: menu access on DAG Run:example_trigger_controller_dag
[2025-06-12T15:38:01.250+0300] {logging_mixin.py:190} INFO - [2025-06-12T15:38:01.250+0300] {override.py:1900} INFO - Created Permission View: can read on DAG Run:example_trigger_controller_dag
[2025-06-12T15:38:01.250+0300] {logging_mixin.py:190} INFO - [2025-06-12T15:38:01.250+0300] {dag.py:3239} INFO - Sync 1 DAGs
[2025-06-12T15:38:01.255+0300] {logging_mixin.py:190} INFO - [2025-06-12T15:38:01.255+0300] {dag.py:3262} INFO - Creating ORM DAG for example_trigger_controller_dag
[2025-06-12T15:38:01.258+0300] {logging_mixin.py:190} INFO - [2025-06-12T15:38:01.258+0300] {dag.py:4180} INFO - Setting next_dagrun for example_trigger_controller_dag to 2021-01-01 00:00:00+00:00, run_after=2021-01-01 00:00:00+00:00
[2025-06-12T15:38:01.265+0300] {processor.py:208} INFO - Processing /opt/anaconda3/envs/bc_pipeline/lib/python3.11/site-packages/airflow/example_dags/example_trigger_controller_dag.py took 0.127 seconds
[2025-06-12T15:56:44.642+0300] {processor.py:186} INFO - Started process (PID=26148) to work on /opt/anaconda3/envs/bc_pipeline/lib/python3.11/site-packages/airflow/example_dags/example_trigger_controller_dag.py
[2025-06-12T15:56:44.643+0300] {processor.py:914} INFO - Processing file /opt/anaconda3/envs/bc_pipeline/lib/python3.11/site-packages/airflow/example_dags/example_trigger_controller_dag.py for tasks to queue
[2025-06-12T15:56:44.643+0300] {logging_mixin.py:190} INFO - [2025-06-12T15:56:44.643+0300] {dagbag.py:588} INFO - Filling up the DagBag from /opt/anaconda3/envs/bc_pipeline/lib/python3.11/site-packages/airflow/example_dags/example_trigger_controller_dag.py
[2025-06-12T15:56:44.647+0300] {processor.py:925} INFO - DAG(s) 'example_trigger_controller_dag' retrieved from /opt/anaconda3/envs/bc_pipeline/lib/python3.11/site-packages/airflow/example_dags/example_trigger_controller_dag.py
[2025-06-12T15:56:44.678+0300] {logging_mixin.py:190} INFO - [2025-06-12T15:56:44.677+0300] {dag.py:3239} INFO - Sync 1 DAGs
[2025-06-12T15:56:44.683+0300] {logging_mixin.py:190} INFO - [2025-06-12T15:56:44.683+0300] {dag.py:4180} INFO - Setting next_dagrun for example_trigger_controller_dag to 2021-01-01 00:00:00+00:00, run_after=2021-01-01 00:00:00+00:00
[2025-06-12T15:56:44.689+0300] {processor.py:208} INFO - Processing /opt/anaconda3/envs/bc_pipeline/lib/python3.11/site-packages/airflow/example_dags/example_trigger_controller_dag.py took 0.048 seconds
[2025-06-12T15:58:23.146+0300] {processor.py:186} INFO - Started process (PID=28698) to work on /opt/anaconda3/envs/bc_pipeline/lib/python3.11/site-packages/airflow/example_dags/example_trigger_controller_dag.py
[2025-06-12T15:58:23.147+0300] {processor.py:914} INFO - Processing file /opt/anaconda3/envs/bc_pipeline/lib/python3.11/site-packages/airflow/example_dags/example_trigger_controller_dag.py for tasks to queue
[2025-06-12T15:58:23.147+0300] {logging_mixin.py:190} INFO - [2025-06-12T15:58:23.147+0300] {dagbag.py:588} INFO - Filling up the DagBag from /opt/anaconda3/envs/bc_pipeline/lib/python3.11/site-packages/airflow/example_dags/example_trigger_controller_dag.py
[2025-06-12T15:58:23.152+0300] {processor.py:925} INFO - DAG(s) 'example_trigger_controller_dag' retrieved from /opt/anaconda3/envs/bc_pipeline/lib/python3.11/site-packages/airflow/example_dags/example_trigger_controller_dag.py
[2025-06-12T15:58:23.182+0300] {logging_mixin.py:190} INFO - [2025-06-12T15:58:23.182+0300] {dag.py:3239} INFO - Sync 1 DAGs
[2025-06-12T15:58:23.188+0300] {logging_mixin.py:190} INFO - [2025-06-12T15:58:23.188+0300] {dag.py:4180} INFO - Setting next_dagrun for example_trigger_controller_dag to 2021-01-01 00:00:00+00:00, run_after=2021-01-01 00:00:00+00:00
[2025-06-12T15:58:23.194+0300] {processor.py:208} INFO - Processing /opt/anaconda3/envs/bc_pipeline/lib/python3.11/site-packages/airflow/example_dags/example_trigger_controller_dag.py took 0.050 seconds
[2025-06-12T16:00:04.045+0300] {processor.py:186} INFO - Started process (PID=29918) to work on /opt/anaconda3/envs/bc_pipeline/lib/python3.11/site-packages/airflow/example_dags/example_trigger_controller_dag.py
[2025-06-12T16:00:04.046+0300] {processor.py:914} INFO - Processing file /opt/anaconda3/envs/bc_pipeline/lib/python3.11/site-packages/airflow/example_dags/example_trigger_controller_dag.py for tasks to queue
[2025-06-12T16:00:04.046+0300] {logging_mixin.py:190} INFO - [2025-06-12T16:00:04.046+0300] {dagbag.py:588} INFO - Filling up the DagBag from /opt/anaconda3/envs/bc_pipeline/lib/python3.11/site-packages/airflow/example_dags/example_trigger_controller_dag.py
[2025-06-12T16:00:04.050+0300] {processor.py:925} INFO - DAG(s) 'example_trigger_controller_dag' retrieved from /opt/anaconda3/envs/bc_pipeline/lib/python3.11/site-packages/airflow/example_dags/example_trigger_controller_dag.py
[2025-06-12T16:00:04.085+0300] {logging_mixin.py:190} INFO - [2025-06-12T16:00:04.085+0300] {dag.py:3239} INFO - Sync 1 DAGs
[2025-06-12T16:00:04.091+0300] {logging_mixin.py:190} INFO - [2025-06-12T16:00:04.091+0300] {dag.py:4180} INFO - Setting next_dagrun for example_trigger_controller_dag to 2021-01-01 00:00:00+00:00, run_after=2021-01-01 00:00:00+00:00
[2025-06-12T16:00:04.099+0300] {processor.py:208} INFO - Processing /opt/anaconda3/envs/bc_pipeline/lib/python3.11/site-packages/airflow/example_dags/example_trigger_controller_dag.py took 0.056 seconds
[2025-06-12T16:01:34.603+0300] {processor.py:186} INFO - Started process (PID=30962) to work on /opt/anaconda3/envs/bc_pipeline/lib/python3.11/site-packages/airflow/example_dags/example_trigger_controller_dag.py
[2025-06-12T16:01:34.604+0300] {processor.py:914} INFO - Processing file /opt/anaconda3/envs/bc_pipeline/lib/python3.11/site-packages/airflow/example_dags/example_trigger_controller_dag.py for tasks to queue
[2025-06-12T16:01:34.604+0300] {logging_mixin.py:190} INFO - [2025-06-12T16:01:34.604+0300] {dagbag.py:588} INFO - Filling up the DagBag from /opt/anaconda3/envs/bc_pipeline/lib/python3.11/site-packages/airflow/example_dags/example_trigger_controller_dag.py
[2025-06-12T16:01:34.608+0300] {processor.py:925} INFO - DAG(s) 'example_trigger_controller_dag' retrieved from /opt/anaconda3/envs/bc_pipeline/lib/python3.11/site-packages/airflow/example_dags/example_trigger_controller_dag.py
[2025-06-12T16:01:34.638+0300] {logging_mixin.py:190} INFO - [2025-06-12T16:01:34.638+0300] {dag.py:3239} INFO - Sync 1 DAGs
[2025-06-12T16:01:34.644+0300] {logging_mixin.py:190} INFO - [2025-06-12T16:01:34.644+0300] {dag.py:4180} INFO - Setting next_dagrun for example_trigger_controller_dag to 2021-01-01 00:00:00+00:00, run_after=2021-01-01 00:00:00+00:00
[2025-06-12T16:01:34.650+0300] {processor.py:208} INFO - Processing /opt/anaconda3/envs/bc_pipeline/lib/python3.11/site-packages/airflow/example_dags/example_trigger_controller_dag.py took 0.049 seconds
[2025-06-12T16:02:44.559+0300] {processor.py:186} INFO - Started process (PID=31737) to work on /opt/anaconda3/envs/bc_pipeline/lib/python3.11/site-packages/airflow/example_dags/example_trigger_controller_dag.py
[2025-06-12T16:02:44.560+0300] {processor.py:914} INFO - Processing file /opt/anaconda3/envs/bc_pipeline/lib/python3.11/site-packages/airflow/example_dags/example_trigger_controller_dag.py for tasks to queue
[2025-06-12T16:02:44.560+0300] {logging_mixin.py:190} INFO - [2025-06-12T16:02:44.560+0300] {dagbag.py:588} INFO - Filling up the DagBag from /opt/anaconda3/envs/bc_pipeline/lib/python3.11/site-packages/airflow/example_dags/example_trigger_controller_dag.py
[2025-06-12T16:02:44.565+0300] {processor.py:925} INFO - DAG(s) 'example_trigger_controller_dag' retrieved from /opt/anaconda3/envs/bc_pipeline/lib/python3.11/site-packages/airflow/example_dags/example_trigger_controller_dag.py
[2025-06-12T16:02:44.597+0300] {logging_mixin.py:190} INFO - [2025-06-12T16:02:44.597+0300] {dag.py:3239} INFO - Sync 1 DAGs
[2025-06-12T16:02:44.603+0300] {logging_mixin.py:190} INFO - [2025-06-12T16:02:44.603+0300] {dag.py:4180} INFO - Setting next_dagrun for example_trigger_controller_dag to 2021-01-01 00:00:00+00:00, run_after=2021-01-01 00:00:00+00:00
[2025-06-12T16:02:44.610+0300] {processor.py:208} INFO - Processing /opt/anaconda3/envs/bc_pipeline/lib/python3.11/site-packages/airflow/example_dags/example_trigger_controller_dag.py took 0.052 seconds
