[2025-06-12T15:38:50.461+0300] {processor.py:186} INFO - Started process (PID=10367) to work on /opt/anaconda3/envs/bc_pipeline/lib/python3.11/site-packages/airflow/example_dags/example_dynamic_task_mapping.py
[2025-06-12T15:38:50.461+0300] {processor.py:914} INFO - Processing file /opt/anaconda3/envs/bc_pipeline/lib/python3.11/site-packages/airflow/example_dags/example_dynamic_task_mapping.py for tasks to queue
[2025-06-12T15:38:50.461+0300] {logging_mixin.py:190} INFO - [2025-06-12T15:38:50.461+0300] {dagbag.py:588} INFO - Filling up the DagBag from /opt/anaconda3/envs/bc_pipeline/lib/python3.11/site-packages/airflow/example_dags/example_dynamic_task_mapping.py
[2025-06-12T15:38:50.478+0300] {processor.py:925} INFO - DAG(s) 'example_dynamic_task_mapping' retrieved from /opt/anaconda3/envs/bc_pipeline/lib/python3.11/site-packages/airflow/example_dags/example_dynamic_task_mapping.py
[2025-06-12T15:38:50.574+0300] {logging_mixin.py:190} INFO - [2025-06-12T15:38:50.574+0300] {override.py:1900} INFO - Created Permission View: can delete on DAG:example_dynamic_task_mapping
[2025-06-12T15:38:50.578+0300] {logging_mixin.py:190} INFO - [2025-06-12T15:38:50.578+0300] {override.py:1900} INFO - Created Permission View: can edit on DAG:example_dynamic_task_mapping
[2025-06-12T15:38:50.581+0300] {logging_mixin.py:190} INFO - [2025-06-12T15:38:50.581+0300] {override.py:1900} INFO - Created Permission View: can read on DAG:example_dynamic_task_mapping
[2025-06-12T15:38:50.584+0300] {logging_mixin.py:190} INFO - [2025-06-12T15:38:50.584+0300] {override.py:1900} INFO - Created Permission View: can create on DAG Run:example_dynamic_task_mapping
[2025-06-12T15:38:50.586+0300] {logging_mixin.py:190} INFO - [2025-06-12T15:38:50.586+0300] {override.py:1900} INFO - Created Permission View: can delete on DAG Run:example_dynamic_task_mapping
[2025-06-12T15:38:50.589+0300] {logging_mixin.py:190} INFO - [2025-06-12T15:38:50.588+0300] {override.py:1900} INFO - Created Permission View: menu access on DAG Run:example_dynamic_task_mapping
[2025-06-12T15:38:50.590+0300] {logging_mixin.py:190} INFO - [2025-06-12T15:38:50.590+0300] {override.py:1900} INFO - Created Permission View: can read on DAG Run:example_dynamic_task_mapping
[2025-06-12T15:38:50.591+0300] {logging_mixin.py:190} INFO - [2025-06-12T15:38:50.591+0300] {dag.py:3239} INFO - Sync 1 DAGs
[2025-06-12T15:38:50.595+0300] {logging_mixin.py:190} INFO - [2025-06-12T15:38:50.595+0300] {dag.py:3262} INFO - Creating ORM DAG for example_dynamic_task_mapping
[2025-06-12T15:38:50.595+0300] {logging_mixin.py:190} INFO - [2025-06-12T15:38:50.595+0300] {dag.py:4180} INFO - Setting next_dagrun for example_dynamic_task_mapping to None, run_after=None
[2025-06-12T15:38:50.602+0300] {processor.py:208} INFO - Processing /opt/anaconda3/envs/bc_pipeline/lib/python3.11/site-packages/airflow/example_dags/example_dynamic_task_mapping.py took 0.143 seconds
[2025-06-12T15:59:10.727+0300] {processor.py:186} INFO - Started process (PID=29350) to work on /opt/anaconda3/envs/bc_pipeline/lib/python3.11/site-packages/airflow/example_dags/example_dynamic_task_mapping.py
[2025-06-12T15:59:10.729+0300] {processor.py:914} INFO - Processing file /opt/anaconda3/envs/bc_pipeline/lib/python3.11/site-packages/airflow/example_dags/example_dynamic_task_mapping.py for tasks to queue
[2025-06-12T15:59:10.729+0300] {logging_mixin.py:190} INFO - [2025-06-12T15:59:10.729+0300] {dagbag.py:588} INFO - Filling up the DagBag from /opt/anaconda3/envs/bc_pipeline/lib/python3.11/site-packages/airflow/example_dags/example_dynamic_task_mapping.py
[2025-06-12T15:59:10.744+0300] {processor.py:925} INFO - DAG(s) 'example_dynamic_task_mapping' retrieved from /opt/anaconda3/envs/bc_pipeline/lib/python3.11/site-packages/airflow/example_dags/example_dynamic_task_mapping.py
[2025-06-12T15:59:10.774+0300] {logging_mixin.py:190} INFO - [2025-06-12T15:59:10.773+0300] {dag.py:3239} INFO - Sync 1 DAGs
[2025-06-12T15:59:10.802+0300] {logging_mixin.py:190} INFO - [2025-06-12T15:59:10.802+0300] {dag.py:4180} INFO - Setting next_dagrun for example_dynamic_task_mapping to None, run_after=None
[2025-06-12T15:59:10.809+0300] {processor.py:208} INFO - Processing /opt/anaconda3/envs/bc_pipeline/lib/python3.11/site-packages/airflow/example_dags/example_dynamic_task_mapping.py took 0.083 seconds
[2025-06-12T16:01:53.639+0300] {processor.py:186} INFO - Started process (PID=31189) to work on /opt/anaconda3/envs/bc_pipeline/lib/python3.11/site-packages/airflow/example_dags/example_dynamic_task_mapping.py
[2025-06-12T16:01:53.640+0300] {processor.py:914} INFO - Processing file /opt/anaconda3/envs/bc_pipeline/lib/python3.11/site-packages/airflow/example_dags/example_dynamic_task_mapping.py for tasks to queue
[2025-06-12T16:01:53.641+0300] {logging_mixin.py:190} INFO - [2025-06-12T16:01:53.641+0300] {dagbag.py:588} INFO - Filling up the DagBag from /opt/anaconda3/envs/bc_pipeline/lib/python3.11/site-packages/airflow/example_dags/example_dynamic_task_mapping.py
[2025-06-12T16:01:53.656+0300] {processor.py:925} INFO - DAG(s) 'example_dynamic_task_mapping' retrieved from /opt/anaconda3/envs/bc_pipeline/lib/python3.11/site-packages/airflow/example_dags/example_dynamic_task_mapping.py
[2025-06-12T16:01:53.688+0300] {logging_mixin.py:190} INFO - [2025-06-12T16:01:53.688+0300] {dag.py:3239} INFO - Sync 1 DAGs
[2025-06-12T16:01:53.719+0300] {logging_mixin.py:190} INFO - [2025-06-12T16:01:53.719+0300] {dag.py:4180} INFO - Setting next_dagrun for example_dynamic_task_mapping to None, run_after=None
[2025-06-12T16:01:53.726+0300] {processor.py:208} INFO - Processing /opt/anaconda3/envs/bc_pipeline/lib/python3.11/site-packages/airflow/example_dags/example_dynamic_task_mapping.py took 0.088 seconds
