[2025-06-12T15:37:58.078+0300] {processor.py:186} INFO - Started process (PID=9795) to work on /opt/anaconda3/envs/bc_pipeline/lib/python3.11/site-packages/airflow/example_dags/example_workday_timetable.py
[2025-06-12T15:37:58.079+0300] {processor.py:914} INFO - Processing file /opt/anaconda3/envs/bc_pipeline/lib/python3.11/site-packages/airflow/example_dags/example_workday_timetable.py for tasks to queue
[2025-06-12T15:37:58.079+0300] {logging_mixin.py:190} INFO - [2025-06-12T15:37:58.079+0300] {dagbag.py:588} INFO - Filling up the DagBag from /opt/anaconda3/envs/bc_pipeline/lib/python3.11/site-packages/airflow/example_dags/example_workday_timetable.py
[2025-06-12T15:37:58.082+0300] {logging_mixin.py:190} INFO - [2025-06-12T15:37:58.081+0300] {workday.py:41} WARNING - Could not import pandas. Holidays will not be considered.
[2025-06-12T15:37:58.084+0300] {processor.py:925} INFO - DAG(s) 'example_workday_timetable' retrieved from /opt/anaconda3/envs/bc_pipeline/lib/python3.11/site-packages/airflow/example_dags/example_workday_timetable.py
[2025-06-12T15:37:58.112+0300] {logging_mixin.py:190} INFO - [2025-06-12T15:37:58.112+0300] {workday.py:41} WARNING - Could not import pandas. Holidays will not be considered.
[2025-06-12T15:37:58.177+0300] {logging_mixin.py:190} INFO - [2025-06-12T15:37:58.177+0300] {override.py:1900} INFO - Created Permission View: can read on DAG:example_workday_timetable
[2025-06-12T15:37:58.180+0300] {logging_mixin.py:190} INFO - [2025-06-12T15:37:58.180+0300] {override.py:1900} INFO - Created Permission View: can delete on DAG:example_workday_timetable
[2025-06-12T15:37:58.182+0300] {logging_mixin.py:190} INFO - [2025-06-12T15:37:58.182+0300] {override.py:1900} INFO - Created Permission View: can edit on DAG:example_workday_timetable
[2025-06-12T15:37:58.185+0300] {logging_mixin.py:190} INFO - [2025-06-12T15:37:58.185+0300] {override.py:1900} INFO - Created Permission View: can read on DAG Run:example_workday_timetable
[2025-06-12T15:37:58.187+0300] {logging_mixin.py:190} INFO - [2025-06-12T15:37:58.187+0300] {override.py:1900} INFO - Created Permission View: can create on DAG Run:example_workday_timetable
[2025-06-12T15:37:58.189+0300] {logging_mixin.py:190} INFO - [2025-06-12T15:37:58.188+0300] {override.py:1900} INFO - Created Permission View: can delete on DAG Run:example_workday_timetable
[2025-06-12T15:37:58.190+0300] {logging_mixin.py:190} INFO - [2025-06-12T15:37:58.190+0300] {override.py:1900} INFO - Created Permission View: menu access on DAG Run:example_workday_timetable
[2025-06-12T15:37:58.190+0300] {logging_mixin.py:190} INFO - [2025-06-12T15:37:58.190+0300] {dag.py:3239} INFO - Sync 1 DAGs
[2025-06-12T15:37:58.194+0300] {logging_mixin.py:190} INFO - [2025-06-12T15:37:58.194+0300] {dag.py:3262} INFO - Creating ORM DAG for example_workday_timetable
[2025-06-12T15:37:58.197+0300] {logging_mixin.py:190} INFO - [2025-06-12T15:37:58.197+0300] {dag.py:4180} INFO - Setting next_dagrun for example_workday_timetable to 2021-01-01 00:00:00+00:00, run_after=2021-01-02 00:00:00+00:00
[2025-06-12T15:37:58.202+0300] {processor.py:208} INFO - Processing /opt/anaconda3/envs/bc_pipeline/lib/python3.11/site-packages/airflow/example_dags/example_workday_timetable.py took 0.125 seconds
[2025-06-12T15:56:40.831+0300] {processor.py:186} INFO - Started process (PID=26101) to work on /opt/anaconda3/envs/bc_pipeline/lib/python3.11/site-packages/airflow/example_dags/example_workday_timetable.py
[2025-06-12T15:56:40.832+0300] {processor.py:914} INFO - Processing file /opt/anaconda3/envs/bc_pipeline/lib/python3.11/site-packages/airflow/example_dags/example_workday_timetable.py for tasks to queue
[2025-06-12T15:56:40.833+0300] {logging_mixin.py:190} INFO - [2025-06-12T15:56:40.832+0300] {dagbag.py:588} INFO - Filling up the DagBag from /opt/anaconda3/envs/bc_pipeline/lib/python3.11/site-packages/airflow/example_dags/example_workday_timetable.py
[2025-06-12T15:56:41.083+0300] {processor.py:925} INFO - DAG(s) 'example_workday_timetable' retrieved from /opt/anaconda3/envs/bc_pipeline/lib/python3.11/site-packages/airflow/example_dags/example_workday_timetable.py
[2025-06-12T15:56:41.121+0300] {logging_mixin.py:190} INFO - [2025-06-12T15:56:41.121+0300] {dag.py:3239} INFO - Sync 1 DAGs
[2025-06-12T15:56:41.142+0300] {logging_mixin.py:190} INFO - [2025-06-12T15:56:41.142+0300] {dag.py:4180} INFO - Setting next_dagrun for example_workday_timetable to 2021-01-04 00:00:00+00:00, run_after=2021-01-05 00:00:00+00:00
[2025-06-12T15:56:41.149+0300] {processor.py:208} INFO - Processing /opt/anaconda3/envs/bc_pipeline/lib/python3.11/site-packages/airflow/example_dags/example_workday_timetable.py took 0.319 seconds
[2025-06-12T15:58:19.471+0300] {processor.py:186} INFO - Started process (PID=28675) to work on /opt/anaconda3/envs/bc_pipeline/lib/python3.11/site-packages/airflow/example_dags/example_workday_timetable.py
[2025-06-12T15:58:19.472+0300] {processor.py:914} INFO - Processing file /opt/anaconda3/envs/bc_pipeline/lib/python3.11/site-packages/airflow/example_dags/example_workday_timetable.py for tasks to queue
[2025-06-12T15:58:19.473+0300] {logging_mixin.py:190} INFO - [2025-06-12T15:58:19.472+0300] {dagbag.py:588} INFO - Filling up the DagBag from /opt/anaconda3/envs/bc_pipeline/lib/python3.11/site-packages/airflow/example_dags/example_workday_timetable.py
[2025-06-12T15:58:19.759+0300] {processor.py:925} INFO - DAG(s) 'example_workday_timetable' retrieved from /opt/anaconda3/envs/bc_pipeline/lib/python3.11/site-packages/airflow/example_dags/example_workday_timetable.py
[2025-06-12T15:58:19.798+0300] {logging_mixin.py:190} INFO - [2025-06-12T15:58:19.798+0300] {dag.py:3239} INFO - Sync 1 DAGs
[2025-06-12T15:58:19.813+0300] {logging_mixin.py:190} INFO - [2025-06-12T15:58:19.813+0300] {dag.py:4180} INFO - Setting next_dagrun for example_workday_timetable to 2021-01-04 00:00:00+00:00, run_after=2021-01-05 00:00:00+00:00
[2025-06-12T15:58:19.820+0300] {processor.py:208} INFO - Processing /opt/anaconda3/envs/bc_pipeline/lib/python3.11/site-packages/airflow/example_dags/example_workday_timetable.py took 0.350 seconds
[2025-06-12T16:00:00.581+0300] {processor.py:186} INFO - Started process (PID=29895) to work on /opt/anaconda3/envs/bc_pipeline/lib/python3.11/site-packages/airflow/example_dags/example_workday_timetable.py
[2025-06-12T16:00:00.581+0300] {processor.py:914} INFO - Processing file /opt/anaconda3/envs/bc_pipeline/lib/python3.11/site-packages/airflow/example_dags/example_workday_timetable.py for tasks to queue
[2025-06-12T16:00:00.582+0300] {logging_mixin.py:190} INFO - [2025-06-12T16:00:00.582+0300] {dagbag.py:588} INFO - Filling up the DagBag from /opt/anaconda3/envs/bc_pipeline/lib/python3.11/site-packages/airflow/example_dags/example_workday_timetable.py
[2025-06-12T16:00:00.883+0300] {processor.py:925} INFO - DAG(s) 'example_workday_timetable' retrieved from /opt/anaconda3/envs/bc_pipeline/lib/python3.11/site-packages/airflow/example_dags/example_workday_timetable.py
[2025-06-12T16:00:00.919+0300] {logging_mixin.py:190} INFO - [2025-06-12T16:00:00.919+0300] {dag.py:3239} INFO - Sync 1 DAGs
[2025-06-12T16:00:00.936+0300] {logging_mixin.py:190} INFO - [2025-06-12T16:00:00.936+0300] {dag.py:4180} INFO - Setting next_dagrun for example_workday_timetable to 2021-01-04 00:00:00+00:00, run_after=2021-01-05 00:00:00+00:00
[2025-06-12T16:00:00.944+0300] {processor.py:208} INFO - Processing /opt/anaconda3/envs/bc_pipeline/lib/python3.11/site-packages/airflow/example_dags/example_workday_timetable.py took 0.364 seconds
[2025-06-12T16:01:31.692+0300] {processor.py:186} INFO - Started process (PID=30935) to work on /opt/anaconda3/envs/bc_pipeline/lib/python3.11/site-packages/airflow/example_dags/example_workday_timetable.py
[2025-06-12T16:01:31.693+0300] {processor.py:914} INFO - Processing file /opt/anaconda3/envs/bc_pipeline/lib/python3.11/site-packages/airflow/example_dags/example_workday_timetable.py for tasks to queue
[2025-06-12T16:01:31.693+0300] {logging_mixin.py:190} INFO - [2025-06-12T16:01:31.693+0300] {dagbag.py:588} INFO - Filling up the DagBag from /opt/anaconda3/envs/bc_pipeline/lib/python3.11/site-packages/airflow/example_dags/example_workday_timetable.py
[2025-06-12T16:01:31.941+0300] {processor.py:925} INFO - DAG(s) 'example_workday_timetable' retrieved from /opt/anaconda3/envs/bc_pipeline/lib/python3.11/site-packages/airflow/example_dags/example_workday_timetable.py
[2025-06-12T16:01:31.976+0300] {logging_mixin.py:190} INFO - [2025-06-12T16:01:31.976+0300] {dag.py:3239} INFO - Sync 1 DAGs
[2025-06-12T16:01:31.991+0300] {logging_mixin.py:190} INFO - [2025-06-12T16:01:31.991+0300] {dag.py:4180} INFO - Setting next_dagrun for example_workday_timetable to 2021-01-04 00:00:00+00:00, run_after=2021-01-05 00:00:00+00:00
[2025-06-12T16:01:31.997+0300] {processor.py:208} INFO - Processing /opt/anaconda3/envs/bc_pipeline/lib/python3.11/site-packages/airflow/example_dags/example_workday_timetable.py took 0.307 seconds
[2025-06-12T16:02:40.542+0300] {processor.py:186} INFO - Started process (PID=31692) to work on /opt/anaconda3/envs/bc_pipeline/lib/python3.11/site-packages/airflow/example_dags/example_workday_timetable.py
[2025-06-12T16:02:40.543+0300] {processor.py:914} INFO - Processing file /opt/anaconda3/envs/bc_pipeline/lib/python3.11/site-packages/airflow/example_dags/example_workday_timetable.py for tasks to queue
[2025-06-12T16:02:40.543+0300] {logging_mixin.py:190} INFO - [2025-06-12T16:02:40.543+0300] {dagbag.py:588} INFO - Filling up the DagBag from /opt/anaconda3/envs/bc_pipeline/lib/python3.11/site-packages/airflow/example_dags/example_workday_timetable.py
[2025-06-12T16:02:40.834+0300] {processor.py:925} INFO - DAG(s) 'example_workday_timetable' retrieved from /opt/anaconda3/envs/bc_pipeline/lib/python3.11/site-packages/airflow/example_dags/example_workday_timetable.py
[2025-06-12T16:02:40.870+0300] {logging_mixin.py:190} INFO - [2025-06-12T16:02:40.870+0300] {dag.py:3239} INFO - Sync 1 DAGs
[2025-06-12T16:02:40.884+0300] {logging_mixin.py:190} INFO - [2025-06-12T16:02:40.884+0300] {dag.py:4180} INFO - Setting next_dagrun for example_workday_timetable to 2021-01-04 00:00:00+00:00, run_after=2021-01-05 00:00:00+00:00
[2025-06-12T16:02:40.891+0300] {processor.py:208} INFO - Processing /opt/anaconda3/envs/bc_pipeline/lib/python3.11/site-packages/airflow/example_dags/example_workday_timetable.py took 0.350 seconds
