[2025-06-12T15:38:15.706+0300] {processor.py:186} INFO - Started process (PID=9985) to work on /opt/anaconda3/envs/bc_pipeline/lib/python3.11/site-packages/airflow/example_dags/example_short_circuit_decorator.py
[2025-06-12T15:38:15.706+0300] {processor.py:914} INFO - Processing file /opt/anaconda3/envs/bc_pipeline/lib/python3.11/site-packages/airflow/example_dags/example_short_circuit_decorator.py for tasks to queue
[2025-06-12T15:38:15.707+0300] {logging_mixin.py:190} INFO - [2025-06-12T15:38:15.707+0300] {dagbag.py:588} INFO - Filling up the DagBag from /opt/anaconda3/envs/bc_pipeline/lib/python3.11/site-packages/airflow/example_dags/example_short_circuit_decorator.py
[2025-06-12T15:38:15.727+0300] {processor.py:925} INFO - DAG(s) 'example_short_circuit_decorator' retrieved from /opt/anaconda3/envs/bc_pipeline/lib/python3.11/site-packages/airflow/example_dags/example_short_circuit_decorator.py
[2025-06-12T15:38:15.820+0300] {logging_mixin.py:190} INFO - [2025-06-12T15:38:15.820+0300] {override.py:1900} INFO - Created Permission View: can edit on DAG:example_short_circuit_decorator
[2025-06-12T15:38:15.824+0300] {logging_mixin.py:190} INFO - [2025-06-12T15:38:15.823+0300] {override.py:1900} INFO - Created Permission View: can read on DAG:example_short_circuit_decorator
[2025-06-12T15:38:15.826+0300] {logging_mixin.py:190} INFO - [2025-06-12T15:38:15.826+0300] {override.py:1900} INFO - Created Permission View: can delete on DAG:example_short_circuit_decorator
[2025-06-12T15:38:15.829+0300] {logging_mixin.py:190} INFO - [2025-06-12T15:38:15.829+0300] {override.py:1900} INFO - Created Permission View: can create on DAG Run:example_short_circuit_decorator
[2025-06-12T15:38:15.831+0300] {logging_mixin.py:190} INFO - [2025-06-12T15:38:15.831+0300] {override.py:1900} INFO - Created Permission View: menu access on DAG Run:example_short_circuit_decorator
[2025-06-12T15:38:15.833+0300] {logging_mixin.py:190} INFO - [2025-06-12T15:38:15.833+0300] {override.py:1900} INFO - Created Permission View: can read on DAG Run:example_short_circuit_decorator
[2025-06-12T15:38:15.835+0300] {logging_mixin.py:190} INFO - [2025-06-12T15:38:15.835+0300] {override.py:1900} INFO - Created Permission View: can delete on DAG Run:example_short_circuit_decorator
[2025-06-12T15:38:15.835+0300] {logging_mixin.py:190} INFO - [2025-06-12T15:38:15.835+0300] {dag.py:3239} INFO - Sync 1 DAGs
[2025-06-12T15:38:15.839+0300] {logging_mixin.py:190} INFO - [2025-06-12T15:38:15.839+0300] {dag.py:3262} INFO - Creating ORM DAG for example_short_circuit_decorator
[2025-06-12T15:38:15.839+0300] {logging_mixin.py:190} INFO - [2025-06-12T15:38:15.839+0300] {dag.py:4180} INFO - Setting next_dagrun for example_short_circuit_decorator to None, run_after=None
[2025-06-12T15:38:15.847+0300] {processor.py:208} INFO - Processing /opt/anaconda3/envs/bc_pipeline/lib/python3.11/site-packages/airflow/example_dags/example_short_circuit_decorator.py took 0.143 seconds
[2025-06-12T15:58:37.369+0300] {processor.py:186} INFO - Started process (PID=28856) to work on /opt/anaconda3/envs/bc_pipeline/lib/python3.11/site-packages/airflow/example_dags/example_short_circuit_decorator.py
[2025-06-12T15:58:37.370+0300] {processor.py:914} INFO - Processing file /opt/anaconda3/envs/bc_pipeline/lib/python3.11/site-packages/airflow/example_dags/example_short_circuit_decorator.py for tasks to queue
[2025-06-12T15:58:37.371+0300] {logging_mixin.py:190} INFO - [2025-06-12T15:58:37.371+0300] {dagbag.py:588} INFO - Filling up the DagBag from /opt/anaconda3/envs/bc_pipeline/lib/python3.11/site-packages/airflow/example_dags/example_short_circuit_decorator.py
[2025-06-12T15:58:37.387+0300] {processor.py:925} INFO - DAG(s) 'example_short_circuit_decorator' retrieved from /opt/anaconda3/envs/bc_pipeline/lib/python3.11/site-packages/airflow/example_dags/example_short_circuit_decorator.py
[2025-06-12T15:58:37.419+0300] {logging_mixin.py:190} INFO - [2025-06-12T15:58:37.419+0300] {dag.py:3239} INFO - Sync 1 DAGs
[2025-06-12T15:58:37.450+0300] {logging_mixin.py:190} INFO - [2025-06-12T15:58:37.450+0300] {dag.py:4180} INFO - Setting next_dagrun for example_short_circuit_decorator to None, run_after=None
[2025-06-12T15:58:37.456+0300] {processor.py:208} INFO - Processing /opt/anaconda3/envs/bc_pipeline/lib/python3.11/site-packages/airflow/example_dags/example_short_circuit_decorator.py took 0.089 seconds
[2025-06-12T16:00:18.544+0300] {processor.py:186} INFO - Started process (PID=30092) to work on /opt/anaconda3/envs/bc_pipeline/lib/python3.11/site-packages/airflow/example_dags/example_short_circuit_decorator.py
[2025-06-12T16:00:18.544+0300] {processor.py:914} INFO - Processing file /opt/anaconda3/envs/bc_pipeline/lib/python3.11/site-packages/airflow/example_dags/example_short_circuit_decorator.py for tasks to queue
[2025-06-12T16:00:18.545+0300] {logging_mixin.py:190} INFO - [2025-06-12T16:00:18.545+0300] {dagbag.py:588} INFO - Filling up the DagBag from /opt/anaconda3/envs/bc_pipeline/lib/python3.11/site-packages/airflow/example_dags/example_short_circuit_decorator.py
[2025-06-12T16:00:18.561+0300] {processor.py:925} INFO - DAG(s) 'example_short_circuit_decorator' retrieved from /opt/anaconda3/envs/bc_pipeline/lib/python3.11/site-packages/airflow/example_dags/example_short_circuit_decorator.py
[2025-06-12T16:00:18.593+0300] {logging_mixin.py:190} INFO - [2025-06-12T16:00:18.593+0300] {dag.py:3239} INFO - Sync 1 DAGs
[2025-06-12T16:00:18.623+0300] {logging_mixin.py:190} INFO - [2025-06-12T16:00:18.623+0300] {dag.py:4180} INFO - Setting next_dagrun for example_short_circuit_decorator to None, run_after=None
[2025-06-12T16:00:18.630+0300] {processor.py:208} INFO - Processing /opt/anaconda3/envs/bc_pipeline/lib/python3.11/site-packages/airflow/example_dags/example_short_circuit_decorator.py took 0.087 seconds
[2025-06-12T16:01:49.101+0300] {processor.py:186} INFO - Started process (PID=31144) to work on /opt/anaconda3/envs/bc_pipeline/lib/python3.11/site-packages/airflow/example_dags/example_short_circuit_decorator.py
[2025-06-12T16:01:49.102+0300] {processor.py:914} INFO - Processing file /opt/anaconda3/envs/bc_pipeline/lib/python3.11/site-packages/airflow/example_dags/example_short_circuit_decorator.py for tasks to queue
[2025-06-12T16:01:49.103+0300] {logging_mixin.py:190} INFO - [2025-06-12T16:01:49.103+0300] {dagbag.py:588} INFO - Filling up the DagBag from /opt/anaconda3/envs/bc_pipeline/lib/python3.11/site-packages/airflow/example_dags/example_short_circuit_decorator.py
[2025-06-12T16:01:49.118+0300] {processor.py:925} INFO - DAG(s) 'example_short_circuit_decorator' retrieved from /opt/anaconda3/envs/bc_pipeline/lib/python3.11/site-packages/airflow/example_dags/example_short_circuit_decorator.py
[2025-06-12T16:01:49.149+0300] {logging_mixin.py:190} INFO - [2025-06-12T16:01:49.149+0300] {dag.py:3239} INFO - Sync 1 DAGs
[2025-06-12T16:01:49.179+0300] {logging_mixin.py:190} INFO - [2025-06-12T16:01:49.179+0300] {dag.py:4180} INFO - Setting next_dagrun for example_short_circuit_decorator to None, run_after=None
[2025-06-12T16:01:49.186+0300] {processor.py:208} INFO - Processing /opt/anaconda3/envs/bc_pipeline/lib/python3.11/site-packages/airflow/example_dags/example_short_circuit_decorator.py took 0.086 seconds
