[2025-06-12T15:38:39.692+0300] {processor.py:186} INFO - Started process (PID=10256) to work on /opt/anaconda3/envs/bc_pipeline/lib/python3.11/site-packages/airflow/example_dags/example_latest_only_with_trigger.py
[2025-06-12T15:38:39.693+0300] {processor.py:914} INFO - Processing file /opt/anaconda3/envs/bc_pipeline/lib/python3.11/site-packages/airflow/example_dags/example_latest_only_with_trigger.py for tasks to queue
[2025-06-12T15:38:39.693+0300] {logging_mixin.py:190} INFO - [2025-06-12T15:38:39.693+0300] {dagbag.py:588} INFO - Filling up the DagBag from /opt/anaconda3/envs/bc_pipeline/lib/python3.11/site-packages/airflow/example_dags/example_latest_only_with_trigger.py
[2025-06-12T15:38:39.697+0300] {processor.py:925} INFO - DAG(s) 'latest_only_with_trigger' retrieved from /opt/anaconda3/envs/bc_pipeline/lib/python3.11/site-packages/airflow/example_dags/example_latest_only_with_trigger.py
[2025-06-12T15:38:39.792+0300] {logging_mixin.py:190} INFO - [2025-06-12T15:38:39.792+0300] {override.py:1900} INFO - Created Permission View: can edit on DAG:latest_only_with_trigger
[2025-06-12T15:38:39.796+0300] {logging_mixin.py:190} INFO - [2025-06-12T15:38:39.796+0300] {override.py:1900} INFO - Created Permission View: can delete on DAG:latest_only_with_trigger
[2025-06-12T15:38:39.798+0300] {logging_mixin.py:190} INFO - [2025-06-12T15:38:39.798+0300] {override.py:1900} INFO - Created Permission View: can read on DAG:latest_only_with_trigger
[2025-06-12T15:38:39.802+0300] {logging_mixin.py:190} INFO - [2025-06-12T15:38:39.802+0300] {override.py:1900} INFO - Created Permission View: can create on DAG Run:latest_only_with_trigger
[2025-06-12T15:38:39.804+0300] {logging_mixin.py:190} INFO - [2025-06-12T15:38:39.804+0300] {override.py:1900} INFO - Created Permission View: menu access on DAG Run:latest_only_with_trigger
[2025-06-12T15:38:39.806+0300] {logging_mixin.py:190} INFO - [2025-06-12T15:38:39.806+0300] {override.py:1900} INFO - Created Permission View: can delete on DAG Run:latest_only_with_trigger
[2025-06-12T15:38:39.808+0300] {logging_mixin.py:190} INFO - [2025-06-12T15:38:39.808+0300] {override.py:1900} INFO - Created Permission View: can read on DAG Run:latest_only_with_trigger
[2025-06-12T15:38:39.809+0300] {logging_mixin.py:190} INFO - [2025-06-12T15:38:39.809+0300] {dag.py:3239} INFO - Sync 1 DAGs
[2025-06-12T15:38:39.814+0300] {logging_mixin.py:190} INFO - [2025-06-12T15:38:39.813+0300] {dag.py:3262} INFO - Creating ORM DAG for latest_only_with_trigger
[2025-06-12T15:38:39.817+0300] {logging_mixin.py:190} INFO - [2025-06-12T15:38:39.817+0300] {dag.py:4180} INFO - Setting next_dagrun for latest_only_with_trigger to 2025-06-12 08:00:00+00:00, run_after=2025-06-12 12:00:00+00:00
[2025-06-12T15:38:39.823+0300] {processor.py:208} INFO - Processing /opt/anaconda3/envs/bc_pipeline/lib/python3.11/site-packages/airflow/example_dags/example_latest_only_with_trigger.py took 0.133 seconds
[2025-06-12T15:58:59.993+0300] {processor.py:186} INFO - Started process (PID=29106) to work on /opt/anaconda3/envs/bc_pipeline/lib/python3.11/site-packages/airflow/example_dags/example_latest_only_with_trigger.py
[2025-06-12T15:58:59.994+0300] {processor.py:914} INFO - Processing file /opt/anaconda3/envs/bc_pipeline/lib/python3.11/site-packages/airflow/example_dags/example_latest_only_with_trigger.py for tasks to queue
[2025-06-12T15:58:59.994+0300] {logging_mixin.py:190} INFO - [2025-06-12T15:58:59.994+0300] {dagbag.py:588} INFO - Filling up the DagBag from /opt/anaconda3/envs/bc_pipeline/lib/python3.11/site-packages/airflow/example_dags/example_latest_only_with_trigger.py
[2025-06-12T15:58:59.997+0300] {processor.py:925} INFO - DAG(s) 'latest_only_with_trigger' retrieved from /opt/anaconda3/envs/bc_pipeline/lib/python3.11/site-packages/airflow/example_dags/example_latest_only_with_trigger.py
[2025-06-12T15:59:00.032+0300] {logging_mixin.py:190} INFO - [2025-06-12T15:59:00.031+0300] {dag.py:3239} INFO - Sync 1 DAGs
[2025-06-12T15:59:00.038+0300] {logging_mixin.py:190} INFO - [2025-06-12T15:59:00.038+0300] {dag.py:4180} INFO - Setting next_dagrun for latest_only_with_trigger to 2025-06-12 08:00:00+00:00, run_after=2025-06-12 12:00:00+00:00
[2025-06-12T15:59:00.044+0300] {processor.py:208} INFO - Processing /opt/anaconda3/envs/bc_pipeline/lib/python3.11/site-packages/airflow/example_dags/example_latest_only_with_trigger.py took 0.052 seconds
[2025-06-12T16:00:41.764+0300] {processor.py:186} INFO - Started process (PID=30347) to work on /opt/anaconda3/envs/bc_pipeline/lib/python3.11/site-packages/airflow/example_dags/example_latest_only_with_trigger.py
[2025-06-12T16:00:41.765+0300] {processor.py:914} INFO - Processing file /opt/anaconda3/envs/bc_pipeline/lib/python3.11/site-packages/airflow/example_dags/example_latest_only_with_trigger.py for tasks to queue
[2025-06-12T16:00:41.765+0300] {logging_mixin.py:190} INFO - [2025-06-12T16:00:41.765+0300] {dagbag.py:588} INFO - Filling up the DagBag from /opt/anaconda3/envs/bc_pipeline/lib/python3.11/site-packages/airflow/example_dags/example_latest_only_with_trigger.py
[2025-06-12T16:00:41.769+0300] {processor.py:925} INFO - DAG(s) 'latest_only_with_trigger' retrieved from /opt/anaconda3/envs/bc_pipeline/lib/python3.11/site-packages/airflow/example_dags/example_latest_only_with_trigger.py
[2025-06-12T16:00:41.800+0300] {logging_mixin.py:190} INFO - [2025-06-12T16:00:41.800+0300] {dag.py:3239} INFO - Sync 1 DAGs
[2025-06-12T16:00:41.806+0300] {logging_mixin.py:190} INFO - [2025-06-12T16:00:41.806+0300] {dag.py:4180} INFO - Setting next_dagrun for latest_only_with_trigger to 2025-06-12 08:00:00+00:00, run_after=2025-06-12 12:00:00+00:00
[2025-06-12T16:00:41.812+0300] {processor.py:208} INFO - Processing /opt/anaconda3/envs/bc_pipeline/lib/python3.11/site-packages/airflow/example_dags/example_latest_only_with_trigger.py took 0.049 seconds
