[2025-06-12T15:38:02.964+0300] {processor.py:186} INFO - Started process (PID=9844) to work on /opt/anaconda3/envs/bc_pipeline/lib/python3.11/site-packages/airflow/example_dags/example_time_delta_sensor_async.py
[2025-06-12T15:38:02.964+0300] {processor.py:914} INFO - Processing file /opt/anaconda3/envs/bc_pipeline/lib/python3.11/site-packages/airflow/example_dags/example_time_delta_sensor_async.py for tasks to queue
[2025-06-12T15:38:02.965+0300] {logging_mixin.py:190} INFO - [2025-06-12T15:38:02.965+0300] {dagbag.py:588} INFO - Filling up the DagBag from /opt/anaconda3/envs/bc_pipeline/lib/python3.11/site-packages/airflow/example_dags/example_time_delta_sensor_async.py
[2025-06-12T15:38:02.968+0300] {processor.py:925} INFO - DAG(s) 'example_time_delta_sensor_async' retrieved from /opt/anaconda3/envs/bc_pipeline/lib/python3.11/site-packages/airflow/example_dags/example_time_delta_sensor_async.py
[2025-06-12T15:38:02.997+0300] {logging_mixin.py:190} INFO - [2025-06-12T15:38:02.997+0300] {workday.py:41} WARNING - Could not import pandas. Holidays will not be considered.
[2025-06-12T15:38:03.058+0300] {logging_mixin.py:190} INFO - [2025-06-12T15:38:03.058+0300] {override.py:1900} INFO - Created Permission View: can edit on DAG:example_time_delta_sensor_async
[2025-06-12T15:38:03.062+0300] {logging_mixin.py:190} INFO - [2025-06-12T15:38:03.062+0300] {override.py:1900} INFO - Created Permission View: can delete on DAG:example_time_delta_sensor_async
[2025-06-12T15:38:03.064+0300] {logging_mixin.py:190} INFO - [2025-06-12T15:38:03.064+0300] {override.py:1900} INFO - Created Permission View: can read on DAG:example_time_delta_sensor_async
[2025-06-12T15:38:03.067+0300] {logging_mixin.py:190} INFO - [2025-06-12T15:38:03.066+0300] {override.py:1900} INFO - Created Permission View: menu access on DAG Run:example_time_delta_sensor_async
[2025-06-12T15:38:03.068+0300] {logging_mixin.py:190} INFO - [2025-06-12T15:38:03.068+0300] {override.py:1900} INFO - Created Permission View: can delete on DAG Run:example_time_delta_sensor_async
[2025-06-12T15:38:03.070+0300] {logging_mixin.py:190} INFO - [2025-06-12T15:38:03.070+0300] {override.py:1900} INFO - Created Permission View: can create on DAG Run:example_time_delta_sensor_async
[2025-06-12T15:38:03.072+0300] {logging_mixin.py:190} INFO - [2025-06-12T15:38:03.072+0300] {override.py:1900} INFO - Created Permission View: can read on DAG Run:example_time_delta_sensor_async
[2025-06-12T15:38:03.072+0300] {logging_mixin.py:190} INFO - [2025-06-12T15:38:03.072+0300] {dag.py:3239} INFO - Sync 1 DAGs
[2025-06-12T15:38:03.076+0300] {logging_mixin.py:190} INFO - [2025-06-12T15:38:03.076+0300] {dag.py:3262} INFO - Creating ORM DAG for example_time_delta_sensor_async
[2025-06-12T15:38:03.076+0300] {logging_mixin.py:190} INFO - [2025-06-12T15:38:03.076+0300] {dag.py:4180} INFO - Setting next_dagrun for example_time_delta_sensor_async to None, run_after=None
[2025-06-12T15:38:03.081+0300] {processor.py:208} INFO - Processing /opt/anaconda3/envs/bc_pipeline/lib/python3.11/site-packages/airflow/example_dags/example_time_delta_sensor_async.py took 0.119 seconds
[2025-06-12T15:56:46.422+0300] {processor.py:186} INFO - Started process (PID=26168) to work on /opt/anaconda3/envs/bc_pipeline/lib/python3.11/site-packages/airflow/example_dags/example_time_delta_sensor_async.py
[2025-06-12T15:56:46.423+0300] {processor.py:914} INFO - Processing file /opt/anaconda3/envs/bc_pipeline/lib/python3.11/site-packages/airflow/example_dags/example_time_delta_sensor_async.py for tasks to queue
[2025-06-12T15:56:46.423+0300] {logging_mixin.py:190} INFO - [2025-06-12T15:56:46.423+0300] {dagbag.py:588} INFO - Filling up the DagBag from /opt/anaconda3/envs/bc_pipeline/lib/python3.11/site-packages/airflow/example_dags/example_time_delta_sensor_async.py
[2025-06-12T15:56:46.426+0300] {processor.py:925} INFO - DAG(s) 'example_time_delta_sensor_async' retrieved from /opt/anaconda3/envs/bc_pipeline/lib/python3.11/site-packages/airflow/example_dags/example_time_delta_sensor_async.py
[2025-06-12T15:56:46.758+0300] {logging_mixin.py:190} INFO - [2025-06-12T15:56:46.757+0300] {dag.py:3239} INFO - Sync 1 DAGs
[2025-06-12T15:56:46.762+0300] {logging_mixin.py:190} INFO - [2025-06-12T15:56:46.761+0300] {dag.py:4180} INFO - Setting next_dagrun for example_time_delta_sensor_async to None, run_after=None
[2025-06-12T15:56:46.768+0300] {processor.py:208} INFO - Processing /opt/anaconda3/envs/bc_pipeline/lib/python3.11/site-packages/airflow/example_dags/example_time_delta_sensor_async.py took 0.348 seconds
[2025-06-12T15:58:24.946+0300] {processor.py:186} INFO - Started process (PID=28721) to work on /opt/anaconda3/envs/bc_pipeline/lib/python3.11/site-packages/airflow/example_dags/example_time_delta_sensor_async.py
[2025-06-12T15:58:24.947+0300] {processor.py:914} INFO - Processing file /opt/anaconda3/envs/bc_pipeline/lib/python3.11/site-packages/airflow/example_dags/example_time_delta_sensor_async.py for tasks to queue
[2025-06-12T15:58:24.947+0300] {logging_mixin.py:190} INFO - [2025-06-12T15:58:24.947+0300] {dagbag.py:588} INFO - Filling up the DagBag from /opt/anaconda3/envs/bc_pipeline/lib/python3.11/site-packages/airflow/example_dags/example_time_delta_sensor_async.py
[2025-06-12T15:58:24.950+0300] {processor.py:925} INFO - DAG(s) 'example_time_delta_sensor_async' retrieved from /opt/anaconda3/envs/bc_pipeline/lib/python3.11/site-packages/airflow/example_dags/example_time_delta_sensor_async.py
[2025-06-12T15:58:25.230+0300] {logging_mixin.py:190} INFO - [2025-06-12T15:58:25.230+0300] {dag.py:3239} INFO - Sync 1 DAGs
[2025-06-12T15:58:25.233+0300] {logging_mixin.py:190} INFO - [2025-06-12T15:58:25.233+0300] {dag.py:4180} INFO - Setting next_dagrun for example_time_delta_sensor_async to None, run_after=None
[2025-06-12T15:58:25.240+0300] {processor.py:208} INFO - Processing /opt/anaconda3/envs/bc_pipeline/lib/python3.11/site-packages/airflow/example_dags/example_time_delta_sensor_async.py took 0.295 seconds
[2025-06-12T16:00:05.890+0300] {processor.py:186} INFO - Started process (PID=29940) to work on /opt/anaconda3/envs/bc_pipeline/lib/python3.11/site-packages/airflow/example_dags/example_time_delta_sensor_async.py
[2025-06-12T16:00:05.890+0300] {processor.py:914} INFO - Processing file /opt/anaconda3/envs/bc_pipeline/lib/python3.11/site-packages/airflow/example_dags/example_time_delta_sensor_async.py for tasks to queue
[2025-06-12T16:00:05.891+0300] {logging_mixin.py:190} INFO - [2025-06-12T16:00:05.891+0300] {dagbag.py:588} INFO - Filling up the DagBag from /opt/anaconda3/envs/bc_pipeline/lib/python3.11/site-packages/airflow/example_dags/example_time_delta_sensor_async.py
[2025-06-12T16:00:05.895+0300] {processor.py:925} INFO - DAG(s) 'example_time_delta_sensor_async' retrieved from /opt/anaconda3/envs/bc_pipeline/lib/python3.11/site-packages/airflow/example_dags/example_time_delta_sensor_async.py
[2025-06-12T16:00:06.178+0300] {logging_mixin.py:190} INFO - [2025-06-12T16:00:06.178+0300] {dag.py:3239} INFO - Sync 1 DAGs
[2025-06-12T16:00:06.182+0300] {logging_mixin.py:190} INFO - [2025-06-12T16:00:06.182+0300] {dag.py:4180} INFO - Setting next_dagrun for example_time_delta_sensor_async to None, run_after=None
[2025-06-12T16:00:06.189+0300] {processor.py:208} INFO - Processing /opt/anaconda3/envs/bc_pipeline/lib/python3.11/site-packages/airflow/example_dags/example_time_delta_sensor_async.py took 0.300 seconds
[2025-06-12T16:01:36.356+0300] {processor.py:186} INFO - Started process (PID=30985) to work on /opt/anaconda3/envs/bc_pipeline/lib/python3.11/site-packages/airflow/example_dags/example_time_delta_sensor_async.py
[2025-06-12T16:01:36.358+0300] {processor.py:914} INFO - Processing file /opt/anaconda3/envs/bc_pipeline/lib/python3.11/site-packages/airflow/example_dags/example_time_delta_sensor_async.py for tasks to queue
[2025-06-12T16:01:36.358+0300] {logging_mixin.py:190} INFO - [2025-06-12T16:01:36.358+0300] {dagbag.py:588} INFO - Filling up the DagBag from /opt/anaconda3/envs/bc_pipeline/lib/python3.11/site-packages/airflow/example_dags/example_time_delta_sensor_async.py
[2025-06-12T16:01:36.361+0300] {processor.py:925} INFO - DAG(s) 'example_time_delta_sensor_async' retrieved from /opt/anaconda3/envs/bc_pipeline/lib/python3.11/site-packages/airflow/example_dags/example_time_delta_sensor_async.py
[2025-06-12T16:01:36.636+0300] {logging_mixin.py:190} INFO - [2025-06-12T16:01:36.636+0300] {dag.py:3239} INFO - Sync 1 DAGs
[2025-06-12T16:01:36.640+0300] {logging_mixin.py:190} INFO - [2025-06-12T16:01:36.640+0300] {dag.py:4180} INFO - Setting next_dagrun for example_time_delta_sensor_async to None, run_after=None
[2025-06-12T16:01:36.646+0300] {processor.py:208} INFO - Processing /opt/anaconda3/envs/bc_pipeline/lib/python3.11/site-packages/airflow/example_dags/example_time_delta_sensor_async.py took 0.291 seconds
[2025-06-12T16:02:46.347+0300] {processor.py:186} INFO - Started process (PID=31759) to work on /opt/anaconda3/envs/bc_pipeline/lib/python3.11/site-packages/airflow/example_dags/example_time_delta_sensor_async.py
[2025-06-12T16:02:46.347+0300] {processor.py:914} INFO - Processing file /opt/anaconda3/envs/bc_pipeline/lib/python3.11/site-packages/airflow/example_dags/example_time_delta_sensor_async.py for tasks to queue
[2025-06-12T16:02:46.348+0300] {logging_mixin.py:190} INFO - [2025-06-12T16:02:46.348+0300] {dagbag.py:588} INFO - Filling up the DagBag from /opt/anaconda3/envs/bc_pipeline/lib/python3.11/site-packages/airflow/example_dags/example_time_delta_sensor_async.py
[2025-06-12T16:02:46.352+0300] {processor.py:925} INFO - DAG(s) 'example_time_delta_sensor_async' retrieved from /opt/anaconda3/envs/bc_pipeline/lib/python3.11/site-packages/airflow/example_dags/example_time_delta_sensor_async.py
[2025-06-12T16:02:46.726+0300] {logging_mixin.py:190} INFO - [2025-06-12T16:02:46.726+0300] {dag.py:3239} INFO - Sync 1 DAGs
[2025-06-12T16:02:46.730+0300] {logging_mixin.py:190} INFO - [2025-06-12T16:02:46.730+0300] {dag.py:4180} INFO - Setting next_dagrun for example_time_delta_sensor_async to None, run_after=None
[2025-06-12T16:02:46.744+0300] {processor.py:208} INFO - Processing /opt/anaconda3/envs/bc_pipeline/lib/python3.11/site-packages/airflow/example_dags/example_time_delta_sensor_async.py took 0.399 seconds
