[2025-06-12T15:38:48.571+0300] {processor.py:186} INFO - Started process (PID=10345) to work on /opt/anaconda3/envs/bc_pipeline/lib/python3.11/site-packages/airflow/example_dags/example_dynamic_task_mapping_with_no_taskflow_operators.py
[2025-06-12T15:38:48.571+0300] {processor.py:914} INFO - Processing file /opt/anaconda3/envs/bc_pipeline/lib/python3.11/site-packages/airflow/example_dags/example_dynamic_task_mapping_with_no_taskflow_operators.py for tasks to queue
[2025-06-12T15:38:48.572+0300] {logging_mixin.py:190} INFO - [2025-06-12T15:38:48.572+0300] {dagbag.py:588} INFO - Filling up the DagBag from /opt/anaconda3/envs/bc_pipeline/lib/python3.11/site-packages/airflow/example_dags/example_dynamic_task_mapping_with_no_taskflow_operators.py
[2025-06-12T15:38:48.576+0300] {processor.py:925} INFO - DAG(s) 'example_dynamic_task_mapping_with_no_taskflow_operators' retrieved from /opt/anaconda3/envs/bc_pipeline/lib/python3.11/site-packages/airflow/example_dags/example_dynamic_task_mapping_with_no_taskflow_operators.py
[2025-06-12T15:38:48.670+0300] {logging_mixin.py:190} INFO - [2025-06-12T15:38:48.670+0300] {override.py:1900} INFO - Created Permission View: can delete on DAG:example_dynamic_task_mapping_with_no_taskflow_operators
[2025-06-12T15:38:48.674+0300] {logging_mixin.py:190} INFO - [2025-06-12T15:38:48.674+0300] {override.py:1900} INFO - Created Permission View: can read on DAG:example_dynamic_task_mapping_with_no_taskflow_operators
[2025-06-12T15:38:48.676+0300] {logging_mixin.py:190} INFO - [2025-06-12T15:38:48.676+0300] {override.py:1900} INFO - Created Permission View: can edit on DAG:example_dynamic_task_mapping_with_no_taskflow_operators
[2025-06-12T15:38:48.680+0300] {logging_mixin.py:190} INFO - [2025-06-12T15:38:48.680+0300] {override.py:1900} INFO - Created Permission View: can delete on DAG Run:example_dynamic_task_mapping_with_no_taskflow_operators
[2025-06-12T15:38:48.682+0300] {logging_mixin.py:190} INFO - [2025-06-12T15:38:48.682+0300] {override.py:1900} INFO - Created Permission View: can create on DAG Run:example_dynamic_task_mapping_with_no_taskflow_operators
[2025-06-12T15:38:48.684+0300] {logging_mixin.py:190} INFO - [2025-06-12T15:38:48.684+0300] {override.py:1900} INFO - Created Permission View: can read on DAG Run:example_dynamic_task_mapping_with_no_taskflow_operators
[2025-06-12T15:38:48.686+0300] {logging_mixin.py:190} INFO - [2025-06-12T15:38:48.686+0300] {override.py:1900} INFO - Created Permission View: menu access on DAG Run:example_dynamic_task_mapping_with_no_taskflow_operators
[2025-06-12T15:38:48.686+0300] {logging_mixin.py:190} INFO - [2025-06-12T15:38:48.686+0300] {dag.py:3239} INFO - Sync 1 DAGs
[2025-06-12T15:38:48.691+0300] {logging_mixin.py:190} INFO - [2025-06-12T15:38:48.691+0300] {dag.py:3262} INFO - Creating ORM DAG for example_dynamic_task_mapping_with_no_taskflow_operators
[2025-06-12T15:38:48.691+0300] {logging_mixin.py:190} INFO - [2025-06-12T15:38:48.691+0300] {dag.py:4180} INFO - Setting next_dagrun for example_dynamic_task_mapping_with_no_taskflow_operators to None, run_after=None
[2025-06-12T15:38:48.697+0300] {processor.py:208} INFO - Processing /opt/anaconda3/envs/bc_pipeline/lib/python3.11/site-packages/airflow/example_dags/example_dynamic_task_mapping_with_no_taskflow_operators.py took 0.128 seconds
[2025-06-12T15:59:09.242+0300] {processor.py:186} INFO - Started process (PID=29328) to work on /opt/anaconda3/envs/bc_pipeline/lib/python3.11/site-packages/airflow/example_dags/example_dynamic_task_mapping_with_no_taskflow_operators.py
[2025-06-12T15:59:09.242+0300] {processor.py:914} INFO - Processing file /opt/anaconda3/envs/bc_pipeline/lib/python3.11/site-packages/airflow/example_dags/example_dynamic_task_mapping_with_no_taskflow_operators.py for tasks to queue
[2025-06-12T15:59:09.243+0300] {logging_mixin.py:190} INFO - [2025-06-12T15:59:09.243+0300] {dagbag.py:588} INFO - Filling up the DagBag from /opt/anaconda3/envs/bc_pipeline/lib/python3.11/site-packages/airflow/example_dags/example_dynamic_task_mapping_with_no_taskflow_operators.py
[2025-06-12T15:59:09.246+0300] {processor.py:925} INFO - DAG(s) 'example_dynamic_task_mapping_with_no_taskflow_operators' retrieved from /opt/anaconda3/envs/bc_pipeline/lib/python3.11/site-packages/airflow/example_dags/example_dynamic_task_mapping_with_no_taskflow_operators.py
[2025-06-12T15:59:09.277+0300] {logging_mixin.py:190} INFO - [2025-06-12T15:59:09.277+0300] {dag.py:3239} INFO - Sync 1 DAGs
[2025-06-12T15:59:09.281+0300] {logging_mixin.py:190} INFO - [2025-06-12T15:59:09.281+0300] {dag.py:4180} INFO - Setting next_dagrun for example_dynamic_task_mapping_with_no_taskflow_operators to None, run_after=None
[2025-06-12T15:59:09.287+0300] {processor.py:208} INFO - Processing /opt/anaconda3/envs/bc_pipeline/lib/python3.11/site-packages/airflow/example_dags/example_dynamic_task_mapping_with_no_taskflow_operators.py took 0.046 seconds
[2025-06-12T16:01:52.729+0300] {processor.py:186} INFO - Started process (PID=31167) to work on /opt/anaconda3/envs/bc_pipeline/lib/python3.11/site-packages/airflow/example_dags/example_dynamic_task_mapping_with_no_taskflow_operators.py
[2025-06-12T16:01:52.730+0300] {processor.py:914} INFO - Processing file /opt/anaconda3/envs/bc_pipeline/lib/python3.11/site-packages/airflow/example_dags/example_dynamic_task_mapping_with_no_taskflow_operators.py for tasks to queue
[2025-06-12T16:01:52.730+0300] {logging_mixin.py:190} INFO - [2025-06-12T16:01:52.730+0300] {dagbag.py:588} INFO - Filling up the DagBag from /opt/anaconda3/envs/bc_pipeline/lib/python3.11/site-packages/airflow/example_dags/example_dynamic_task_mapping_with_no_taskflow_operators.py
[2025-06-12T16:01:52.733+0300] {processor.py:925} INFO - DAG(s) 'example_dynamic_task_mapping_with_no_taskflow_operators' retrieved from /opt/anaconda3/envs/bc_pipeline/lib/python3.11/site-packages/airflow/example_dags/example_dynamic_task_mapping_with_no_taskflow_operators.py
[2025-06-12T16:01:52.767+0300] {logging_mixin.py:190} INFO - [2025-06-12T16:01:52.767+0300] {dag.py:3239} INFO - Sync 1 DAGs
[2025-06-12T16:01:52.771+0300] {logging_mixin.py:190} INFO - [2025-06-12T16:01:52.771+0300] {dag.py:4180} INFO - Setting next_dagrun for example_dynamic_task_mapping_with_no_taskflow_operators to None, run_after=None
[2025-06-12T16:01:52.778+0300] {processor.py:208} INFO - Processing /opt/anaconda3/envs/bc_pipeline/lib/python3.11/site-packages/airflow/example_dags/example_dynamic_task_mapping_with_no_taskflow_operators.py took 0.050 seconds
