[2025-06-12T15:38:13.806+0300] {processor.py:186} INFO - Started process (PID=9963) to work on /opt/anaconda3/envs/bc_pipeline/lib/python3.11/site-packages/airflow/example_dags/example_short_circuit_operator.py
[2025-06-12T15:38:13.806+0300] {processor.py:914} INFO - Processing file /opt/anaconda3/envs/bc_pipeline/lib/python3.11/site-packages/airflow/example_dags/example_short_circuit_operator.py for tasks to queue
[2025-06-12T15:38:13.807+0300] {logging_mixin.py:190} INFO - [2025-06-12T15:38:13.807+0300] {dagbag.py:588} INFO - Filling up the DagBag from /opt/anaconda3/envs/bc_pipeline/lib/python3.11/site-packages/airflow/example_dags/example_short_circuit_operator.py
[2025-06-12T15:38:13.818+0300] {processor.py:925} INFO - DAG(s) 'example_short_circuit_operator' retrieved from /opt/anaconda3/envs/bc_pipeline/lib/python3.11/site-packages/airflow/example_dags/example_short_circuit_operator.py
[2025-06-12T15:38:13.904+0300] {logging_mixin.py:190} INFO - [2025-06-12T15:38:13.904+0300] {override.py:1900} INFO - Created Permission View: can edit on DAG:example_short_circuit_operator
[2025-06-12T15:38:13.907+0300] {logging_mixin.py:190} INFO - [2025-06-12T15:38:13.907+0300] {override.py:1900} INFO - Created Permission View: can delete on DAG:example_short_circuit_operator
[2025-06-12T15:38:13.909+0300] {logging_mixin.py:190} INFO - [2025-06-12T15:38:13.909+0300] {override.py:1900} INFO - Created Permission View: can read on DAG:example_short_circuit_operator
[2025-06-12T15:38:13.912+0300] {logging_mixin.py:190} INFO - [2025-06-12T15:38:13.912+0300] {override.py:1900} INFO - Created Permission View: can delete on DAG Run:example_short_circuit_operator
[2025-06-12T15:38:13.914+0300] {logging_mixin.py:190} INFO - [2025-06-12T15:38:13.914+0300] {override.py:1900} INFO - Created Permission View: menu access on DAG Run:example_short_circuit_operator
[2025-06-12T15:38:13.916+0300] {logging_mixin.py:190} INFO - [2025-06-12T15:38:13.916+0300] {override.py:1900} INFO - Created Permission View: can read on DAG Run:example_short_circuit_operator
[2025-06-12T15:38:13.918+0300] {logging_mixin.py:190} INFO - [2025-06-12T15:38:13.918+0300] {override.py:1900} INFO - Created Permission View: can create on DAG Run:example_short_circuit_operator
[2025-06-12T15:38:13.918+0300] {logging_mixin.py:190} INFO - [2025-06-12T15:38:13.918+0300] {dag.py:3239} INFO - Sync 1 DAGs
[2025-06-12T15:38:13.922+0300] {logging_mixin.py:190} INFO - [2025-06-12T15:38:13.922+0300] {dag.py:3262} INFO - Creating ORM DAG for example_short_circuit_operator
[2025-06-12T15:38:13.922+0300] {logging_mixin.py:190} INFO - [2025-06-12T15:38:13.922+0300] {dag.py:4180} INFO - Setting next_dagrun for example_short_circuit_operator to None, run_after=None
[2025-06-12T15:38:13.927+0300] {processor.py:208} INFO - Processing /opt/anaconda3/envs/bc_pipeline/lib/python3.11/site-packages/airflow/example_dags/example_short_circuit_operator.py took 0.123 seconds
[2025-06-12T15:58:35.589+0300] {processor.py:186} INFO - Started process (PID=28834) to work on /opt/anaconda3/envs/bc_pipeline/lib/python3.11/site-packages/airflow/example_dags/example_short_circuit_operator.py
[2025-06-12T15:58:35.591+0300] {processor.py:914} INFO - Processing file /opt/anaconda3/envs/bc_pipeline/lib/python3.11/site-packages/airflow/example_dags/example_short_circuit_operator.py for tasks to queue
[2025-06-12T15:58:35.591+0300] {logging_mixin.py:190} INFO - [2025-06-12T15:58:35.591+0300] {dagbag.py:588} INFO - Filling up the DagBag from /opt/anaconda3/envs/bc_pipeline/lib/python3.11/site-packages/airflow/example_dags/example_short_circuit_operator.py
[2025-06-12T15:58:35.602+0300] {processor.py:925} INFO - DAG(s) 'example_short_circuit_operator' retrieved from /opt/anaconda3/envs/bc_pipeline/lib/python3.11/site-packages/airflow/example_dags/example_short_circuit_operator.py
[2025-06-12T15:58:35.634+0300] {logging_mixin.py:190} INFO - [2025-06-12T15:58:35.634+0300] {dag.py:3239} INFO - Sync 1 DAGs
[2025-06-12T15:58:35.662+0300] {logging_mixin.py:190} INFO - [2025-06-12T15:58:35.662+0300] {dag.py:4180} INFO - Setting next_dagrun for example_short_circuit_operator to None, run_after=None
[2025-06-12T15:58:35.670+0300] {processor.py:208} INFO - Processing /opt/anaconda3/envs/bc_pipeline/lib/python3.11/site-packages/airflow/example_dags/example_short_circuit_operator.py took 0.081 seconds
[2025-06-12T16:00:16.756+0300] {processor.py:186} INFO - Started process (PID=30072) to work on /opt/anaconda3/envs/bc_pipeline/lib/python3.11/site-packages/airflow/example_dags/example_short_circuit_operator.py
[2025-06-12T16:00:16.757+0300] {processor.py:914} INFO - Processing file /opt/anaconda3/envs/bc_pipeline/lib/python3.11/site-packages/airflow/example_dags/example_short_circuit_operator.py for tasks to queue
[2025-06-12T16:00:16.757+0300] {logging_mixin.py:190} INFO - [2025-06-12T16:00:16.757+0300] {dagbag.py:588} INFO - Filling up the DagBag from /opt/anaconda3/envs/bc_pipeline/lib/python3.11/site-packages/airflow/example_dags/example_short_circuit_operator.py
[2025-06-12T16:00:16.769+0300] {processor.py:925} INFO - DAG(s) 'example_short_circuit_operator' retrieved from /opt/anaconda3/envs/bc_pipeline/lib/python3.11/site-packages/airflow/example_dags/example_short_circuit_operator.py
[2025-06-12T16:00:16.803+0300] {logging_mixin.py:190} INFO - [2025-06-12T16:00:16.803+0300] {dag.py:3239} INFO - Sync 1 DAGs
[2025-06-12T16:00:16.832+0300] {logging_mixin.py:190} INFO - [2025-06-12T16:00:16.832+0300] {dag.py:4180} INFO - Setting next_dagrun for example_short_circuit_operator to None, run_after=None
[2025-06-12T16:00:16.839+0300] {processor.py:208} INFO - Processing /opt/anaconda3/envs/bc_pipeline/lib/python3.11/site-packages/airflow/example_dags/example_short_circuit_operator.py took 0.085 seconds
[2025-06-12T16:01:47.310+0300] {processor.py:186} INFO - Started process (PID=31122) to work on /opt/anaconda3/envs/bc_pipeline/lib/python3.11/site-packages/airflow/example_dags/example_short_circuit_operator.py
[2025-06-12T16:01:47.311+0300] {processor.py:914} INFO - Processing file /opt/anaconda3/envs/bc_pipeline/lib/python3.11/site-packages/airflow/example_dags/example_short_circuit_operator.py for tasks to queue
[2025-06-12T16:01:47.312+0300] {logging_mixin.py:190} INFO - [2025-06-12T16:01:47.311+0300] {dagbag.py:588} INFO - Filling up the DagBag from /opt/anaconda3/envs/bc_pipeline/lib/python3.11/site-packages/airflow/example_dags/example_short_circuit_operator.py
[2025-06-12T16:01:47.324+0300] {processor.py:925} INFO - DAG(s) 'example_short_circuit_operator' retrieved from /opt/anaconda3/envs/bc_pipeline/lib/python3.11/site-packages/airflow/example_dags/example_short_circuit_operator.py
[2025-06-12T16:01:47.356+0300] {logging_mixin.py:190} INFO - [2025-06-12T16:01:47.356+0300] {dag.py:3239} INFO - Sync 1 DAGs
[2025-06-12T16:01:47.389+0300] {logging_mixin.py:190} INFO - [2025-06-12T16:01:47.389+0300] {dag.py:4180} INFO - Setting next_dagrun for example_short_circuit_operator to None, run_after=None
[2025-06-12T16:01:47.397+0300] {processor.py:208} INFO - Processing /opt/anaconda3/envs/bc_pipeline/lib/python3.11/site-packages/airflow/example_dags/example_short_circuit_operator.py took 0.089 seconds
[2025-06-12T16:02:56.639+0300] {processor.py:186} INFO - Started process (PID=31871) to work on /opt/anaconda3/envs/bc_pipeline/lib/python3.11/site-packages/airflow/example_dags/example_short_circuit_operator.py
[2025-06-12T16:02:56.640+0300] {processor.py:914} INFO - Processing file /opt/anaconda3/envs/bc_pipeline/lib/python3.11/site-packages/airflow/example_dags/example_short_circuit_operator.py for tasks to queue
[2025-06-12T16:02:56.641+0300] {logging_mixin.py:190} INFO - [2025-06-12T16:02:56.641+0300] {dagbag.py:588} INFO - Filling up the DagBag from /opt/anaconda3/envs/bc_pipeline/lib/python3.11/site-packages/airflow/example_dags/example_short_circuit_operator.py
[2025-06-12T16:02:56.652+0300] {processor.py:925} INFO - DAG(s) 'example_short_circuit_operator' retrieved from /opt/anaconda3/envs/bc_pipeline/lib/python3.11/site-packages/airflow/example_dags/example_short_circuit_operator.py
[2025-06-12T16:02:56.687+0300] {logging_mixin.py:190} INFO - [2025-06-12T16:02:56.687+0300] {dag.py:3239} INFO - Sync 1 DAGs
[2025-06-12T16:02:56.720+0300] {logging_mixin.py:190} INFO - [2025-06-12T16:02:56.720+0300] {dag.py:4180} INFO - Setting next_dagrun for example_short_circuit_operator to None, run_after=None
[2025-06-12T16:02:56.727+0300] {processor.py:208} INFO - Processing /opt/anaconda3/envs/bc_pipeline/lib/python3.11/site-packages/airflow/example_dags/example_short_circuit_operator.py took 0.090 seconds
