[2025-06-12T15:38:22.928+0300] {processor.py:186} INFO - Started process (PID=10078) to work on /opt/anaconda3/envs/bc_pipeline/lib/python3.11/site-packages/airflow/example_dags/example_sensor_decorator.py
[2025-06-12T15:38:22.929+0300] {processor.py:914} INFO - Processing file /opt/anaconda3/envs/bc_pipeline/lib/python3.11/site-packages/airflow/example_dags/example_sensor_decorator.py for tasks to queue
[2025-06-12T15:38:22.929+0300] {logging_mixin.py:190} INFO - [2025-06-12T15:38:22.929+0300] {dagbag.py:588} INFO - Filling up the DagBag from /opt/anaconda3/envs/bc_pipeline/lib/python3.11/site-packages/airflow/example_dags/example_sensor_decorator.py
[2025-06-12T15:38:22.945+0300] {processor.py:925} INFO - DAG(s) 'example_sensor_decorator' retrieved from /opt/anaconda3/envs/bc_pipeline/lib/python3.11/site-packages/airflow/example_dags/example_sensor_decorator.py
[2025-06-12T15:38:22.974+0300] {logging_mixin.py:190} INFO - [2025-06-12T15:38:22.974+0300] {workday.py:41} WARNING - Could not import pandas. Holidays will not be considered.
[2025-06-12T15:38:23.042+0300] {logging_mixin.py:190} INFO - [2025-06-12T15:38:23.042+0300] {override.py:1900} INFO - Created Permission View: can read on DAG:example_sensor_decorator
[2025-06-12T15:38:23.045+0300] {logging_mixin.py:190} INFO - [2025-06-12T15:38:23.045+0300] {override.py:1900} INFO - Created Permission View: can delete on DAG:example_sensor_decorator
[2025-06-12T15:38:23.047+0300] {logging_mixin.py:190} INFO - [2025-06-12T15:38:23.047+0300] {override.py:1900} INFO - Created Permission View: can edit on DAG:example_sensor_decorator
[2025-06-12T15:38:23.050+0300] {logging_mixin.py:190} INFO - [2025-06-12T15:38:23.050+0300] {override.py:1900} INFO - Created Permission View: can read on DAG Run:example_sensor_decorator
[2025-06-12T15:38:23.052+0300] {logging_mixin.py:190} INFO - [2025-06-12T15:38:23.052+0300] {override.py:1900} INFO - Created Permission View: can delete on DAG Run:example_sensor_decorator
[2025-06-12T15:38:23.054+0300] {logging_mixin.py:190} INFO - [2025-06-12T15:38:23.054+0300] {override.py:1900} INFO - Created Permission View: menu access on DAG Run:example_sensor_decorator
[2025-06-12T15:38:23.057+0300] {logging_mixin.py:190} INFO - [2025-06-12T15:38:23.056+0300] {override.py:1900} INFO - Created Permission View: can create on DAG Run:example_sensor_decorator
[2025-06-12T15:38:23.057+0300] {logging_mixin.py:190} INFO - [2025-06-12T15:38:23.057+0300] {dag.py:3239} INFO - Sync 1 DAGs
[2025-06-12T15:38:23.061+0300] {logging_mixin.py:190} INFO - [2025-06-12T15:38:23.060+0300] {dag.py:3262} INFO - Creating ORM DAG for example_sensor_decorator
[2025-06-12T15:38:23.061+0300] {logging_mixin.py:190} INFO - [2025-06-12T15:38:23.061+0300] {dag.py:4180} INFO - Setting next_dagrun for example_sensor_decorator to None, run_after=None
[2025-06-12T15:38:23.067+0300] {processor.py:208} INFO - Processing /opt/anaconda3/envs/bc_pipeline/lib/python3.11/site-packages/airflow/example_dags/example_sensor_decorator.py took 0.140 seconds
[2025-06-12T15:58:44.603+0300] {processor.py:186} INFO - Started process (PID=28946) to work on /opt/anaconda3/envs/bc_pipeline/lib/python3.11/site-packages/airflow/example_dags/example_sensor_decorator.py
[2025-06-12T15:58:44.604+0300] {processor.py:914} INFO - Processing file /opt/anaconda3/envs/bc_pipeline/lib/python3.11/site-packages/airflow/example_dags/example_sensor_decorator.py for tasks to queue
[2025-06-12T15:58:44.604+0300] {logging_mixin.py:190} INFO - [2025-06-12T15:58:44.604+0300] {dagbag.py:588} INFO - Filling up the DagBag from /opt/anaconda3/envs/bc_pipeline/lib/python3.11/site-packages/airflow/example_dags/example_sensor_decorator.py
[2025-06-12T15:58:44.619+0300] {processor.py:925} INFO - DAG(s) 'example_sensor_decorator' retrieved from /opt/anaconda3/envs/bc_pipeline/lib/python3.11/site-packages/airflow/example_dags/example_sensor_decorator.py
[2025-06-12T15:58:44.894+0300] {logging_mixin.py:190} INFO - [2025-06-12T15:58:44.894+0300] {dag.py:3239} INFO - Sync 1 DAGs
[2025-06-12T15:58:44.898+0300] {logging_mixin.py:190} INFO - [2025-06-12T15:58:44.898+0300] {dag.py:4180} INFO - Setting next_dagrun for example_sensor_decorator to None, run_after=None
[2025-06-12T15:58:44.905+0300] {processor.py:208} INFO - Processing /opt/anaconda3/envs/bc_pipeline/lib/python3.11/site-packages/airflow/example_dags/example_sensor_decorator.py took 0.304 seconds
[2025-06-12T16:00:25.248+0300] {processor.py:186} INFO - Started process (PID=30163) to work on /opt/anaconda3/envs/bc_pipeline/lib/python3.11/site-packages/airflow/example_dags/example_sensor_decorator.py
[2025-06-12T16:00:25.249+0300] {processor.py:914} INFO - Processing file /opt/anaconda3/envs/bc_pipeline/lib/python3.11/site-packages/airflow/example_dags/example_sensor_decorator.py for tasks to queue
[2025-06-12T16:00:25.249+0300] {logging_mixin.py:190} INFO - [2025-06-12T16:00:25.249+0300] {dagbag.py:588} INFO - Filling up the DagBag from /opt/anaconda3/envs/bc_pipeline/lib/python3.11/site-packages/airflow/example_dags/example_sensor_decorator.py
[2025-06-12T16:00:25.266+0300] {processor.py:925} INFO - DAG(s) 'example_sensor_decorator' retrieved from /opt/anaconda3/envs/bc_pipeline/lib/python3.11/site-packages/airflow/example_dags/example_sensor_decorator.py
[2025-06-12T16:00:25.558+0300] {logging_mixin.py:190} INFO - [2025-06-12T16:00:25.558+0300] {dag.py:3239} INFO - Sync 1 DAGs
[2025-06-12T16:00:25.562+0300] {logging_mixin.py:190} INFO - [2025-06-12T16:00:25.562+0300] {dag.py:4180} INFO - Setting next_dagrun for example_sensor_decorator to None, run_after=None
[2025-06-12T16:00:25.569+0300] {processor.py:208} INFO - Processing /opt/anaconda3/envs/bc_pipeline/lib/python3.11/site-packages/airflow/example_dags/example_sensor_decorator.py took 0.322 seconds
