[2025-06-12T15:37:59.308+0300] {processor.py:186} INFO - Started process (PID=9798) to work on /opt/anaconda3/envs/bc_pipeline/lib/python3.11/site-packages/airflow/example_dags/example_trigger_target_dag.py
[2025-06-12T15:37:59.308+0300] {processor.py:914} INFO - Processing file /opt/anaconda3/envs/bc_pipeline/lib/python3.11/site-packages/airflow/example_dags/example_trigger_target_dag.py for tasks to queue
[2025-06-12T15:37:59.309+0300] {logging_mixin.py:190} INFO - [2025-06-12T15:37:59.309+0300] {dagbag.py:588} INFO - Filling up the DagBag from /opt/anaconda3/envs/bc_pipeline/lib/python3.11/site-packages/airflow/example_dags/example_trigger_target_dag.py
[2025-06-12T15:37:59.325+0300] {processor.py:925} INFO - DAG(s) 'example_trigger_target_dag' retrieved from /opt/anaconda3/envs/bc_pipeline/lib/python3.11/site-packages/airflow/example_dags/example_trigger_target_dag.py
[2025-06-12T15:37:59.411+0300] {logging_mixin.py:190} INFO - [2025-06-12T15:37:59.411+0300] {override.py:1900} INFO - Created Permission View: can read on DAG:example_trigger_target_dag
[2025-06-12T15:37:59.414+0300] {logging_mixin.py:190} INFO - [2025-06-12T15:37:59.414+0300] {override.py:1900} INFO - Created Permission View: can delete on DAG:example_trigger_target_dag
[2025-06-12T15:37:59.416+0300] {logging_mixin.py:190} INFO - [2025-06-12T15:37:59.416+0300] {override.py:1900} INFO - Created Permission View: can edit on DAG:example_trigger_target_dag
[2025-06-12T15:37:59.419+0300] {logging_mixin.py:190} INFO - [2025-06-12T15:37:59.419+0300] {override.py:1900} INFO - Created Permission View: can read on DAG Run:example_trigger_target_dag
[2025-06-12T15:37:59.421+0300] {logging_mixin.py:190} INFO - [2025-06-12T15:37:59.420+0300] {override.py:1900} INFO - Created Permission View: can delete on DAG Run:example_trigger_target_dag
[2025-06-12T15:37:59.422+0300] {logging_mixin.py:190} INFO - [2025-06-12T15:37:59.422+0300] {override.py:1900} INFO - Created Permission View: can create on DAG Run:example_trigger_target_dag
[2025-06-12T15:37:59.424+0300] {logging_mixin.py:190} INFO - [2025-06-12T15:37:59.424+0300] {override.py:1900} INFO - Created Permission View: menu access on DAG Run:example_trigger_target_dag
[2025-06-12T15:37:59.424+0300] {logging_mixin.py:190} INFO - [2025-06-12T15:37:59.424+0300] {dag.py:3239} INFO - Sync 1 DAGs
[2025-06-12T15:37:59.428+0300] {logging_mixin.py:190} INFO - [2025-06-12T15:37:59.428+0300] {dag.py:3262} INFO - Creating ORM DAG for example_trigger_target_dag
[2025-06-12T15:37:59.428+0300] {logging_mixin.py:190} INFO - [2025-06-12T15:37:59.428+0300] {dag.py:4180} INFO - Setting next_dagrun for example_trigger_target_dag to None, run_after=None
[2025-06-12T15:37:59.433+0300] {processor.py:208} INFO - Processing /opt/anaconda3/envs/bc_pipeline/lib/python3.11/site-packages/airflow/example_dags/example_trigger_target_dag.py took 0.127 seconds
[2025-06-12T15:56:43.043+0300] {processor.py:186} INFO - Started process (PID=26126) to work on /opt/anaconda3/envs/bc_pipeline/lib/python3.11/site-packages/airflow/example_dags/example_trigger_target_dag.py
[2025-06-12T15:56:43.044+0300] {processor.py:914} INFO - Processing file /opt/anaconda3/envs/bc_pipeline/lib/python3.11/site-packages/airflow/example_dags/example_trigger_target_dag.py for tasks to queue
[2025-06-12T15:56:43.044+0300] {logging_mixin.py:190} INFO - [2025-06-12T15:56:43.044+0300] {dagbag.py:588} INFO - Filling up the DagBag from /opt/anaconda3/envs/bc_pipeline/lib/python3.11/site-packages/airflow/example_dags/example_trigger_target_dag.py
[2025-06-12T15:56:43.060+0300] {processor.py:925} INFO - DAG(s) 'example_trigger_target_dag' retrieved from /opt/anaconda3/envs/bc_pipeline/lib/python3.11/site-packages/airflow/example_dags/example_trigger_target_dag.py
[2025-06-12T15:56:43.091+0300] {logging_mixin.py:190} INFO - [2025-06-12T15:56:43.091+0300] {dag.py:3239} INFO - Sync 1 DAGs
[2025-06-12T15:56:43.121+0300] {logging_mixin.py:190} INFO - [2025-06-12T15:56:43.121+0300] {dag.py:4180} INFO - Setting next_dagrun for example_trigger_target_dag to None, run_after=None
[2025-06-12T15:56:43.128+0300] {processor.py:208} INFO - Processing /opt/anaconda3/envs/bc_pipeline/lib/python3.11/site-packages/airflow/example_dags/example_trigger_target_dag.py took 0.086 seconds
[2025-06-12T15:58:21.628+0300] {processor.py:186} INFO - Started process (PID=28697) to work on /opt/anaconda3/envs/bc_pipeline/lib/python3.11/site-packages/airflow/example_dags/example_trigger_target_dag.py
[2025-06-12T15:58:21.629+0300] {processor.py:914} INFO - Processing file /opt/anaconda3/envs/bc_pipeline/lib/python3.11/site-packages/airflow/example_dags/example_trigger_target_dag.py for tasks to queue
[2025-06-12T15:58:21.630+0300] {logging_mixin.py:190} INFO - [2025-06-12T15:58:21.629+0300] {dagbag.py:588} INFO - Filling up the DagBag from /opt/anaconda3/envs/bc_pipeline/lib/python3.11/site-packages/airflow/example_dags/example_trigger_target_dag.py
[2025-06-12T15:58:21.646+0300] {processor.py:925} INFO - DAG(s) 'example_trigger_target_dag' retrieved from /opt/anaconda3/envs/bc_pipeline/lib/python3.11/site-packages/airflow/example_dags/example_trigger_target_dag.py
[2025-06-12T15:58:21.678+0300] {logging_mixin.py:190} INFO - [2025-06-12T15:58:21.678+0300] {dag.py:3239} INFO - Sync 1 DAGs
[2025-06-12T15:58:21.709+0300] {logging_mixin.py:190} INFO - [2025-06-12T15:58:21.709+0300] {dag.py:4180} INFO - Setting next_dagrun for example_trigger_target_dag to None, run_after=None
[2025-06-12T15:58:21.717+0300] {processor.py:208} INFO - Processing /opt/anaconda3/envs/bc_pipeline/lib/python3.11/site-packages/airflow/example_dags/example_trigger_target_dag.py took 0.090 seconds
[2025-06-12T16:00:02.740+0300] {processor.py:186} INFO - Started process (PID=29917) to work on /opt/anaconda3/envs/bc_pipeline/lib/python3.11/site-packages/airflow/example_dags/example_trigger_target_dag.py
[2025-06-12T16:00:02.741+0300] {processor.py:914} INFO - Processing file /opt/anaconda3/envs/bc_pipeline/lib/python3.11/site-packages/airflow/example_dags/example_trigger_target_dag.py for tasks to queue
[2025-06-12T16:00:02.742+0300] {logging_mixin.py:190} INFO - [2025-06-12T16:00:02.742+0300] {dagbag.py:588} INFO - Filling up the DagBag from /opt/anaconda3/envs/bc_pipeline/lib/python3.11/site-packages/airflow/example_dags/example_trigger_target_dag.py
[2025-06-12T16:00:02.758+0300] {processor.py:925} INFO - DAG(s) 'example_trigger_target_dag' retrieved from /opt/anaconda3/envs/bc_pipeline/lib/python3.11/site-packages/airflow/example_dags/example_trigger_target_dag.py
[2025-06-12T16:00:02.790+0300] {logging_mixin.py:190} INFO - [2025-06-12T16:00:02.790+0300] {dag.py:3239} INFO - Sync 1 DAGs
[2025-06-12T16:00:02.823+0300] {logging_mixin.py:190} INFO - [2025-06-12T16:00:02.823+0300] {dag.py:4180} INFO - Setting next_dagrun for example_trigger_target_dag to None, run_after=None
[2025-06-12T16:00:02.830+0300] {processor.py:208} INFO - Processing /opt/anaconda3/envs/bc_pipeline/lib/python3.11/site-packages/airflow/example_dags/example_trigger_target_dag.py took 0.091 seconds
[2025-06-12T16:01:32.763+0300] {processor.py:186} INFO - Started process (PID=30957) to work on /opt/anaconda3/envs/bc_pipeline/lib/python3.11/site-packages/airflow/example_dags/example_trigger_target_dag.py
[2025-06-12T16:01:32.764+0300] {processor.py:914} INFO - Processing file /opt/anaconda3/envs/bc_pipeline/lib/python3.11/site-packages/airflow/example_dags/example_trigger_target_dag.py for tasks to queue
[2025-06-12T16:01:32.764+0300] {logging_mixin.py:190} INFO - [2025-06-12T16:01:32.764+0300] {dagbag.py:588} INFO - Filling up the DagBag from /opt/anaconda3/envs/bc_pipeline/lib/python3.11/site-packages/airflow/example_dags/example_trigger_target_dag.py
[2025-06-12T16:01:32.780+0300] {processor.py:925} INFO - DAG(s) 'example_trigger_target_dag' retrieved from /opt/anaconda3/envs/bc_pipeline/lib/python3.11/site-packages/airflow/example_dags/example_trigger_target_dag.py
[2025-06-12T16:01:32.814+0300] {logging_mixin.py:190} INFO - [2025-06-12T16:01:32.814+0300] {dag.py:3239} INFO - Sync 1 DAGs
[2025-06-12T16:01:32.851+0300] {logging_mixin.py:190} INFO - [2025-06-12T16:01:32.850+0300] {dag.py:4180} INFO - Setting next_dagrun for example_trigger_target_dag to None, run_after=None
[2025-06-12T16:01:32.858+0300] {processor.py:208} INFO - Processing /opt/anaconda3/envs/bc_pipeline/lib/python3.11/site-packages/airflow/example_dags/example_trigger_target_dag.py took 0.097 seconds
[2025-06-12T16:02:42.666+0300] {processor.py:186} INFO - Started process (PID=31734) to work on /opt/anaconda3/envs/bc_pipeline/lib/python3.11/site-packages/airflow/example_dags/example_trigger_target_dag.py
[2025-06-12T16:02:42.666+0300] {processor.py:914} INFO - Processing file /opt/anaconda3/envs/bc_pipeline/lib/python3.11/site-packages/airflow/example_dags/example_trigger_target_dag.py for tasks to queue
[2025-06-12T16:02:42.667+0300] {logging_mixin.py:190} INFO - [2025-06-12T16:02:42.667+0300] {dagbag.py:588} INFO - Filling up the DagBag from /opt/anaconda3/envs/bc_pipeline/lib/python3.11/site-packages/airflow/example_dags/example_trigger_target_dag.py
[2025-06-12T16:02:42.682+0300] {processor.py:925} INFO - DAG(s) 'example_trigger_target_dag' retrieved from /opt/anaconda3/envs/bc_pipeline/lib/python3.11/site-packages/airflow/example_dags/example_trigger_target_dag.py
[2025-06-12T16:02:42.713+0300] {logging_mixin.py:190} INFO - [2025-06-12T16:02:42.713+0300] {dag.py:3239} INFO - Sync 1 DAGs
[2025-06-12T16:02:42.747+0300] {logging_mixin.py:190} INFO - [2025-06-12T16:02:42.747+0300] {dag.py:4180} INFO - Setting next_dagrun for example_trigger_target_dag to None, run_after=None
[2025-06-12T16:02:42.755+0300] {processor.py:208} INFO - Processing /opt/anaconda3/envs/bc_pipeline/lib/python3.11/site-packages/airflow/example_dags/example_trigger_target_dag.py took 0.091 seconds
