[2025-06-12T15:39:03.342+0300] {processor.py:186} INFO - Started process (PID=10500) to work on /opt/anaconda3/envs/bc_pipeline/lib/python3.11/site-packages/airflow/example_dags/example_branch_python_dop_operator_3.py
[2025-06-12T15:39:03.342+0300] {processor.py:914} INFO - Processing file /opt/anaconda3/envs/bc_pipeline/lib/python3.11/site-packages/airflow/example_dags/example_branch_python_dop_operator_3.py for tasks to queue
[2025-06-12T15:39:03.343+0300] {logging_mixin.py:190} INFO - [2025-06-12T15:39:03.343+0300] {dagbag.py:588} INFO - Filling up the DagBag from /opt/anaconda3/envs/bc_pipeline/lib/python3.11/site-packages/airflow/example_dags/example_branch_python_dop_operator_3.py
[2025-06-12T15:39:03.359+0300] {processor.py:925} INFO - DAG(s) 'example_branch_dop_operator_v3' retrieved from /opt/anaconda3/envs/bc_pipeline/lib/python3.11/site-packages/airflow/example_dags/example_branch_python_dop_operator_3.py
[2025-06-12T15:39:03.443+0300] {logging_mixin.py:190} INFO - [2025-06-12T15:39:03.443+0300] {override.py:1900} INFO - Created Permission View: can delete on DAG:example_branch_dop_operator_v3
[2025-06-12T15:39:03.446+0300] {logging_mixin.py:190} INFO - [2025-06-12T15:39:03.446+0300] {override.py:1900} INFO - Created Permission View: can edit on DAG:example_branch_dop_operator_v3
[2025-06-12T15:39:03.448+0300] {logging_mixin.py:190} INFO - [2025-06-12T15:39:03.448+0300] {override.py:1900} INFO - Created Permission View: can read on DAG:example_branch_dop_operator_v3
[2025-06-12T15:39:03.451+0300] {logging_mixin.py:190} INFO - [2025-06-12T15:39:03.451+0300] {override.py:1900} INFO - Created Permission View: menu access on DAG Run:example_branch_dop_operator_v3
[2025-06-12T15:39:03.453+0300] {logging_mixin.py:190} INFO - [2025-06-12T15:39:03.453+0300] {override.py:1900} INFO - Created Permission View: can create on DAG Run:example_branch_dop_operator_v3
[2025-06-12T15:39:03.455+0300] {logging_mixin.py:190} INFO - [2025-06-12T15:39:03.455+0300] {override.py:1900} INFO - Created Permission View: can delete on DAG Run:example_branch_dop_operator_v3
[2025-06-12T15:39:03.457+0300] {logging_mixin.py:190} INFO - [2025-06-12T15:39:03.457+0300] {override.py:1900} INFO - Created Permission View: can read on DAG Run:example_branch_dop_operator_v3
[2025-06-12T15:39:03.457+0300] {logging_mixin.py:190} INFO - [2025-06-12T15:39:03.457+0300] {dag.py:3239} INFO - Sync 1 DAGs
[2025-06-12T15:39:03.460+0300] {logging_mixin.py:190} INFO - [2025-06-12T15:39:03.460+0300] {dag.py:3262} INFO - Creating ORM DAG for example_branch_dop_operator_v3
[2025-06-12T15:39:03.465+0300] {logging_mixin.py:190} INFO - [2025-06-12T15:39:03.464+0300] {dag.py:4180} INFO - Setting next_dagrun for example_branch_dop_operator_v3 to 2025-06-12 12:38:00+00:00, run_after=2025-06-12 12:39:00+00:00
[2025-06-12T15:39:03.470+0300] {processor.py:208} INFO - Processing /opt/anaconda3/envs/bc_pipeline/lib/python3.11/site-packages/airflow/example_dags/example_branch_python_dop_operator_3.py took 0.130 seconds
[2025-06-12T15:59:23.277+0300] {processor.py:186} INFO - Started process (PID=29485) to work on /opt/anaconda3/envs/bc_pipeline/lib/python3.11/site-packages/airflow/example_dags/example_branch_python_dop_operator_3.py
[2025-06-12T15:59:23.279+0300] {processor.py:914} INFO - Processing file /opt/anaconda3/envs/bc_pipeline/lib/python3.11/site-packages/airflow/example_dags/example_branch_python_dop_operator_3.py for tasks to queue
[2025-06-12T15:59:23.279+0300] {logging_mixin.py:190} INFO - [2025-06-12T15:59:23.279+0300] {dagbag.py:588} INFO - Filling up the DagBag from /opt/anaconda3/envs/bc_pipeline/lib/python3.11/site-packages/airflow/example_dags/example_branch_python_dop_operator_3.py
[2025-06-12T15:59:23.295+0300] {processor.py:925} INFO - DAG(s) 'example_branch_dop_operator_v3' retrieved from /opt/anaconda3/envs/bc_pipeline/lib/python3.11/site-packages/airflow/example_dags/example_branch_python_dop_operator_3.py
[2025-06-12T15:59:23.326+0300] {logging_mixin.py:190} INFO - [2025-06-12T15:59:23.326+0300] {dag.py:3239} INFO - Sync 1 DAGs
[2025-06-12T15:59:23.360+0300] {logging_mixin.py:190} INFO - [2025-06-12T15:59:23.360+0300] {dag.py:4180} INFO - Setting next_dagrun for example_branch_dop_operator_v3 to 2025-06-12 12:58:00+00:00, run_after=2025-06-12 12:59:00+00:00
[2025-06-12T15:59:23.367+0300] {processor.py:208} INFO - Processing /opt/anaconda3/envs/bc_pipeline/lib/python3.11/site-packages/airflow/example_dags/example_branch_python_dop_operator_3.py took 0.091 seconds
[2025-06-12T16:02:05.342+0300] {processor.py:186} INFO - Started process (PID=31305) to work on /opt/anaconda3/envs/bc_pipeline/lib/python3.11/site-packages/airflow/example_dags/example_branch_python_dop_operator_3.py
[2025-06-12T16:02:05.343+0300] {processor.py:914} INFO - Processing file /opt/anaconda3/envs/bc_pipeline/lib/python3.11/site-packages/airflow/example_dags/example_branch_python_dop_operator_3.py for tasks to queue
[2025-06-12T16:02:05.344+0300] {logging_mixin.py:190} INFO - [2025-06-12T16:02:05.344+0300] {dagbag.py:588} INFO - Filling up the DagBag from /opt/anaconda3/envs/bc_pipeline/lib/python3.11/site-packages/airflow/example_dags/example_branch_python_dop_operator_3.py
[2025-06-12T16:02:05.360+0300] {processor.py:925} INFO - DAG(s) 'example_branch_dop_operator_v3' retrieved from /opt/anaconda3/envs/bc_pipeline/lib/python3.11/site-packages/airflow/example_dags/example_branch_python_dop_operator_3.py
[2025-06-12T16:02:05.391+0300] {logging_mixin.py:190} INFO - [2025-06-12T16:02:05.391+0300] {dag.py:3239} INFO - Sync 1 DAGs
[2025-06-12T16:02:05.426+0300] {logging_mixin.py:190} INFO - [2025-06-12T16:02:05.426+0300] {dag.py:4180} INFO - Setting next_dagrun for example_branch_dop_operator_v3 to 2025-06-12 13:01:00+00:00, run_after=2025-06-12 13:02:00+00:00
[2025-06-12T16:02:05.433+0300] {processor.py:208} INFO - Processing /opt/anaconda3/envs/bc_pipeline/lib/python3.11/site-packages/airflow/example_dags/example_branch_python_dop_operator_3.py took 0.092 seconds
