[2025-06-12T15:38:10.132+0300] {processor.py:186} INFO - Started process (PID=9938) to work on /opt/anaconda3/envs/bc_pipeline/lib/python3.11/site-packages/airflow/example_dags/example_sla_dag.py
[2025-06-12T15:38:10.133+0300] {processor.py:914} INFO - Processing file /opt/anaconda3/envs/bc_pipeline/lib/python3.11/site-packages/airflow/example_dags/example_sla_dag.py for tasks to queue
[2025-06-12T15:38:10.133+0300] {logging_mixin.py:190} INFO - [2025-06-12T15:38:10.133+0300] {dagbag.py:588} INFO - Filling up the DagBag from /opt/anaconda3/envs/bc_pipeline/lib/python3.11/site-packages/airflow/example_dags/example_sla_dag.py
[2025-06-12T15:38:10.150+0300] {processor.py:925} INFO - DAG(s) 'example_sla_dag' retrieved from /opt/anaconda3/envs/bc_pipeline/lib/python3.11/site-packages/airflow/example_dags/example_sla_dag.py
[2025-06-12T15:38:10.236+0300] {logging_mixin.py:190} INFO - [2025-06-12T15:38:10.236+0300] {override.py:1900} INFO - Created Permission View: can edit on DAG:example_sla_dag
[2025-06-12T15:38:10.239+0300] {logging_mixin.py:190} INFO - [2025-06-12T15:38:10.239+0300] {override.py:1900} INFO - Created Permission View: can delete on DAG:example_sla_dag
[2025-06-12T15:38:10.241+0300] {logging_mixin.py:190} INFO - [2025-06-12T15:38:10.241+0300] {override.py:1900} INFO - Created Permission View: can read on DAG:example_sla_dag
[2025-06-12T15:38:10.244+0300] {logging_mixin.py:190} INFO - [2025-06-12T15:38:10.244+0300] {override.py:1900} INFO - Created Permission View: menu access on DAG Run:example_sla_dag
[2025-06-12T15:38:10.246+0300] {logging_mixin.py:190} INFO - [2025-06-12T15:38:10.246+0300] {override.py:1900} INFO - Created Permission View: can delete on DAG Run:example_sla_dag
[2025-06-12T15:38:10.247+0300] {logging_mixin.py:190} INFO - [2025-06-12T15:38:10.247+0300] {override.py:1900} INFO - Created Permission View: can read on DAG Run:example_sla_dag
[2025-06-12T15:38:10.249+0300] {logging_mixin.py:190} INFO - [2025-06-12T15:38:10.249+0300] {override.py:1900} INFO - Created Permission View: can create on DAG Run:example_sla_dag
[2025-06-12T15:38:10.249+0300] {logging_mixin.py:190} INFO - [2025-06-12T15:38:10.249+0300] {dag.py:3239} INFO - Sync 1 DAGs
[2025-06-12T15:38:10.253+0300] {logging_mixin.py:190} INFO - [2025-06-12T15:38:10.253+0300] {dag.py:3262} INFO - Creating ORM DAG for example_sla_dag
[2025-06-12T15:38:10.256+0300] {logging_mixin.py:190} INFO - [2025-06-12T15:38:10.256+0300] {dag.py:4180} INFO - Setting next_dagrun for example_sla_dag to 2025-06-12 12:36:00+00:00, run_after=2025-06-12 12:38:00+00:00
[2025-06-12T15:38:10.262+0300] {processor.py:208} INFO - Processing /opt/anaconda3/envs/bc_pipeline/lib/python3.11/site-packages/airflow/example_dags/example_sla_dag.py took 0.131 seconds
[2025-06-12T15:58:32.013+0300] {processor.py:186} INFO - Started process (PID=28809) to work on /opt/anaconda3/envs/bc_pipeline/lib/python3.11/site-packages/airflow/example_dags/example_sla_dag.py
[2025-06-12T15:58:32.013+0300] {processor.py:914} INFO - Processing file /opt/anaconda3/envs/bc_pipeline/lib/python3.11/site-packages/airflow/example_dags/example_sla_dag.py for tasks to queue
[2025-06-12T15:58:32.014+0300] {logging_mixin.py:190} INFO - [2025-06-12T15:58:32.014+0300] {dagbag.py:588} INFO - Filling up the DagBag from /opt/anaconda3/envs/bc_pipeline/lib/python3.11/site-packages/airflow/example_dags/example_sla_dag.py
[2025-06-12T15:58:32.031+0300] {processor.py:925} INFO - DAG(s) 'example_sla_dag' retrieved from /opt/anaconda3/envs/bc_pipeline/lib/python3.11/site-packages/airflow/example_dags/example_sla_dag.py
[2025-06-12T15:58:32.064+0300] {logging_mixin.py:190} INFO - [2025-06-12T15:58:32.064+0300] {dag.py:3239} INFO - Sync 1 DAGs
[2025-06-12T15:58:32.101+0300] {logging_mixin.py:190} INFO - [2025-06-12T15:58:32.101+0300] {dag.py:4180} INFO - Setting next_dagrun for example_sla_dag to 2025-06-12 12:56:00+00:00, run_after=2025-06-12 12:58:00+00:00
[2025-06-12T15:58:32.108+0300] {processor.py:208} INFO - Processing /opt/anaconda3/envs/bc_pipeline/lib/python3.11/site-packages/airflow/example_dags/example_sla_dag.py took 0.097 seconds
[2025-06-12T16:00:13.700+0300] {processor.py:186} INFO - Started process (PID=30028) to work on /opt/anaconda3/envs/bc_pipeline/lib/python3.11/site-packages/airflow/example_dags/example_sla_dag.py
[2025-06-12T16:00:13.701+0300] {processor.py:914} INFO - Processing file /opt/anaconda3/envs/bc_pipeline/lib/python3.11/site-packages/airflow/example_dags/example_sla_dag.py for tasks to queue
[2025-06-12T16:00:13.702+0300] {logging_mixin.py:190} INFO - [2025-06-12T16:00:13.701+0300] {dagbag.py:588} INFO - Filling up the DagBag from /opt/anaconda3/envs/bc_pipeline/lib/python3.11/site-packages/airflow/example_dags/example_sla_dag.py
[2025-06-12T16:00:13.717+0300] {processor.py:925} INFO - DAG(s) 'example_sla_dag' retrieved from /opt/anaconda3/envs/bc_pipeline/lib/python3.11/site-packages/airflow/example_dags/example_sla_dag.py
[2025-06-12T16:00:13.748+0300] {logging_mixin.py:190} INFO - [2025-06-12T16:00:13.748+0300] {dag.py:3239} INFO - Sync 1 DAGs
[2025-06-12T16:00:13.785+0300] {logging_mixin.py:190} INFO - [2025-06-12T16:00:13.785+0300] {dag.py:4180} INFO - Setting next_dagrun for example_sla_dag to 2025-06-12 12:58:00+00:00, run_after=2025-06-12 13:00:00+00:00
[2025-06-12T16:00:13.792+0300] {processor.py:208} INFO - Processing /opt/anaconda3/envs/bc_pipeline/lib/python3.11/site-packages/airflow/example_dags/example_sla_dag.py took 0.093 seconds
[2025-06-12T16:01:43.666+0300] {processor.py:186} INFO - Started process (PID=31077) to work on /opt/anaconda3/envs/bc_pipeline/lib/python3.11/site-packages/airflow/example_dags/example_sla_dag.py
[2025-06-12T16:01:43.667+0300] {processor.py:914} INFO - Processing file /opt/anaconda3/envs/bc_pipeline/lib/python3.11/site-packages/airflow/example_dags/example_sla_dag.py for tasks to queue
[2025-06-12T16:01:43.668+0300] {logging_mixin.py:190} INFO - [2025-06-12T16:01:43.668+0300] {dagbag.py:588} INFO - Filling up the DagBag from /opt/anaconda3/envs/bc_pipeline/lib/python3.11/site-packages/airflow/example_dags/example_sla_dag.py
[2025-06-12T16:01:43.684+0300] {processor.py:925} INFO - DAG(s) 'example_sla_dag' retrieved from /opt/anaconda3/envs/bc_pipeline/lib/python3.11/site-packages/airflow/example_dags/example_sla_dag.py
[2025-06-12T16:01:43.717+0300] {logging_mixin.py:190} INFO - [2025-06-12T16:01:43.717+0300] {dag.py:3239} INFO - Sync 1 DAGs
[2025-06-12T16:01:43.754+0300] {logging_mixin.py:190} INFO - [2025-06-12T16:01:43.754+0300] {dag.py:4180} INFO - Setting next_dagrun for example_sla_dag to 2025-06-12 12:58:00+00:00, run_after=2025-06-12 13:00:00+00:00
[2025-06-12T16:01:43.761+0300] {processor.py:208} INFO - Processing /opt/anaconda3/envs/bc_pipeline/lib/python3.11/site-packages/airflow/example_dags/example_sla_dag.py took 0.096 seconds
[2025-06-12T16:02:53.936+0300] {processor.py:186} INFO - Started process (PID=31848) to work on /opt/anaconda3/envs/bc_pipeline/lib/python3.11/site-packages/airflow/example_dags/example_sla_dag.py
[2025-06-12T16:02:53.937+0300] {processor.py:914} INFO - Processing file /opt/anaconda3/envs/bc_pipeline/lib/python3.11/site-packages/airflow/example_dags/example_sla_dag.py for tasks to queue
[2025-06-12T16:02:53.937+0300] {logging_mixin.py:190} INFO - [2025-06-12T16:02:53.937+0300] {dagbag.py:588} INFO - Filling up the DagBag from /opt/anaconda3/envs/bc_pipeline/lib/python3.11/site-packages/airflow/example_dags/example_sla_dag.py
[2025-06-12T16:02:53.954+0300] {processor.py:925} INFO - DAG(s) 'example_sla_dag' retrieved from /opt/anaconda3/envs/bc_pipeline/lib/python3.11/site-packages/airflow/example_dags/example_sla_dag.py
[2025-06-12T16:02:53.986+0300] {logging_mixin.py:190} INFO - [2025-06-12T16:02:53.986+0300] {dag.py:3239} INFO - Sync 1 DAGs
[2025-06-12T16:02:54.021+0300] {logging_mixin.py:190} INFO - [2025-06-12T16:02:54.021+0300] {dag.py:4180} INFO - Setting next_dagrun for example_sla_dag to 2025-06-12 13:00:00+00:00, run_after=2025-06-12 13:02:00+00:00
[2025-06-12T16:02:54.027+0300] {processor.py:208} INFO - Processing /opt/anaconda3/envs/bc_pipeline/lib/python3.11/site-packages/airflow/example_dags/example_sla_dag.py took 0.093 seconds
