[2025-06-12T15:38:30.117+0300] {processor.py:186} INFO - Started process (PID=10146) to work on /opt/anaconda3/envs/bc_pipeline/lib/python3.11/site-packages/airflow/example_dags/example_params_ui_tutorial.py
[2025-06-12T15:38:30.118+0300] {processor.py:914} INFO - Processing file /opt/anaconda3/envs/bc_pipeline/lib/python3.11/site-packages/airflow/example_dags/example_params_ui_tutorial.py for tasks to queue
[2025-06-12T15:38:30.118+0300] {logging_mixin.py:190} INFO - [2025-06-12T15:38:30.118+0300] {dagbag.py:588} INFO - Filling up the DagBag from /opt/anaconda3/envs/bc_pipeline/lib/python3.11/site-packages/airflow/example_dags/example_params_ui_tutorial.py
[2025-06-12T15:38:30.134+0300] {processor.py:925} INFO - DAG(s) 'example_params_ui_tutorial' retrieved from /opt/anaconda3/envs/bc_pipeline/lib/python3.11/site-packages/airflow/example_dags/example_params_ui_tutorial.py
[2025-06-12T15:38:30.228+0300] {logging_mixin.py:190} INFO - [2025-06-12T15:38:30.228+0300] {override.py:1900} INFO - Created Permission View: can edit on DAG:example_params_ui_tutorial
[2025-06-12T15:38:30.231+0300] {logging_mixin.py:190} INFO - [2025-06-12T15:38:30.231+0300] {override.py:1900} INFO - Created Permission View: can delete on DAG:example_params_ui_tutorial
[2025-06-12T15:38:30.233+0300] {logging_mixin.py:190} INFO - [2025-06-12T15:38:30.233+0300] {override.py:1900} INFO - Created Permission View: can read on DAG:example_params_ui_tutorial
[2025-06-12T15:38:30.236+0300] {logging_mixin.py:190} INFO - [2025-06-12T15:38:30.236+0300] {override.py:1900} INFO - Created Permission View: can create on DAG Run:example_params_ui_tutorial
[2025-06-12T15:38:30.238+0300] {logging_mixin.py:190} INFO - [2025-06-12T15:38:30.238+0300] {override.py:1900} INFO - Created Permission View: menu access on DAG Run:example_params_ui_tutorial
[2025-06-12T15:38:30.240+0300] {logging_mixin.py:190} INFO - [2025-06-12T15:38:30.240+0300] {override.py:1900} INFO - Created Permission View: can delete on DAG Run:example_params_ui_tutorial
[2025-06-12T15:38:30.241+0300] {logging_mixin.py:190} INFO - [2025-06-12T15:38:30.241+0300] {override.py:1900} INFO - Created Permission View: can read on DAG Run:example_params_ui_tutorial
[2025-06-12T15:38:30.241+0300] {logging_mixin.py:190} INFO - [2025-06-12T15:38:30.241+0300] {dag.py:3239} INFO - Sync 1 DAGs
[2025-06-12T15:38:30.245+0300] {logging_mixin.py:190} INFO - [2025-06-12T15:38:30.245+0300] {dag.py:3262} INFO - Creating ORM DAG for example_params_ui_tutorial
[2025-06-12T15:38:30.245+0300] {logging_mixin.py:190} INFO - [2025-06-12T15:38:30.245+0300] {dag.py:4180} INFO - Setting next_dagrun for example_params_ui_tutorial to None, run_after=None
[2025-06-12T15:38:30.251+0300] {processor.py:208} INFO - Processing /opt/anaconda3/envs/bc_pipeline/lib/python3.11/site-packages/airflow/example_dags/example_params_ui_tutorial.py took 0.135 seconds
[2025-06-12T15:58:50.692+0300] {processor.py:186} INFO - Started process (PID=29015) to work on /opt/anaconda3/envs/bc_pipeline/lib/python3.11/site-packages/airflow/example_dags/example_params_ui_tutorial.py
[2025-06-12T15:58:50.693+0300] {processor.py:914} INFO - Processing file /opt/anaconda3/envs/bc_pipeline/lib/python3.11/site-packages/airflow/example_dags/example_params_ui_tutorial.py for tasks to queue
[2025-06-12T15:58:50.693+0300] {logging_mixin.py:190} INFO - [2025-06-12T15:58:50.693+0300] {dagbag.py:588} INFO - Filling up the DagBag from /opt/anaconda3/envs/bc_pipeline/lib/python3.11/site-packages/airflow/example_dags/example_params_ui_tutorial.py
[2025-06-12T15:58:50.709+0300] {processor.py:925} INFO - DAG(s) 'example_params_ui_tutorial' retrieved from /opt/anaconda3/envs/bc_pipeline/lib/python3.11/site-packages/airflow/example_dags/example_params_ui_tutorial.py
[2025-06-12T15:58:50.750+0300] {logging_mixin.py:190} INFO - [2025-06-12T15:58:50.750+0300] {dag.py:3239} INFO - Sync 1 DAGs
[2025-06-12T15:58:50.785+0300] {logging_mixin.py:190} INFO - [2025-06-12T15:58:50.785+0300] {dag.py:4180} INFO - Setting next_dagrun for example_params_ui_tutorial to None, run_after=None
[2025-06-12T15:58:50.793+0300] {processor.py:208} INFO - Processing /opt/anaconda3/envs/bc_pipeline/lib/python3.11/site-packages/airflow/example_dags/example_params_ui_tutorial.py took 0.102 seconds
[2025-06-12T16:00:32.610+0300] {processor.py:186} INFO - Started process (PID=30235) to work on /opt/anaconda3/envs/bc_pipeline/lib/python3.11/site-packages/airflow/example_dags/example_params_ui_tutorial.py
[2025-06-12T16:00:32.610+0300] {processor.py:914} INFO - Processing file /opt/anaconda3/envs/bc_pipeline/lib/python3.11/site-packages/airflow/example_dags/example_params_ui_tutorial.py for tasks to queue
[2025-06-12T16:00:32.611+0300] {logging_mixin.py:190} INFO - [2025-06-12T16:00:32.611+0300] {dagbag.py:588} INFO - Filling up the DagBag from /opt/anaconda3/envs/bc_pipeline/lib/python3.11/site-packages/airflow/example_dags/example_params_ui_tutorial.py
[2025-06-12T16:00:32.628+0300] {processor.py:925} INFO - DAG(s) 'example_params_ui_tutorial' retrieved from /opt/anaconda3/envs/bc_pipeline/lib/python3.11/site-packages/airflow/example_dags/example_params_ui_tutorial.py
[2025-06-12T16:00:32.669+0300] {logging_mixin.py:190} INFO - [2025-06-12T16:00:32.669+0300] {dag.py:3239} INFO - Sync 1 DAGs
[2025-06-12T16:00:32.703+0300] {logging_mixin.py:190} INFO - [2025-06-12T16:00:32.703+0300] {dag.py:4180} INFO - Setting next_dagrun for example_params_ui_tutorial to None, run_after=None
[2025-06-12T16:00:32.711+0300] {processor.py:208} INFO - Processing /opt/anaconda3/envs/bc_pipeline/lib/python3.11/site-packages/airflow/example_dags/example_params_ui_tutorial.py took 0.102 seconds
