[2025-06-12T15:38:44.729+0300] {processor.py:186} INFO - Started process (PID=10301) to work on /opt/anaconda3/envs/bc_pipeline/lib/python3.11/site-packages/airflow/example_dags/example_inlet_event_extra.py
[2025-06-12T15:38:44.730+0300] {processor.py:914} INFO - Processing file /opt/anaconda3/envs/bc_pipeline/lib/python3.11/site-packages/airflow/example_dags/example_inlet_event_extra.py for tasks to queue
[2025-06-12T15:38:44.730+0300] {logging_mixin.py:190} INFO - [2025-06-12T15:38:44.730+0300] {dagbag.py:588} INFO - Filling up the DagBag from /opt/anaconda3/envs/bc_pipeline/lib/python3.11/site-packages/airflow/example_dags/example_inlet_event_extra.py
[2025-06-12T15:38:44.765+0300] {processor.py:925} INFO - DAG(s) 'read_dataset_event_from_classic', 'read_dataset_event' retrieved from /opt/anaconda3/envs/bc_pipeline/lib/python3.11/site-packages/airflow/example_dags/example_inlet_event_extra.py
[2025-06-12T15:38:44.859+0300] {logging_mixin.py:190} INFO - [2025-06-12T15:38:44.859+0300] {override.py:1900} INFO - Created Permission View: can read on DAG:read_dataset_event_from_classic
[2025-06-12T15:38:44.862+0300] {logging_mixin.py:190} INFO - [2025-06-12T15:38:44.862+0300] {override.py:1900} INFO - Created Permission View: can delete on DAG:read_dataset_event_from_classic
[2025-06-12T15:38:44.864+0300] {logging_mixin.py:190} INFO - [2025-06-12T15:38:44.864+0300] {override.py:1900} INFO - Created Permission View: can edit on DAG:read_dataset_event_from_classic
[2025-06-12T15:38:44.867+0300] {logging_mixin.py:190} INFO - [2025-06-12T15:38:44.867+0300] {override.py:1900} INFO - Created Permission View: can create on DAG Run:read_dataset_event_from_classic
[2025-06-12T15:38:44.869+0300] {logging_mixin.py:190} INFO - [2025-06-12T15:38:44.869+0300] {override.py:1900} INFO - Created Permission View: can read on DAG Run:read_dataset_event_from_classic
[2025-06-12T15:38:44.871+0300] {logging_mixin.py:190} INFO - [2025-06-12T15:38:44.871+0300] {override.py:1900} INFO - Created Permission View: can delete on DAG Run:read_dataset_event_from_classic
[2025-06-12T15:38:44.873+0300] {logging_mixin.py:190} INFO - [2025-06-12T15:38:44.873+0300] {override.py:1900} INFO - Created Permission View: menu access on DAG Run:read_dataset_event_from_classic
[2025-06-12T15:38:44.877+0300] {logging_mixin.py:190} INFO - [2025-06-12T15:38:44.877+0300] {override.py:1900} INFO - Created Permission View: can read on DAG:read_dataset_event
[2025-06-12T15:38:44.879+0300] {logging_mixin.py:190} INFO - [2025-06-12T15:38:44.879+0300] {override.py:1900} INFO - Created Permission View: can delete on DAG:read_dataset_event
[2025-06-12T15:38:44.880+0300] {logging_mixin.py:190} INFO - [2025-06-12T15:38:44.880+0300] {override.py:1900} INFO - Created Permission View: can edit on DAG:read_dataset_event
[2025-06-12T15:38:44.883+0300] {logging_mixin.py:190} INFO - [2025-06-12T15:38:44.883+0300] {override.py:1900} INFO - Created Permission View: can create on DAG Run:read_dataset_event
[2025-06-12T15:38:44.885+0300] {logging_mixin.py:190} INFO - [2025-06-12T15:38:44.885+0300] {override.py:1900} INFO - Created Permission View: can read on DAG Run:read_dataset_event
[2025-06-12T15:38:44.886+0300] {logging_mixin.py:190} INFO - [2025-06-12T15:38:44.886+0300] {override.py:1900} INFO - Created Permission View: can delete on DAG Run:read_dataset_event
[2025-06-12T15:38:44.888+0300] {logging_mixin.py:190} INFO - [2025-06-12T15:38:44.888+0300] {override.py:1900} INFO - Created Permission View: menu access on DAG Run:read_dataset_event
[2025-06-12T15:38:44.888+0300] {logging_mixin.py:190} INFO - [2025-06-12T15:38:44.888+0300] {dag.py:3239} INFO - Sync 2 DAGs
[2025-06-12T15:38:44.893+0300] {logging_mixin.py:190} INFO - [2025-06-12T15:38:44.893+0300] {dag.py:3262} INFO - Creating ORM DAG for read_dataset_event
[2025-06-12T15:38:44.893+0300] {logging_mixin.py:190} INFO - [2025-06-12T15:38:44.893+0300] {dag.py:3262} INFO - Creating ORM DAG for read_dataset_event_from_classic
[2025-06-12T15:38:44.896+0300] {logging_mixin.py:190} INFO - [2025-06-12T15:38:44.896+0300] {dag.py:4180} INFO - Setting next_dagrun for read_dataset_event to 2025-06-11 00:00:00+00:00, run_after=2025-06-12 00:00:00+00:00
[2025-06-12T15:38:44.896+0300] {logging_mixin.py:190} INFO - [2025-06-12T15:38:44.896+0300] {dag.py:4180} INFO - Setting next_dagrun for read_dataset_event_from_classic to 2025-06-11 00:00:00+00:00, run_after=2025-06-12 00:00:00+00:00
[2025-06-12T15:38:44.902+0300] {processor.py:208} INFO - Processing /opt/anaconda3/envs/bc_pipeline/lib/python3.11/site-packages/airflow/example_dags/example_inlet_event_extra.py took 0.175 seconds
[2025-06-12T15:59:05.340+0300] {processor.py:186} INFO - Started process (PID=29172) to work on /opt/anaconda3/envs/bc_pipeline/lib/python3.11/site-packages/airflow/example_dags/example_inlet_event_extra.py
[2025-06-12T15:59:05.341+0300] {processor.py:914} INFO - Processing file /opt/anaconda3/envs/bc_pipeline/lib/python3.11/site-packages/airflow/example_dags/example_inlet_event_extra.py for tasks to queue
[2025-06-12T15:59:05.341+0300] {logging_mixin.py:190} INFO - [2025-06-12T15:59:05.341+0300] {dagbag.py:588} INFO - Filling up the DagBag from /opt/anaconda3/envs/bc_pipeline/lib/python3.11/site-packages/airflow/example_dags/example_inlet_event_extra.py
[2025-06-12T15:59:05.367+0300] {processor.py:925} INFO - DAG(s) 'read_dataset_event_from_classic', 'read_dataset_event' retrieved from /opt/anaconda3/envs/bc_pipeline/lib/python3.11/site-packages/airflow/example_dags/example_inlet_event_extra.py
[2025-06-12T15:59:05.432+0300] {logging_mixin.py:190} INFO - [2025-06-12T15:59:05.432+0300] {dag.py:3239} INFO - Sync 2 DAGs
[2025-06-12T15:59:05.440+0300] {logging_mixin.py:190} INFO - [2025-06-12T15:59:05.439+0300] {dag.py:4180} INFO - Setting next_dagrun for read_dataset_event to 2025-06-11 00:00:00+00:00, run_after=2025-06-12 00:00:00+00:00
[2025-06-12T15:59:05.441+0300] {logging_mixin.py:190} INFO - [2025-06-12T15:59:05.441+0300] {dag.py:4180} INFO - Setting next_dagrun for read_dataset_event_from_classic to 2025-06-11 00:00:00+00:00, run_after=2025-06-12 00:00:00+00:00
[2025-06-12T15:59:05.447+0300] {processor.py:208} INFO - Processing /opt/anaconda3/envs/bc_pipeline/lib/python3.11/site-packages/airflow/example_dags/example_inlet_event_extra.py took 0.109 seconds
[2025-06-12T16:00:47.058+0300] {processor.py:186} INFO - Started process (PID=30393) to work on /opt/anaconda3/envs/bc_pipeline/lib/python3.11/site-packages/airflow/example_dags/example_inlet_event_extra.py
[2025-06-12T16:00:47.059+0300] {processor.py:914} INFO - Processing file /opt/anaconda3/envs/bc_pipeline/lib/python3.11/site-packages/airflow/example_dags/example_inlet_event_extra.py for tasks to queue
[2025-06-12T16:00:47.059+0300] {logging_mixin.py:190} INFO - [2025-06-12T16:00:47.059+0300] {dagbag.py:588} INFO - Filling up the DagBag from /opt/anaconda3/envs/bc_pipeline/lib/python3.11/site-packages/airflow/example_dags/example_inlet_event_extra.py
[2025-06-12T16:00:47.086+0300] {processor.py:925} INFO - DAG(s) 'read_dataset_event_from_classic', 'read_dataset_event' retrieved from /opt/anaconda3/envs/bc_pipeline/lib/python3.11/site-packages/airflow/example_dags/example_inlet_event_extra.py
[2025-06-12T16:00:47.142+0300] {logging_mixin.py:190} INFO - [2025-06-12T16:00:47.142+0300] {dag.py:3239} INFO - Sync 2 DAGs
[2025-06-12T16:00:47.148+0300] {logging_mixin.py:190} INFO - [2025-06-12T16:00:47.148+0300] {dag.py:4180} INFO - Setting next_dagrun for read_dataset_event to 2025-06-11 00:00:00+00:00, run_after=2025-06-12 00:00:00+00:00
[2025-06-12T16:00:47.150+0300] {logging_mixin.py:190} INFO - [2025-06-12T16:00:47.150+0300] {dag.py:4180} INFO - Setting next_dagrun for read_dataset_event_from_classic to 2025-06-11 00:00:00+00:00, run_after=2025-06-12 00:00:00+00:00
[2025-06-12T16:00:47.155+0300] {processor.py:208} INFO - Processing /opt/anaconda3/envs/bc_pipeline/lib/python3.11/site-packages/airflow/example_dags/example_inlet_event_extra.py took 0.099 seconds
