[2025-06-12T15:39:15.344+0300] {processor.py:186} INFO - Started process (PID=10646) to work on /opt/anaconda3/envs/bc_pipeline/lib/python3.11/site-packages/airflow/example_dags/example_bash_decorator.py
[2025-06-12T15:39:15.345+0300] {processor.py:914} INFO - Processing file /opt/anaconda3/envs/bc_pipeline/lib/python3.11/site-packages/airflow/example_dags/example_bash_decorator.py for tasks to queue
[2025-06-12T15:39:15.345+0300] {logging_mixin.py:190} INFO - [2025-06-12T15:39:15.345+0300] {dagbag.py:588} INFO - Filling up the DagBag from /opt/anaconda3/envs/bc_pipeline/lib/python3.11/site-packages/airflow/example_dags/example_bash_decorator.py
[2025-06-12T15:39:15.367+0300] {processor.py:925} INFO - DAG(s) 'example_bash_decorator' retrieved from /opt/anaconda3/envs/bc_pipeline/lib/python3.11/site-packages/airflow/example_dags/example_bash_decorator.py
[2025-06-12T15:39:15.460+0300] {logging_mixin.py:190} INFO - [2025-06-12T15:39:15.460+0300] {override.py:1900} INFO - Created Permission View: can edit on DAG:example_bash_decorator
[2025-06-12T15:39:15.464+0300] {logging_mixin.py:190} INFO - [2025-06-12T15:39:15.464+0300] {override.py:1900} INFO - Created Permission View: can delete on DAG:example_bash_decorator
[2025-06-12T15:39:15.466+0300] {logging_mixin.py:190} INFO - [2025-06-12T15:39:15.466+0300] {override.py:1900} INFO - Created Permission View: can read on DAG:example_bash_decorator
[2025-06-12T15:39:15.469+0300] {logging_mixin.py:190} INFO - [2025-06-12T15:39:15.469+0300] {override.py:1900} INFO - Created Permission View: menu access on DAG Run:example_bash_decorator
[2025-06-12T15:39:15.471+0300] {logging_mixin.py:190} INFO - [2025-06-12T15:39:15.471+0300] {override.py:1900} INFO - Created Permission View: can create on DAG Run:example_bash_decorator
[2025-06-12T15:39:15.474+0300] {logging_mixin.py:190} INFO - [2025-06-12T15:39:15.473+0300] {override.py:1900} INFO - Created Permission View: can delete on DAG Run:example_bash_decorator
[2025-06-12T15:39:15.476+0300] {logging_mixin.py:190} INFO - [2025-06-12T15:39:15.476+0300] {override.py:1900} INFO - Created Permission View: can read on DAG Run:example_bash_decorator
[2025-06-12T15:39:15.476+0300] {logging_mixin.py:190} INFO - [2025-06-12T15:39:15.476+0300] {dag.py:3239} INFO - Sync 1 DAGs
[2025-06-12T15:39:15.480+0300] {logging_mixin.py:190} INFO - [2025-06-12T15:39:15.480+0300] {dag.py:3262} INFO - Creating ORM DAG for example_bash_decorator
[2025-06-12T15:39:15.480+0300] {logging_mixin.py:190} INFO - [2025-06-12T15:39:15.480+0300] {dag.py:4180} INFO - Setting next_dagrun for example_bash_decorator to None, run_after=None
[2025-06-12T15:39:15.487+0300] {processor.py:208} INFO - Processing /opt/anaconda3/envs/bc_pipeline/lib/python3.11/site-packages/airflow/example_dags/example_bash_decorator.py took 0.144 seconds
[2025-06-12T15:59:34.402+0300] {processor.py:186} INFO - Started process (PID=29597) to work on /opt/anaconda3/envs/bc_pipeline/lib/python3.11/site-packages/airflow/example_dags/example_bash_decorator.py
[2025-06-12T15:59:34.403+0300] {processor.py:914} INFO - Processing file /opt/anaconda3/envs/bc_pipeline/lib/python3.11/site-packages/airflow/example_dags/example_bash_decorator.py for tasks to queue
[2025-06-12T15:59:34.403+0300] {logging_mixin.py:190} INFO - [2025-06-12T15:59:34.403+0300] {dagbag.py:588} INFO - Filling up the DagBag from /opt/anaconda3/envs/bc_pipeline/lib/python3.11/site-packages/airflow/example_dags/example_bash_decorator.py
[2025-06-12T15:59:34.424+0300] {processor.py:925} INFO - DAG(s) 'example_bash_decorator' retrieved from /opt/anaconda3/envs/bc_pipeline/lib/python3.11/site-packages/airflow/example_dags/example_bash_decorator.py
[2025-06-12T15:59:34.526+0300] {logging_mixin.py:190} INFO - [2025-06-12T15:59:34.526+0300] {dag.py:3239} INFO - Sync 1 DAGs
[2025-06-12T15:59:34.530+0300] {logging_mixin.py:190} INFO - [2025-06-12T15:59:34.529+0300] {dag.py:4180} INFO - Setting next_dagrun for example_bash_decorator to None, run_after=None
[2025-06-12T15:59:34.539+0300] {processor.py:208} INFO - Processing /opt/anaconda3/envs/bc_pipeline/lib/python3.11/site-packages/airflow/example_dags/example_bash_decorator.py took 0.138 seconds
[2025-06-12T16:02:17.947+0300] {processor.py:186} INFO - Started process (PID=31459) to work on /opt/anaconda3/envs/bc_pipeline/lib/python3.11/site-packages/airflow/example_dags/example_bash_decorator.py
[2025-06-12T16:02:17.949+0300] {processor.py:914} INFO - Processing file /opt/anaconda3/envs/bc_pipeline/lib/python3.11/site-packages/airflow/example_dags/example_bash_decorator.py for tasks to queue
[2025-06-12T16:02:17.949+0300] {logging_mixin.py:190} INFO - [2025-06-12T16:02:17.949+0300] {dagbag.py:588} INFO - Filling up the DagBag from /opt/anaconda3/envs/bc_pipeline/lib/python3.11/site-packages/airflow/example_dags/example_bash_decorator.py
[2025-06-12T16:02:17.970+0300] {processor.py:925} INFO - DAG(s) 'example_bash_decorator' retrieved from /opt/anaconda3/envs/bc_pipeline/lib/python3.11/site-packages/airflow/example_dags/example_bash_decorator.py
[2025-06-12T16:02:18.086+0300] {logging_mixin.py:190} INFO - [2025-06-12T16:02:18.086+0300] {dag.py:3239} INFO - Sync 1 DAGs
[2025-06-12T16:02:18.090+0300] {logging_mixin.py:190} INFO - [2025-06-12T16:02:18.090+0300] {dag.py:4180} INFO - Setting next_dagrun for example_bash_decorator to None, run_after=None
[2025-06-12T16:02:18.100+0300] {processor.py:208} INFO - Processing /opt/anaconda3/envs/bc_pipeline/lib/python3.11/site-packages/airflow/example_dags/example_bash_decorator.py took 0.154 seconds
