[2025-06-12T15:38:46.681+0300] {processor.py:186} INFO - Started process (PID=10323) to work on /opt/anaconda3/envs/bc_pipeline/lib/python3.11/site-packages/airflow/example_dags/example_external_task_marker_dag.py
[2025-06-12T15:38:46.681+0300] {processor.py:914} INFO - Processing file /opt/anaconda3/envs/bc_pipeline/lib/python3.11/site-packages/airflow/example_dags/example_external_task_marker_dag.py for tasks to queue
[2025-06-12T15:38:46.682+0300] {logging_mixin.py:190} INFO - [2025-06-12T15:38:46.681+0300] {dagbag.py:588} INFO - Filling up the DagBag from /opt/anaconda3/envs/bc_pipeline/lib/python3.11/site-packages/airflow/example_dags/example_external_task_marker_dag.py
[2025-06-12T15:38:46.687+0300] {processor.py:925} INFO - DAG(s) 'example_external_task_marker_parent', 'example_external_task_marker_child' retrieved from /opt/anaconda3/envs/bc_pipeline/lib/python3.11/site-packages/airflow/example_dags/example_external_task_marker_dag.py
[2025-06-12T15:38:46.775+0300] {logging_mixin.py:190} INFO - [2025-06-12T15:38:46.774+0300] {override.py:1900} INFO - Created Permission View: can edit on DAG:example_external_task_marker_parent
[2025-06-12T15:38:46.778+0300] {logging_mixin.py:190} INFO - [2025-06-12T15:38:46.778+0300] {override.py:1900} INFO - Created Permission View: can read on DAG:example_external_task_marker_parent
[2025-06-12T15:38:46.781+0300] {logging_mixin.py:190} INFO - [2025-06-12T15:38:46.781+0300] {override.py:1900} INFO - Created Permission View: can delete on DAG:example_external_task_marker_parent
[2025-06-12T15:38:46.784+0300] {logging_mixin.py:190} INFO - [2025-06-12T15:38:46.784+0300] {override.py:1900} INFO - Created Permission View: can delete on DAG Run:example_external_task_marker_parent
[2025-06-12T15:38:46.786+0300] {logging_mixin.py:190} INFO - [2025-06-12T15:38:46.786+0300] {override.py:1900} INFO - Created Permission View: can read on DAG Run:example_external_task_marker_parent
[2025-06-12T15:38:46.788+0300] {logging_mixin.py:190} INFO - [2025-06-12T15:38:46.788+0300] {override.py:1900} INFO - Created Permission View: can create on DAG Run:example_external_task_marker_parent
[2025-06-12T15:38:46.791+0300] {logging_mixin.py:190} INFO - [2025-06-12T15:38:46.790+0300] {override.py:1900} INFO - Created Permission View: menu access on DAG Run:example_external_task_marker_parent
[2025-06-12T15:38:46.793+0300] {logging_mixin.py:190} INFO - [2025-06-12T15:38:46.793+0300] {workday.py:41} WARNING - Could not import pandas. Holidays will not be considered.
[2025-06-12T15:38:46.802+0300] {logging_mixin.py:190} INFO - [2025-06-12T15:38:46.802+0300] {override.py:1900} INFO - Created Permission View: can edit on DAG:example_external_task_marker_child
[2025-06-12T15:38:46.804+0300] {logging_mixin.py:190} INFO - [2025-06-12T15:38:46.804+0300] {override.py:1900} INFO - Created Permission View: can read on DAG:example_external_task_marker_child
[2025-06-12T15:38:46.806+0300] {logging_mixin.py:190} INFO - [2025-06-12T15:38:46.806+0300] {override.py:1900} INFO - Created Permission View: can delete on DAG:example_external_task_marker_child
[2025-06-12T15:38:46.809+0300] {logging_mixin.py:190} INFO - [2025-06-12T15:38:46.809+0300] {override.py:1900} INFO - Created Permission View: can delete on DAG Run:example_external_task_marker_child
[2025-06-12T15:38:46.810+0300] {logging_mixin.py:190} INFO - [2025-06-12T15:38:46.810+0300] {override.py:1900} INFO - Created Permission View: can read on DAG Run:example_external_task_marker_child
[2025-06-12T15:38:46.813+0300] {logging_mixin.py:190} INFO - [2025-06-12T15:38:46.812+0300] {override.py:1900} INFO - Created Permission View: can create on DAG Run:example_external_task_marker_child
[2025-06-12T15:38:46.814+0300] {logging_mixin.py:190} INFO - [2025-06-12T15:38:46.814+0300] {override.py:1900} INFO - Created Permission View: menu access on DAG Run:example_external_task_marker_child
[2025-06-12T15:38:46.815+0300] {logging_mixin.py:190} INFO - [2025-06-12T15:38:46.814+0300] {dag.py:3239} INFO - Sync 2 DAGs
[2025-06-12T15:38:46.819+0300] {logging_mixin.py:190} INFO - [2025-06-12T15:38:46.819+0300] {dag.py:3262} INFO - Creating ORM DAG for example_external_task_marker_child
[2025-06-12T15:38:46.819+0300] {logging_mixin.py:190} INFO - [2025-06-12T15:38:46.819+0300] {dag.py:3262} INFO - Creating ORM DAG for example_external_task_marker_parent
[2025-06-12T15:38:46.819+0300] {logging_mixin.py:190} INFO - [2025-06-12T15:38:46.819+0300] {dag.py:4180} INFO - Setting next_dagrun for example_external_task_marker_child to None, run_after=None
[2025-06-12T15:38:46.819+0300] {logging_mixin.py:190} INFO - [2025-06-12T15:38:46.819+0300] {dag.py:4180} INFO - Setting next_dagrun for example_external_task_marker_parent to None, run_after=None
[2025-06-12T15:38:46.825+0300] {processor.py:208} INFO - Processing /opt/anaconda3/envs/bc_pipeline/lib/python3.11/site-packages/airflow/example_dags/example_external_task_marker_dag.py took 0.146 seconds
[2025-06-12T15:59:07.201+0300] {processor.py:186} INFO - Started process (PID=29225) to work on /opt/anaconda3/envs/bc_pipeline/lib/python3.11/site-packages/airflow/example_dags/example_external_task_marker_dag.py
[2025-06-12T15:59:07.202+0300] {processor.py:914} INFO - Processing file /opt/anaconda3/envs/bc_pipeline/lib/python3.11/site-packages/airflow/example_dags/example_external_task_marker_dag.py for tasks to queue
[2025-06-12T15:59:07.202+0300] {logging_mixin.py:190} INFO - [2025-06-12T15:59:07.202+0300] {dagbag.py:588} INFO - Filling up the DagBag from /opt/anaconda3/envs/bc_pipeline/lib/python3.11/site-packages/airflow/example_dags/example_external_task_marker_dag.py
[2025-06-12T15:59:07.207+0300] {processor.py:925} INFO - DAG(s) 'example_external_task_marker_parent', 'example_external_task_marker_child' retrieved from /opt/anaconda3/envs/bc_pipeline/lib/python3.11/site-packages/airflow/example_dags/example_external_task_marker_dag.py
[2025-06-12T15:59:07.483+0300] {logging_mixin.py:190} INFO - [2025-06-12T15:59:07.483+0300] {dag.py:3239} INFO - Sync 2 DAGs
[2025-06-12T15:59:07.487+0300] {logging_mixin.py:190} INFO - [2025-06-12T15:59:07.487+0300] {dag.py:4180} INFO - Setting next_dagrun for example_external_task_marker_child to None, run_after=None
[2025-06-12T15:59:07.488+0300] {logging_mixin.py:190} INFO - [2025-06-12T15:59:07.488+0300] {dag.py:4180} INFO - Setting next_dagrun for example_external_task_marker_parent to None, run_after=None
[2025-06-12T15:59:07.493+0300] {processor.py:208} INFO - Processing /opt/anaconda3/envs/bc_pipeline/lib/python3.11/site-packages/airflow/example_dags/example_external_task_marker_dag.py took 0.293 seconds
[2025-06-12T16:00:48.446+0300] {processor.py:186} INFO - Started process (PID=30415) to work on /opt/anaconda3/envs/bc_pipeline/lib/python3.11/site-packages/airflow/example_dags/example_external_task_marker_dag.py
[2025-06-12T16:00:48.447+0300] {processor.py:914} INFO - Processing file /opt/anaconda3/envs/bc_pipeline/lib/python3.11/site-packages/airflow/example_dags/example_external_task_marker_dag.py for tasks to queue
[2025-06-12T16:00:48.448+0300] {logging_mixin.py:190} INFO - [2025-06-12T16:00:48.448+0300] {dagbag.py:588} INFO - Filling up the DagBag from /opt/anaconda3/envs/bc_pipeline/lib/python3.11/site-packages/airflow/example_dags/example_external_task_marker_dag.py
[2025-06-12T16:00:48.452+0300] {processor.py:925} INFO - DAG(s) 'example_external_task_marker_child', 'example_external_task_marker_parent' retrieved from /opt/anaconda3/envs/bc_pipeline/lib/python3.11/site-packages/airflow/example_dags/example_external_task_marker_dag.py
[2025-06-12T16:00:48.768+0300] {logging_mixin.py:190} INFO - [2025-06-12T16:00:48.768+0300] {dag.py:3239} INFO - Sync 2 DAGs
[2025-06-12T16:00:48.771+0300] {logging_mixin.py:190} INFO - [2025-06-12T16:00:48.771+0300] {dag.py:4180} INFO - Setting next_dagrun for example_external_task_marker_child to None, run_after=None
[2025-06-12T16:00:48.772+0300] {logging_mixin.py:190} INFO - [2025-06-12T16:00:48.772+0300] {dag.py:4180} INFO - Setting next_dagrun for example_external_task_marker_parent to None, run_after=None
[2025-06-12T16:00:48.778+0300] {processor.py:208} INFO - Processing /opt/anaconda3/envs/bc_pipeline/lib/python3.11/site-packages/airflow/example_dags/example_external_task_marker_dag.py took 0.333 seconds
