[2025-06-12T15:38:59.505+0300] {processor.py:186} INFO - Started process (PID=10477) to work on /opt/anaconda3/envs/bc_pipeline/lib/python3.11/site-packages/airflow/example_dags/example_dag_decorator.py
[2025-06-12T15:38:59.505+0300] {processor.py:914} INFO - Processing file /opt/anaconda3/envs/bc_pipeline/lib/python3.11/site-packages/airflow/example_dags/example_dag_decorator.py for tasks to queue
[2025-06-12T15:38:59.505+0300] {logging_mixin.py:190} INFO - [2025-06-12T15:38:59.505+0300] {dagbag.py:588} INFO - Filling up the DagBag from /opt/anaconda3/envs/bc_pipeline/lib/python3.11/site-packages/airflow/example_dags/example_dag_decorator.py
[2025-06-12T15:38:59.615+0300] {processor.py:925} INFO - DAG(s) 'example_dag_decorator' retrieved from /opt/anaconda3/envs/bc_pipeline/lib/python3.11/site-packages/airflow/example_dags/example_dag_decorator.py
[2025-06-12T15:38:59.679+0300] {logging_mixin.py:190} INFO - [2025-06-12T15:38:59.679+0300] {override.py:1900} INFO - Created Permission View: can read on DAG:example_dag_decorator
[2025-06-12T15:38:59.682+0300] {logging_mixin.py:190} INFO - [2025-06-12T15:38:59.682+0300] {override.py:1900} INFO - Created Permission View: can edit on DAG:example_dag_decorator
[2025-06-12T15:38:59.685+0300] {logging_mixin.py:190} INFO - [2025-06-12T15:38:59.685+0300] {override.py:1900} INFO - Created Permission View: can delete on DAG:example_dag_decorator
[2025-06-12T15:38:59.688+0300] {logging_mixin.py:190} INFO - [2025-06-12T15:38:59.688+0300] {override.py:1900} INFO - Created Permission View: can read on DAG Run:example_dag_decorator
[2025-06-12T15:38:59.690+0300] {logging_mixin.py:190} INFO - [2025-06-12T15:38:59.690+0300] {override.py:1900} INFO - Created Permission View: can create on DAG Run:example_dag_decorator
[2025-06-12T15:38:59.692+0300] {logging_mixin.py:190} INFO - [2025-06-12T15:38:59.692+0300] {override.py:1900} INFO - Created Permission View: can delete on DAG Run:example_dag_decorator
[2025-06-12T15:38:59.694+0300] {logging_mixin.py:190} INFO - [2025-06-12T15:38:59.694+0300] {override.py:1900} INFO - Created Permission View: menu access on DAG Run:example_dag_decorator
[2025-06-12T15:38:59.694+0300] {logging_mixin.py:190} INFO - [2025-06-12T15:38:59.694+0300] {dag.py:3239} INFO - Sync 1 DAGs
[2025-06-12T15:38:59.699+0300] {logging_mixin.py:190} INFO - [2025-06-12T15:38:59.699+0300] {dag.py:3262} INFO - Creating ORM DAG for example_dag_decorator
[2025-06-12T15:38:59.699+0300] {logging_mixin.py:190} INFO - [2025-06-12T15:38:59.699+0300] {dag.py:4180} INFO - Setting next_dagrun for example_dag_decorator to None, run_after=None
[2025-06-12T15:38:59.705+0300] {processor.py:208} INFO - Processing /opt/anaconda3/envs/bc_pipeline/lib/python3.11/site-packages/airflow/example_dags/example_dag_decorator.py took 0.202 seconds
[2025-06-12T15:59:19.558+0300] {processor.py:186} INFO - Started process (PID=29441) to work on /opt/anaconda3/envs/bc_pipeline/lib/python3.11/site-packages/airflow/example_dags/example_dag_decorator.py
[2025-06-12T15:59:19.559+0300] {processor.py:914} INFO - Processing file /opt/anaconda3/envs/bc_pipeline/lib/python3.11/site-packages/airflow/example_dags/example_dag_decorator.py for tasks to queue
[2025-06-12T15:59:19.560+0300] {logging_mixin.py:190} INFO - [2025-06-12T15:59:19.560+0300] {dagbag.py:588} INFO - Filling up the DagBag from /opt/anaconda3/envs/bc_pipeline/lib/python3.11/site-packages/airflow/example_dags/example_dag_decorator.py
[2025-06-12T15:59:19.666+0300] {processor.py:925} INFO - DAG(s) 'example_dag_decorator' retrieved from /opt/anaconda3/envs/bc_pipeline/lib/python3.11/site-packages/airflow/example_dags/example_dag_decorator.py
[2025-06-12T15:59:19.737+0300] {logging_mixin.py:190} INFO - [2025-06-12T15:59:19.736+0300] {dag.py:3239} INFO - Sync 1 DAGs
[2025-06-12T15:59:19.741+0300] {logging_mixin.py:190} INFO - [2025-06-12T15:59:19.740+0300] {dag.py:4180} INFO - Setting next_dagrun for example_dag_decorator to None, run_after=None
[2025-06-12T15:59:19.747+0300] {processor.py:208} INFO - Processing /opt/anaconda3/envs/bc_pipeline/lib/python3.11/site-packages/airflow/example_dags/example_dag_decorator.py took 0.191 seconds
[2025-06-12T16:02:01.469+0300] {processor.py:186} INFO - Started process (PID=31278) to work on /opt/anaconda3/envs/bc_pipeline/lib/python3.11/site-packages/airflow/example_dags/example_dag_decorator.py
[2025-06-12T16:02:01.470+0300] {processor.py:914} INFO - Processing file /opt/anaconda3/envs/bc_pipeline/lib/python3.11/site-packages/airflow/example_dags/example_dag_decorator.py for tasks to queue
[2025-06-12T16:02:01.470+0300] {logging_mixin.py:190} INFO - [2025-06-12T16:02:01.470+0300] {dagbag.py:588} INFO - Filling up the DagBag from /opt/anaconda3/envs/bc_pipeline/lib/python3.11/site-packages/airflow/example_dags/example_dag_decorator.py
[2025-06-12T16:02:01.605+0300] {processor.py:925} INFO - DAG(s) 'example_dag_decorator' retrieved from /opt/anaconda3/envs/bc_pipeline/lib/python3.11/site-packages/airflow/example_dags/example_dag_decorator.py
[2025-06-12T16:02:01.685+0300] {logging_mixin.py:190} INFO - [2025-06-12T16:02:01.685+0300] {dag.py:3239} INFO - Sync 1 DAGs
[2025-06-12T16:02:01.689+0300] {logging_mixin.py:190} INFO - [2025-06-12T16:02:01.689+0300] {dag.py:4180} INFO - Setting next_dagrun for example_dag_decorator to None, run_after=None
[2025-06-12T16:02:01.697+0300] {processor.py:208} INFO - Processing /opt/anaconda3/envs/bc_pipeline/lib/python3.11/site-packages/airflow/example_dags/example_dag_decorator.py took 0.230 seconds
