[2025-06-12T15:38:53.700+0300] {processor.py:186} INFO - Started process (PID=10411) to work on /opt/anaconda3/envs/bc_pipeline/lib/python3.11/site-packages/airflow/example_dags/example_datasets.py
[2025-06-12T15:38:53.700+0300] {processor.py:914} INFO - Processing file /opt/anaconda3/envs/bc_pipeline/lib/python3.11/site-packages/airflow/example_dags/example_datasets.py for tasks to queue
[2025-06-12T15:38:53.700+0300] {logging_mixin.py:190} INFO - [2025-06-12T15:38:53.700+0300] {dagbag.py:588} INFO - Filling up the DagBag from /opt/anaconda3/envs/bc_pipeline/lib/python3.11/site-packages/airflow/example_dags/example_datasets.py
[2025-06-12T15:38:53.722+0300] {processor.py:925} INFO - DAG(s) 'dataset_consumes_1_and_2', 'dataset_produces_2', 'consume_1_and_2_with_dataset_expressions', 'consume_1_or_2_with_dataset_expressions', 'consume_1_or_both_2_and_3_with_dataset_expressions', 'dataset_consumes_1', 'dataset_consumes_1_never_scheduled', 'dataset_produces_1', 'dataset_consumes_unknown_never_scheduled', 'conditional_dataset_and_time_based_timetable' retrieved from /opt/anaconda3/envs/bc_pipeline/lib/python3.11/site-packages/airflow/example_dags/example_datasets.py
[2025-06-12T15:38:53.812+0300] {logging_mixin.py:190} INFO - [2025-06-12T15:38:53.812+0300] {override.py:1900} INFO - Created Permission View: can read on DAG:dataset_consumes_1_and_2
[2025-06-12T15:38:53.815+0300] {logging_mixin.py:190} INFO - [2025-06-12T15:38:53.815+0300] {override.py:1900} INFO - Created Permission View: can delete on DAG:dataset_consumes_1_and_2
[2025-06-12T15:38:53.817+0300] {logging_mixin.py:190} INFO - [2025-06-12T15:38:53.817+0300] {override.py:1900} INFO - Created Permission View: can edit on DAG:dataset_consumes_1_and_2
[2025-06-12T15:38:53.820+0300] {logging_mixin.py:190} INFO - [2025-06-12T15:38:53.820+0300] {override.py:1900} INFO - Created Permission View: menu access on DAG Run:dataset_consumes_1_and_2
[2025-06-12T15:38:53.822+0300] {logging_mixin.py:190} INFO - [2025-06-12T15:38:53.822+0300] {override.py:1900} INFO - Created Permission View: can read on DAG Run:dataset_consumes_1_and_2
[2025-06-12T15:38:53.824+0300] {logging_mixin.py:190} INFO - [2025-06-12T15:38:53.824+0300] {override.py:1900} INFO - Created Permission View: can create on DAG Run:dataset_consumes_1_and_2
[2025-06-12T15:38:53.826+0300] {logging_mixin.py:190} INFO - [2025-06-12T15:38:53.826+0300] {override.py:1900} INFO - Created Permission View: can delete on DAG Run:dataset_consumes_1_and_2
[2025-06-12T15:38:53.830+0300] {logging_mixin.py:190} INFO - [2025-06-12T15:38:53.830+0300] {override.py:1900} INFO - Created Permission View: can read on DAG:dataset_produces_2
[2025-06-12T15:38:53.831+0300] {logging_mixin.py:190} INFO - [2025-06-12T15:38:53.831+0300] {override.py:1900} INFO - Created Permission View: can delete on DAG:dataset_produces_2
[2025-06-12T15:38:53.833+0300] {logging_mixin.py:190} INFO - [2025-06-12T15:38:53.833+0300] {override.py:1900} INFO - Created Permission View: can edit on DAG:dataset_produces_2
[2025-06-12T15:38:53.836+0300] {logging_mixin.py:190} INFO - [2025-06-12T15:38:53.836+0300] {override.py:1900} INFO - Created Permission View: menu access on DAG Run:dataset_produces_2
[2025-06-12T15:38:53.837+0300] {logging_mixin.py:190} INFO - [2025-06-12T15:38:53.837+0300] {override.py:1900} INFO - Created Permission View: can read on DAG Run:dataset_produces_2
[2025-06-12T15:38:53.839+0300] {logging_mixin.py:190} INFO - [2025-06-12T15:38:53.839+0300] {override.py:1900} INFO - Created Permission View: can create on DAG Run:dataset_produces_2
[2025-06-12T15:38:53.841+0300] {logging_mixin.py:190} INFO - [2025-06-12T15:38:53.841+0300] {override.py:1900} INFO - Created Permission View: can delete on DAG Run:dataset_produces_2
[2025-06-12T15:38:53.845+0300] {logging_mixin.py:190} INFO - [2025-06-12T15:38:53.845+0300] {override.py:1900} INFO - Created Permission View: can read on DAG:consume_1_and_2_with_dataset_expressions
[2025-06-12T15:38:53.847+0300] {logging_mixin.py:190} INFO - [2025-06-12T15:38:53.847+0300] {override.py:1900} INFO - Created Permission View: can delete on DAG:consume_1_and_2_with_dataset_expressions
[2025-06-12T15:38:53.848+0300] {logging_mixin.py:190} INFO - [2025-06-12T15:38:53.848+0300] {override.py:1900} INFO - Created Permission View: can edit on DAG:consume_1_and_2_with_dataset_expressions
[2025-06-12T15:38:53.851+0300] {logging_mixin.py:190} INFO - [2025-06-12T15:38:53.851+0300] {override.py:1900} INFO - Created Permission View: menu access on DAG Run:consume_1_and_2_with_dataset_expressions
[2025-06-12T15:38:53.853+0300] {logging_mixin.py:190} INFO - [2025-06-12T15:38:53.853+0300] {override.py:1900} INFO - Created Permission View: can read on DAG Run:consume_1_and_2_with_dataset_expressions
[2025-06-12T15:38:53.854+0300] {logging_mixin.py:190} INFO - [2025-06-12T15:38:53.854+0300] {override.py:1900} INFO - Created Permission View: can create on DAG Run:consume_1_and_2_with_dataset_expressions
[2025-06-12T15:38:53.856+0300] {logging_mixin.py:190} INFO - [2025-06-12T15:38:53.856+0300] {override.py:1900} INFO - Created Permission View: can delete on DAG Run:consume_1_and_2_with_dataset_expressions
[2025-06-12T15:38:53.860+0300] {logging_mixin.py:190} INFO - [2025-06-12T15:38:53.860+0300] {override.py:1900} INFO - Created Permission View: can read on DAG:consume_1_or_2_with_dataset_expressions
[2025-06-12T15:38:53.862+0300] {logging_mixin.py:190} INFO - [2025-06-12T15:38:53.862+0300] {override.py:1900} INFO - Created Permission View: can delete on DAG:consume_1_or_2_with_dataset_expressions
[2025-06-12T15:38:53.863+0300] {logging_mixin.py:190} INFO - [2025-06-12T15:38:53.863+0300] {override.py:1900} INFO - Created Permission View: can edit on DAG:consume_1_or_2_with_dataset_expressions
[2025-06-12T15:38:53.866+0300] {logging_mixin.py:190} INFO - [2025-06-12T15:38:53.866+0300] {override.py:1900} INFO - Created Permission View: menu access on DAG Run:consume_1_or_2_with_dataset_expressions
[2025-06-12T15:38:53.868+0300] {logging_mixin.py:190} INFO - [2025-06-12T15:38:53.868+0300] {override.py:1900} INFO - Created Permission View: can read on DAG Run:consume_1_or_2_with_dataset_expressions
[2025-06-12T15:38:53.870+0300] {logging_mixin.py:190} INFO - [2025-06-12T15:38:53.870+0300] {override.py:1900} INFO - Created Permission View: can create on DAG Run:consume_1_or_2_with_dataset_expressions
[2025-06-12T15:38:53.872+0300] {logging_mixin.py:190} INFO - [2025-06-12T15:38:53.872+0300] {override.py:1900} INFO - Created Permission View: can delete on DAG Run:consume_1_or_2_with_dataset_expressions
[2025-06-12T15:38:53.876+0300] {logging_mixin.py:190} INFO - [2025-06-12T15:38:53.875+0300] {override.py:1900} INFO - Created Permission View: can read on DAG:consume_1_or_both_2_and_3_with_dataset_expressions
[2025-06-12T15:38:53.877+0300] {logging_mixin.py:190} INFO - [2025-06-12T15:38:53.877+0300] {override.py:1900} INFO - Created Permission View: can delete on DAG:consume_1_or_both_2_and_3_with_dataset_expressions
[2025-06-12T15:38:53.879+0300] {logging_mixin.py:190} INFO - [2025-06-12T15:38:53.879+0300] {override.py:1900} INFO - Created Permission View: can edit on DAG:consume_1_or_both_2_and_3_with_dataset_expressions
[2025-06-12T15:38:53.882+0300] {logging_mixin.py:190} INFO - [2025-06-12T15:38:53.882+0300] {override.py:1900} INFO - Created Permission View: menu access on DAG Run:consume_1_or_both_2_and_3_with_dataset_expressions
[2025-06-12T15:38:53.883+0300] {logging_mixin.py:190} INFO - [2025-06-12T15:38:53.883+0300] {override.py:1900} INFO - Created Permission View: can read on DAG Run:consume_1_or_both_2_and_3_with_dataset_expressions
[2025-06-12T15:38:53.885+0300] {logging_mixin.py:190} INFO - [2025-06-12T15:38:53.885+0300] {override.py:1900} INFO - Created Permission View: can create on DAG Run:consume_1_or_both_2_and_3_with_dataset_expressions
[2025-06-12T15:38:53.887+0300] {logging_mixin.py:190} INFO - [2025-06-12T15:38:53.887+0300] {override.py:1900} INFO - Created Permission View: can delete on DAG Run:consume_1_or_both_2_and_3_with_dataset_expressions
[2025-06-12T15:38:53.891+0300] {logging_mixin.py:190} INFO - [2025-06-12T15:38:53.890+0300] {override.py:1900} INFO - Created Permission View: can read on DAG:dataset_consumes_1
[2025-06-12T15:38:53.892+0300] {logging_mixin.py:190} INFO - [2025-06-12T15:38:53.892+0300] {override.py:1900} INFO - Created Permission View: can delete on DAG:dataset_consumes_1
[2025-06-12T15:38:53.894+0300] {logging_mixin.py:190} INFO - [2025-06-12T15:38:53.894+0300] {override.py:1900} INFO - Created Permission View: can edit on DAG:dataset_consumes_1
[2025-06-12T15:38:53.897+0300] {logging_mixin.py:190} INFO - [2025-06-12T15:38:53.897+0300] {override.py:1900} INFO - Created Permission View: menu access on DAG Run:dataset_consumes_1
[2025-06-12T15:38:53.898+0300] {logging_mixin.py:190} INFO - [2025-06-12T15:38:53.898+0300] {override.py:1900} INFO - Created Permission View: can read on DAG Run:dataset_consumes_1
[2025-06-12T15:38:53.900+0300] {logging_mixin.py:190} INFO - [2025-06-12T15:38:53.900+0300] {override.py:1900} INFO - Created Permission View: can create on DAG Run:dataset_consumes_1
[2025-06-12T15:38:53.902+0300] {logging_mixin.py:190} INFO - [2025-06-12T15:38:53.902+0300] {override.py:1900} INFO - Created Permission View: can delete on DAG Run:dataset_consumes_1
[2025-06-12T15:38:53.906+0300] {logging_mixin.py:190} INFO - [2025-06-12T15:38:53.906+0300] {override.py:1900} INFO - Created Permission View: can read on DAG:dataset_consumes_1_never_scheduled
[2025-06-12T15:38:53.908+0300] {logging_mixin.py:190} INFO - [2025-06-12T15:38:53.908+0300] {override.py:1900} INFO - Created Permission View: can delete on DAG:dataset_consumes_1_never_scheduled
[2025-06-12T15:38:53.910+0300] {logging_mixin.py:190} INFO - [2025-06-12T15:38:53.910+0300] {override.py:1900} INFO - Created Permission View: can edit on DAG:dataset_consumes_1_never_scheduled
[2025-06-12T15:38:53.913+0300] {logging_mixin.py:190} INFO - [2025-06-12T15:38:53.913+0300] {override.py:1900} INFO - Created Permission View: menu access on DAG Run:dataset_consumes_1_never_scheduled
[2025-06-12T15:38:53.915+0300] {logging_mixin.py:190} INFO - [2025-06-12T15:38:53.915+0300] {override.py:1900} INFO - Created Permission View: can read on DAG Run:dataset_consumes_1_never_scheduled
[2025-06-12T15:38:53.917+0300] {logging_mixin.py:190} INFO - [2025-06-12T15:38:53.917+0300] {override.py:1900} INFO - Created Permission View: can create on DAG Run:dataset_consumes_1_never_scheduled
[2025-06-12T15:38:53.919+0300] {logging_mixin.py:190} INFO - [2025-06-12T15:38:53.919+0300] {override.py:1900} INFO - Created Permission View: can delete on DAG Run:dataset_consumes_1_never_scheduled
[2025-06-12T15:38:53.924+0300] {logging_mixin.py:190} INFO - [2025-06-12T15:38:53.924+0300] {override.py:1900} INFO - Created Permission View: can read on DAG:dataset_produces_1
[2025-06-12T15:38:53.926+0300] {logging_mixin.py:190} INFO - [2025-06-12T15:38:53.926+0300] {override.py:1900} INFO - Created Permission View: can delete on DAG:dataset_produces_1
[2025-06-12T15:38:53.928+0300] {logging_mixin.py:190} INFO - [2025-06-12T15:38:53.928+0300] {override.py:1900} INFO - Created Permission View: can edit on DAG:dataset_produces_1
[2025-06-12T15:38:53.931+0300] {logging_mixin.py:190} INFO - [2025-06-12T15:38:53.931+0300] {override.py:1900} INFO - Created Permission View: menu access on DAG Run:dataset_produces_1
[2025-06-12T15:38:53.933+0300] {logging_mixin.py:190} INFO - [2025-06-12T15:38:53.933+0300] {override.py:1900} INFO - Created Permission View: can read on DAG Run:dataset_produces_1
[2025-06-12T15:38:53.935+0300] {logging_mixin.py:190} INFO - [2025-06-12T15:38:53.935+0300] {override.py:1900} INFO - Created Permission View: can create on DAG Run:dataset_produces_1
[2025-06-12T15:38:53.937+0300] {logging_mixin.py:190} INFO - [2025-06-12T15:38:53.937+0300] {override.py:1900} INFO - Created Permission View: can delete on DAG Run:dataset_produces_1
[2025-06-12T15:38:53.941+0300] {logging_mixin.py:190} INFO - [2025-06-12T15:38:53.941+0300] {override.py:1900} INFO - Created Permission View: can read on DAG:dataset_consumes_unknown_never_scheduled
[2025-06-12T15:38:53.943+0300] {logging_mixin.py:190} INFO - [2025-06-12T15:38:53.943+0300] {override.py:1900} INFO - Created Permission View: can delete on DAG:dataset_consumes_unknown_never_scheduled
[2025-06-12T15:38:53.945+0300] {logging_mixin.py:190} INFO - [2025-06-12T15:38:53.945+0300] {override.py:1900} INFO - Created Permission View: can edit on DAG:dataset_consumes_unknown_never_scheduled
[2025-06-12T15:38:53.948+0300] {logging_mixin.py:190} INFO - [2025-06-12T15:38:53.948+0300] {override.py:1900} INFO - Created Permission View: menu access on DAG Run:dataset_consumes_unknown_never_scheduled
[2025-06-12T15:38:53.950+0300] {logging_mixin.py:190} INFO - [2025-06-12T15:38:53.950+0300] {override.py:1900} INFO - Created Permission View: can read on DAG Run:dataset_consumes_unknown_never_scheduled
[2025-06-12T15:38:53.952+0300] {logging_mixin.py:190} INFO - [2025-06-12T15:38:53.952+0300] {override.py:1900} INFO - Created Permission View: can create on DAG Run:dataset_consumes_unknown_never_scheduled
[2025-06-12T15:38:53.955+0300] {logging_mixin.py:190} INFO - [2025-06-12T15:38:53.955+0300] {override.py:1900} INFO - Created Permission View: can delete on DAG Run:dataset_consumes_unknown_never_scheduled
[2025-06-12T15:38:53.959+0300] {logging_mixin.py:190} INFO - [2025-06-12T15:38:53.959+0300] {override.py:1900} INFO - Created Permission View: can read on DAG:conditional_dataset_and_time_based_timetable
[2025-06-12T15:38:53.962+0300] {logging_mixin.py:190} INFO - [2025-06-12T15:38:53.962+0300] {override.py:1900} INFO - Created Permission View: can delete on DAG:conditional_dataset_and_time_based_timetable
[2025-06-12T15:38:53.964+0300] {logging_mixin.py:190} INFO - [2025-06-12T15:38:53.963+0300] {override.py:1900} INFO - Created Permission View: can edit on DAG:conditional_dataset_and_time_based_timetable
[2025-06-12T15:38:53.966+0300] {logging_mixin.py:190} INFO - [2025-06-12T15:38:53.966+0300] {override.py:1900} INFO - Created Permission View: menu access on DAG Run:conditional_dataset_and_time_based_timetable
[2025-06-12T15:38:53.968+0300] {logging_mixin.py:190} INFO - [2025-06-12T15:38:53.968+0300] {override.py:1900} INFO - Created Permission View: can read on DAG Run:conditional_dataset_and_time_based_timetable
[2025-06-12T15:38:53.971+0300] {logging_mixin.py:190} INFO - [2025-06-12T15:38:53.971+0300] {override.py:1900} INFO - Created Permission View: can create on DAG Run:conditional_dataset_and_time_based_timetable
[2025-06-12T15:38:53.973+0300] {logging_mixin.py:190} INFO - [2025-06-12T15:38:53.973+0300] {override.py:1900} INFO - Created Permission View: can delete on DAG Run:conditional_dataset_and_time_based_timetable
[2025-06-12T15:38:53.973+0300] {logging_mixin.py:190} INFO - [2025-06-12T15:38:53.973+0300] {dag.py:3239} INFO - Sync 10 DAGs
[2025-06-12T15:38:53.977+0300] {logging_mixin.py:190} INFO - [2025-06-12T15:38:53.977+0300] {dag.py:3262} INFO - Creating ORM DAG for dataset_produces_1
[2025-06-12T15:38:53.977+0300] {logging_mixin.py:190} INFO - [2025-06-12T15:38:53.977+0300] {dag.py:3262} INFO - Creating ORM DAG for consume_1_and_2_with_dataset_expressions
[2025-06-12T15:38:53.977+0300] {logging_mixin.py:190} INFO - [2025-06-12T15:38:53.977+0300] {dag.py:3262} INFO - Creating ORM DAG for consume_1_or_both_2_and_3_with_dataset_expressions
[2025-06-12T15:38:53.977+0300] {logging_mixin.py:190} INFO - [2025-06-12T15:38:53.977+0300] {dag.py:3262} INFO - Creating ORM DAG for conditional_dataset_and_time_based_timetable
[2025-06-12T15:38:53.978+0300] {logging_mixin.py:190} INFO - [2025-06-12T15:38:53.978+0300] {dag.py:3262} INFO - Creating ORM DAG for dataset_produces_2
[2025-06-12T15:38:53.978+0300] {logging_mixin.py:190} INFO - [2025-06-12T15:38:53.978+0300] {dag.py:3262} INFO - Creating ORM DAG for dataset_consumes_1_never_scheduled
[2025-06-12T15:38:53.978+0300] {logging_mixin.py:190} INFO - [2025-06-12T15:38:53.978+0300] {dag.py:3262} INFO - Creating ORM DAG for dataset_consumes_unknown_never_scheduled
[2025-06-12T15:38:53.978+0300] {logging_mixin.py:190} INFO - [2025-06-12T15:38:53.978+0300] {dag.py:3262} INFO - Creating ORM DAG for consume_1_or_2_with_dataset_expressions
[2025-06-12T15:38:53.978+0300] {logging_mixin.py:190} INFO - [2025-06-12T15:38:53.978+0300] {dag.py:3262} INFO - Creating ORM DAG for dataset_consumes_1_and_2
[2025-06-12T15:38:53.978+0300] {logging_mixin.py:190} INFO - [2025-06-12T15:38:53.978+0300] {dag.py:3262} INFO - Creating ORM DAG for dataset_consumes_1
[2025-06-12T15:38:53.981+0300] {logging_mixin.py:190} INFO - [2025-06-12T15:38:53.981+0300] {dag.py:4180} INFO - Setting next_dagrun for conditional_dataset_and_time_based_timetable to 2025-06-11 01:00:00+00:00, run_after=2025-06-11 01:00:00+00:00
[2025-06-12T15:38:53.981+0300] {logging_mixin.py:190} INFO - [2025-06-12T15:38:53.981+0300] {dag.py:4180} INFO - Setting next_dagrun for consume_1_and_2_with_dataset_expressions to None, run_after=None
[2025-06-12T15:38:53.981+0300] {logging_mixin.py:190} INFO - [2025-06-12T15:38:53.981+0300] {dag.py:4180} INFO - Setting next_dagrun for consume_1_or_2_with_dataset_expressions to None, run_after=None
[2025-06-12T15:38:53.982+0300] {logging_mixin.py:190} INFO - [2025-06-12T15:38:53.982+0300] {dag.py:4180} INFO - Setting next_dagrun for consume_1_or_both_2_and_3_with_dataset_expressions to None, run_after=None
[2025-06-12T15:38:53.982+0300] {logging_mixin.py:190} INFO - [2025-06-12T15:38:53.982+0300] {dag.py:4180} INFO - Setting next_dagrun for dataset_consumes_1 to None, run_after=None
[2025-06-12T15:38:53.982+0300] {logging_mixin.py:190} INFO - [2025-06-12T15:38:53.982+0300] {dag.py:4180} INFO - Setting next_dagrun for dataset_consumes_1_and_2 to None, run_after=None
[2025-06-12T15:38:53.982+0300] {logging_mixin.py:190} INFO - [2025-06-12T15:38:53.982+0300] {dag.py:4180} INFO - Setting next_dagrun for dataset_consumes_1_never_scheduled to None, run_after=None
[2025-06-12T15:38:53.982+0300] {logging_mixin.py:190} INFO - [2025-06-12T15:38:53.982+0300] {dag.py:4180} INFO - Setting next_dagrun for dataset_consumes_unknown_never_scheduled to None, run_after=None
[2025-06-12T15:38:53.983+0300] {logging_mixin.py:190} INFO - [2025-06-12T15:38:53.983+0300] {dag.py:4180} INFO - Setting next_dagrun for dataset_produces_1 to 2025-06-11 00:00:00+00:00, run_after=2025-06-12 00:00:00+00:00
[2025-06-12T15:38:53.983+0300] {logging_mixin.py:190} INFO - [2025-06-12T15:38:53.983+0300] {dag.py:4180} INFO - Setting next_dagrun for dataset_produces_2 to None, run_after=None
[2025-06-12T15:38:53.991+0300] {logging_mixin.py:190} INFO - [2025-06-12T15:38:53.991+0300] {workday.py:41} WARNING - Could not import pandas. Holidays will not be considered.
[2025-06-12T15:38:53.997+0300] {processor.py:208} INFO - Processing /opt/anaconda3/envs/bc_pipeline/lib/python3.11/site-packages/airflow/example_dags/example_datasets.py took 0.299 seconds
[2025-06-12T15:59:14.013+0300] {processor.py:186} INFO - Started process (PID=29375) to work on /opt/anaconda3/envs/bc_pipeline/lib/python3.11/site-packages/airflow/example_dags/example_datasets.py
[2025-06-12T15:59:14.015+0300] {processor.py:914} INFO - Processing file /opt/anaconda3/envs/bc_pipeline/lib/python3.11/site-packages/airflow/example_dags/example_datasets.py for tasks to queue
[2025-06-12T15:59:14.015+0300] {logging_mixin.py:190} INFO - [2025-06-12T15:59:14.015+0300] {dagbag.py:588} INFO - Filling up the DagBag from /opt/anaconda3/envs/bc_pipeline/lib/python3.11/site-packages/airflow/example_dags/example_datasets.py
[2025-06-12T15:59:14.031+0300] {processor.py:925} INFO - DAG(s) 'consume_1_or_both_2_and_3_with_dataset_expressions', 'dataset_consumes_1_never_scheduled', 'dataset_produces_2', 'consume_1_and_2_with_dataset_expressions', 'dataset_consumes_1_and_2', 'conditional_dataset_and_time_based_timetable', 'dataset_consumes_1', 'dataset_produces_1', 'dataset_consumes_unknown_never_scheduled', 'consume_1_or_2_with_dataset_expressions' retrieved from /opt/anaconda3/envs/bc_pipeline/lib/python3.11/site-packages/airflow/example_dags/example_datasets.py
[2025-06-12T15:59:14.068+0300] {logging_mixin.py:190} INFO - [2025-06-12T15:59:14.068+0300] {dag.py:3239} INFO - Sync 10 DAGs
[2025-06-12T15:59:14.075+0300] {logging_mixin.py:190} INFO - [2025-06-12T15:59:14.075+0300] {dag.py:4180} INFO - Setting next_dagrun for conditional_dataset_and_time_based_timetable to 2025-06-11 01:00:00+00:00, run_after=2025-06-11 01:00:00+00:00
[2025-06-12T15:59:14.100+0300] {logging_mixin.py:190} INFO - [2025-06-12T15:59:14.100+0300] {dag.py:4180} INFO - Setting next_dagrun for consume_1_and_2_with_dataset_expressions to None, run_after=None
[2025-06-12T15:59:14.101+0300] {logging_mixin.py:190} INFO - [2025-06-12T15:59:14.101+0300] {dag.py:4180} INFO - Setting next_dagrun for consume_1_or_2_with_dataset_expressions to None, run_after=None
[2025-06-12T15:59:14.101+0300] {logging_mixin.py:190} INFO - [2025-06-12T15:59:14.101+0300] {dag.py:4180} INFO - Setting next_dagrun for consume_1_or_both_2_and_3_with_dataset_expressions to None, run_after=None
[2025-06-12T15:59:14.101+0300] {logging_mixin.py:190} INFO - [2025-06-12T15:59:14.101+0300] {dag.py:4180} INFO - Setting next_dagrun for dataset_consumes_1 to None, run_after=None
[2025-06-12T15:59:14.102+0300] {logging_mixin.py:190} INFO - [2025-06-12T15:59:14.102+0300] {dag.py:4180} INFO - Setting next_dagrun for dataset_consumes_1_and_2 to None, run_after=None
[2025-06-12T15:59:14.102+0300] {logging_mixin.py:190} INFO - [2025-06-12T15:59:14.102+0300] {dag.py:4180} INFO - Setting next_dagrun for dataset_consumes_1_never_scheduled to None, run_after=None
[2025-06-12T15:59:14.102+0300] {logging_mixin.py:190} INFO - [2025-06-12T15:59:14.102+0300] {dag.py:4180} INFO - Setting next_dagrun for dataset_consumes_unknown_never_scheduled to None, run_after=None
[2025-06-12T15:59:14.103+0300] {logging_mixin.py:190} INFO - [2025-06-12T15:59:14.103+0300] {dag.py:4180} INFO - Setting next_dagrun for dataset_produces_1 to 2025-06-11 00:00:00+00:00, run_after=2025-06-12 00:00:00+00:00
[2025-06-12T15:59:14.103+0300] {logging_mixin.py:190} INFO - [2025-06-12T15:59:14.103+0300] {dag.py:4180} INFO - Setting next_dagrun for dataset_produces_2 to None, run_after=None
[2025-06-12T15:59:14.112+0300] {processor.py:208} INFO - Processing /opt/anaconda3/envs/bc_pipeline/lib/python3.11/site-packages/airflow/example_dags/example_datasets.py took 0.100 seconds
[2025-06-12T16:01:56.291+0300] {processor.py:186} INFO - Started process (PID=31212) to work on /opt/anaconda3/envs/bc_pipeline/lib/python3.11/site-packages/airflow/example_dags/example_datasets.py
[2025-06-12T16:01:56.292+0300] {processor.py:914} INFO - Processing file /opt/anaconda3/envs/bc_pipeline/lib/python3.11/site-packages/airflow/example_dags/example_datasets.py for tasks to queue
[2025-06-12T16:01:56.293+0300] {logging_mixin.py:190} INFO - [2025-06-12T16:01:56.292+0300] {dagbag.py:588} INFO - Filling up the DagBag from /opt/anaconda3/envs/bc_pipeline/lib/python3.11/site-packages/airflow/example_dags/example_datasets.py
[2025-06-12T16:01:56.316+0300] {processor.py:925} INFO - DAG(s) 'conditional_dataset_and_time_based_timetable', 'consume_1_or_2_with_dataset_expressions', 'consume_1_or_both_2_and_3_with_dataset_expressions', 'dataset_consumes_1', 'dataset_produces_1', 'dataset_produces_2', 'dataset_consumes_unknown_never_scheduled', 'consume_1_and_2_with_dataset_expressions', 'dataset_consumes_1_and_2', 'dataset_consumes_1_never_scheduled' retrieved from /opt/anaconda3/envs/bc_pipeline/lib/python3.11/site-packages/airflow/example_dags/example_datasets.py
[2025-06-12T16:01:56.354+0300] {logging_mixin.py:190} INFO - [2025-06-12T16:01:56.354+0300] {dag.py:3239} INFO - Sync 10 DAGs
[2025-06-12T16:01:56.361+0300] {logging_mixin.py:190} INFO - [2025-06-12T16:01:56.361+0300] {dag.py:4180} INFO - Setting next_dagrun for conditional_dataset_and_time_based_timetable to 2025-06-11 01:00:00+00:00, run_after=2025-06-11 01:00:00+00:00
[2025-06-12T16:01:56.390+0300] {logging_mixin.py:190} INFO - [2025-06-12T16:01:56.390+0300] {dag.py:4180} INFO - Setting next_dagrun for consume_1_and_2_with_dataset_expressions to None, run_after=None
[2025-06-12T16:01:56.390+0300] {logging_mixin.py:190} INFO - [2025-06-12T16:01:56.390+0300] {dag.py:4180} INFO - Setting next_dagrun for consume_1_or_2_with_dataset_expressions to None, run_after=None
[2025-06-12T16:01:56.391+0300] {logging_mixin.py:190} INFO - [2025-06-12T16:01:56.391+0300] {dag.py:4180} INFO - Setting next_dagrun for consume_1_or_both_2_and_3_with_dataset_expressions to None, run_after=None
[2025-06-12T16:01:56.391+0300] {logging_mixin.py:190} INFO - [2025-06-12T16:01:56.391+0300] {dag.py:4180} INFO - Setting next_dagrun for dataset_consumes_1 to None, run_after=None
[2025-06-12T16:01:56.391+0300] {logging_mixin.py:190} INFO - [2025-06-12T16:01:56.391+0300] {dag.py:4180} INFO - Setting next_dagrun for dataset_consumes_1_and_2 to None, run_after=None
[2025-06-12T16:01:56.391+0300] {logging_mixin.py:190} INFO - [2025-06-12T16:01:56.391+0300] {dag.py:4180} INFO - Setting next_dagrun for dataset_consumes_1_never_scheduled to None, run_after=None
[2025-06-12T16:01:56.392+0300] {logging_mixin.py:190} INFO - [2025-06-12T16:01:56.392+0300] {dag.py:4180} INFO - Setting next_dagrun for dataset_consumes_unknown_never_scheduled to None, run_after=None
[2025-06-12T16:01:56.392+0300] {logging_mixin.py:190} INFO - [2025-06-12T16:01:56.392+0300] {dag.py:4180} INFO - Setting next_dagrun for dataset_produces_1 to 2025-06-11 00:00:00+00:00, run_after=2025-06-12 00:00:00+00:00
[2025-06-12T16:01:56.393+0300] {logging_mixin.py:190} INFO - [2025-06-12T16:01:56.393+0300] {dag.py:4180} INFO - Setting next_dagrun for dataset_produces_2 to None, run_after=None
[2025-06-12T16:01:56.402+0300] {processor.py:208} INFO - Processing /opt/anaconda3/envs/bc_pipeline/lib/python3.11/site-packages/airflow/example_dags/example_datasets.py took 0.113 seconds
