[2025-06-12T15:38:11.968+0300] {processor.py:186} INFO - Started process (PID=9941) to work on /opt/anaconda3/envs/bc_pipeline/lib/python3.11/site-packages/airflow/example_dags/example_skip_dag.py
[2025-06-12T15:38:11.969+0300] {processor.py:914} INFO - Processing file /opt/anaconda3/envs/bc_pipeline/lib/python3.11/site-packages/airflow/example_dags/example_skip_dag.py for tasks to queue
[2025-06-12T15:38:11.969+0300] {logging_mixin.py:190} INFO - [2025-06-12T15:38:11.969+0300] {dagbag.py:588} INFO - Filling up the DagBag from /opt/anaconda3/envs/bc_pipeline/lib/python3.11/site-packages/airflow/example_dags/example_skip_dag.py
[2025-06-12T15:38:11.973+0300] {processor.py:925} INFO - DAG(s) 'example_skip_dag' retrieved from /opt/anaconda3/envs/bc_pipeline/lib/python3.11/site-packages/airflow/example_dags/example_skip_dag.py
[2025-06-12T15:38:12.058+0300] {logging_mixin.py:190} INFO - [2025-06-12T15:38:12.058+0300] {override.py:1900} INFO - Created Permission View: can delete on DAG:example_skip_dag
[2025-06-12T15:38:12.061+0300] {logging_mixin.py:190} INFO - [2025-06-12T15:38:12.061+0300] {override.py:1900} INFO - Created Permission View: can edit on DAG:example_skip_dag
[2025-06-12T15:38:12.063+0300] {logging_mixin.py:190} INFO - [2025-06-12T15:38:12.063+0300] {override.py:1900} INFO - Created Permission View: can read on DAG:example_skip_dag
[2025-06-12T15:38:12.066+0300] {logging_mixin.py:190} INFO - [2025-06-12T15:38:12.066+0300] {override.py:1900} INFO - Created Permission View: can create on DAG Run:example_skip_dag
[2025-06-12T15:38:12.068+0300] {logging_mixin.py:190} INFO - [2025-06-12T15:38:12.068+0300] {override.py:1900} INFO - Created Permission View: can delete on DAG Run:example_skip_dag
[2025-06-12T15:38:12.070+0300] {logging_mixin.py:190} INFO - [2025-06-12T15:38:12.070+0300] {override.py:1900} INFO - Created Permission View: menu access on DAG Run:example_skip_dag
[2025-06-12T15:38:12.072+0300] {logging_mixin.py:190} INFO - [2025-06-12T15:38:12.072+0300] {override.py:1900} INFO - Created Permission View: can read on DAG Run:example_skip_dag
[2025-06-12T15:38:12.072+0300] {logging_mixin.py:190} INFO - [2025-06-12T15:38:12.072+0300] {dag.py:3239} INFO - Sync 1 DAGs
[2025-06-12T15:38:12.076+0300] {logging_mixin.py:190} INFO - [2025-06-12T15:38:12.076+0300] {dag.py:3262} INFO - Creating ORM DAG for example_skip_dag
[2025-06-12T15:38:12.079+0300] {logging_mixin.py:190} INFO - [2025-06-12T15:38:12.079+0300] {dag.py:4180} INFO - Setting next_dagrun for example_skip_dag to 2025-06-11 00:00:00+00:00, run_after=2025-06-12 00:00:00+00:00
[2025-06-12T15:38:12.084+0300] {processor.py:208} INFO - Processing /opt/anaconda3/envs/bc_pipeline/lib/python3.11/site-packages/airflow/example_dags/example_skip_dag.py took 0.117 seconds
[2025-06-12T15:58:33.828+0300] {processor.py:186} INFO - Started process (PID=28831) to work on /opt/anaconda3/envs/bc_pipeline/lib/python3.11/site-packages/airflow/example_dags/example_skip_dag.py
[2025-06-12T15:58:33.829+0300] {processor.py:914} INFO - Processing file /opt/anaconda3/envs/bc_pipeline/lib/python3.11/site-packages/airflow/example_dags/example_skip_dag.py for tasks to queue
[2025-06-12T15:58:33.829+0300] {logging_mixin.py:190} INFO - [2025-06-12T15:58:33.829+0300] {dagbag.py:588} INFO - Filling up the DagBag from /opt/anaconda3/envs/bc_pipeline/lib/python3.11/site-packages/airflow/example_dags/example_skip_dag.py
[2025-06-12T15:58:33.832+0300] {processor.py:925} INFO - DAG(s) 'example_skip_dag' retrieved from /opt/anaconda3/envs/bc_pipeline/lib/python3.11/site-packages/airflow/example_dags/example_skip_dag.py
[2025-06-12T15:58:33.866+0300] {logging_mixin.py:190} INFO - [2025-06-12T15:58:33.866+0300] {dag.py:3239} INFO - Sync 1 DAGs
[2025-06-12T15:58:33.872+0300] {logging_mixin.py:190} INFO - [2025-06-12T15:58:33.872+0300] {dag.py:4180} INFO - Setting next_dagrun for example_skip_dag to 2025-06-11 00:00:00+00:00, run_after=2025-06-12 00:00:00+00:00
[2025-06-12T15:58:33.878+0300] {processor.py:208} INFO - Processing /opt/anaconda3/envs/bc_pipeline/lib/python3.11/site-packages/airflow/example_dags/example_skip_dag.py took 0.051 seconds
[2025-06-12T16:00:14.918+0300] {processor.py:186} INFO - Started process (PID=30050) to work on /opt/anaconda3/envs/bc_pipeline/lib/python3.11/site-packages/airflow/example_dags/example_skip_dag.py
[2025-06-12T16:00:14.920+0300] {processor.py:914} INFO - Processing file /opt/anaconda3/envs/bc_pipeline/lib/python3.11/site-packages/airflow/example_dags/example_skip_dag.py for tasks to queue
[2025-06-12T16:00:14.920+0300] {logging_mixin.py:190} INFO - [2025-06-12T16:00:14.920+0300] {dagbag.py:588} INFO - Filling up the DagBag from /opt/anaconda3/envs/bc_pipeline/lib/python3.11/site-packages/airflow/example_dags/example_skip_dag.py
[2025-06-12T16:00:14.923+0300] {processor.py:925} INFO - DAG(s) 'example_skip_dag' retrieved from /opt/anaconda3/envs/bc_pipeline/lib/python3.11/site-packages/airflow/example_dags/example_skip_dag.py
[2025-06-12T16:00:14.961+0300] {logging_mixin.py:190} INFO - [2025-06-12T16:00:14.960+0300] {dag.py:3239} INFO - Sync 1 DAGs
[2025-06-12T16:00:14.968+0300] {logging_mixin.py:190} INFO - [2025-06-12T16:00:14.968+0300] {dag.py:4180} INFO - Setting next_dagrun for example_skip_dag to 2025-06-11 00:00:00+00:00, run_after=2025-06-12 00:00:00+00:00
[2025-06-12T16:00:14.975+0300] {processor.py:208} INFO - Processing /opt/anaconda3/envs/bc_pipeline/lib/python3.11/site-packages/airflow/example_dags/example_skip_dag.py took 0.058 seconds
[2025-06-12T16:01:45.517+0300] {processor.py:186} INFO - Started process (PID=31099) to work on /opt/anaconda3/envs/bc_pipeline/lib/python3.11/site-packages/airflow/example_dags/example_skip_dag.py
[2025-06-12T16:01:45.518+0300] {processor.py:914} INFO - Processing file /opt/anaconda3/envs/bc_pipeline/lib/python3.11/site-packages/airflow/example_dags/example_skip_dag.py for tasks to queue
[2025-06-12T16:01:45.518+0300] {logging_mixin.py:190} INFO - [2025-06-12T16:01:45.518+0300] {dagbag.py:588} INFO - Filling up the DagBag from /opt/anaconda3/envs/bc_pipeline/lib/python3.11/site-packages/airflow/example_dags/example_skip_dag.py
[2025-06-12T16:01:45.521+0300] {processor.py:925} INFO - DAG(s) 'example_skip_dag' retrieved from /opt/anaconda3/envs/bc_pipeline/lib/python3.11/site-packages/airflow/example_dags/example_skip_dag.py
[2025-06-12T16:01:45.555+0300] {logging_mixin.py:190} INFO - [2025-06-12T16:01:45.555+0300] {dag.py:3239} INFO - Sync 1 DAGs
[2025-06-12T16:01:45.562+0300] {logging_mixin.py:190} INFO - [2025-06-12T16:01:45.561+0300] {dag.py:4180} INFO - Setting next_dagrun for example_skip_dag to 2025-06-11 00:00:00+00:00, run_after=2025-06-12 00:00:00+00:00
[2025-06-12T16:01:45.568+0300] {processor.py:208} INFO - Processing /opt/anaconda3/envs/bc_pipeline/lib/python3.11/site-packages/airflow/example_dags/example_skip_dag.py took 0.053 seconds
[2025-06-12T16:02:55.729+0300] {processor.py:186} INFO - Started process (PID=31870) to work on /opt/anaconda3/envs/bc_pipeline/lib/python3.11/site-packages/airflow/example_dags/example_skip_dag.py
[2025-06-12T16:02:55.730+0300] {processor.py:914} INFO - Processing file /opt/anaconda3/envs/bc_pipeline/lib/python3.11/site-packages/airflow/example_dags/example_skip_dag.py for tasks to queue
[2025-06-12T16:02:55.731+0300] {logging_mixin.py:190} INFO - [2025-06-12T16:02:55.731+0300] {dagbag.py:588} INFO - Filling up the DagBag from /opt/anaconda3/envs/bc_pipeline/lib/python3.11/site-packages/airflow/example_dags/example_skip_dag.py
[2025-06-12T16:02:55.734+0300] {processor.py:925} INFO - DAG(s) 'example_skip_dag' retrieved from /opt/anaconda3/envs/bc_pipeline/lib/python3.11/site-packages/airflow/example_dags/example_skip_dag.py
[2025-06-12T16:02:55.765+0300] {logging_mixin.py:190} INFO - [2025-06-12T16:02:55.765+0300] {dag.py:3239} INFO - Sync 1 DAGs
[2025-06-12T16:02:55.771+0300] {logging_mixin.py:190} INFO - [2025-06-12T16:02:55.771+0300] {dag.py:4180} INFO - Setting next_dagrun for example_skip_dag to 2025-06-11 00:00:00+00:00, run_after=2025-06-12 00:00:00+00:00
[2025-06-12T16:02:55.777+0300] {processor.py:208} INFO - Processing /opt/anaconda3/envs/bc_pipeline/lib/python3.11/site-packages/airflow/example_dags/example_skip_dag.py took 0.049 seconds
