[2025-06-12T15:38:08.566+0300] {processor.py:186} INFO - Started process (PID=9916) to work on /opt/anaconda3/envs/bc_pipeline/lib/python3.11/site-packages/airflow/example_dags/example_subdag_operator.py
[2025-06-12T15:38:08.567+0300] {processor.py:914} INFO - Processing file /opt/anaconda3/envs/bc_pipeline/lib/python3.11/site-packages/airflow/example_dags/example_subdag_operator.py for tasks to queue
[2025-06-12T15:38:08.567+0300] {logging_mixin.py:190} INFO - [2025-06-12T15:38:08.567+0300] {dagbag.py:588} INFO - Filling up the DagBag from /opt/anaconda3/envs/bc_pipeline/lib/python3.11/site-packages/airflow/example_dags/example_subdag_operator.py
[2025-06-12T15:38:08.605+0300] {processor.py:925} INFO - DAG(s) 'example_subdag_operator.section-1', 'example_subdag_operator.section-2', 'example_subdag_operator' retrieved from /opt/anaconda3/envs/bc_pipeline/lib/python3.11/site-packages/airflow/example_dags/example_subdag_operator.py
[2025-06-12T15:38:08.611+0300] {logging_mixin.py:190} INFO - [2025-06-12T15:38:08.611+0300] {workday.py:41} WARNING - Could not import pandas. Holidays will not be considered.
[2025-06-12T15:38:08.683+0300] {logging_mixin.py:190} INFO - [2025-06-12T15:38:08.683+0300] {override.py:1900} INFO - Created Permission View: can edit on DAG:example_subdag_operator
[2025-06-12T15:38:08.687+0300] {logging_mixin.py:190} INFO - [2025-06-12T15:38:08.687+0300] {override.py:1900} INFO - Created Permission View: can read on DAG:example_subdag_operator
[2025-06-12T15:38:08.689+0300] {logging_mixin.py:190} INFO - [2025-06-12T15:38:08.689+0300] {override.py:1900} INFO - Created Permission View: can delete on DAG:example_subdag_operator
[2025-06-12T15:38:08.693+0300] {logging_mixin.py:190} INFO - [2025-06-12T15:38:08.693+0300] {override.py:1900} INFO - Created Permission View: menu access on DAG Run:example_subdag_operator
[2025-06-12T15:38:08.696+0300] {logging_mixin.py:190} INFO - [2025-06-12T15:38:08.695+0300] {override.py:1900} INFO - Created Permission View: can create on DAG Run:example_subdag_operator
[2025-06-12T15:38:08.698+0300] {logging_mixin.py:190} INFO - [2025-06-12T15:38:08.698+0300] {override.py:1900} INFO - Created Permission View: can read on DAG Run:example_subdag_operator
[2025-06-12T15:38:08.700+0300] {logging_mixin.py:190} INFO - [2025-06-12T15:38:08.700+0300] {override.py:1900} INFO - Created Permission View: can delete on DAG Run:example_subdag_operator
[2025-06-12T15:38:08.700+0300] {logging_mixin.py:190} INFO - [2025-06-12T15:38:08.700+0300] {dag.py:3239} INFO - Sync 3 DAGs
[2025-06-12T15:38:08.705+0300] {logging_mixin.py:190} INFO - [2025-06-12T15:38:08.704+0300] {dag.py:3262} INFO - Creating ORM DAG for example_subdag_operator.section-2
[2025-06-12T15:38:08.705+0300] {logging_mixin.py:190} INFO - [2025-06-12T15:38:08.705+0300] {dag.py:3262} INFO - Creating ORM DAG for example_subdag_operator
[2025-06-12T15:38:08.705+0300] {logging_mixin.py:190} INFO - [2025-06-12T15:38:08.705+0300] {dag.py:3262} INFO - Creating ORM DAG for example_subdag_operator.section-1
[2025-06-12T15:38:08.708+0300] {logging_mixin.py:190} INFO - [2025-06-12T15:38:08.708+0300] {dag.py:4180} INFO - Setting next_dagrun for example_subdag_operator to 2022-01-01 00:00:00+00:00, run_after=2022-01-01 00:00:00+00:00
[2025-06-12T15:38:08.708+0300] {logging_mixin.py:190} INFO - [2025-06-12T15:38:08.708+0300] {dag.py:4180} INFO - Setting next_dagrun for example_subdag_operator.section-1 to None, run_after=None
[2025-06-12T15:38:08.708+0300] {logging_mixin.py:190} INFO - [2025-06-12T15:38:08.708+0300] {dag.py:4180} INFO - Setting next_dagrun for example_subdag_operator.section-2 to None, run_after=None
[2025-06-12T15:38:08.710+0300] {logging_mixin.py:190} INFO - [2025-06-12T15:38:08.710+0300] {dag.py:3239} INFO - Sync 2 DAGs
[2025-06-12T15:38:08.712+0300] {logging_mixin.py:190} INFO - [2025-06-12T15:38:08.712+0300] {dag.py:4180} INFO - Setting next_dagrun for example_subdag_operator.section-1 to None, run_after=None
[2025-06-12T15:38:08.713+0300] {logging_mixin.py:190} INFO - [2025-06-12T15:38:08.713+0300] {dag.py:4180} INFO - Setting next_dagrun for example_subdag_operator.section-2 to None, run_after=None
[2025-06-12T15:38:08.718+0300] {processor.py:208} INFO - Processing /opt/anaconda3/envs/bc_pipeline/lib/python3.11/site-packages/airflow/example_dags/example_subdag_operator.py took 0.154 seconds
[2025-06-12T15:58:29.950+0300] {processor.py:186} INFO - Started process (PID=28787) to work on /opt/anaconda3/envs/bc_pipeline/lib/python3.11/site-packages/airflow/example_dags/example_subdag_operator.py
[2025-06-12T15:58:29.950+0300] {processor.py:914} INFO - Processing file /opt/anaconda3/envs/bc_pipeline/lib/python3.11/site-packages/airflow/example_dags/example_subdag_operator.py for tasks to queue
[2025-06-12T15:58:29.951+0300] {logging_mixin.py:190} INFO - [2025-06-12T15:58:29.951+0300] {dagbag.py:588} INFO - Filling up the DagBag from /opt/anaconda3/envs/bc_pipeline/lib/python3.11/site-packages/airflow/example_dags/example_subdag_operator.py
[2025-06-12T15:58:29.985+0300] {processor.py:925} INFO - DAG(s) 'example_subdag_operator.section-1', 'example_subdag_operator.section-2', 'example_subdag_operator' retrieved from /opt/anaconda3/envs/bc_pipeline/lib/python3.11/site-packages/airflow/example_dags/example_subdag_operator.py
[2025-06-12T15:58:30.243+0300] {logging_mixin.py:190} INFO - [2025-06-12T15:58:30.242+0300] {dag.py:3239} INFO - Sync 3 DAGs
[2025-06-12T15:58:30.248+0300] {logging_mixin.py:190} INFO - [2025-06-12T15:58:30.248+0300] {dag.py:4180} INFO - Setting next_dagrun for example_subdag_operator to 2022-01-01 00:00:00+00:00, run_after=2022-01-01 00:00:00+00:00
[2025-06-12T15:58:30.249+0300] {logging_mixin.py:190} INFO - [2025-06-12T15:58:30.249+0300] {dag.py:4180} INFO - Setting next_dagrun for example_subdag_operator.section-1 to None, run_after=None
[2025-06-12T15:58:30.250+0300] {logging_mixin.py:190} INFO - [2025-06-12T15:58:30.250+0300] {dag.py:4180} INFO - Setting next_dagrun for example_subdag_operator.section-2 to None, run_after=None
[2025-06-12T15:58:30.252+0300] {logging_mixin.py:190} INFO - [2025-06-12T15:58:30.252+0300] {dag.py:3239} INFO - Sync 2 DAGs
[2025-06-12T15:58:30.253+0300] {logging_mixin.py:190} INFO - [2025-06-12T15:58:30.253+0300] {dag.py:4180} INFO - Setting next_dagrun for example_subdag_operator.section-1 to None, run_after=None
[2025-06-12T15:58:30.253+0300] {logging_mixin.py:190} INFO - [2025-06-12T15:58:30.253+0300] {dag.py:4180} INFO - Setting next_dagrun for example_subdag_operator.section-2 to None, run_after=None
[2025-06-12T15:58:30.258+0300] {processor.py:208} INFO - Processing /opt/anaconda3/envs/bc_pipeline/lib/python3.11/site-packages/airflow/example_dags/example_subdag_operator.py took 0.310 seconds
[2025-06-12T16:00:11.620+0300] {processor.py:186} INFO - Started process (PID=30006) to work on /opt/anaconda3/envs/bc_pipeline/lib/python3.11/site-packages/airflow/example_dags/example_subdag_operator.py
[2025-06-12T16:00:11.621+0300] {processor.py:914} INFO - Processing file /opt/anaconda3/envs/bc_pipeline/lib/python3.11/site-packages/airflow/example_dags/example_subdag_operator.py for tasks to queue
[2025-06-12T16:00:11.622+0300] {logging_mixin.py:190} INFO - [2025-06-12T16:00:11.622+0300] {dagbag.py:588} INFO - Filling up the DagBag from /opt/anaconda3/envs/bc_pipeline/lib/python3.11/site-packages/airflow/example_dags/example_subdag_operator.py
[2025-06-12T16:00:11.658+0300] {processor.py:925} INFO - DAG(s) 'example_subdag_operator.section-1', 'example_subdag_operator.section-2', 'example_subdag_operator' retrieved from /opt/anaconda3/envs/bc_pipeline/lib/python3.11/site-packages/airflow/example_dags/example_subdag_operator.py
[2025-06-12T16:00:11.929+0300] {logging_mixin.py:190} INFO - [2025-06-12T16:00:11.929+0300] {dag.py:3239} INFO - Sync 3 DAGs
[2025-06-12T16:00:11.935+0300] {logging_mixin.py:190} INFO - [2025-06-12T16:00:11.935+0300] {dag.py:4180} INFO - Setting next_dagrun for example_subdag_operator to 2022-01-01 00:00:00+00:00, run_after=2022-01-01 00:00:00+00:00
[2025-06-12T16:00:11.936+0300] {logging_mixin.py:190} INFO - [2025-06-12T16:00:11.936+0300] {dag.py:4180} INFO - Setting next_dagrun for example_subdag_operator.section-1 to None, run_after=None
[2025-06-12T16:00:11.936+0300] {logging_mixin.py:190} INFO - [2025-06-12T16:00:11.936+0300] {dag.py:4180} INFO - Setting next_dagrun for example_subdag_operator.section-2 to None, run_after=None
[2025-06-12T16:00:11.938+0300] {logging_mixin.py:190} INFO - [2025-06-12T16:00:11.938+0300] {dag.py:3239} INFO - Sync 2 DAGs
[2025-06-12T16:00:11.940+0300] {logging_mixin.py:190} INFO - [2025-06-12T16:00:11.939+0300] {dag.py:4180} INFO - Setting next_dagrun for example_subdag_operator.section-1 to None, run_after=None
[2025-06-12T16:00:11.940+0300] {logging_mixin.py:190} INFO - [2025-06-12T16:00:11.940+0300] {dag.py:4180} INFO - Setting next_dagrun for example_subdag_operator.section-2 to None, run_after=None
[2025-06-12T16:00:11.944+0300] {processor.py:208} INFO - Processing /opt/anaconda3/envs/bc_pipeline/lib/python3.11/site-packages/airflow/example_dags/example_subdag_operator.py took 0.325 seconds
[2025-06-12T16:01:41.519+0300] {processor.py:186} INFO - Started process (PID=31053) to work on /opt/anaconda3/envs/bc_pipeline/lib/python3.11/site-packages/airflow/example_dags/example_subdag_operator.py
[2025-06-12T16:01:41.519+0300] {processor.py:914} INFO - Processing file /opt/anaconda3/envs/bc_pipeline/lib/python3.11/site-packages/airflow/example_dags/example_subdag_operator.py for tasks to queue
[2025-06-12T16:01:41.520+0300] {logging_mixin.py:190} INFO - [2025-06-12T16:01:41.520+0300] {dagbag.py:588} INFO - Filling up the DagBag from /opt/anaconda3/envs/bc_pipeline/lib/python3.11/site-packages/airflow/example_dags/example_subdag_operator.py
[2025-06-12T16:01:41.554+0300] {processor.py:925} INFO - DAG(s) 'example_subdag_operator.section-1', 'example_subdag_operator.section-2', 'example_subdag_operator' retrieved from /opt/anaconda3/envs/bc_pipeline/lib/python3.11/site-packages/airflow/example_dags/example_subdag_operator.py
[2025-06-12T16:01:41.844+0300] {logging_mixin.py:190} INFO - [2025-06-12T16:01:41.844+0300] {dag.py:3239} INFO - Sync 3 DAGs
[2025-06-12T16:01:41.850+0300] {logging_mixin.py:190} INFO - [2025-06-12T16:01:41.850+0300] {dag.py:4180} INFO - Setting next_dagrun for example_subdag_operator to 2022-01-01 00:00:00+00:00, run_after=2022-01-01 00:00:00+00:00
[2025-06-12T16:01:41.852+0300] {logging_mixin.py:190} INFO - [2025-06-12T16:01:41.851+0300] {dag.py:4180} INFO - Setting next_dagrun for example_subdag_operator.section-1 to None, run_after=None
[2025-06-12T16:01:41.852+0300] {logging_mixin.py:190} INFO - [2025-06-12T16:01:41.852+0300] {dag.py:4180} INFO - Setting next_dagrun for example_subdag_operator.section-2 to None, run_after=None
[2025-06-12T16:01:41.854+0300] {logging_mixin.py:190} INFO - [2025-06-12T16:01:41.854+0300] {dag.py:3239} INFO - Sync 2 DAGs
[2025-06-12T16:01:41.855+0300] {logging_mixin.py:190} INFO - [2025-06-12T16:01:41.855+0300] {dag.py:4180} INFO - Setting next_dagrun for example_subdag_operator.section-1 to None, run_after=None
[2025-06-12T16:01:41.855+0300] {logging_mixin.py:190} INFO - [2025-06-12T16:01:41.855+0300] {dag.py:4180} INFO - Setting next_dagrun for example_subdag_operator.section-2 to None, run_after=None
[2025-06-12T16:01:41.860+0300] {processor.py:208} INFO - Processing /opt/anaconda3/envs/bc_pipeline/lib/python3.11/site-packages/airflow/example_dags/example_subdag_operator.py took 0.343 seconds
[2025-06-12T16:02:51.800+0300] {processor.py:186} INFO - Started process (PID=31826) to work on /opt/anaconda3/envs/bc_pipeline/lib/python3.11/site-packages/airflow/example_dags/example_subdag_operator.py
[2025-06-12T16:02:51.801+0300] {processor.py:914} INFO - Processing file /opt/anaconda3/envs/bc_pipeline/lib/python3.11/site-packages/airflow/example_dags/example_subdag_operator.py for tasks to queue
[2025-06-12T16:02:51.801+0300] {logging_mixin.py:190} INFO - [2025-06-12T16:02:51.801+0300] {dagbag.py:588} INFO - Filling up the DagBag from /opt/anaconda3/envs/bc_pipeline/lib/python3.11/site-packages/airflow/example_dags/example_subdag_operator.py
[2025-06-12T16:02:51.838+0300] {processor.py:925} INFO - DAG(s) 'example_subdag_operator.section-1', 'example_subdag_operator.section-2', 'example_subdag_operator' retrieved from /opt/anaconda3/envs/bc_pipeline/lib/python3.11/site-packages/airflow/example_dags/example_subdag_operator.py
[2025-06-12T16:02:52.147+0300] {logging_mixin.py:190} INFO - [2025-06-12T16:02:52.147+0300] {dag.py:3239} INFO - Sync 3 DAGs
[2025-06-12T16:02:52.153+0300] {logging_mixin.py:190} INFO - [2025-06-12T16:02:52.153+0300] {dag.py:4180} INFO - Setting next_dagrun for example_subdag_operator to 2022-01-01 00:00:00+00:00, run_after=2022-01-01 00:00:00+00:00
[2025-06-12T16:02:52.155+0300] {logging_mixin.py:190} INFO - [2025-06-12T16:02:52.154+0300] {dag.py:4180} INFO - Setting next_dagrun for example_subdag_operator.section-1 to None, run_after=None
[2025-06-12T16:02:52.155+0300] {logging_mixin.py:190} INFO - [2025-06-12T16:02:52.155+0300] {dag.py:4180} INFO - Setting next_dagrun for example_subdag_operator.section-2 to None, run_after=None
[2025-06-12T16:02:52.157+0300] {logging_mixin.py:190} INFO - [2025-06-12T16:02:52.157+0300] {dag.py:3239} INFO - Sync 2 DAGs
[2025-06-12T16:02:52.158+0300] {logging_mixin.py:190} INFO - [2025-06-12T16:02:52.158+0300] {dag.py:4180} INFO - Setting next_dagrun for example_subdag_operator.section-1 to None, run_after=None
[2025-06-12T16:02:52.158+0300] {logging_mixin.py:190} INFO - [2025-06-12T16:02:52.158+0300] {dag.py:4180} INFO - Setting next_dagrun for example_subdag_operator.section-2 to None, run_after=None
[2025-06-12T16:02:52.163+0300] {processor.py:208} INFO - Processing /opt/anaconda3/envs/bc_pipeline/lib/python3.11/site-packages/airflow/example_dags/example_subdag_operator.py took 0.364 seconds
