[2025-06-12T15:38:26.400+0300] {processor.py:186} INFO - Started process (PID=10102) to work on /opt/anaconda3/envs/bc_pipeline/lib/python3.11/site-packages/airflow/example_dags/example_python_decorator.py
[2025-06-12T15:38:26.400+0300] {processor.py:914} INFO - Processing file /opt/anaconda3/envs/bc_pipeline/lib/python3.11/site-packages/airflow/example_dags/example_python_decorator.py for tasks to queue
[2025-06-12T15:38:26.401+0300] {logging_mixin.py:190} INFO - [2025-06-12T15:38:26.401+0300] {dagbag.py:588} INFO - Filling up the DagBag from /opt/anaconda3/envs/bc_pipeline/lib/python3.11/site-packages/airflow/example_dags/example_python_decorator.py
[2025-06-12T15:38:26.417+0300] {logging_mixin.py:190} INFO - [2025-06-12T15:38:26.417+0300] {example_python_decorator.py:80} WARNING - The virtalenv_python example task requires virtualenv, please install it.
[2025-06-12T15:38:26.418+0300] {processor.py:925} INFO - DAG(s) 'example_python_decorator' retrieved from /opt/anaconda3/envs/bc_pipeline/lib/python3.11/site-packages/airflow/example_dags/example_python_decorator.py
[2025-06-12T15:38:26.506+0300] {logging_mixin.py:190} INFO - [2025-06-12T15:38:26.505+0300] {override.py:1900} INFO - Created Permission View: can read on DAG:example_python_decorator
[2025-06-12T15:38:26.509+0300] {logging_mixin.py:190} INFO - [2025-06-12T15:38:26.509+0300] {override.py:1900} INFO - Created Permission View: can edit on DAG:example_python_decorator
[2025-06-12T15:38:26.511+0300] {logging_mixin.py:190} INFO - [2025-06-12T15:38:26.511+0300] {override.py:1900} INFO - Created Permission View: can delete on DAG:example_python_decorator
[2025-06-12T15:38:26.514+0300] {logging_mixin.py:190} INFO - [2025-06-12T15:38:26.513+0300] {override.py:1900} INFO - Created Permission View: menu access on DAG Run:example_python_decorator
[2025-06-12T15:38:26.515+0300] {logging_mixin.py:190} INFO - [2025-06-12T15:38:26.515+0300] {override.py:1900} INFO - Created Permission View: can read on DAG Run:example_python_decorator
[2025-06-12T15:38:26.517+0300] {logging_mixin.py:190} INFO - [2025-06-12T15:38:26.517+0300] {override.py:1900} INFO - Created Permission View: can delete on DAG Run:example_python_decorator
[2025-06-12T15:38:26.519+0300] {logging_mixin.py:190} INFO - [2025-06-12T15:38:26.519+0300] {override.py:1900} INFO - Created Permission View: can create on DAG Run:example_python_decorator
[2025-06-12T15:38:26.519+0300] {logging_mixin.py:190} INFO - [2025-06-12T15:38:26.519+0300] {dag.py:3239} INFO - Sync 1 DAGs
[2025-06-12T15:38:26.523+0300] {logging_mixin.py:190} INFO - [2025-06-12T15:38:26.523+0300] {dag.py:3262} INFO - Creating ORM DAG for example_python_decorator
[2025-06-12T15:38:26.523+0300] {logging_mixin.py:190} INFO - [2025-06-12T15:38:26.523+0300] {dag.py:4180} INFO - Setting next_dagrun for example_python_decorator to None, run_after=None
[2025-06-12T15:38:26.529+0300] {processor.py:208} INFO - Processing /opt/anaconda3/envs/bc_pipeline/lib/python3.11/site-packages/airflow/example_dags/example_python_decorator.py took 0.130 seconds
[2025-06-12T15:58:48.493+0300] {processor.py:186} INFO - Started process (PID=28990) to work on /opt/anaconda3/envs/bc_pipeline/lib/python3.11/site-packages/airflow/example_dags/example_python_decorator.py
[2025-06-12T15:58:48.494+0300] {processor.py:914} INFO - Processing file /opt/anaconda3/envs/bc_pipeline/lib/python3.11/site-packages/airflow/example_dags/example_python_decorator.py for tasks to queue
[2025-06-12T15:58:48.495+0300] {logging_mixin.py:190} INFO - [2025-06-12T15:58:48.495+0300] {dagbag.py:588} INFO - Filling up the DagBag from /opt/anaconda3/envs/bc_pipeline/lib/python3.11/site-packages/airflow/example_dags/example_python_decorator.py
[2025-06-12T15:58:48.510+0300] {logging_mixin.py:190} INFO - [2025-06-12T15:58:48.510+0300] {example_python_decorator.py:80} WARNING - The virtalenv_python example task requires virtualenv, please install it.
[2025-06-12T15:58:48.511+0300] {processor.py:925} INFO - DAG(s) 'example_python_decorator' retrieved from /opt/anaconda3/envs/bc_pipeline/lib/python3.11/site-packages/airflow/example_dags/example_python_decorator.py
[2025-06-12T15:58:48.543+0300] {logging_mixin.py:190} INFO - [2025-06-12T15:58:48.543+0300] {dag.py:3239} INFO - Sync 1 DAGs
[2025-06-12T15:58:48.574+0300] {logging_mixin.py:190} INFO - [2025-06-12T15:58:48.574+0300] {dag.py:4180} INFO - Setting next_dagrun for example_python_decorator to None, run_after=None
[2025-06-12T15:58:48.580+0300] {processor.py:208} INFO - Processing /opt/anaconda3/envs/bc_pipeline/lib/python3.11/site-packages/airflow/example_dags/example_python_decorator.py took 0.088 seconds
[2025-06-12T16:00:29.159+0300] {processor.py:186} INFO - Started process (PID=30209) to work on /opt/anaconda3/envs/bc_pipeline/lib/python3.11/site-packages/airflow/example_dags/example_python_decorator.py
[2025-06-12T16:00:29.160+0300] {processor.py:914} INFO - Processing file /opt/anaconda3/envs/bc_pipeline/lib/python3.11/site-packages/airflow/example_dags/example_python_decorator.py for tasks to queue
[2025-06-12T16:00:29.160+0300] {logging_mixin.py:190} INFO - [2025-06-12T16:00:29.160+0300] {dagbag.py:588} INFO - Filling up the DagBag from /opt/anaconda3/envs/bc_pipeline/lib/python3.11/site-packages/airflow/example_dags/example_python_decorator.py
[2025-06-12T16:00:29.175+0300] {logging_mixin.py:190} INFO - [2025-06-12T16:00:29.175+0300] {example_python_decorator.py:80} WARNING - The virtalenv_python example task requires virtualenv, please install it.
[2025-06-12T16:00:29.176+0300] {processor.py:925} INFO - DAG(s) 'example_python_decorator' retrieved from /opt/anaconda3/envs/bc_pipeline/lib/python3.11/site-packages/airflow/example_dags/example_python_decorator.py
[2025-06-12T16:00:29.207+0300] {logging_mixin.py:190} INFO - [2025-06-12T16:00:29.207+0300] {dag.py:3239} INFO - Sync 1 DAGs
[2025-06-12T16:00:29.235+0300] {logging_mixin.py:190} INFO - [2025-06-12T16:00:29.235+0300] {dag.py:4180} INFO - Setting next_dagrun for example_python_decorator to None, run_after=None
[2025-06-12T16:00:29.242+0300] {processor.py:208} INFO - Processing /opt/anaconda3/envs/bc_pipeline/lib/python3.11/site-packages/airflow/example_dags/example_python_decorator.py took 0.085 seconds
