[2025-06-12T15:37:56.182+0300] {processor.py:186} INFO - Started process (PID=9771) to work on /opt/anaconda3/envs/bc_pipeline/lib/python3.11/site-packages/airflow/example_dags/example_xcom.py
[2025-06-12T15:37:56.183+0300] {processor.py:914} INFO - Processing file /opt/anaconda3/envs/bc_pipeline/lib/python3.11/site-packages/airflow/example_dags/example_xcom.py for tasks to queue
[2025-06-12T15:37:56.183+0300] {logging_mixin.py:190} INFO - [2025-06-12T15:37:56.183+0300] {dagbag.py:588} INFO - Filling up the DagBag from /opt/anaconda3/envs/bc_pipeline/lib/python3.11/site-packages/airflow/example_dags/example_xcom.py
[2025-06-12T15:37:56.199+0300] {processor.py:925} INFO - DAG(s) 'example_xcom' retrieved from /opt/anaconda3/envs/bc_pipeline/lib/python3.11/site-packages/airflow/example_dags/example_xcom.py
[2025-06-12T15:37:56.292+0300] {logging_mixin.py:190} INFO - [2025-06-12T15:37:56.292+0300] {override.py:1900} INFO - Created Permission View: can edit on DAG:example_xcom
[2025-06-12T15:37:56.296+0300] {logging_mixin.py:190} INFO - [2025-06-12T15:37:56.296+0300] {override.py:1900} INFO - Created Permission View: can delete on DAG:example_xcom
[2025-06-12T15:37:56.298+0300] {logging_mixin.py:190} INFO - [2025-06-12T15:37:56.298+0300] {override.py:1900} INFO - Created Permission View: can read on DAG:example_xcom
[2025-06-12T15:37:56.302+0300] {logging_mixin.py:190} INFO - [2025-06-12T15:37:56.301+0300] {override.py:1900} INFO - Created Permission View: can delete on DAG Run:example_xcom
[2025-06-12T15:37:56.304+0300] {logging_mixin.py:190} INFO - [2025-06-12T15:37:56.304+0300] {override.py:1900} INFO - Created Permission View: can create on DAG Run:example_xcom
[2025-06-12T15:37:56.306+0300] {logging_mixin.py:190} INFO - [2025-06-12T15:37:56.306+0300] {override.py:1900} INFO - Created Permission View: menu access on DAG Run:example_xcom
[2025-06-12T15:37:56.308+0300] {logging_mixin.py:190} INFO - [2025-06-12T15:37:56.308+0300] {override.py:1900} INFO - Created Permission View: can read on DAG Run:example_xcom
[2025-06-12T15:37:56.308+0300] {logging_mixin.py:190} INFO - [2025-06-12T15:37:56.308+0300] {dag.py:3239} INFO - Sync 1 DAGs
[2025-06-12T15:37:56.313+0300] {logging_mixin.py:190} INFO - [2025-06-12T15:37:56.313+0300] {dag.py:3262} INFO - Creating ORM DAG for example_xcom
[2025-06-12T15:37:56.316+0300] {logging_mixin.py:190} INFO - [2025-06-12T15:37:56.316+0300] {dag.py:4180} INFO - Setting next_dagrun for example_xcom to 2021-01-01 00:00:00+00:00, run_after=2021-01-01 00:00:00+00:00
[2025-06-12T15:37:56.323+0300] {processor.py:208} INFO - Processing /opt/anaconda3/envs/bc_pipeline/lib/python3.11/site-packages/airflow/example_dags/example_xcom.py took 0.142 seconds
[2025-06-12T15:56:38.714+0300] {processor.py:186} INFO - Started process (PID=26078) to work on /opt/anaconda3/envs/bc_pipeline/lib/python3.11/site-packages/airflow/example_dags/example_xcom.py
[2025-06-12T15:56:38.714+0300] {processor.py:914} INFO - Processing file /opt/anaconda3/envs/bc_pipeline/lib/python3.11/site-packages/airflow/example_dags/example_xcom.py for tasks to queue
[2025-06-12T15:56:38.715+0300] {logging_mixin.py:190} INFO - [2025-06-12T15:56:38.715+0300] {dagbag.py:588} INFO - Filling up the DagBag from /opt/anaconda3/envs/bc_pipeline/lib/python3.11/site-packages/airflow/example_dags/example_xcom.py
[2025-06-12T15:56:38.731+0300] {processor.py:925} INFO - DAG(s) 'example_xcom' retrieved from /opt/anaconda3/envs/bc_pipeline/lib/python3.11/site-packages/airflow/example_dags/example_xcom.py
[2025-06-12T15:56:38.762+0300] {logging_mixin.py:190} INFO - [2025-06-12T15:56:38.762+0300] {dag.py:3239} INFO - Sync 1 DAGs
[2025-06-12T15:56:38.795+0300] {logging_mixin.py:190} INFO - [2025-06-12T15:56:38.794+0300] {dag.py:4180} INFO - Setting next_dagrun for example_xcom to 2021-01-01 00:00:00+00:00, run_after=2021-01-01 00:00:00+00:00
[2025-06-12T15:56:38.801+0300] {processor.py:208} INFO - Processing /opt/anaconda3/envs/bc_pipeline/lib/python3.11/site-packages/airflow/example_dags/example_xcom.py took 0.088 seconds
[2025-06-12T15:58:17.289+0300] {processor.py:186} INFO - Started process (PID=28651) to work on /opt/anaconda3/envs/bc_pipeline/lib/python3.11/site-packages/airflow/example_dags/example_xcom.py
[2025-06-12T15:58:17.290+0300] {processor.py:914} INFO - Processing file /opt/anaconda3/envs/bc_pipeline/lib/python3.11/site-packages/airflow/example_dags/example_xcom.py for tasks to queue
[2025-06-12T15:58:17.290+0300] {logging_mixin.py:190} INFO - [2025-06-12T15:58:17.290+0300] {dagbag.py:588} INFO - Filling up the DagBag from /opt/anaconda3/envs/bc_pipeline/lib/python3.11/site-packages/airflow/example_dags/example_xcom.py
[2025-06-12T15:58:17.305+0300] {processor.py:925} INFO - DAG(s) 'example_xcom' retrieved from /opt/anaconda3/envs/bc_pipeline/lib/python3.11/site-packages/airflow/example_dags/example_xcom.py
[2025-06-12T15:58:17.336+0300] {logging_mixin.py:190} INFO - [2025-06-12T15:58:17.336+0300] {dag.py:3239} INFO - Sync 1 DAGs
[2025-06-12T15:58:17.367+0300] {logging_mixin.py:190} INFO - [2025-06-12T15:58:17.367+0300] {dag.py:4180} INFO - Setting next_dagrun for example_xcom to 2021-01-01 00:00:00+00:00, run_after=2021-01-01 00:00:00+00:00
[2025-06-12T15:58:17.374+0300] {processor.py:208} INFO - Processing /opt/anaconda3/envs/bc_pipeline/lib/python3.11/site-packages/airflow/example_dags/example_xcom.py took 0.088 seconds
[2025-06-12T15:59:58.729+0300] {processor.py:186} INFO - Started process (PID=29873) to work on /opt/anaconda3/envs/bc_pipeline/lib/python3.11/site-packages/airflow/example_dags/example_xcom.py
[2025-06-12T15:59:58.730+0300] {processor.py:914} INFO - Processing file /opt/anaconda3/envs/bc_pipeline/lib/python3.11/site-packages/airflow/example_dags/example_xcom.py for tasks to queue
[2025-06-12T15:59:58.731+0300] {logging_mixin.py:190} INFO - [2025-06-12T15:59:58.731+0300] {dagbag.py:588} INFO - Filling up the DagBag from /opt/anaconda3/envs/bc_pipeline/lib/python3.11/site-packages/airflow/example_dags/example_xcom.py
[2025-06-12T15:59:58.749+0300] {processor.py:925} INFO - DAG(s) 'example_xcom' retrieved from /opt/anaconda3/envs/bc_pipeline/lib/python3.11/site-packages/airflow/example_dags/example_xcom.py
[2025-06-12T15:59:58.782+0300] {logging_mixin.py:190} INFO - [2025-06-12T15:59:58.782+0300] {dag.py:3239} INFO - Sync 1 DAGs
[2025-06-12T15:59:58.819+0300] {logging_mixin.py:190} INFO - [2025-06-12T15:59:58.819+0300] {dag.py:4180} INFO - Setting next_dagrun for example_xcom to 2021-01-01 00:00:00+00:00, run_after=2021-01-01 00:00:00+00:00
[2025-06-12T15:59:58.826+0300] {processor.py:208} INFO - Processing /opt/anaconda3/envs/bc_pipeline/lib/python3.11/site-packages/airflow/example_dags/example_xcom.py took 0.098 seconds
[2025-06-12T16:01:29.889+0300] {processor.py:186} INFO - Started process (PID=30913) to work on /opt/anaconda3/envs/bc_pipeline/lib/python3.11/site-packages/airflow/example_dags/example_xcom.py
[2025-06-12T16:01:29.889+0300] {processor.py:914} INFO - Processing file /opt/anaconda3/envs/bc_pipeline/lib/python3.11/site-packages/airflow/example_dags/example_xcom.py for tasks to queue
[2025-06-12T16:01:29.890+0300] {logging_mixin.py:190} INFO - [2025-06-12T16:01:29.890+0300] {dagbag.py:588} INFO - Filling up the DagBag from /opt/anaconda3/envs/bc_pipeline/lib/python3.11/site-packages/airflow/example_dags/example_xcom.py
[2025-06-12T16:01:29.905+0300] {processor.py:925} INFO - DAG(s) 'example_xcom' retrieved from /opt/anaconda3/envs/bc_pipeline/lib/python3.11/site-packages/airflow/example_dags/example_xcom.py
[2025-06-12T16:01:29.936+0300] {logging_mixin.py:190} INFO - [2025-06-12T16:01:29.936+0300] {dag.py:3239} INFO - Sync 1 DAGs
[2025-06-12T16:01:29.968+0300] {logging_mixin.py:190} INFO - [2025-06-12T16:01:29.967+0300] {dag.py:4180} INFO - Setting next_dagrun for example_xcom to 2021-01-01 00:00:00+00:00, run_after=2021-01-01 00:00:00+00:00
[2025-06-12T16:01:29.974+0300] {processor.py:208} INFO - Processing /opt/anaconda3/envs/bc_pipeline/lib/python3.11/site-packages/airflow/example_dags/example_xcom.py took 0.087 seconds
[2025-06-12T16:02:38.708+0300] {processor.py:186} INFO - Started process (PID=31691) to work on /opt/anaconda3/envs/bc_pipeline/lib/python3.11/site-packages/airflow/example_dags/example_xcom.py
[2025-06-12T16:02:38.709+0300] {processor.py:914} INFO - Processing file /opt/anaconda3/envs/bc_pipeline/lib/python3.11/site-packages/airflow/example_dags/example_xcom.py for tasks to queue
[2025-06-12T16:02:38.709+0300] {logging_mixin.py:190} INFO - [2025-06-12T16:02:38.709+0300] {dagbag.py:588} INFO - Filling up the DagBag from /opt/anaconda3/envs/bc_pipeline/lib/python3.11/site-packages/airflow/example_dags/example_xcom.py
[2025-06-12T16:02:38.725+0300] {processor.py:925} INFO - DAG(s) 'example_xcom' retrieved from /opt/anaconda3/envs/bc_pipeline/lib/python3.11/site-packages/airflow/example_dags/example_xcom.py
[2025-06-12T16:02:38.755+0300] {logging_mixin.py:190} INFO - [2025-06-12T16:02:38.755+0300] {dag.py:3239} INFO - Sync 1 DAGs
[2025-06-12T16:02:38.786+0300] {logging_mixin.py:190} INFO - [2025-06-12T16:02:38.786+0300] {dag.py:4180} INFO - Setting next_dagrun for example_xcom to 2021-01-01 00:00:00+00:00, run_after=2021-01-01 00:00:00+00:00
[2025-06-12T16:02:38.793+0300] {processor.py:208} INFO - Processing /opt/anaconda3/envs/bc_pipeline/lib/python3.11/site-packages/airflow/example_dags/example_xcom.py took 0.087 seconds
