[2025-06-12T15:38:17.609+0300] {processor.py:186} INFO - Started process (PID=10010) to work on /opt/anaconda3/envs/bc_pipeline/lib/python3.11/site-packages/airflow/example_dags/example_setup_teardown_taskflow.py
[2025-06-12T15:38:17.609+0300] {processor.py:914} INFO - Processing file /opt/anaconda3/envs/bc_pipeline/lib/python3.11/site-packages/airflow/example_dags/example_setup_teardown_taskflow.py for tasks to queue
[2025-06-12T15:38:17.610+0300] {logging_mixin.py:190} INFO - [2025-06-12T15:38:17.610+0300] {dagbag.py:588} INFO - Filling up the DagBag from /opt/anaconda3/envs/bc_pipeline/lib/python3.11/site-packages/airflow/example_dags/example_setup_teardown_taskflow.py
[2025-06-12T15:38:17.626+0300] {processor.py:925} INFO - DAG(s) 'example_setup_teardown_taskflow' retrieved from /opt/anaconda3/envs/bc_pipeline/lib/python3.11/site-packages/airflow/example_dags/example_setup_teardown_taskflow.py
[2025-06-12T15:38:17.722+0300] {logging_mixin.py:190} INFO - [2025-06-12T15:38:17.721+0300] {override.py:1900} INFO - Created Permission View: can read on DAG:example_setup_teardown_taskflow
[2025-06-12T15:38:17.725+0300] {logging_mixin.py:190} INFO - [2025-06-12T15:38:17.724+0300] {override.py:1900} INFO - Created Permission View: can edit on DAG:example_setup_teardown_taskflow
[2025-06-12T15:38:17.727+0300] {logging_mixin.py:190} INFO - [2025-06-12T15:38:17.727+0300] {override.py:1900} INFO - Created Permission View: can delete on DAG:example_setup_teardown_taskflow
[2025-06-12T15:38:17.729+0300] {logging_mixin.py:190} INFO - [2025-06-12T15:38:17.729+0300] {override.py:1900} INFO - Created Permission View: can read on DAG Run:example_setup_teardown_taskflow
[2025-06-12T15:38:17.731+0300] {logging_mixin.py:190} INFO - [2025-06-12T15:38:17.731+0300] {override.py:1900} INFO - Created Permission View: menu access on DAG Run:example_setup_teardown_taskflow
[2025-06-12T15:38:17.733+0300] {logging_mixin.py:190} INFO - [2025-06-12T15:38:17.733+0300] {override.py:1900} INFO - Created Permission View: can create on DAG Run:example_setup_teardown_taskflow
[2025-06-12T15:38:17.735+0300] {logging_mixin.py:190} INFO - [2025-06-12T15:38:17.735+0300] {override.py:1900} INFO - Created Permission View: can delete on DAG Run:example_setup_teardown_taskflow
[2025-06-12T15:38:17.735+0300] {logging_mixin.py:190} INFO - [2025-06-12T15:38:17.735+0300] {dag.py:3239} INFO - Sync 1 DAGs
[2025-06-12T15:38:17.739+0300] {logging_mixin.py:190} INFO - [2025-06-12T15:38:17.739+0300] {dag.py:3262} INFO - Creating ORM DAG for example_setup_teardown_taskflow
[2025-06-12T15:38:17.739+0300] {logging_mixin.py:190} INFO - [2025-06-12T15:38:17.739+0300] {dag.py:4180} INFO - Setting next_dagrun for example_setup_teardown_taskflow to None, run_after=None
[2025-06-12T15:38:17.745+0300] {processor.py:208} INFO - Processing /opt/anaconda3/envs/bc_pipeline/lib/python3.11/site-packages/airflow/example_dags/example_setup_teardown_taskflow.py took 0.137 seconds
[2025-06-12T15:58:38.921+0300] {processor.py:186} INFO - Started process (PID=28878) to work on /opt/anaconda3/envs/bc_pipeline/lib/python3.11/site-packages/airflow/example_dags/example_setup_teardown_taskflow.py
[2025-06-12T15:58:38.922+0300] {processor.py:914} INFO - Processing file /opt/anaconda3/envs/bc_pipeline/lib/python3.11/site-packages/airflow/example_dags/example_setup_teardown_taskflow.py for tasks to queue
[2025-06-12T15:58:38.923+0300] {logging_mixin.py:190} INFO - [2025-06-12T15:58:38.923+0300] {dagbag.py:588} INFO - Filling up the DagBag from /opt/anaconda3/envs/bc_pipeline/lib/python3.11/site-packages/airflow/example_dags/example_setup_teardown_taskflow.py
[2025-06-12T15:58:38.938+0300] {processor.py:925} INFO - DAG(s) 'example_setup_teardown_taskflow' retrieved from /opt/anaconda3/envs/bc_pipeline/lib/python3.11/site-packages/airflow/example_dags/example_setup_teardown_taskflow.py
[2025-06-12T15:58:38.969+0300] {logging_mixin.py:190} INFO - [2025-06-12T15:58:38.969+0300] {dag.py:3239} INFO - Sync 1 DAGs
[2025-06-12T15:58:38.998+0300] {logging_mixin.py:190} INFO - [2025-06-12T15:58:38.998+0300] {dag.py:4180} INFO - Setting next_dagrun for example_setup_teardown_taskflow to None, run_after=None
[2025-06-12T15:58:39.005+0300] {processor.py:208} INFO - Processing /opt/anaconda3/envs/bc_pipeline/lib/python3.11/site-packages/airflow/example_dags/example_setup_teardown_taskflow.py took 0.085 seconds
[2025-06-12T16:00:19.535+0300] {processor.py:186} INFO - Started process (PID=30095) to work on /opt/anaconda3/envs/bc_pipeline/lib/python3.11/site-packages/airflow/example_dags/example_setup_teardown_taskflow.py
[2025-06-12T16:00:19.536+0300] {processor.py:914} INFO - Processing file /opt/anaconda3/envs/bc_pipeline/lib/python3.11/site-packages/airflow/example_dags/example_setup_teardown_taskflow.py for tasks to queue
[2025-06-12T16:00:19.537+0300] {logging_mixin.py:190} INFO - [2025-06-12T16:00:19.536+0300] {dagbag.py:588} INFO - Filling up the DagBag from /opt/anaconda3/envs/bc_pipeline/lib/python3.11/site-packages/airflow/example_dags/example_setup_teardown_taskflow.py
[2025-06-12T16:00:19.553+0300] {processor.py:925} INFO - DAG(s) 'example_setup_teardown_taskflow' retrieved from /opt/anaconda3/envs/bc_pipeline/lib/python3.11/site-packages/airflow/example_dags/example_setup_teardown_taskflow.py
[2025-06-12T16:00:19.585+0300] {logging_mixin.py:190} INFO - [2025-06-12T16:00:19.585+0300] {dag.py:3239} INFO - Sync 1 DAGs
[2025-06-12T16:00:19.616+0300] {logging_mixin.py:190} INFO - [2025-06-12T16:00:19.616+0300] {dag.py:4180} INFO - Setting next_dagrun for example_setup_teardown_taskflow to None, run_after=None
[2025-06-12T16:00:19.622+0300] {processor.py:208} INFO - Processing /opt/anaconda3/envs/bc_pipeline/lib/python3.11/site-packages/airflow/example_dags/example_setup_teardown_taskflow.py took 0.089 seconds
[2025-06-12T16:01:50.920+0300] {processor.py:186} INFO - Started process (PID=31145) to work on /opt/anaconda3/envs/bc_pipeline/lib/python3.11/site-packages/airflow/example_dags/example_setup_teardown_taskflow.py
[2025-06-12T16:01:50.921+0300] {processor.py:914} INFO - Processing file /opt/anaconda3/envs/bc_pipeline/lib/python3.11/site-packages/airflow/example_dags/example_setup_teardown_taskflow.py for tasks to queue
[2025-06-12T16:01:50.922+0300] {logging_mixin.py:190} INFO - [2025-06-12T16:01:50.922+0300] {dagbag.py:588} INFO - Filling up the DagBag from /opt/anaconda3/envs/bc_pipeline/lib/python3.11/site-packages/airflow/example_dags/example_setup_teardown_taskflow.py
[2025-06-12T16:01:50.938+0300] {processor.py:925} INFO - DAG(s) 'example_setup_teardown_taskflow' retrieved from /opt/anaconda3/envs/bc_pipeline/lib/python3.11/site-packages/airflow/example_dags/example_setup_teardown_taskflow.py
[2025-06-12T16:01:50.968+0300] {logging_mixin.py:190} INFO - [2025-06-12T16:01:50.968+0300] {dag.py:3239} INFO - Sync 1 DAGs
[2025-06-12T16:01:50.999+0300] {logging_mixin.py:190} INFO - [2025-06-12T16:01:50.999+0300] {dag.py:4180} INFO - Setting next_dagrun for example_setup_teardown_taskflow to None, run_after=None
[2025-06-12T16:01:51.006+0300] {processor.py:208} INFO - Processing /opt/anaconda3/envs/bc_pipeline/lib/python3.11/site-packages/airflow/example_dags/example_setup_teardown_taskflow.py took 0.087 seconds
