[2025-06-12T15:38:55.574+0300] {processor.py:186} INFO - Started process (PID=10433) to work on /opt/anaconda3/envs/bc_pipeline/lib/python3.11/site-packages/airflow/example_dags/example_dataset_alias_with_no_taskflow.py
[2025-06-12T15:38:55.574+0300] {processor.py:914} INFO - Processing file /opt/anaconda3/envs/bc_pipeline/lib/python3.11/site-packages/airflow/example_dags/example_dataset_alias_with_no_taskflow.py for tasks to queue
[2025-06-12T15:38:55.575+0300] {logging_mixin.py:190} INFO - [2025-06-12T15:38:55.575+0300] {dagbag.py:588} INFO - Filling up the DagBag from /opt/anaconda3/envs/bc_pipeline/lib/python3.11/site-packages/airflow/example_dags/example_dataset_alias_with_no_taskflow.py
[2025-06-12T15:38:55.626+0300] {processor.py:925} INFO - DAG(s) 'dataset_s3_bucket_producer_with_no_taskflow', 'dataset_alias_example_alias_producer_with_no_taskflow', 'dataset_alias_example_alias_consumer_with_no_taskflow', 'dataset_s3_bucket_consumer_with_no_taskflow' retrieved from /opt/anaconda3/envs/bc_pipeline/lib/python3.11/site-packages/airflow/example_dags/example_dataset_alias_with_no_taskflow.py
[2025-06-12T15:38:55.692+0300] {logging_mixin.py:190} INFO - [2025-06-12T15:38:55.691+0300] {override.py:1900} INFO - Created Permission View: can edit on DAG:dataset_s3_bucket_producer_with_no_taskflow
[2025-06-12T15:38:55.695+0300] {logging_mixin.py:190} INFO - [2025-06-12T15:38:55.694+0300] {override.py:1900} INFO - Created Permission View: can delete on DAG:dataset_s3_bucket_producer_with_no_taskflow
[2025-06-12T15:38:55.697+0300] {logging_mixin.py:190} INFO - [2025-06-12T15:38:55.696+0300] {override.py:1900} INFO - Created Permission View: can read on DAG:dataset_s3_bucket_producer_with_no_taskflow
[2025-06-12T15:38:55.699+0300] {logging_mixin.py:190} INFO - [2025-06-12T15:38:55.699+0300] {override.py:1900} INFO - Created Permission View: menu access on DAG Run:dataset_s3_bucket_producer_with_no_taskflow
[2025-06-12T15:38:55.702+0300] {logging_mixin.py:190} INFO - [2025-06-12T15:38:55.701+0300] {override.py:1900} INFO - Created Permission View: can delete on DAG Run:dataset_s3_bucket_producer_with_no_taskflow
[2025-06-12T15:38:55.704+0300] {logging_mixin.py:190} INFO - [2025-06-12T15:38:55.704+0300] {override.py:1900} INFO - Created Permission View: can create on DAG Run:dataset_s3_bucket_producer_with_no_taskflow
[2025-06-12T15:38:55.707+0300] {logging_mixin.py:190} INFO - [2025-06-12T15:38:55.707+0300] {override.py:1900} INFO - Created Permission View: can read on DAG Run:dataset_s3_bucket_producer_with_no_taskflow
[2025-06-12T15:38:55.712+0300] {logging_mixin.py:190} INFO - [2025-06-12T15:38:55.712+0300] {override.py:1900} INFO - Created Permission View: can edit on DAG:dataset_alias_example_alias_producer_with_no_taskflow
[2025-06-12T15:38:55.714+0300] {logging_mixin.py:190} INFO - [2025-06-12T15:38:55.714+0300] {override.py:1900} INFO - Created Permission View: can delete on DAG:dataset_alias_example_alias_producer_with_no_taskflow
[2025-06-12T15:38:55.716+0300] {logging_mixin.py:190} INFO - [2025-06-12T15:38:55.716+0300] {override.py:1900} INFO - Created Permission View: can read on DAG:dataset_alias_example_alias_producer_with_no_taskflow
[2025-06-12T15:38:55.719+0300] {logging_mixin.py:190} INFO - [2025-06-12T15:38:55.719+0300] {override.py:1900} INFO - Created Permission View: menu access on DAG Run:dataset_alias_example_alias_producer_with_no_taskflow
[2025-06-12T15:38:55.721+0300] {logging_mixin.py:190} INFO - [2025-06-12T15:38:55.721+0300] {override.py:1900} INFO - Created Permission View: can delete on DAG Run:dataset_alias_example_alias_producer_with_no_taskflow
[2025-06-12T15:38:55.723+0300] {logging_mixin.py:190} INFO - [2025-06-12T15:38:55.723+0300] {override.py:1900} INFO - Created Permission View: can create on DAG Run:dataset_alias_example_alias_producer_with_no_taskflow
[2025-06-12T15:38:55.725+0300] {logging_mixin.py:190} INFO - [2025-06-12T15:38:55.725+0300] {override.py:1900} INFO - Created Permission View: can read on DAG Run:dataset_alias_example_alias_producer_with_no_taskflow
[2025-06-12T15:38:55.729+0300] {logging_mixin.py:190} INFO - [2025-06-12T15:38:55.729+0300] {override.py:1900} INFO - Created Permission View: can edit on DAG:dataset_alias_example_alias_consumer_with_no_taskflow
[2025-06-12T15:38:55.731+0300] {logging_mixin.py:190} INFO - [2025-06-12T15:38:55.731+0300] {override.py:1900} INFO - Created Permission View: can delete on DAG:dataset_alias_example_alias_consumer_with_no_taskflow
[2025-06-12T15:38:55.733+0300] {logging_mixin.py:190} INFO - [2025-06-12T15:38:55.733+0300] {override.py:1900} INFO - Created Permission View: can read on DAG:dataset_alias_example_alias_consumer_with_no_taskflow
[2025-06-12T15:38:55.736+0300] {logging_mixin.py:190} INFO - [2025-06-12T15:38:55.736+0300] {override.py:1900} INFO - Created Permission View: menu access on DAG Run:dataset_alias_example_alias_consumer_with_no_taskflow
[2025-06-12T15:38:55.738+0300] {logging_mixin.py:190} INFO - [2025-06-12T15:38:55.738+0300] {override.py:1900} INFO - Created Permission View: can delete on DAG Run:dataset_alias_example_alias_consumer_with_no_taskflow
[2025-06-12T15:38:55.740+0300] {logging_mixin.py:190} INFO - [2025-06-12T15:38:55.740+0300] {override.py:1900} INFO - Created Permission View: can create on DAG Run:dataset_alias_example_alias_consumer_with_no_taskflow
[2025-06-12T15:38:55.742+0300] {logging_mixin.py:190} INFO - [2025-06-12T15:38:55.742+0300] {override.py:1900} INFO - Created Permission View: can read on DAG Run:dataset_alias_example_alias_consumer_with_no_taskflow
[2025-06-12T15:38:55.746+0300] {logging_mixin.py:190} INFO - [2025-06-12T15:38:55.746+0300] {override.py:1900} INFO - Created Permission View: can edit on DAG:dataset_s3_bucket_consumer_with_no_taskflow
[2025-06-12T15:38:55.749+0300] {logging_mixin.py:190} INFO - [2025-06-12T15:38:55.749+0300] {override.py:1900} INFO - Created Permission View: can delete on DAG:dataset_s3_bucket_consumer_with_no_taskflow
[2025-06-12T15:38:55.751+0300] {logging_mixin.py:190} INFO - [2025-06-12T15:38:55.751+0300] {override.py:1900} INFO - Created Permission View: can read on DAG:dataset_s3_bucket_consumer_with_no_taskflow
[2025-06-12T15:38:55.754+0300] {logging_mixin.py:190} INFO - [2025-06-12T15:38:55.754+0300] {override.py:1900} INFO - Created Permission View: menu access on DAG Run:dataset_s3_bucket_consumer_with_no_taskflow
[2025-06-12T15:38:55.756+0300] {logging_mixin.py:190} INFO - [2025-06-12T15:38:55.756+0300] {override.py:1900} INFO - Created Permission View: can delete on DAG Run:dataset_s3_bucket_consumer_with_no_taskflow
[2025-06-12T15:38:55.758+0300] {logging_mixin.py:190} INFO - [2025-06-12T15:38:55.758+0300] {override.py:1900} INFO - Created Permission View: can create on DAG Run:dataset_s3_bucket_consumer_with_no_taskflow
[2025-06-12T15:38:55.760+0300] {logging_mixin.py:190} INFO - [2025-06-12T15:38:55.760+0300] {override.py:1900} INFO - Created Permission View: can read on DAG Run:dataset_s3_bucket_consumer_with_no_taskflow
[2025-06-12T15:38:55.760+0300] {logging_mixin.py:190} INFO - [2025-06-12T15:38:55.760+0300] {dag.py:3239} INFO - Sync 4 DAGs
[2025-06-12T15:38:55.764+0300] {logging_mixin.py:190} INFO - [2025-06-12T15:38:55.764+0300] {dag.py:3262} INFO - Creating ORM DAG for dataset_alias_example_alias_consumer_with_no_taskflow
[2025-06-12T15:38:55.764+0300] {logging_mixin.py:190} INFO - [2025-06-12T15:38:55.764+0300] {dag.py:3262} INFO - Creating ORM DAG for dataset_s3_bucket_producer_with_no_taskflow
[2025-06-12T15:38:55.764+0300] {logging_mixin.py:190} INFO - [2025-06-12T15:38:55.764+0300] {dag.py:3262} INFO - Creating ORM DAG for dataset_s3_bucket_consumer_with_no_taskflow
[2025-06-12T15:38:55.764+0300] {logging_mixin.py:190} INFO - [2025-06-12T15:38:55.764+0300] {dag.py:3262} INFO - Creating ORM DAG for dataset_alias_example_alias_producer_with_no_taskflow
[2025-06-12T15:38:55.767+0300] {logging_mixin.py:190} INFO - [2025-06-12T15:38:55.767+0300] {dag.py:4180} INFO - Setting next_dagrun for dataset_alias_example_alias_consumer_with_no_taskflow to None, run_after=None
[2025-06-12T15:38:55.767+0300] {logging_mixin.py:190} INFO - [2025-06-12T15:38:55.767+0300] {dag.py:4180} INFO - Setting next_dagrun for dataset_alias_example_alias_producer_with_no_taskflow to None, run_after=None
[2025-06-12T15:38:55.768+0300] {logging_mixin.py:190} INFO - [2025-06-12T15:38:55.768+0300] {dag.py:4180} INFO - Setting next_dagrun for dataset_s3_bucket_consumer_with_no_taskflow to None, run_after=None
[2025-06-12T15:38:55.768+0300] {logging_mixin.py:190} INFO - [2025-06-12T15:38:55.768+0300] {dag.py:4180} INFO - Setting next_dagrun for dataset_s3_bucket_producer_with_no_taskflow to None, run_after=None
[2025-06-12T15:38:55.772+0300] {logging_mixin.py:190} INFO - [2025-06-12T15:38:55.772+0300] {workday.py:41} WARNING - Could not import pandas. Holidays will not be considered.
[2025-06-12T15:38:55.778+0300] {processor.py:208} INFO - Processing /opt/anaconda3/envs/bc_pipeline/lib/python3.11/site-packages/airflow/example_dags/example_dataset_alias_with_no_taskflow.py took 0.205 seconds
[2025-06-12T15:59:15.853+0300] {processor.py:186} INFO - Started process (PID=29397) to work on /opt/anaconda3/envs/bc_pipeline/lib/python3.11/site-packages/airflow/example_dags/example_dataset_alias_with_no_taskflow.py
[2025-06-12T15:59:15.855+0300] {processor.py:914} INFO - Processing file /opt/anaconda3/envs/bc_pipeline/lib/python3.11/site-packages/airflow/example_dags/example_dataset_alias_with_no_taskflow.py for tasks to queue
[2025-06-12T15:59:15.855+0300] {logging_mixin.py:190} INFO - [2025-06-12T15:59:15.855+0300] {dagbag.py:588} INFO - Filling up the DagBag from /opt/anaconda3/envs/bc_pipeline/lib/python3.11/site-packages/airflow/example_dags/example_dataset_alias_with_no_taskflow.py
[2025-06-12T15:59:15.906+0300] {processor.py:925} INFO - DAG(s) 'dataset_s3_bucket_producer_with_no_taskflow', 'dataset_alias_example_alias_consumer_with_no_taskflow', 'dataset_alias_example_alias_producer_with_no_taskflow', 'dataset_s3_bucket_consumer_with_no_taskflow' retrieved from /opt/anaconda3/envs/bc_pipeline/lib/python3.11/site-packages/airflow/example_dags/example_dataset_alias_with_no_taskflow.py
[2025-06-12T15:59:15.915+0300] {logging_mixin.py:190} INFO - [2025-06-12T15:59:15.915+0300] {dag.py:3239} INFO - Sync 4 DAGs
[2025-06-12T15:59:15.953+0300] {logging_mixin.py:190} INFO - [2025-06-12T15:59:15.953+0300] {dag.py:4180} INFO - Setting next_dagrun for dataset_alias_example_alias_consumer_with_no_taskflow to None, run_after=None
[2025-06-12T15:59:15.954+0300] {logging_mixin.py:190} INFO - [2025-06-12T15:59:15.954+0300] {dag.py:4180} INFO - Setting next_dagrun for dataset_alias_example_alias_producer_with_no_taskflow to None, run_after=None
[2025-06-12T15:59:15.954+0300] {logging_mixin.py:190} INFO - [2025-06-12T15:59:15.954+0300] {dag.py:4180} INFO - Setting next_dagrun for dataset_s3_bucket_consumer_with_no_taskflow to None, run_after=None
[2025-06-12T15:59:15.955+0300] {logging_mixin.py:190} INFO - [2025-06-12T15:59:15.954+0300] {dag.py:4180} INFO - Setting next_dagrun for dataset_s3_bucket_producer_with_no_taskflow to None, run_after=None
[2025-06-12T15:59:15.963+0300] {processor.py:208} INFO - Processing /opt/anaconda3/envs/bc_pipeline/lib/python3.11/site-packages/airflow/example_dags/example_dataset_alias_with_no_taskflow.py took 0.111 seconds
[2025-06-12T16:01:57.740+0300] {processor.py:186} INFO - Started process (PID=31234) to work on /opt/anaconda3/envs/bc_pipeline/lib/python3.11/site-packages/airflow/example_dags/example_dataset_alias_with_no_taskflow.py
[2025-06-12T16:01:57.740+0300] {processor.py:914} INFO - Processing file /opt/anaconda3/envs/bc_pipeline/lib/python3.11/site-packages/airflow/example_dags/example_dataset_alias_with_no_taskflow.py for tasks to queue
[2025-06-12T16:01:57.741+0300] {logging_mixin.py:190} INFO - [2025-06-12T16:01:57.741+0300] {dagbag.py:588} INFO - Filling up the DagBag from /opt/anaconda3/envs/bc_pipeline/lib/python3.11/site-packages/airflow/example_dags/example_dataset_alias_with_no_taskflow.py
[2025-06-12T16:01:57.793+0300] {processor.py:925} INFO - DAG(s) 'dataset_s3_bucket_producer_with_no_taskflow', 'dataset_s3_bucket_consumer_with_no_taskflow', 'dataset_alias_example_alias_producer_with_no_taskflow', 'dataset_alias_example_alias_consumer_with_no_taskflow' retrieved from /opt/anaconda3/envs/bc_pipeline/lib/python3.11/site-packages/airflow/example_dags/example_dataset_alias_with_no_taskflow.py
[2025-06-12T16:01:57.802+0300] {logging_mixin.py:190} INFO - [2025-06-12T16:01:57.802+0300] {dag.py:3239} INFO - Sync 4 DAGs
[2025-06-12T16:01:57.834+0300] {logging_mixin.py:190} INFO - [2025-06-12T16:01:57.834+0300] {dag.py:4180} INFO - Setting next_dagrun for dataset_alias_example_alias_consumer_with_no_taskflow to None, run_after=None
[2025-06-12T16:01:57.835+0300] {logging_mixin.py:190} INFO - [2025-06-12T16:01:57.835+0300] {dag.py:4180} INFO - Setting next_dagrun for dataset_alias_example_alias_producer_with_no_taskflow to None, run_after=None
[2025-06-12T16:01:57.835+0300] {logging_mixin.py:190} INFO - [2025-06-12T16:01:57.835+0300] {dag.py:4180} INFO - Setting next_dagrun for dataset_s3_bucket_consumer_with_no_taskflow to None, run_after=None
[2025-06-12T16:01:57.836+0300] {logging_mixin.py:190} INFO - [2025-06-12T16:01:57.836+0300] {dag.py:4180} INFO - Setting next_dagrun for dataset_s3_bucket_producer_with_no_taskflow to None, run_after=None
[2025-06-12T16:01:57.843+0300] {processor.py:208} INFO - Processing /opt/anaconda3/envs/bc_pipeline/lib/python3.11/site-packages/airflow/example_dags/example_dataset_alias_with_no_taskflow.py took 0.105 seconds
