[2025-06-12T15:38:33.944+0300] {processor.py:186} INFO - Started process (PID=10190) to work on /opt/anaconda3/envs/bc_pipeline/lib/python3.11/site-packages/airflow/example_dags/example_outlet_event_extra.py
[2025-06-12T15:38:33.945+0300] {processor.py:914} INFO - Processing file /opt/anaconda3/envs/bc_pipeline/lib/python3.11/site-packages/airflow/example_dags/example_outlet_event_extra.py for tasks to queue
[2025-06-12T15:38:33.945+0300] {logging_mixin.py:190} INFO - [2025-06-12T15:38:33.945+0300] {dagbag.py:588} INFO - Filling up the DagBag from /opt/anaconda3/envs/bc_pipeline/lib/python3.11/site-packages/airflow/example_dags/example_outlet_event_extra.py
[2025-06-12T15:38:33.983+0300] {processor.py:925} INFO - DAG(s) 'dataset_with_extra_by_context', 'dataset_with_extra_from_classic_operator', 'dataset_with_extra_by_yield' retrieved from /opt/anaconda3/envs/bc_pipeline/lib/python3.11/site-packages/airflow/example_dags/example_outlet_event_extra.py
[2025-06-12T15:38:34.079+0300] {logging_mixin.py:190} INFO - [2025-06-12T15:38:34.078+0300] {override.py:1900} INFO - Created Permission View: can read on DAG:dataset_with_extra_by_context
[2025-06-12T15:38:34.082+0300] {logging_mixin.py:190} INFO - [2025-06-12T15:38:34.082+0300] {override.py:1900} INFO - Created Permission View: can edit on DAG:dataset_with_extra_by_context
[2025-06-12T15:38:34.084+0300] {logging_mixin.py:190} INFO - [2025-06-12T15:38:34.084+0300] {override.py:1900} INFO - Created Permission View: can delete on DAG:dataset_with_extra_by_context
[2025-06-12T15:38:34.087+0300] {logging_mixin.py:190} INFO - [2025-06-12T15:38:34.087+0300] {override.py:1900} INFO - Created Permission View: can create on DAG Run:dataset_with_extra_by_context
[2025-06-12T15:38:34.089+0300] {logging_mixin.py:190} INFO - [2025-06-12T15:38:34.089+0300] {override.py:1900} INFO - Created Permission View: menu access on DAG Run:dataset_with_extra_by_context
[2025-06-12T15:38:34.092+0300] {logging_mixin.py:190} INFO - [2025-06-12T15:38:34.092+0300] {override.py:1900} INFO - Created Permission View: can read on DAG Run:dataset_with_extra_by_context
[2025-06-12T15:38:34.094+0300] {logging_mixin.py:190} INFO - [2025-06-12T15:38:34.094+0300] {override.py:1900} INFO - Created Permission View: can delete on DAG Run:dataset_with_extra_by_context
[2025-06-12T15:38:34.099+0300] {logging_mixin.py:190} INFO - [2025-06-12T15:38:34.099+0300] {override.py:1900} INFO - Created Permission View: can read on DAG:dataset_with_extra_from_classic_operator
[2025-06-12T15:38:34.102+0300] {logging_mixin.py:190} INFO - [2025-06-12T15:38:34.102+0300] {override.py:1900} INFO - Created Permission View: can edit on DAG:dataset_with_extra_from_classic_operator
[2025-06-12T15:38:34.104+0300] {logging_mixin.py:190} INFO - [2025-06-12T15:38:34.104+0300] {override.py:1900} INFO - Created Permission View: can delete on DAG:dataset_with_extra_from_classic_operator
[2025-06-12T15:38:34.108+0300] {logging_mixin.py:190} INFO - [2025-06-12T15:38:34.107+0300] {override.py:1900} INFO - Created Permission View: can create on DAG Run:dataset_with_extra_from_classic_operator
[2025-06-12T15:38:34.110+0300] {logging_mixin.py:190} INFO - [2025-06-12T15:38:34.110+0300] {override.py:1900} INFO - Created Permission View: menu access on DAG Run:dataset_with_extra_from_classic_operator
[2025-06-12T15:38:34.112+0300] {logging_mixin.py:190} INFO - [2025-06-12T15:38:34.112+0300] {override.py:1900} INFO - Created Permission View: can read on DAG Run:dataset_with_extra_from_classic_operator
[2025-06-12T15:38:34.115+0300] {logging_mixin.py:190} INFO - [2025-06-12T15:38:34.114+0300] {override.py:1900} INFO - Created Permission View: can delete on DAG Run:dataset_with_extra_from_classic_operator
[2025-06-12T15:38:34.120+0300] {logging_mixin.py:190} INFO - [2025-06-12T15:38:34.120+0300] {override.py:1900} INFO - Created Permission View: can read on DAG:dataset_with_extra_by_yield
[2025-06-12T15:38:34.122+0300] {logging_mixin.py:190} INFO - [2025-06-12T15:38:34.122+0300] {override.py:1900} INFO - Created Permission View: can edit on DAG:dataset_with_extra_by_yield
[2025-06-12T15:38:34.125+0300] {logging_mixin.py:190} INFO - [2025-06-12T15:38:34.125+0300] {override.py:1900} INFO - Created Permission View: can delete on DAG:dataset_with_extra_by_yield
[2025-06-12T15:38:34.129+0300] {logging_mixin.py:190} INFO - [2025-06-12T15:38:34.128+0300] {override.py:1900} INFO - Created Permission View: can create on DAG Run:dataset_with_extra_by_yield
[2025-06-12T15:38:34.131+0300] {logging_mixin.py:190} INFO - [2025-06-12T15:38:34.131+0300] {override.py:1900} INFO - Created Permission View: menu access on DAG Run:dataset_with_extra_by_yield
[2025-06-12T15:38:34.133+0300] {logging_mixin.py:190} INFO - [2025-06-12T15:38:34.133+0300] {override.py:1900} INFO - Created Permission View: can read on DAG Run:dataset_with_extra_by_yield
[2025-06-12T15:38:34.135+0300] {logging_mixin.py:190} INFO - [2025-06-12T15:38:34.135+0300] {override.py:1900} INFO - Created Permission View: can delete on DAG Run:dataset_with_extra_by_yield
[2025-06-12T15:38:34.135+0300] {logging_mixin.py:190} INFO - [2025-06-12T15:38:34.135+0300] {dag.py:3239} INFO - Sync 3 DAGs
[2025-06-12T15:38:34.141+0300] {logging_mixin.py:190} INFO - [2025-06-12T15:38:34.141+0300] {dag.py:3262} INFO - Creating ORM DAG for dataset_with_extra_by_context
[2025-06-12T15:38:34.141+0300] {logging_mixin.py:190} INFO - [2025-06-12T15:38:34.141+0300] {dag.py:3262} INFO - Creating ORM DAG for dataset_with_extra_from_classic_operator
[2025-06-12T15:38:34.141+0300] {logging_mixin.py:190} INFO - [2025-06-12T15:38:34.141+0300] {dag.py:3262} INFO - Creating ORM DAG for dataset_with_extra_by_yield
[2025-06-12T15:38:34.144+0300] {logging_mixin.py:190} INFO - [2025-06-12T15:38:34.144+0300] {dag.py:4180} INFO - Setting next_dagrun for dataset_with_extra_by_context to 2025-06-11 00:00:00+00:00, run_after=2025-06-12 00:00:00+00:00
[2025-06-12T15:38:34.145+0300] {logging_mixin.py:190} INFO - [2025-06-12T15:38:34.145+0300] {dag.py:4180} INFO - Setting next_dagrun for dataset_with_extra_by_yield to 2025-06-11 00:00:00+00:00, run_after=2025-06-12 00:00:00+00:00
[2025-06-12T15:38:34.145+0300] {logging_mixin.py:190} INFO - [2025-06-12T15:38:34.145+0300] {dag.py:4180} INFO - Setting next_dagrun for dataset_with_extra_from_classic_operator to 2025-06-11 00:00:00+00:00, run_after=2025-06-12 00:00:00+00:00
[2025-06-12T15:38:34.152+0300] {logging_mixin.py:190} INFO - [2025-06-12T15:38:34.152+0300] {workday.py:41} WARNING - Could not import pandas. Holidays will not be considered.
[2025-06-12T15:38:34.157+0300] {processor.py:208} INFO - Processing /opt/anaconda3/envs/bc_pipeline/lib/python3.11/site-packages/airflow/example_dags/example_outlet_event_extra.py took 0.214 seconds
[2025-06-12T15:58:54.431+0300] {processor.py:186} INFO - Started process (PID=29061) to work on /opt/anaconda3/envs/bc_pipeline/lib/python3.11/site-packages/airflow/example_dags/example_outlet_event_extra.py
[2025-06-12T15:58:54.432+0300] {processor.py:914} INFO - Processing file /opt/anaconda3/envs/bc_pipeline/lib/python3.11/site-packages/airflow/example_dags/example_outlet_event_extra.py for tasks to queue
[2025-06-12T15:58:54.432+0300] {logging_mixin.py:190} INFO - [2025-06-12T15:58:54.432+0300] {dagbag.py:588} INFO - Filling up the DagBag from /opt/anaconda3/envs/bc_pipeline/lib/python3.11/site-packages/airflow/example_dags/example_outlet_event_extra.py
[2025-06-12T15:58:54.470+0300] {processor.py:925} INFO - DAG(s) 'dataset_with_extra_by_context', 'dataset_with_extra_by_yield', 'dataset_with_extra_from_classic_operator' retrieved from /opt/anaconda3/envs/bc_pipeline/lib/python3.11/site-packages/airflow/example_dags/example_outlet_event_extra.py
[2025-06-12T15:58:54.535+0300] {logging_mixin.py:190} INFO - [2025-06-12T15:58:54.535+0300] {dag.py:3239} INFO - Sync 3 DAGs
[2025-06-12T15:58:54.542+0300] {logging_mixin.py:190} INFO - [2025-06-12T15:58:54.542+0300] {dag.py:4180} INFO - Setting next_dagrun for dataset_with_extra_by_context to 2025-06-11 00:00:00+00:00, run_after=2025-06-12 00:00:00+00:00
[2025-06-12T15:58:54.544+0300] {logging_mixin.py:190} INFO - [2025-06-12T15:58:54.544+0300] {dag.py:4180} INFO - Setting next_dagrun for dataset_with_extra_by_yield to 2025-06-11 00:00:00+00:00, run_after=2025-06-12 00:00:00+00:00
[2025-06-12T15:58:54.544+0300] {logging_mixin.py:190} INFO - [2025-06-12T15:58:54.544+0300] {dag.py:4180} INFO - Setting next_dagrun for dataset_with_extra_from_classic_operator to 2025-06-11 00:00:00+00:00, run_after=2025-06-12 00:00:00+00:00
[2025-06-12T15:58:54.553+0300] {processor.py:208} INFO - Processing /opt/anaconda3/envs/bc_pipeline/lib/python3.11/site-packages/airflow/example_dags/example_outlet_event_extra.py took 0.123 seconds
[2025-06-12T16:00:36.282+0300] {processor.py:186} INFO - Started process (PID=30279) to work on /opt/anaconda3/envs/bc_pipeline/lib/python3.11/site-packages/airflow/example_dags/example_outlet_event_extra.py
[2025-06-12T16:00:36.282+0300] {processor.py:914} INFO - Processing file /opt/anaconda3/envs/bc_pipeline/lib/python3.11/site-packages/airflow/example_dags/example_outlet_event_extra.py for tasks to queue
[2025-06-12T16:00:36.283+0300] {logging_mixin.py:190} INFO - [2025-06-12T16:00:36.283+0300] {dagbag.py:588} INFO - Filling up the DagBag from /opt/anaconda3/envs/bc_pipeline/lib/python3.11/site-packages/airflow/example_dags/example_outlet_event_extra.py
[2025-06-12T16:00:36.324+0300] {processor.py:925} INFO - DAG(s) 'dataset_with_extra_by_yield', 'dataset_with_extra_by_context', 'dataset_with_extra_from_classic_operator' retrieved from /opt/anaconda3/envs/bc_pipeline/lib/python3.11/site-packages/airflow/example_dags/example_outlet_event_extra.py
[2025-06-12T16:00:36.394+0300] {logging_mixin.py:190} INFO - [2025-06-12T16:00:36.394+0300] {dag.py:3239} INFO - Sync 3 DAGs
[2025-06-12T16:00:36.402+0300] {logging_mixin.py:190} INFO - [2025-06-12T16:00:36.401+0300] {dag.py:4180} INFO - Setting next_dagrun for dataset_with_extra_by_context to 2025-06-11 00:00:00+00:00, run_after=2025-06-12 00:00:00+00:00
[2025-06-12T16:00:36.403+0300] {logging_mixin.py:190} INFO - [2025-06-12T16:00:36.403+0300] {dag.py:4180} INFO - Setting next_dagrun for dataset_with_extra_by_yield to 2025-06-11 00:00:00+00:00, run_after=2025-06-12 00:00:00+00:00
[2025-06-12T16:00:36.404+0300] {logging_mixin.py:190} INFO - [2025-06-12T16:00:36.404+0300] {dag.py:4180} INFO - Setting next_dagrun for dataset_with_extra_from_classic_operator to 2025-06-11 00:00:00+00:00, run_after=2025-06-12 00:00:00+00:00
[2025-06-12T16:00:36.413+0300] {processor.py:208} INFO - Processing /opt/anaconda3/envs/bc_pipeline/lib/python3.11/site-packages/airflow/example_dags/example_outlet_event_extra.py took 0.132 seconds
