[2025-06-12T15:39:11.549+0300] {processor.py:186} INFO - Started process (PID=10593) to work on /opt/anaconda3/envs/bc_pipeline/lib/python3.11/site-packages/airflow/example_dags/example_branch_datetime_operator.py
[2025-06-12T15:39:11.550+0300] {processor.py:914} INFO - Processing file /opt/anaconda3/envs/bc_pipeline/lib/python3.11/site-packages/airflow/example_dags/example_branch_datetime_operator.py for tasks to queue
[2025-06-12T15:39:11.550+0300] {logging_mixin.py:190} INFO - [2025-06-12T15:39:11.550+0300] {dagbag.py:588} INFO - Filling up the DagBag from /opt/anaconda3/envs/bc_pipeline/lib/python3.11/site-packages/airflow/example_dags/example_branch_datetime_operator.py
[2025-06-12T15:39:11.556+0300] {processor.py:925} INFO - DAG(s) 'example_branch_datetime_operator_3', 'example_branch_datetime_operator_2', 'example_branch_datetime_operator' retrieved from /opt/anaconda3/envs/bc_pipeline/lib/python3.11/site-packages/airflow/example_dags/example_branch_datetime_operator.py
[2025-06-12T15:39:11.646+0300] {logging_mixin.py:190} INFO - [2025-06-12T15:39:11.646+0300] {override.py:1900} INFO - Created Permission View: can delete on DAG:example_branch_datetime_operator_3
[2025-06-12T15:39:11.650+0300] {logging_mixin.py:190} INFO - [2025-06-12T15:39:11.649+0300] {override.py:1900} INFO - Created Permission View: can edit on DAG:example_branch_datetime_operator_3
[2025-06-12T15:39:11.652+0300] {logging_mixin.py:190} INFO - [2025-06-12T15:39:11.652+0300] {override.py:1900} INFO - Created Permission View: can read on DAG:example_branch_datetime_operator_3
[2025-06-12T15:39:11.655+0300] {logging_mixin.py:190} INFO - [2025-06-12T15:39:11.655+0300] {override.py:1900} INFO - Created Permission View: can delete on DAG Run:example_branch_datetime_operator_3
[2025-06-12T15:39:11.657+0300] {logging_mixin.py:190} INFO - [2025-06-12T15:39:11.657+0300] {override.py:1900} INFO - Created Permission View: menu access on DAG Run:example_branch_datetime_operator_3
[2025-06-12T15:39:11.659+0300] {logging_mixin.py:190} INFO - [2025-06-12T15:39:11.659+0300] {override.py:1900} INFO - Created Permission View: can create on DAG Run:example_branch_datetime_operator_3
[2025-06-12T15:39:11.661+0300] {logging_mixin.py:190} INFO - [2025-06-12T15:39:11.661+0300] {override.py:1900} INFO - Created Permission View: can read on DAG Run:example_branch_datetime_operator_3
[2025-06-12T15:39:11.665+0300] {logging_mixin.py:190} INFO - [2025-06-12T15:39:11.665+0300] {override.py:1900} INFO - Created Permission View: can delete on DAG:example_branch_datetime_operator_2
[2025-06-12T15:39:11.667+0300] {logging_mixin.py:190} INFO - [2025-06-12T15:39:11.667+0300] {override.py:1900} INFO - Created Permission View: can edit on DAG:example_branch_datetime_operator_2
[2025-06-12T15:39:11.669+0300] {logging_mixin.py:190} INFO - [2025-06-12T15:39:11.669+0300] {override.py:1900} INFO - Created Permission View: can read on DAG:example_branch_datetime_operator_2
[2025-06-12T15:39:11.671+0300] {logging_mixin.py:190} INFO - [2025-06-12T15:39:11.671+0300] {override.py:1900} INFO - Created Permission View: can delete on DAG Run:example_branch_datetime_operator_2
[2025-06-12T15:39:11.673+0300] {logging_mixin.py:190} INFO - [2025-06-12T15:39:11.673+0300] {override.py:1900} INFO - Created Permission View: menu access on DAG Run:example_branch_datetime_operator_2
[2025-06-12T15:39:11.675+0300] {logging_mixin.py:190} INFO - [2025-06-12T15:39:11.675+0300] {override.py:1900} INFO - Created Permission View: can create on DAG Run:example_branch_datetime_operator_2
[2025-06-12T15:39:11.678+0300] {logging_mixin.py:190} INFO - [2025-06-12T15:39:11.678+0300] {override.py:1900} INFO - Created Permission View: can read on DAG Run:example_branch_datetime_operator_2
[2025-06-12T15:39:11.682+0300] {logging_mixin.py:190} INFO - [2025-06-12T15:39:11.682+0300] {override.py:1900} INFO - Created Permission View: can delete on DAG:example_branch_datetime_operator
[2025-06-12T15:39:11.684+0300] {logging_mixin.py:190} INFO - [2025-06-12T15:39:11.684+0300] {override.py:1900} INFO - Created Permission View: can edit on DAG:example_branch_datetime_operator
[2025-06-12T15:39:11.686+0300] {logging_mixin.py:190} INFO - [2025-06-12T15:39:11.686+0300] {override.py:1900} INFO - Created Permission View: can read on DAG:example_branch_datetime_operator
[2025-06-12T15:39:11.689+0300] {logging_mixin.py:190} INFO - [2025-06-12T15:39:11.688+0300] {override.py:1900} INFO - Created Permission View: can delete on DAG Run:example_branch_datetime_operator
[2025-06-12T15:39:11.690+0300] {logging_mixin.py:190} INFO - [2025-06-12T15:39:11.690+0300] {override.py:1900} INFO - Created Permission View: menu access on DAG Run:example_branch_datetime_operator
[2025-06-12T15:39:11.692+0300] {logging_mixin.py:190} INFO - [2025-06-12T15:39:11.692+0300] {override.py:1900} INFO - Created Permission View: can create on DAG Run:example_branch_datetime_operator
[2025-06-12T15:39:11.694+0300] {logging_mixin.py:190} INFO - [2025-06-12T15:39:11.694+0300] {override.py:1900} INFO - Created Permission View: can read on DAG Run:example_branch_datetime_operator
[2025-06-12T15:39:11.694+0300] {logging_mixin.py:190} INFO - [2025-06-12T15:39:11.694+0300] {dag.py:3239} INFO - Sync 3 DAGs
[2025-06-12T15:39:11.698+0300] {logging_mixin.py:190} INFO - [2025-06-12T15:39:11.698+0300] {dag.py:3262} INFO - Creating ORM DAG for example_branch_datetime_operator_2
[2025-06-12T15:39:11.698+0300] {logging_mixin.py:190} INFO - [2025-06-12T15:39:11.698+0300] {dag.py:3262} INFO - Creating ORM DAG for example_branch_datetime_operator_3
[2025-06-12T15:39:11.698+0300] {logging_mixin.py:190} INFO - [2025-06-12T15:39:11.698+0300] {dag.py:3262} INFO - Creating ORM DAG for example_branch_datetime_operator
[2025-06-12T15:39:11.701+0300] {logging_mixin.py:190} INFO - [2025-06-12T15:39:11.701+0300] {dag.py:4180} INFO - Setting next_dagrun for example_branch_datetime_operator to 2025-06-11 00:00:00+00:00, run_after=2025-06-12 00:00:00+00:00
[2025-06-12T15:39:11.702+0300] {logging_mixin.py:190} INFO - [2025-06-12T15:39:11.702+0300] {dag.py:4180} INFO - Setting next_dagrun for example_branch_datetime_operator_2 to 2025-06-11 00:00:00+00:00, run_after=2025-06-12 00:00:00+00:00
[2025-06-12T15:39:11.702+0300] {logging_mixin.py:190} INFO - [2025-06-12T15:39:11.702+0300] {dag.py:4180} INFO - Setting next_dagrun for example_branch_datetime_operator_3 to 2025-06-11 00:00:00+00:00, run_after=2025-06-12 00:00:00+00:00
[2025-06-12T15:39:11.708+0300] {processor.py:208} INFO - Processing /opt/anaconda3/envs/bc_pipeline/lib/python3.11/site-packages/airflow/example_dags/example_branch_datetime_operator.py took 0.160 seconds
[2025-06-12T15:59:31.708+0300] {processor.py:186} INFO - Started process (PID=29574) to work on /opt/anaconda3/envs/bc_pipeline/lib/python3.11/site-packages/airflow/example_dags/example_branch_datetime_operator.py
[2025-06-12T15:59:31.709+0300] {processor.py:914} INFO - Processing file /opt/anaconda3/envs/bc_pipeline/lib/python3.11/site-packages/airflow/example_dags/example_branch_datetime_operator.py for tasks to queue
[2025-06-12T15:59:31.710+0300] {logging_mixin.py:190} INFO - [2025-06-12T15:59:31.710+0300] {dagbag.py:588} INFO - Filling up the DagBag from /opt/anaconda3/envs/bc_pipeline/lib/python3.11/site-packages/airflow/example_dags/example_branch_datetime_operator.py
[2025-06-12T15:59:31.715+0300] {processor.py:925} INFO - DAG(s) 'example_branch_datetime_operator_3', 'example_branch_datetime_operator', 'example_branch_datetime_operator_2' retrieved from /opt/anaconda3/envs/bc_pipeline/lib/python3.11/site-packages/airflow/example_dags/example_branch_datetime_operator.py
[2025-06-12T15:59:31.750+0300] {logging_mixin.py:190} INFO - [2025-06-12T15:59:31.750+0300] {dag.py:3239} INFO - Sync 3 DAGs
[2025-06-12T15:59:31.757+0300] {logging_mixin.py:190} INFO - [2025-06-12T15:59:31.757+0300] {dag.py:4180} INFO - Setting next_dagrun for example_branch_datetime_operator to 2025-06-11 00:00:00+00:00, run_after=2025-06-12 00:00:00+00:00
[2025-06-12T15:59:31.758+0300] {logging_mixin.py:190} INFO - [2025-06-12T15:59:31.758+0300] {dag.py:4180} INFO - Setting next_dagrun for example_branch_datetime_operator_2 to 2025-06-11 00:00:00+00:00, run_after=2025-06-12 00:00:00+00:00
[2025-06-12T15:59:31.759+0300] {logging_mixin.py:190} INFO - [2025-06-12T15:59:31.759+0300] {dag.py:4180} INFO - Setting next_dagrun for example_branch_datetime_operator_3 to 2025-06-11 00:00:00+00:00, run_after=2025-06-12 00:00:00+00:00
[2025-06-12T15:59:31.765+0300] {processor.py:208} INFO - Processing /opt/anaconda3/envs/bc_pipeline/lib/python3.11/site-packages/airflow/example_dags/example_branch_datetime_operator.py took 0.058 seconds
[2025-06-12T16:02:14.316+0300] {processor.py:186} INFO - Started process (PID=31415) to work on /opt/anaconda3/envs/bc_pipeline/lib/python3.11/site-packages/airflow/example_dags/example_branch_datetime_operator.py
[2025-06-12T16:02:14.318+0300] {processor.py:914} INFO - Processing file /opt/anaconda3/envs/bc_pipeline/lib/python3.11/site-packages/airflow/example_dags/example_branch_datetime_operator.py for tasks to queue
[2025-06-12T16:02:14.318+0300] {logging_mixin.py:190} INFO - [2025-06-12T16:02:14.318+0300] {dagbag.py:588} INFO - Filling up the DagBag from /opt/anaconda3/envs/bc_pipeline/lib/python3.11/site-packages/airflow/example_dags/example_branch_datetime_operator.py
[2025-06-12T16:02:14.323+0300] {processor.py:925} INFO - DAG(s) 'example_branch_datetime_operator', 'example_branch_datetime_operator_2', 'example_branch_datetime_operator_3' retrieved from /opt/anaconda3/envs/bc_pipeline/lib/python3.11/site-packages/airflow/example_dags/example_branch_datetime_operator.py
[2025-06-12T16:02:14.359+0300] {logging_mixin.py:190} INFO - [2025-06-12T16:02:14.359+0300] {dag.py:3239} INFO - Sync 3 DAGs
[2025-06-12T16:02:14.365+0300] {logging_mixin.py:190} INFO - [2025-06-12T16:02:14.365+0300] {dag.py:4180} INFO - Setting next_dagrun for example_branch_datetime_operator to 2025-06-11 00:00:00+00:00, run_after=2025-06-12 00:00:00+00:00
[2025-06-12T16:02:14.367+0300] {logging_mixin.py:190} INFO - [2025-06-12T16:02:14.367+0300] {dag.py:4180} INFO - Setting next_dagrun for example_branch_datetime_operator_2 to 2025-06-11 00:00:00+00:00, run_after=2025-06-12 00:00:00+00:00
[2025-06-12T16:02:14.367+0300] {logging_mixin.py:190} INFO - [2025-06-12T16:02:14.367+0300] {dag.py:4180} INFO - Setting next_dagrun for example_branch_datetime_operator_3 to 2025-06-11 00:00:00+00:00, run_after=2025-06-12 00:00:00+00:00
[2025-06-12T16:02:14.374+0300] {processor.py:208} INFO - Processing /opt/anaconda3/envs/bc_pipeline/lib/python3.11/site-packages/airflow/example_dags/example_branch_datetime_operator.py took 0.059 seconds
