[2025-06-12T15:39:13.465+0300] {processor.py:186} INFO - Started process (PID=10616) to work on /opt/anaconda3/envs/bc_pipeline/lib/python3.11/site-packages/airflow/example_dags/example_bash_operator.py
[2025-06-12T15:39:13.465+0300] {processor.py:914} INFO - Processing file /opt/anaconda3/envs/bc_pipeline/lib/python3.11/site-packages/airflow/example_dags/example_bash_operator.py for tasks to queue
[2025-06-12T15:39:13.465+0300] {logging_mixin.py:190} INFO - [2025-06-12T15:39:13.465+0300] {dagbag.py:588} INFO - Filling up the DagBag from /opt/anaconda3/envs/bc_pipeline/lib/python3.11/site-packages/airflow/example_dags/example_bash_operator.py
[2025-06-12T15:39:13.470+0300] {processor.py:925} INFO - DAG(s) 'example_bash_operator' retrieved from /opt/anaconda3/envs/bc_pipeline/lib/python3.11/site-packages/airflow/example_dags/example_bash_operator.py
[2025-06-12T15:39:13.568+0300] {logging_mixin.py:190} INFO - [2025-06-12T15:39:13.567+0300] {override.py:1900} INFO - Created Permission View: can read on DAG:example_bash_operator
[2025-06-12T15:39:13.571+0300] {logging_mixin.py:190} INFO - [2025-06-12T15:39:13.571+0300] {override.py:1900} INFO - Created Permission View: can delete on DAG:example_bash_operator
[2025-06-12T15:39:13.574+0300] {logging_mixin.py:190} INFO - [2025-06-12T15:39:13.574+0300] {override.py:1900} INFO - Created Permission View: can edit on DAG:example_bash_operator
[2025-06-12T15:39:13.578+0300] {logging_mixin.py:190} INFO - [2025-06-12T15:39:13.578+0300] {override.py:1900} INFO - Created Permission View: can read on DAG Run:example_bash_operator
[2025-06-12T15:39:13.580+0300] {logging_mixin.py:190} INFO - [2025-06-12T15:39:13.580+0300] {override.py:1900} INFO - Created Permission View: can delete on DAG Run:example_bash_operator
[2025-06-12T15:39:13.583+0300] {logging_mixin.py:190} INFO - [2025-06-12T15:39:13.583+0300] {override.py:1900} INFO - Created Permission View: can create on DAG Run:example_bash_operator
[2025-06-12T15:39:13.585+0300] {logging_mixin.py:190} INFO - [2025-06-12T15:39:13.585+0300] {override.py:1900} INFO - Created Permission View: menu access on DAG Run:example_bash_operator
[2025-06-12T15:39:13.586+0300] {logging_mixin.py:190} INFO - [2025-06-12T15:39:13.586+0300] {dag.py:3239} INFO - Sync 1 DAGs
[2025-06-12T15:39:13.590+0300] {logging_mixin.py:190} INFO - [2025-06-12T15:39:13.590+0300] {dag.py:3262} INFO - Creating ORM DAG for example_bash_operator
[2025-06-12T15:39:13.593+0300] {logging_mixin.py:190} INFO - [2025-06-12T15:39:13.593+0300] {dag.py:4180} INFO - Setting next_dagrun for example_bash_operator to 2025-06-11 00:00:00+00:00, run_after=2025-06-12 00:00:00+00:00
[2025-06-12T15:39:13.599+0300] {processor.py:208} INFO - Processing /opt/anaconda3/envs/bc_pipeline/lib/python3.11/site-packages/airflow/example_dags/example_bash_operator.py took 0.136 seconds
[2025-06-12T15:59:33.539+0300] {processor.py:186} INFO - Started process (PID=29596) to work on /opt/anaconda3/envs/bc_pipeline/lib/python3.11/site-packages/airflow/example_dags/example_bash_operator.py
[2025-06-12T15:59:33.540+0300] {processor.py:914} INFO - Processing file /opt/anaconda3/envs/bc_pipeline/lib/python3.11/site-packages/airflow/example_dags/example_bash_operator.py for tasks to queue
[2025-06-12T15:59:33.540+0300] {logging_mixin.py:190} INFO - [2025-06-12T15:59:33.540+0300] {dagbag.py:588} INFO - Filling up the DagBag from /opt/anaconda3/envs/bc_pipeline/lib/python3.11/site-packages/airflow/example_dags/example_bash_operator.py
[2025-06-12T15:59:33.545+0300] {processor.py:925} INFO - DAG(s) 'example_bash_operator' retrieved from /opt/anaconda3/envs/bc_pipeline/lib/python3.11/site-packages/airflow/example_dags/example_bash_operator.py
[2025-06-12T15:59:33.582+0300] {logging_mixin.py:190} INFO - [2025-06-12T15:59:33.582+0300] {dag.py:3239} INFO - Sync 1 DAGs
[2025-06-12T15:59:33.589+0300] {logging_mixin.py:190} INFO - [2025-06-12T15:59:33.589+0300] {dag.py:4180} INFO - Setting next_dagrun for example_bash_operator to 2025-06-11 00:00:00+00:00, run_after=2025-06-12 00:00:00+00:00
[2025-06-12T15:59:33.596+0300] {processor.py:208} INFO - Processing /opt/anaconda3/envs/bc_pipeline/lib/python3.11/site-packages/airflow/example_dags/example_bash_operator.py took 0.059 seconds
[2025-06-12T16:02:16.090+0300] {processor.py:186} INFO - Started process (PID=31437) to work on /opt/anaconda3/envs/bc_pipeline/lib/python3.11/site-packages/airflow/example_dags/example_bash_operator.py
[2025-06-12T16:02:16.091+0300] {processor.py:914} INFO - Processing file /opt/anaconda3/envs/bc_pipeline/lib/python3.11/site-packages/airflow/example_dags/example_bash_operator.py for tasks to queue
[2025-06-12T16:02:16.092+0300] {logging_mixin.py:190} INFO - [2025-06-12T16:02:16.091+0300] {dagbag.py:588} INFO - Filling up the DagBag from /opt/anaconda3/envs/bc_pipeline/lib/python3.11/site-packages/airflow/example_dags/example_bash_operator.py
[2025-06-12T16:02:16.097+0300] {processor.py:925} INFO - DAG(s) 'example_bash_operator' retrieved from /opt/anaconda3/envs/bc_pipeline/lib/python3.11/site-packages/airflow/example_dags/example_bash_operator.py
[2025-06-12T16:02:16.135+0300] {logging_mixin.py:190} INFO - [2025-06-12T16:02:16.135+0300] {dag.py:3239} INFO - Sync 1 DAGs
[2025-06-12T16:02:16.141+0300] {logging_mixin.py:190} INFO - [2025-06-12T16:02:16.141+0300] {dag.py:4180} INFO - Setting next_dagrun for example_bash_operator to 2025-06-11 00:00:00+00:00, run_after=2025-06-12 00:00:00+00:00
[2025-06-12T16:02:16.149+0300] {processor.py:208} INFO - Processing /opt/anaconda3/envs/bc_pipeline/lib/python3.11/site-packages/airflow/example_dags/example_bash_operator.py took 0.060 seconds
