[2025-06-12T15:39:10.055+0300] {processor.py:186} INFO - Started process (PID=10592) to work on /opt/anaconda3/envs/bc_pipeline/lib/python3.11/site-packages/airflow/example_dags/example_branch_day_of_week_operator.py
[2025-06-12T15:39:10.055+0300] {processor.py:914} INFO - Processing file /opt/anaconda3/envs/bc_pipeline/lib/python3.11/site-packages/airflow/example_dags/example_branch_day_of_week_operator.py for tasks to queue
[2025-06-12T15:39:10.055+0300] {logging_mixin.py:190} INFO - [2025-06-12T15:39:10.055+0300] {dagbag.py:588} INFO - Filling up the DagBag from /opt/anaconda3/envs/bc_pipeline/lib/python3.11/site-packages/airflow/example_dags/example_branch_day_of_week_operator.py
[2025-06-12T15:39:10.060+0300] {processor.py:925} INFO - DAG(s) 'example_weekday_branch_operator' retrieved from /opt/anaconda3/envs/bc_pipeline/lib/python3.11/site-packages/airflow/example_dags/example_branch_day_of_week_operator.py
[2025-06-12T15:39:10.148+0300] {logging_mixin.py:190} INFO - [2025-06-12T15:39:10.147+0300] {override.py:1900} INFO - Created Permission View: can edit on DAG:example_weekday_branch_operator
[2025-06-12T15:39:10.151+0300] {logging_mixin.py:190} INFO - [2025-06-12T15:39:10.150+0300] {override.py:1900} INFO - Created Permission View: can delete on DAG:example_weekday_branch_operator
[2025-06-12T15:39:10.153+0300] {logging_mixin.py:190} INFO - [2025-06-12T15:39:10.153+0300] {override.py:1900} INFO - Created Permission View: can read on DAG:example_weekday_branch_operator
[2025-06-12T15:39:10.156+0300] {logging_mixin.py:190} INFO - [2025-06-12T15:39:10.156+0300] {override.py:1900} INFO - Created Permission View: can delete on DAG Run:example_weekday_branch_operator
[2025-06-12T15:39:10.158+0300] {logging_mixin.py:190} INFO - [2025-06-12T15:39:10.158+0300] {override.py:1900} INFO - Created Permission View: can create on DAG Run:example_weekday_branch_operator
[2025-06-12T15:39:10.160+0300] {logging_mixin.py:190} INFO - [2025-06-12T15:39:10.160+0300] {override.py:1900} INFO - Created Permission View: menu access on DAG Run:example_weekday_branch_operator
[2025-06-12T15:39:10.162+0300] {logging_mixin.py:190} INFO - [2025-06-12T15:39:10.162+0300] {override.py:1900} INFO - Created Permission View: can read on DAG Run:example_weekday_branch_operator
[2025-06-12T15:39:10.162+0300] {logging_mixin.py:190} INFO - [2025-06-12T15:39:10.162+0300] {dag.py:3239} INFO - Sync 1 DAGs
[2025-06-12T15:39:10.166+0300] {logging_mixin.py:190} INFO - [2025-06-12T15:39:10.166+0300] {dag.py:3262} INFO - Creating ORM DAG for example_weekday_branch_operator
[2025-06-12T15:39:10.169+0300] {logging_mixin.py:190} INFO - [2025-06-12T15:39:10.169+0300] {dag.py:4180} INFO - Setting next_dagrun for example_weekday_branch_operator to 2025-06-11 00:00:00+00:00, run_after=2025-06-12 00:00:00+00:00
[2025-06-12T15:39:10.175+0300] {processor.py:208} INFO - Processing /opt/anaconda3/envs/bc_pipeline/lib/python3.11/site-packages/airflow/example_dags/example_branch_day_of_week_operator.py took 0.121 seconds
[2025-06-12T15:59:29.875+0300] {processor.py:186} INFO - Started process (PID=29552) to work on /opt/anaconda3/envs/bc_pipeline/lib/python3.11/site-packages/airflow/example_dags/example_branch_day_of_week_operator.py
[2025-06-12T15:59:29.876+0300] {processor.py:914} INFO - Processing file /opt/anaconda3/envs/bc_pipeline/lib/python3.11/site-packages/airflow/example_dags/example_branch_day_of_week_operator.py for tasks to queue
[2025-06-12T15:59:29.877+0300] {logging_mixin.py:190} INFO - [2025-06-12T15:59:29.876+0300] {dagbag.py:588} INFO - Filling up the DagBag from /opt/anaconda3/envs/bc_pipeline/lib/python3.11/site-packages/airflow/example_dags/example_branch_day_of_week_operator.py
[2025-06-12T15:59:29.881+0300] {processor.py:925} INFO - DAG(s) 'example_weekday_branch_operator' retrieved from /opt/anaconda3/envs/bc_pipeline/lib/python3.11/site-packages/airflow/example_dags/example_branch_day_of_week_operator.py
[2025-06-12T15:59:29.917+0300] {logging_mixin.py:190} INFO - [2025-06-12T15:59:29.917+0300] {dag.py:3239} INFO - Sync 1 DAGs
[2025-06-12T15:59:29.924+0300] {logging_mixin.py:190} INFO - [2025-06-12T15:59:29.924+0300] {dag.py:4180} INFO - Setting next_dagrun for example_weekday_branch_operator to 2025-06-11 00:00:00+00:00, run_after=2025-06-12 00:00:00+00:00
[2025-06-12T15:59:29.932+0300] {processor.py:208} INFO - Processing /opt/anaconda3/envs/bc_pipeline/lib/python3.11/site-packages/airflow/example_dags/example_branch_day_of_week_operator.py took 0.057 seconds
[2025-06-12T16:02:12.526+0300] {processor.py:186} INFO - Started process (PID=31393) to work on /opt/anaconda3/envs/bc_pipeline/lib/python3.11/site-packages/airflow/example_dags/example_branch_day_of_week_operator.py
[2025-06-12T16:02:12.527+0300] {processor.py:914} INFO - Processing file /opt/anaconda3/envs/bc_pipeline/lib/python3.11/site-packages/airflow/example_dags/example_branch_day_of_week_operator.py for tasks to queue
[2025-06-12T16:02:12.527+0300] {logging_mixin.py:190} INFO - [2025-06-12T16:02:12.527+0300] {dagbag.py:588} INFO - Filling up the DagBag from /opt/anaconda3/envs/bc_pipeline/lib/python3.11/site-packages/airflow/example_dags/example_branch_day_of_week_operator.py
[2025-06-12T16:02:12.532+0300] {processor.py:925} INFO - DAG(s) 'example_weekday_branch_operator' retrieved from /opt/anaconda3/envs/bc_pipeline/lib/python3.11/site-packages/airflow/example_dags/example_branch_day_of_week_operator.py
[2025-06-12T16:02:12.568+0300] {logging_mixin.py:190} INFO - [2025-06-12T16:02:12.567+0300] {dag.py:3239} INFO - Sync 1 DAGs
[2025-06-12T16:02:12.575+0300] {logging_mixin.py:190} INFO - [2025-06-12T16:02:12.575+0300] {dag.py:4180} INFO - Setting next_dagrun for example_weekday_branch_operator to 2025-06-11 00:00:00+00:00, run_after=2025-06-12 00:00:00+00:00
[2025-06-12T16:02:12.582+0300] {processor.py:208} INFO - Processing /opt/anaconda3/envs/bc_pipeline/lib/python3.11/site-packages/airflow/example_dags/example_branch_day_of_week_operator.py took 0.057 seconds
