[2025-06-12T15:38:19.489+0300] {processor.py:186} INFO - Started process (PID=10032) to work on /opt/anaconda3/envs/bc_pipeline/lib/python3.11/site-packages/airflow/example_dags/example_setup_teardown.py
[2025-06-12T15:38:19.489+0300] {processor.py:914} INFO - Processing file /opt/anaconda3/envs/bc_pipeline/lib/python3.11/site-packages/airflow/example_dags/example_setup_teardown.py for tasks to queue
[2025-06-12T15:38:19.490+0300] {logging_mixin.py:190} INFO - [2025-06-12T15:38:19.490+0300] {dagbag.py:588} INFO - Filling up the DagBag from /opt/anaconda3/envs/bc_pipeline/lib/python3.11/site-packages/airflow/example_dags/example_setup_teardown.py
[2025-06-12T15:38:19.494+0300] {processor.py:925} INFO - DAG(s) 'example_setup_teardown' retrieved from /opt/anaconda3/envs/bc_pipeline/lib/python3.11/site-packages/airflow/example_dags/example_setup_teardown.py
[2025-06-12T15:38:19.590+0300] {logging_mixin.py:190} INFO - [2025-06-12T15:38:19.590+0300] {override.py:1900} INFO - Created Permission View: can delete on DAG:example_setup_teardown
[2025-06-12T15:38:19.593+0300] {logging_mixin.py:190} INFO - [2025-06-12T15:38:19.593+0300] {override.py:1900} INFO - Created Permission View: can edit on DAG:example_setup_teardown
[2025-06-12T15:38:19.595+0300] {logging_mixin.py:190} INFO - [2025-06-12T15:38:19.595+0300] {override.py:1900} INFO - Created Permission View: can read on DAG:example_setup_teardown
[2025-06-12T15:38:19.598+0300] {logging_mixin.py:190} INFO - [2025-06-12T15:38:19.598+0300] {override.py:1900} INFO - Created Permission View: can delete on DAG Run:example_setup_teardown
[2025-06-12T15:38:19.600+0300] {logging_mixin.py:190} INFO - [2025-06-12T15:38:19.600+0300] {override.py:1900} INFO - Created Permission View: menu access on DAG Run:example_setup_teardown
[2025-06-12T15:38:19.602+0300] {logging_mixin.py:190} INFO - [2025-06-12T15:38:19.602+0300] {override.py:1900} INFO - Created Permission View: can read on DAG Run:example_setup_teardown
[2025-06-12T15:38:19.604+0300] {logging_mixin.py:190} INFO - [2025-06-12T15:38:19.603+0300] {override.py:1900} INFO - Created Permission View: can create on DAG Run:example_setup_teardown
[2025-06-12T15:38:19.604+0300] {logging_mixin.py:190} INFO - [2025-06-12T15:38:19.604+0300] {dag.py:3239} INFO - Sync 1 DAGs
[2025-06-12T15:38:19.608+0300] {logging_mixin.py:190} INFO - [2025-06-12T15:38:19.608+0300] {dag.py:3262} INFO - Creating ORM DAG for example_setup_teardown
[2025-06-12T15:38:19.608+0300] {logging_mixin.py:190} INFO - [2025-06-12T15:38:19.608+0300] {dag.py:4180} INFO - Setting next_dagrun for example_setup_teardown to None, run_after=None
[2025-06-12T15:38:19.614+0300] {processor.py:208} INFO - Processing /opt/anaconda3/envs/bc_pipeline/lib/python3.11/site-packages/airflow/example_dags/example_setup_teardown.py took 0.127 seconds
[2025-06-12T15:58:40.752+0300] {processor.py:186} INFO - Started process (PID=28902) to work on /opt/anaconda3/envs/bc_pipeline/lib/python3.11/site-packages/airflow/example_dags/example_setup_teardown.py
[2025-06-12T15:58:40.753+0300] {processor.py:914} INFO - Processing file /opt/anaconda3/envs/bc_pipeline/lib/python3.11/site-packages/airflow/example_dags/example_setup_teardown.py for tasks to queue
[2025-06-12T15:58:40.754+0300] {logging_mixin.py:190} INFO - [2025-06-12T15:58:40.754+0300] {dagbag.py:588} INFO - Filling up the DagBag from /opt/anaconda3/envs/bc_pipeline/lib/python3.11/site-packages/airflow/example_dags/example_setup_teardown.py
[2025-06-12T15:58:40.757+0300] {processor.py:925} INFO - DAG(s) 'example_setup_teardown' retrieved from /opt/anaconda3/envs/bc_pipeline/lib/python3.11/site-packages/airflow/example_dags/example_setup_teardown.py
[2025-06-12T15:58:40.789+0300] {logging_mixin.py:190} INFO - [2025-06-12T15:58:40.789+0300] {dag.py:3239} INFO - Sync 1 DAGs
[2025-06-12T15:58:40.793+0300] {logging_mixin.py:190} INFO - [2025-06-12T15:58:40.793+0300] {dag.py:4180} INFO - Setting next_dagrun for example_setup_teardown to None, run_after=None
[2025-06-12T15:58:40.799+0300] {processor.py:208} INFO - Processing /opt/anaconda3/envs/bc_pipeline/lib/python3.11/site-packages/airflow/example_dags/example_setup_teardown.py took 0.048 seconds
[2025-06-12T16:00:21.372+0300] {processor.py:186} INFO - Started process (PID=30117) to work on /opt/anaconda3/envs/bc_pipeline/lib/python3.11/site-packages/airflow/example_dags/example_setup_teardown.py
[2025-06-12T16:00:21.374+0300] {processor.py:914} INFO - Processing file /opt/anaconda3/envs/bc_pipeline/lib/python3.11/site-packages/airflow/example_dags/example_setup_teardown.py for tasks to queue
[2025-06-12T16:00:21.374+0300] {logging_mixin.py:190} INFO - [2025-06-12T16:00:21.374+0300] {dagbag.py:588} INFO - Filling up the DagBag from /opt/anaconda3/envs/bc_pipeline/lib/python3.11/site-packages/airflow/example_dags/example_setup_teardown.py
[2025-06-12T16:00:21.378+0300] {processor.py:925} INFO - DAG(s) 'example_setup_teardown' retrieved from /opt/anaconda3/envs/bc_pipeline/lib/python3.11/site-packages/airflow/example_dags/example_setup_teardown.py
[2025-06-12T16:00:21.413+0300] {logging_mixin.py:190} INFO - [2025-06-12T16:00:21.413+0300] {dag.py:3239} INFO - Sync 1 DAGs
[2025-06-12T16:00:21.417+0300] {logging_mixin.py:190} INFO - [2025-06-12T16:00:21.417+0300] {dag.py:4180} INFO - Setting next_dagrun for example_setup_teardown to None, run_after=None
[2025-06-12T16:00:21.425+0300] {processor.py:208} INFO - Processing /opt/anaconda3/envs/bc_pipeline/lib/python3.11/site-packages/airflow/example_dags/example_setup_teardown.py took 0.054 seconds
