[2025-06-12T15:37:54.269+0300] {processor.py:186} INFO - Started process (PID=9749) to work on /opt/anaconda3/envs/bc_pipeline/lib/python3.11/site-packages/airflow/example_dags/example_xcomargs.py
[2025-06-12T15:37:54.269+0300] {processor.py:914} INFO - Processing file /opt/anaconda3/envs/bc_pipeline/lib/python3.11/site-packages/airflow/example_dags/example_xcomargs.py for tasks to queue
[2025-06-12T15:37:54.270+0300] {logging_mixin.py:190} INFO - [2025-06-12T15:37:54.270+0300] {dagbag.py:588} INFO - Filling up the DagBag from /opt/anaconda3/envs/bc_pipeline/lib/python3.11/site-packages/airflow/example_dags/example_xcomargs.py
[2025-06-12T15:37:54.286+0300] {processor.py:925} INFO - DAG(s) 'example_xcom_args_with_operators', 'example_xcom_args' retrieved from /opt/anaconda3/envs/bc_pipeline/lib/python3.11/site-packages/airflow/example_dags/example_xcomargs.py
[2025-06-12T15:37:54.372+0300] {logging_mixin.py:190} INFO - [2025-06-12T15:37:54.372+0300] {override.py:1900} INFO - Created Permission View: can delete on DAG:example_xcom_args_with_operators
[2025-06-12T15:37:54.376+0300] {logging_mixin.py:190} INFO - [2025-06-12T15:37:54.376+0300] {override.py:1900} INFO - Created Permission View: can edit on DAG:example_xcom_args_with_operators
[2025-06-12T15:37:54.378+0300] {logging_mixin.py:190} INFO - [2025-06-12T15:37:54.378+0300] {override.py:1900} INFO - Created Permission View: can read on DAG:example_xcom_args_with_operators
[2025-06-12T15:37:54.380+0300] {logging_mixin.py:190} INFO - [2025-06-12T15:37:54.380+0300] {override.py:1900} INFO - Created Permission View: can delete on DAG Run:example_xcom_args_with_operators
[2025-06-12T15:37:54.382+0300] {logging_mixin.py:190} INFO - [2025-06-12T15:37:54.382+0300] {override.py:1900} INFO - Created Permission View: can create on DAG Run:example_xcom_args_with_operators
[2025-06-12T15:37:54.384+0300] {logging_mixin.py:190} INFO - [2025-06-12T15:37:54.384+0300] {override.py:1900} INFO - Created Permission View: menu access on DAG Run:example_xcom_args_with_operators
[2025-06-12T15:37:54.386+0300] {logging_mixin.py:190} INFO - [2025-06-12T15:37:54.386+0300] {override.py:1900} INFO - Created Permission View: can read on DAG Run:example_xcom_args_with_operators
[2025-06-12T15:37:54.390+0300] {logging_mixin.py:190} INFO - [2025-06-12T15:37:54.390+0300] {override.py:1900} INFO - Created Permission View: can delete on DAG:example_xcom_args
[2025-06-12T15:37:54.392+0300] {logging_mixin.py:190} INFO - [2025-06-12T15:37:54.392+0300] {override.py:1900} INFO - Created Permission View: can edit on DAG:example_xcom_args
[2025-06-12T15:37:54.394+0300] {logging_mixin.py:190} INFO - [2025-06-12T15:37:54.394+0300] {override.py:1900} INFO - Created Permission View: can read on DAG:example_xcom_args
[2025-06-12T15:37:54.396+0300] {logging_mixin.py:190} INFO - [2025-06-12T15:37:54.396+0300] {override.py:1900} INFO - Created Permission View: can delete on DAG Run:example_xcom_args
[2025-06-12T15:37:54.398+0300] {logging_mixin.py:190} INFO - [2025-06-12T15:37:54.398+0300] {override.py:1900} INFO - Created Permission View: can create on DAG Run:example_xcom_args
[2025-06-12T15:37:54.400+0300] {logging_mixin.py:190} INFO - [2025-06-12T15:37:54.400+0300] {override.py:1900} INFO - Created Permission View: menu access on DAG Run:example_xcom_args
[2025-06-12T15:37:54.402+0300] {logging_mixin.py:190} INFO - [2025-06-12T15:37:54.401+0300] {override.py:1900} INFO - Created Permission View: can read on DAG Run:example_xcom_args
[2025-06-12T15:37:54.402+0300] {logging_mixin.py:190} INFO - [2025-06-12T15:37:54.402+0300] {dag.py:3239} INFO - Sync 2 DAGs
[2025-06-12T15:37:54.405+0300] {logging_mixin.py:190} INFO - [2025-06-12T15:37:54.405+0300] {dag.py:3262} INFO - Creating ORM DAG for example_xcom_args
[2025-06-12T15:37:54.406+0300] {logging_mixin.py:190} INFO - [2025-06-12T15:37:54.406+0300] {dag.py:3262} INFO - Creating ORM DAG for example_xcom_args_with_operators
[2025-06-12T15:37:54.406+0300] {logging_mixin.py:190} INFO - [2025-06-12T15:37:54.406+0300] {dag.py:4180} INFO - Setting next_dagrun for example_xcom_args to None, run_after=None
[2025-06-12T15:37:54.406+0300] {logging_mixin.py:190} INFO - [2025-06-12T15:37:54.406+0300] {dag.py:4180} INFO - Setting next_dagrun for example_xcom_args_with_operators to None, run_after=None
[2025-06-12T15:37:54.412+0300] {processor.py:208} INFO - Processing /opt/anaconda3/envs/bc_pipeline/lib/python3.11/site-packages/airflow/example_dags/example_xcomargs.py took 0.144 seconds
[2025-06-12T15:56:36.845+0300] {processor.py:186} INFO - Started process (PID=26054) to work on /opt/anaconda3/envs/bc_pipeline/lib/python3.11/site-packages/airflow/example_dags/example_xcomargs.py
[2025-06-12T15:56:36.847+0300] {processor.py:914} INFO - Processing file /opt/anaconda3/envs/bc_pipeline/lib/python3.11/site-packages/airflow/example_dags/example_xcomargs.py for tasks to queue
[2025-06-12T15:56:36.847+0300] {logging_mixin.py:190} INFO - [2025-06-12T15:56:36.847+0300] {dagbag.py:588} INFO - Filling up the DagBag from /opt/anaconda3/envs/bc_pipeline/lib/python3.11/site-packages/airflow/example_dags/example_xcomargs.py
[2025-06-12T15:56:36.866+0300] {processor.py:925} INFO - DAG(s) 'example_xcom_args', 'example_xcom_args_with_operators' retrieved from /opt/anaconda3/envs/bc_pipeline/lib/python3.11/site-packages/airflow/example_dags/example_xcomargs.py
[2025-06-12T15:56:36.902+0300] {logging_mixin.py:190} INFO - [2025-06-12T15:56:36.902+0300] {dag.py:3239} INFO - Sync 2 DAGs
[2025-06-12T15:56:36.946+0300] {logging_mixin.py:190} INFO - [2025-06-12T15:56:36.945+0300] {dag.py:4180} INFO - Setting next_dagrun for example_xcom_args to None, run_after=None
[2025-06-12T15:56:36.949+0300] {logging_mixin.py:190} INFO - [2025-06-12T15:56:36.949+0300] {dag.py:4180} INFO - Setting next_dagrun for example_xcom_args_with_operators to None, run_after=None
[2025-06-12T15:56:36.958+0300] {processor.py:208} INFO - Processing /opt/anaconda3/envs/bc_pipeline/lib/python3.11/site-packages/airflow/example_dags/example_xcomargs.py took 0.114 seconds
[2025-06-12T15:58:15.498+0300] {processor.py:186} INFO - Started process (PID=28627) to work on /opt/anaconda3/envs/bc_pipeline/lib/python3.11/site-packages/airflow/example_dags/example_xcomargs.py
[2025-06-12T15:58:15.499+0300] {processor.py:914} INFO - Processing file /opt/anaconda3/envs/bc_pipeline/lib/python3.11/site-packages/airflow/example_dags/example_xcomargs.py for tasks to queue
[2025-06-12T15:58:15.499+0300] {logging_mixin.py:190} INFO - [2025-06-12T15:58:15.499+0300] {dagbag.py:588} INFO - Filling up the DagBag from /opt/anaconda3/envs/bc_pipeline/lib/python3.11/site-packages/airflow/example_dags/example_xcomargs.py
[2025-06-12T15:58:15.516+0300] {processor.py:925} INFO - DAG(s) 'example_xcom_args', 'example_xcom_args_with_operators' retrieved from /opt/anaconda3/envs/bc_pipeline/lib/python3.11/site-packages/airflow/example_dags/example_xcomargs.py
[2025-06-12T15:58:15.548+0300] {logging_mixin.py:190} INFO - [2025-06-12T15:58:15.548+0300] {dag.py:3239} INFO - Sync 2 DAGs
[2025-06-12T15:58:15.578+0300] {logging_mixin.py:190} INFO - [2025-06-12T15:58:15.578+0300] {dag.py:4180} INFO - Setting next_dagrun for example_xcom_args to None, run_after=None
[2025-06-12T15:58:15.579+0300] {logging_mixin.py:190} INFO - [2025-06-12T15:58:15.579+0300] {dag.py:4180} INFO - Setting next_dagrun for example_xcom_args_with_operators to None, run_after=None
[2025-06-12T15:58:15.586+0300] {processor.py:208} INFO - Processing /opt/anaconda3/envs/bc_pipeline/lib/python3.11/site-packages/airflow/example_dags/example_xcomargs.py took 0.089 seconds
[2025-06-12T15:59:56.859+0300] {processor.py:186} INFO - Started process (PID=29849) to work on /opt/anaconda3/envs/bc_pipeline/lib/python3.11/site-packages/airflow/example_dags/example_xcomargs.py
[2025-06-12T15:59:56.860+0300] {processor.py:914} INFO - Processing file /opt/anaconda3/envs/bc_pipeline/lib/python3.11/site-packages/airflow/example_dags/example_xcomargs.py for tasks to queue
[2025-06-12T15:59:56.860+0300] {logging_mixin.py:190} INFO - [2025-06-12T15:59:56.860+0300] {dagbag.py:588} INFO - Filling up the DagBag from /opt/anaconda3/envs/bc_pipeline/lib/python3.11/site-packages/airflow/example_dags/example_xcomargs.py
[2025-06-12T15:59:56.877+0300] {processor.py:925} INFO - DAG(s) 'example_xcom_args_with_operators', 'example_xcom_args' retrieved from /opt/anaconda3/envs/bc_pipeline/lib/python3.11/site-packages/airflow/example_dags/example_xcomargs.py
[2025-06-12T15:59:56.912+0300] {logging_mixin.py:190} INFO - [2025-06-12T15:59:56.911+0300] {dag.py:3239} INFO - Sync 2 DAGs
[2025-06-12T15:59:56.947+0300] {logging_mixin.py:190} INFO - [2025-06-12T15:59:56.947+0300] {dag.py:4180} INFO - Setting next_dagrun for example_xcom_args to None, run_after=None
[2025-06-12T15:59:56.949+0300] {logging_mixin.py:190} INFO - [2025-06-12T15:59:56.949+0300] {dag.py:4180} INFO - Setting next_dagrun for example_xcom_args_with_operators to None, run_after=None
[2025-06-12T15:59:56.956+0300] {processor.py:208} INFO - Processing /opt/anaconda3/envs/bc_pipeline/lib/python3.11/site-packages/airflow/example_dags/example_xcomargs.py took 0.099 seconds
[2025-06-12T16:01:28.107+0300] {processor.py:186} INFO - Started process (PID=30891) to work on /opt/anaconda3/envs/bc_pipeline/lib/python3.11/site-packages/airflow/example_dags/example_xcomargs.py
[2025-06-12T16:01:28.108+0300] {processor.py:914} INFO - Processing file /opt/anaconda3/envs/bc_pipeline/lib/python3.11/site-packages/airflow/example_dags/example_xcomargs.py for tasks to queue
[2025-06-12T16:01:28.109+0300] {logging_mixin.py:190} INFO - [2025-06-12T16:01:28.109+0300] {dagbag.py:588} INFO - Filling up the DagBag from /opt/anaconda3/envs/bc_pipeline/lib/python3.11/site-packages/airflow/example_dags/example_xcomargs.py
[2025-06-12T16:01:28.125+0300] {processor.py:925} INFO - DAG(s) 'example_xcom_args', 'example_xcom_args_with_operators' retrieved from /opt/anaconda3/envs/bc_pipeline/lib/python3.11/site-packages/airflow/example_dags/example_xcomargs.py
[2025-06-12T16:01:28.156+0300] {logging_mixin.py:190} INFO - [2025-06-12T16:01:28.156+0300] {dag.py:3239} INFO - Sync 2 DAGs
[2025-06-12T16:01:28.185+0300] {logging_mixin.py:190} INFO - [2025-06-12T16:01:28.185+0300] {dag.py:4180} INFO - Setting next_dagrun for example_xcom_args to None, run_after=None
[2025-06-12T16:01:28.186+0300] {logging_mixin.py:190} INFO - [2025-06-12T16:01:28.186+0300] {dag.py:4180} INFO - Setting next_dagrun for example_xcom_args_with_operators to None, run_after=None
[2025-06-12T16:01:28.192+0300] {processor.py:208} INFO - Processing /opt/anaconda3/envs/bc_pipeline/lib/python3.11/site-packages/airflow/example_dags/example_xcomargs.py took 0.087 seconds
[2025-06-12T16:02:37.284+0300] {processor.py:186} INFO - Started process (PID=31669) to work on /opt/anaconda3/envs/bc_pipeline/lib/python3.11/site-packages/airflow/example_dags/example_xcomargs.py
[2025-06-12T16:02:37.284+0300] {processor.py:914} INFO - Processing file /opt/anaconda3/envs/bc_pipeline/lib/python3.11/site-packages/airflow/example_dags/example_xcomargs.py for tasks to queue
[2025-06-12T16:02:37.285+0300] {logging_mixin.py:190} INFO - [2025-06-12T16:02:37.285+0300] {dagbag.py:588} INFO - Filling up the DagBag from /opt/anaconda3/envs/bc_pipeline/lib/python3.11/site-packages/airflow/example_dags/example_xcomargs.py
[2025-06-12T16:02:37.301+0300] {processor.py:925} INFO - DAG(s) 'example_xcom_args', 'example_xcom_args_with_operators' retrieved from /opt/anaconda3/envs/bc_pipeline/lib/python3.11/site-packages/airflow/example_dags/example_xcomargs.py
[2025-06-12T16:02:37.332+0300] {logging_mixin.py:190} INFO - [2025-06-12T16:02:37.332+0300] {dag.py:3239} INFO - Sync 2 DAGs
[2025-06-12T16:02:37.361+0300] {logging_mixin.py:190} INFO - [2025-06-12T16:02:37.360+0300] {dag.py:4180} INFO - Setting next_dagrun for example_xcom_args to None, run_after=None
[2025-06-12T16:02:37.362+0300] {logging_mixin.py:190} INFO - [2025-06-12T16:02:37.362+0300] {dag.py:4180} INFO - Setting next_dagrun for example_xcom_args_with_operators to None, run_after=None
[2025-06-12T16:02:37.368+0300] {processor.py:208} INFO - Processing /opt/anaconda3/envs/bc_pipeline/lib/python3.11/site-packages/airflow/example_dags/example_xcomargs.py took 0.085 seconds
