[2025-06-12T15:37:52.194+0300] {processor.py:186} INFO - Started process (PID=9726) to work on /opt/anaconda3/envs/bc_pipeline/lib/python3.11/site-packages/airflow/example_dags/tutorial_dag.py
[2025-06-12T15:37:52.195+0300] {processor.py:914} INFO - Processing file /opt/anaconda3/envs/bc_pipeline/lib/python3.11/site-packages/airflow/example_dags/tutorial_dag.py for tasks to queue
[2025-06-12T15:37:52.195+0300] {logging_mixin.py:190} INFO - [2025-06-12T15:37:52.195+0300] {dagbag.py:588} INFO - Filling up the DagBag from /opt/anaconda3/envs/bc_pipeline/lib/python3.11/site-packages/airflow/example_dags/tutorial_dag.py
[2025-06-12T15:37:52.206+0300] {processor.py:925} INFO - DAG(s) 'tutorial_dag' retrieved from /opt/anaconda3/envs/bc_pipeline/lib/python3.11/site-packages/airflow/example_dags/tutorial_dag.py
[2025-06-12T15:37:52.296+0300] {logging_mixin.py:190} INFO - [2025-06-12T15:37:52.296+0300] {override.py:1900} INFO - Created Permission View: can edit on DAG:tutorial_dag
[2025-06-12T15:37:52.299+0300] {logging_mixin.py:190} INFO - [2025-06-12T15:37:52.299+0300] {override.py:1900} INFO - Created Permission View: can delete on DAG:tutorial_dag
[2025-06-12T15:37:52.301+0300] {logging_mixin.py:190} INFO - [2025-06-12T15:37:52.301+0300] {override.py:1900} INFO - Created Permission View: can read on DAG:tutorial_dag
[2025-06-12T15:37:52.304+0300] {logging_mixin.py:190} INFO - [2025-06-12T15:37:52.304+0300] {override.py:1900} INFO - Created Permission View: can delete on DAG Run:tutorial_dag
[2025-06-12T15:37:52.306+0300] {logging_mixin.py:190} INFO - [2025-06-12T15:37:52.306+0300] {override.py:1900} INFO - Created Permission View: can create on DAG Run:tutorial_dag
[2025-06-12T15:37:52.308+0300] {logging_mixin.py:190} INFO - [2025-06-12T15:37:52.307+0300] {override.py:1900} INFO - Created Permission View: menu access on DAG Run:tutorial_dag
[2025-06-12T15:37:52.309+0300] {logging_mixin.py:190} INFO - [2025-06-12T15:37:52.309+0300] {override.py:1900} INFO - Created Permission View: can read on DAG Run:tutorial_dag
[2025-06-12T15:37:52.309+0300] {logging_mixin.py:190} INFO - [2025-06-12T15:37:52.309+0300] {dag.py:3239} INFO - Sync 1 DAGs
[2025-06-12T15:37:52.313+0300] {logging_mixin.py:190} INFO - [2025-06-12T15:37:52.313+0300] {dag.py:3262} INFO - Creating ORM DAG for tutorial_dag
[2025-06-12T15:37:52.313+0300] {logging_mixin.py:190} INFO - [2025-06-12T15:37:52.313+0300] {dag.py:4180} INFO - Setting next_dagrun for tutorial_dag to None, run_after=None
[2025-06-12T15:37:52.319+0300] {processor.py:208} INFO - Processing /opt/anaconda3/envs/bc_pipeline/lib/python3.11/site-packages/airflow/example_dags/tutorial_dag.py took 0.125 seconds
[2025-06-12T15:56:33.183+0300] {processor.py:186} INFO - Started process (PID=26009) to work on /opt/anaconda3/envs/bc_pipeline/lib/python3.11/site-packages/airflow/example_dags/tutorial_dag.py
[2025-06-12T15:56:33.184+0300] {processor.py:914} INFO - Processing file /opt/anaconda3/envs/bc_pipeline/lib/python3.11/site-packages/airflow/example_dags/tutorial_dag.py for tasks to queue
[2025-06-12T15:56:33.185+0300] {logging_mixin.py:190} INFO - [2025-06-12T15:56:33.185+0300] {dagbag.py:588} INFO - Filling up the DagBag from /opt/anaconda3/envs/bc_pipeline/lib/python3.11/site-packages/airflow/example_dags/tutorial_dag.py
[2025-06-12T15:56:33.196+0300] {processor.py:925} INFO - DAG(s) 'tutorial_dag' retrieved from /opt/anaconda3/envs/bc_pipeline/lib/python3.11/site-packages/airflow/example_dags/tutorial_dag.py
[2025-06-12T15:56:33.229+0300] {logging_mixin.py:190} INFO - [2025-06-12T15:56:33.228+0300] {dag.py:3239} INFO - Sync 1 DAGs
[2025-06-12T15:56:33.233+0300] {logging_mixin.py:190} INFO - [2025-06-12T15:56:33.232+0300] {dag.py:4180} INFO - Setting next_dagrun for tutorial_dag to None, run_after=None
[2025-06-12T15:56:33.267+0300] {processor.py:208} INFO - Processing /opt/anaconda3/envs/bc_pipeline/lib/python3.11/site-packages/airflow/example_dags/tutorial_dag.py took 0.086 seconds
[2025-06-12T15:58:11.960+0300] {processor.py:186} INFO - Started process (PID=28579) to work on /opt/anaconda3/envs/bc_pipeline/lib/python3.11/site-packages/airflow/example_dags/tutorial_dag.py
[2025-06-12T15:58:11.960+0300] {processor.py:914} INFO - Processing file /opt/anaconda3/envs/bc_pipeline/lib/python3.11/site-packages/airflow/example_dags/tutorial_dag.py for tasks to queue
[2025-06-12T15:58:11.961+0300] {logging_mixin.py:190} INFO - [2025-06-12T15:58:11.961+0300] {dagbag.py:588} INFO - Filling up the DagBag from /opt/anaconda3/envs/bc_pipeline/lib/python3.11/site-packages/airflow/example_dags/tutorial_dag.py
[2025-06-12T15:58:11.971+0300] {processor.py:925} INFO - DAG(s) 'tutorial_dag' retrieved from /opt/anaconda3/envs/bc_pipeline/lib/python3.11/site-packages/airflow/example_dags/tutorial_dag.py
[2025-06-12T15:58:12.001+0300] {logging_mixin.py:190} INFO - [2025-06-12T15:58:12.001+0300] {dag.py:3239} INFO - Sync 1 DAGs
[2025-06-12T15:58:12.005+0300] {logging_mixin.py:190} INFO - [2025-06-12T15:58:12.005+0300] {dag.py:4180} INFO - Setting next_dagrun for tutorial_dag to None, run_after=None
[2025-06-12T15:58:12.037+0300] {processor.py:208} INFO - Processing /opt/anaconda3/envs/bc_pipeline/lib/python3.11/site-packages/airflow/example_dags/tutorial_dag.py took 0.078 seconds
[2025-06-12T15:59:53.108+0300] {processor.py:186} INFO - Started process (PID=29802) to work on /opt/anaconda3/envs/bc_pipeline/lib/python3.11/site-packages/airflow/example_dags/tutorial_dag.py
[2025-06-12T15:59:53.109+0300] {processor.py:914} INFO - Processing file /opt/anaconda3/envs/bc_pipeline/lib/python3.11/site-packages/airflow/example_dags/tutorial_dag.py for tasks to queue
[2025-06-12T15:59:53.109+0300] {logging_mixin.py:190} INFO - [2025-06-12T15:59:53.109+0300] {dagbag.py:588} INFO - Filling up the DagBag from /opt/anaconda3/envs/bc_pipeline/lib/python3.11/site-packages/airflow/example_dags/tutorial_dag.py
[2025-06-12T15:59:53.120+0300] {processor.py:925} INFO - DAG(s) 'tutorial_dag' retrieved from /opt/anaconda3/envs/bc_pipeline/lib/python3.11/site-packages/airflow/example_dags/tutorial_dag.py
[2025-06-12T15:59:53.154+0300] {logging_mixin.py:190} INFO - [2025-06-12T15:59:53.154+0300] {dag.py:3239} INFO - Sync 1 DAGs
[2025-06-12T15:59:53.158+0300] {logging_mixin.py:190} INFO - [2025-06-12T15:59:53.158+0300] {dag.py:4180} INFO - Setting next_dagrun for tutorial_dag to None, run_after=None
[2025-06-12T15:59:53.198+0300] {processor.py:208} INFO - Processing /opt/anaconda3/envs/bc_pipeline/lib/python3.11/site-packages/airflow/example_dags/tutorial_dag.py took 0.091 seconds
[2025-06-12T16:01:24.583+0300] {processor.py:186} INFO - Started process (PID=30863) to work on /opt/anaconda3/envs/bc_pipeline/lib/python3.11/site-packages/airflow/example_dags/tutorial_dag.py
[2025-06-12T16:01:24.584+0300] {processor.py:914} INFO - Processing file /opt/anaconda3/envs/bc_pipeline/lib/python3.11/site-packages/airflow/example_dags/tutorial_dag.py for tasks to queue
[2025-06-12T16:01:24.585+0300] {logging_mixin.py:190} INFO - [2025-06-12T16:01:24.585+0300] {dagbag.py:588} INFO - Filling up the DagBag from /opt/anaconda3/envs/bc_pipeline/lib/python3.11/site-packages/airflow/example_dags/tutorial_dag.py
[2025-06-12T16:01:24.595+0300] {processor.py:925} INFO - DAG(s) 'tutorial_dag' retrieved from /opt/anaconda3/envs/bc_pipeline/lib/python3.11/site-packages/airflow/example_dags/tutorial_dag.py
[2025-06-12T16:01:24.627+0300] {logging_mixin.py:190} INFO - [2025-06-12T16:01:24.626+0300] {dag.py:3239} INFO - Sync 1 DAGs
[2025-06-12T16:01:24.631+0300] {logging_mixin.py:190} INFO - [2025-06-12T16:01:24.631+0300] {dag.py:4180} INFO - Setting next_dagrun for tutorial_dag to None, run_after=None
[2025-06-12T16:01:24.665+0300] {processor.py:208} INFO - Processing /opt/anaconda3/envs/bc_pipeline/lib/python3.11/site-packages/airflow/example_dags/tutorial_dag.py took 0.083 seconds
[2025-06-12T16:02:34.681+0300] {processor.py:186} INFO - Started process (PID=31646) to work on /opt/anaconda3/envs/bc_pipeline/lib/python3.11/site-packages/airflow/example_dags/tutorial_dag.py
[2025-06-12T16:02:34.683+0300] {processor.py:914} INFO - Processing file /opt/anaconda3/envs/bc_pipeline/lib/python3.11/site-packages/airflow/example_dags/tutorial_dag.py for tasks to queue
[2025-06-12T16:02:34.683+0300] {logging_mixin.py:190} INFO - [2025-06-12T16:02:34.683+0300] {dagbag.py:588} INFO - Filling up the DagBag from /opt/anaconda3/envs/bc_pipeline/lib/python3.11/site-packages/airflow/example_dags/tutorial_dag.py
[2025-06-12T16:02:34.693+0300] {processor.py:925} INFO - DAG(s) 'tutorial_dag' retrieved from /opt/anaconda3/envs/bc_pipeline/lib/python3.11/site-packages/airflow/example_dags/tutorial_dag.py
[2025-06-12T16:02:34.724+0300] {logging_mixin.py:190} INFO - [2025-06-12T16:02:34.724+0300] {dag.py:3239} INFO - Sync 1 DAGs
[2025-06-12T16:02:34.728+0300] {logging_mixin.py:190} INFO - [2025-06-12T16:02:34.728+0300] {dag.py:4180} INFO - Setting next_dagrun for tutorial_dag to None, run_after=None
[2025-06-12T16:02:34.760+0300] {processor.py:208} INFO - Processing /opt/anaconda3/envs/bc_pipeline/lib/python3.11/site-packages/airflow/example_dags/tutorial_dag.py took 0.079 seconds
