[2025-06-12T15:37:50.335+0300] {processor.py:186} INFO - Started process (PID=9702) to work on /opt/anaconda3/envs/bc_pipeline/lib/python3.11/site-packages/airflow/example_dags/tutorial_objectstorage.py
[2025-06-12T15:37:50.336+0300] {processor.py:914} INFO - Processing file /opt/anaconda3/envs/bc_pipeline/lib/python3.11/site-packages/airflow/example_dags/tutorial_objectstorage.py for tasks to queue
[2025-06-12T15:37:50.336+0300] {logging_mixin.py:190} INFO - [2025-06-12T15:37:50.336+0300] {dagbag.py:588} INFO - Filling up the DagBag from /opt/anaconda3/envs/bc_pipeline/lib/python3.11/site-packages/airflow/example_dags/tutorial_objectstorage.py
[2025-06-12T15:37:50.352+0300] {processor.py:925} INFO - DAG(s) 'tutorial_objectstorage' retrieved from /opt/anaconda3/envs/bc_pipeline/lib/python3.11/site-packages/airflow/example_dags/tutorial_objectstorage.py
[2025-06-12T15:37:50.445+0300] {logging_mixin.py:190} INFO - [2025-06-12T15:37:50.444+0300] {override.py:1900} INFO - Created Permission View: can read on DAG:tutorial_objectstorage
[2025-06-12T15:37:50.448+0300] {logging_mixin.py:190} INFO - [2025-06-12T15:37:50.447+0300] {override.py:1900} INFO - Created Permission View: can edit on DAG:tutorial_objectstorage
[2025-06-12T15:37:50.450+0300] {logging_mixin.py:190} INFO - [2025-06-12T15:37:50.450+0300] {override.py:1900} INFO - Created Permission View: can delete on DAG:tutorial_objectstorage
[2025-06-12T15:37:50.454+0300] {logging_mixin.py:190} INFO - [2025-06-12T15:37:50.454+0300] {override.py:1900} INFO - Created Permission View: can read on DAG Run:tutorial_objectstorage
[2025-06-12T15:37:50.456+0300] {logging_mixin.py:190} INFO - [2025-06-12T15:37:50.456+0300] {override.py:1900} INFO - Created Permission View: can create on DAG Run:tutorial_objectstorage
[2025-06-12T15:37:50.458+0300] {logging_mixin.py:190} INFO - [2025-06-12T15:37:50.458+0300] {override.py:1900} INFO - Created Permission View: menu access on DAG Run:tutorial_objectstorage
[2025-06-12T15:37:50.460+0300] {logging_mixin.py:190} INFO - [2025-06-12T15:37:50.460+0300] {override.py:1900} INFO - Created Permission View: can delete on DAG Run:tutorial_objectstorage
[2025-06-12T15:37:50.460+0300] {logging_mixin.py:190} INFO - [2025-06-12T15:37:50.460+0300] {dag.py:3239} INFO - Sync 1 DAGs
[2025-06-12T15:37:50.464+0300] {logging_mixin.py:190} INFO - [2025-06-12T15:37:50.464+0300] {dag.py:3262} INFO - Creating ORM DAG for tutorial_objectstorage
[2025-06-12T15:37:50.464+0300] {logging_mixin.py:190} INFO - [2025-06-12T15:37:50.464+0300] {dag.py:4180} INFO - Setting next_dagrun for tutorial_objectstorage to None, run_after=None
[2025-06-12T15:37:50.471+0300] {processor.py:208} INFO - Processing /opt/anaconda3/envs/bc_pipeline/lib/python3.11/site-packages/airflow/example_dags/tutorial_objectstorage.py took 0.138 seconds
[2025-06-12T15:56:31.728+0300] {processor.py:186} INFO - Started process (PID=25985) to work on /opt/anaconda3/envs/bc_pipeline/lib/python3.11/site-packages/airflow/example_dags/tutorial_objectstorage.py
[2025-06-12T15:56:31.729+0300] {processor.py:914} INFO - Processing file /opt/anaconda3/envs/bc_pipeline/lib/python3.11/site-packages/airflow/example_dags/tutorial_objectstorage.py for tasks to queue
[2025-06-12T15:56:31.729+0300] {logging_mixin.py:190} INFO - [2025-06-12T15:56:31.729+0300] {dagbag.py:588} INFO - Filling up the DagBag from /opt/anaconda3/envs/bc_pipeline/lib/python3.11/site-packages/airflow/example_dags/tutorial_objectstorage.py
[2025-06-12T15:56:31.746+0300] {processor.py:925} INFO - DAG(s) 'tutorial_objectstorage' retrieved from /opt/anaconda3/envs/bc_pipeline/lib/python3.11/site-packages/airflow/example_dags/tutorial_objectstorage.py
[2025-06-12T15:56:31.780+0300] {logging_mixin.py:190} INFO - [2025-06-12T15:56:31.780+0300] {dag.py:3239} INFO - Sync 1 DAGs
[2025-06-12T15:56:31.814+0300] {logging_mixin.py:190} INFO - [2025-06-12T15:56:31.814+0300] {dag.py:4180} INFO - Setting next_dagrun for tutorial_objectstorage to None, run_after=None
[2025-06-12T15:56:31.821+0300] {processor.py:208} INFO - Processing /opt/anaconda3/envs/bc_pipeline/lib/python3.11/site-packages/airflow/example_dags/tutorial_objectstorage.py took 0.094 seconds
[2025-06-12T15:58:10.539+0300] {processor.py:186} INFO - Started process (PID=28447) to work on /opt/anaconda3/envs/bc_pipeline/lib/python3.11/site-packages/airflow/example_dags/tutorial_objectstorage.py
[2025-06-12T15:58:10.539+0300] {processor.py:914} INFO - Processing file /opt/anaconda3/envs/bc_pipeline/lib/python3.11/site-packages/airflow/example_dags/tutorial_objectstorage.py for tasks to queue
[2025-06-12T15:58:10.540+0300] {logging_mixin.py:190} INFO - [2025-06-12T15:58:10.540+0300] {dagbag.py:588} INFO - Filling up the DagBag from /opt/anaconda3/envs/bc_pipeline/lib/python3.11/site-packages/airflow/example_dags/tutorial_objectstorage.py
[2025-06-12T15:58:10.555+0300] {processor.py:925} INFO - DAG(s) 'tutorial_objectstorage' retrieved from /opt/anaconda3/envs/bc_pipeline/lib/python3.11/site-packages/airflow/example_dags/tutorial_objectstorage.py
[2025-06-12T15:58:10.586+0300] {logging_mixin.py:190} INFO - [2025-06-12T15:58:10.586+0300] {dag.py:3239} INFO - Sync 1 DAGs
[2025-06-12T15:58:10.620+0300] {logging_mixin.py:190} INFO - [2025-06-12T15:58:10.620+0300] {dag.py:4180} INFO - Setting next_dagrun for tutorial_objectstorage to None, run_after=None
[2025-06-12T15:58:10.627+0300] {processor.py:208} INFO - Processing /opt/anaconda3/envs/bc_pipeline/lib/python3.11/site-packages/airflow/example_dags/tutorial_objectstorage.py took 0.089 seconds
[2025-06-12T15:59:51.217+0300] {processor.py:186} INFO - Started process (PID=29779) to work on /opt/anaconda3/envs/bc_pipeline/lib/python3.11/site-packages/airflow/example_dags/tutorial_objectstorage.py
[2025-06-12T15:59:51.217+0300] {processor.py:914} INFO - Processing file /opt/anaconda3/envs/bc_pipeline/lib/python3.11/site-packages/airflow/example_dags/tutorial_objectstorage.py for tasks to queue
[2025-06-12T15:59:51.218+0300] {logging_mixin.py:190} INFO - [2025-06-12T15:59:51.218+0300] {dagbag.py:588} INFO - Filling up the DagBag from /opt/anaconda3/envs/bc_pipeline/lib/python3.11/site-packages/airflow/example_dags/tutorial_objectstorage.py
[2025-06-12T15:59:51.234+0300] {processor.py:925} INFO - DAG(s) 'tutorial_objectstorage' retrieved from /opt/anaconda3/envs/bc_pipeline/lib/python3.11/site-packages/airflow/example_dags/tutorial_objectstorage.py
[2025-06-12T15:59:51.265+0300] {logging_mixin.py:190} INFO - [2025-06-12T15:59:51.265+0300] {dag.py:3239} INFO - Sync 1 DAGs
[2025-06-12T15:59:51.305+0300] {logging_mixin.py:190} INFO - [2025-06-12T15:59:51.304+0300] {dag.py:4180} INFO - Setting next_dagrun for tutorial_objectstorage to None, run_after=None
[2025-06-12T15:59:51.314+0300] {processor.py:208} INFO - Processing /opt/anaconda3/envs/bc_pipeline/lib/python3.11/site-packages/airflow/example_dags/tutorial_objectstorage.py took 0.099 seconds
[2025-06-12T16:01:22.789+0300] {processor.py:186} INFO - Started process (PID=30841) to work on /opt/anaconda3/envs/bc_pipeline/lib/python3.11/site-packages/airflow/example_dags/tutorial_objectstorage.py
[2025-06-12T16:01:22.790+0300] {processor.py:914} INFO - Processing file /opt/anaconda3/envs/bc_pipeline/lib/python3.11/site-packages/airflow/example_dags/tutorial_objectstorage.py for tasks to queue
[2025-06-12T16:01:22.790+0300] {logging_mixin.py:190} INFO - [2025-06-12T16:01:22.790+0300] {dagbag.py:588} INFO - Filling up the DagBag from /opt/anaconda3/envs/bc_pipeline/lib/python3.11/site-packages/airflow/example_dags/tutorial_objectstorage.py
[2025-06-12T16:01:22.805+0300] {processor.py:925} INFO - DAG(s) 'tutorial_objectstorage' retrieved from /opt/anaconda3/envs/bc_pipeline/lib/python3.11/site-packages/airflow/example_dags/tutorial_objectstorage.py
[2025-06-12T16:01:22.836+0300] {logging_mixin.py:190} INFO - [2025-06-12T16:01:22.836+0300] {dag.py:3239} INFO - Sync 1 DAGs
[2025-06-12T16:01:22.867+0300] {logging_mixin.py:190} INFO - [2025-06-12T16:01:22.866+0300] {dag.py:4180} INFO - Setting next_dagrun for tutorial_objectstorage to None, run_after=None
[2025-06-12T16:01:22.873+0300] {processor.py:208} INFO - Processing /opt/anaconda3/envs/bc_pipeline/lib/python3.11/site-packages/airflow/example_dags/tutorial_objectstorage.py took 0.086 seconds
[2025-06-12T16:02:32.918+0300] {processor.py:186} INFO - Started process (PID=31624) to work on /opt/anaconda3/envs/bc_pipeline/lib/python3.11/site-packages/airflow/example_dags/tutorial_objectstorage.py
[2025-06-12T16:02:32.919+0300] {processor.py:914} INFO - Processing file /opt/anaconda3/envs/bc_pipeline/lib/python3.11/site-packages/airflow/example_dags/tutorial_objectstorage.py for tasks to queue
[2025-06-12T16:02:32.920+0300] {logging_mixin.py:190} INFO - [2025-06-12T16:02:32.919+0300] {dagbag.py:588} INFO - Filling up the DagBag from /opt/anaconda3/envs/bc_pipeline/lib/python3.11/site-packages/airflow/example_dags/tutorial_objectstorage.py
[2025-06-12T16:02:32.934+0300] {processor.py:925} INFO - DAG(s) 'tutorial_objectstorage' retrieved from /opt/anaconda3/envs/bc_pipeline/lib/python3.11/site-packages/airflow/example_dags/tutorial_objectstorage.py
[2025-06-12T16:02:32.965+0300] {logging_mixin.py:190} INFO - [2025-06-12T16:02:32.964+0300] {dag.py:3239} INFO - Sync 1 DAGs
[2025-06-12T16:02:32.994+0300] {logging_mixin.py:190} INFO - [2025-06-12T16:02:32.994+0300] {dag.py:4180} INFO - Setting next_dagrun for tutorial_objectstorage to None, run_after=None
[2025-06-12T16:02:33.001+0300] {processor.py:208} INFO - Processing /opt/anaconda3/envs/bc_pipeline/lib/python3.11/site-packages/airflow/example_dags/tutorial_objectstorage.py took 0.085 seconds
