[2025-06-12T15:37:48.403+0300] {processor.py:186} INFO - Started process (PID=9680) to work on /opt/anaconda3/envs/bc_pipeline/lib/python3.11/site-packages/airflow/example_dags/tutorial_taskflow_api.py
[2025-06-12T15:37:48.404+0300] {processor.py:914} INFO - Processing file /opt/anaconda3/envs/bc_pipeline/lib/python3.11/site-packages/airflow/example_dags/tutorial_taskflow_api.py for tasks to queue
[2025-06-12T15:37:48.404+0300] {logging_mixin.py:190} INFO - [2025-06-12T15:37:48.404+0300] {dagbag.py:588} INFO - Filling up the DagBag from /opt/anaconda3/envs/bc_pipeline/lib/python3.11/site-packages/airflow/example_dags/tutorial_taskflow_api.py
[2025-06-12T15:37:48.421+0300] {processor.py:925} INFO - DAG(s) 'tutorial_taskflow_api' retrieved from /opt/anaconda3/envs/bc_pipeline/lib/python3.11/site-packages/airflow/example_dags/tutorial_taskflow_api.py
[2025-06-12T15:37:48.525+0300] {logging_mixin.py:190} INFO - [2025-06-12T15:37:48.524+0300] {override.py:1900} INFO - Created Permission View: can delete on DAG:tutorial_taskflow_api
[2025-06-12T15:37:48.528+0300] {logging_mixin.py:190} INFO - [2025-06-12T15:37:48.527+0300] {override.py:1900} INFO - Created Permission View: can edit on DAG:tutorial_taskflow_api
[2025-06-12T15:37:48.530+0300] {logging_mixin.py:190} INFO - [2025-06-12T15:37:48.530+0300] {override.py:1900} INFO - Created Permission View: can read on DAG:tutorial_taskflow_api
[2025-06-12T15:37:48.533+0300] {logging_mixin.py:190} INFO - [2025-06-12T15:37:48.533+0300] {override.py:1900} INFO - Created Permission View: can delete on DAG Run:tutorial_taskflow_api
[2025-06-12T15:37:48.535+0300] {logging_mixin.py:190} INFO - [2025-06-12T15:37:48.535+0300] {override.py:1900} INFO - Created Permission View: menu access on DAG Run:tutorial_taskflow_api
[2025-06-12T15:37:48.537+0300] {logging_mixin.py:190} INFO - [2025-06-12T15:37:48.537+0300] {override.py:1900} INFO - Created Permission View: can read on DAG Run:tutorial_taskflow_api
[2025-06-12T15:37:48.539+0300] {logging_mixin.py:190} INFO - [2025-06-12T15:37:48.538+0300] {override.py:1900} INFO - Created Permission View: can create on DAG Run:tutorial_taskflow_api
[2025-06-12T15:37:48.539+0300] {logging_mixin.py:190} INFO - [2025-06-12T15:37:48.539+0300] {dag.py:3239} INFO - Sync 1 DAGs
[2025-06-12T15:37:48.543+0300] {logging_mixin.py:190} INFO - [2025-06-12T15:37:48.543+0300] {dag.py:3262} INFO - Creating ORM DAG for tutorial_taskflow_api
[2025-06-12T15:37:48.543+0300] {logging_mixin.py:190} INFO - [2025-06-12T15:37:48.543+0300] {dag.py:4180} INFO - Setting next_dagrun for tutorial_taskflow_api to None, run_after=None
[2025-06-12T15:37:48.549+0300] {processor.py:208} INFO - Processing /opt/anaconda3/envs/bc_pipeline/lib/python3.11/site-packages/airflow/example_dags/tutorial_taskflow_api.py took 0.148 seconds
[2025-06-12T15:39:29.284+0300] {processor.py:186} INFO - Started process (PID=10825) to work on /opt/anaconda3/envs/bc_pipeline/lib/python3.11/site-packages/airflow/example_dags/tutorial_taskflow_api.py
[2025-06-12T15:39:29.285+0300] {processor.py:914} INFO - Processing file /opt/anaconda3/envs/bc_pipeline/lib/python3.11/site-packages/airflow/example_dags/tutorial_taskflow_api.py for tasks to queue
[2025-06-12T15:39:29.286+0300] {logging_mixin.py:190} INFO - [2025-06-12T15:39:29.286+0300] {dagbag.py:588} INFO - Filling up the DagBag from /opt/anaconda3/envs/bc_pipeline/lib/python3.11/site-packages/airflow/example_dags/tutorial_taskflow_api.py
[2025-06-12T15:39:29.303+0300] {processor.py:925} INFO - DAG(s) 'tutorial_taskflow_api' retrieved from /opt/anaconda3/envs/bc_pipeline/lib/python3.11/site-packages/airflow/example_dags/tutorial_taskflow_api.py
[2025-06-12T15:39:29.339+0300] {logging_mixin.py:190} INFO - [2025-06-12T15:39:29.339+0300] {dag.py:3239} INFO - Sync 1 DAGs
[2025-06-12T15:39:29.372+0300] {logging_mixin.py:190} INFO - [2025-06-12T15:39:29.372+0300] {dag.py:4180} INFO - Setting next_dagrun for tutorial_taskflow_api to None, run_after=None
[2025-06-12T15:39:29.379+0300] {processor.py:208} INFO - Processing /opt/anaconda3/envs/bc_pipeline/lib/python3.11/site-packages/airflow/example_dags/tutorial_taskflow_api.py took 0.097 seconds
[2025-06-12T15:56:29.909+0300] {processor.py:186} INFO - Started process (PID=25984) to work on /opt/anaconda3/envs/bc_pipeline/lib/python3.11/site-packages/airflow/example_dags/tutorial_taskflow_api.py
[2025-06-12T15:56:29.910+0300] {processor.py:914} INFO - Processing file /opt/anaconda3/envs/bc_pipeline/lib/python3.11/site-packages/airflow/example_dags/tutorial_taskflow_api.py for tasks to queue
[2025-06-12T15:56:29.911+0300] {logging_mixin.py:190} INFO - [2025-06-12T15:56:29.910+0300] {dagbag.py:588} INFO - Filling up the DagBag from /opt/anaconda3/envs/bc_pipeline/lib/python3.11/site-packages/airflow/example_dags/tutorial_taskflow_api.py
[2025-06-12T15:56:29.927+0300] {processor.py:925} INFO - DAG(s) 'tutorial_taskflow_api' retrieved from /opt/anaconda3/envs/bc_pipeline/lib/python3.11/site-packages/airflow/example_dags/tutorial_taskflow_api.py
[2025-06-12T15:56:29.961+0300] {logging_mixin.py:190} INFO - [2025-06-12T15:56:29.961+0300] {dag.py:3239} INFO - Sync 1 DAGs
[2025-06-12T15:56:29.992+0300] {logging_mixin.py:190} INFO - [2025-06-12T15:56:29.991+0300] {dag.py:4180} INFO - Setting next_dagrun for tutorial_taskflow_api to None, run_after=None
[2025-06-12T15:56:29.998+0300] {processor.py:208} INFO - Processing /opt/anaconda3/envs/bc_pipeline/lib/python3.11/site-packages/airflow/example_dags/tutorial_taskflow_api.py took 0.090 seconds
[2025-06-12T15:58:08.699+0300] {processor.py:186} INFO - Started process (PID=28425) to work on /opt/anaconda3/envs/bc_pipeline/lib/python3.11/site-packages/airflow/example_dags/tutorial_taskflow_api.py
[2025-06-12T15:58:08.699+0300] {processor.py:914} INFO - Processing file /opt/anaconda3/envs/bc_pipeline/lib/python3.11/site-packages/airflow/example_dags/tutorial_taskflow_api.py for tasks to queue
[2025-06-12T15:58:08.700+0300] {logging_mixin.py:190} INFO - [2025-06-12T15:58:08.700+0300] {dagbag.py:588} INFO - Filling up the DagBag from /opt/anaconda3/envs/bc_pipeline/lib/python3.11/site-packages/airflow/example_dags/tutorial_taskflow_api.py
[2025-06-12T15:58:08.715+0300] {processor.py:925} INFO - DAG(s) 'tutorial_taskflow_api' retrieved from /opt/anaconda3/envs/bc_pipeline/lib/python3.11/site-packages/airflow/example_dags/tutorial_taskflow_api.py
[2025-06-12T15:58:08.748+0300] {logging_mixin.py:190} INFO - [2025-06-12T15:58:08.748+0300] {dag.py:3239} INFO - Sync 1 DAGs
[2025-06-12T15:58:08.778+0300] {logging_mixin.py:190} INFO - [2025-06-12T15:58:08.778+0300] {dag.py:4180} INFO - Setting next_dagrun for tutorial_taskflow_api to None, run_after=None
[2025-06-12T15:58:08.785+0300] {processor.py:208} INFO - Processing /opt/anaconda3/envs/bc_pipeline/lib/python3.11/site-packages/airflow/example_dags/tutorial_taskflow_api.py took 0.088 seconds
[2025-06-12T15:59:49.352+0300] {processor.py:186} INFO - Started process (PID=29757) to work on /opt/anaconda3/envs/bc_pipeline/lib/python3.11/site-packages/airflow/example_dags/tutorial_taskflow_api.py
[2025-06-12T15:59:49.353+0300] {processor.py:914} INFO - Processing file /opt/anaconda3/envs/bc_pipeline/lib/python3.11/site-packages/airflow/example_dags/tutorial_taskflow_api.py for tasks to queue
[2025-06-12T15:59:49.353+0300] {logging_mixin.py:190} INFO - [2025-06-12T15:59:49.353+0300] {dagbag.py:588} INFO - Filling up the DagBag from /opt/anaconda3/envs/bc_pipeline/lib/python3.11/site-packages/airflow/example_dags/tutorial_taskflow_api.py
[2025-06-12T15:59:49.370+0300] {processor.py:925} INFO - DAG(s) 'tutorial_taskflow_api' retrieved from /opt/anaconda3/envs/bc_pipeline/lib/python3.11/site-packages/airflow/example_dags/tutorial_taskflow_api.py
[2025-06-12T15:59:49.407+0300] {logging_mixin.py:190} INFO - [2025-06-12T15:59:49.406+0300] {dag.py:3239} INFO - Sync 1 DAGs
[2025-06-12T15:59:49.445+0300] {logging_mixin.py:190} INFO - [2025-06-12T15:59:49.445+0300] {dag.py:4180} INFO - Setting next_dagrun for tutorial_taskflow_api to None, run_after=None
[2025-06-12T15:59:49.453+0300] {processor.py:208} INFO - Processing /opt/anaconda3/envs/bc_pipeline/lib/python3.11/site-packages/airflow/example_dags/tutorial_taskflow_api.py took 0.102 seconds
[2025-06-12T16:01:21.964+0300] {processor.py:186} INFO - Started process (PID=30817) to work on /opt/anaconda3/envs/bc_pipeline/lib/python3.11/site-packages/airflow/example_dags/tutorial_taskflow_api.py
[2025-06-12T16:01:21.964+0300] {processor.py:914} INFO - Processing file /opt/anaconda3/envs/bc_pipeline/lib/python3.11/site-packages/airflow/example_dags/tutorial_taskflow_api.py for tasks to queue
[2025-06-12T16:01:21.965+0300] {logging_mixin.py:190} INFO - [2025-06-12T16:01:21.965+0300] {dagbag.py:588} INFO - Filling up the DagBag from /opt/anaconda3/envs/bc_pipeline/lib/python3.11/site-packages/airflow/example_dags/tutorial_taskflow_api.py
[2025-06-12T16:01:21.980+0300] {processor.py:925} INFO - DAG(s) 'tutorial_taskflow_api' retrieved from /opt/anaconda3/envs/bc_pipeline/lib/python3.11/site-packages/airflow/example_dags/tutorial_taskflow_api.py
[2025-06-12T16:01:22.011+0300] {logging_mixin.py:190} INFO - [2025-06-12T16:01:22.011+0300] {dag.py:3239} INFO - Sync 1 DAGs
[2025-06-12T16:01:22.042+0300] {logging_mixin.py:190} INFO - [2025-06-12T16:01:22.042+0300] {dag.py:4180} INFO - Setting next_dagrun for tutorial_taskflow_api to None, run_after=None
[2025-06-12T16:01:22.048+0300] {processor.py:208} INFO - Processing /opt/anaconda3/envs/bc_pipeline/lib/python3.11/site-packages/airflow/example_dags/tutorial_taskflow_api.py took 0.086 seconds
[2025-06-12T16:02:31.132+0300] {processor.py:186} INFO - Started process (PID=31602) to work on /opt/anaconda3/envs/bc_pipeline/lib/python3.11/site-packages/airflow/example_dags/tutorial_taskflow_api.py
[2025-06-12T16:02:31.133+0300] {processor.py:914} INFO - Processing file /opt/anaconda3/envs/bc_pipeline/lib/python3.11/site-packages/airflow/example_dags/tutorial_taskflow_api.py for tasks to queue
[2025-06-12T16:02:31.133+0300] {logging_mixin.py:190} INFO - [2025-06-12T16:02:31.133+0300] {dagbag.py:588} INFO - Filling up the DagBag from /opt/anaconda3/envs/bc_pipeline/lib/python3.11/site-packages/airflow/example_dags/tutorial_taskflow_api.py
[2025-06-12T16:02:31.149+0300] {processor.py:925} INFO - DAG(s) 'tutorial_taskflow_api' retrieved from /opt/anaconda3/envs/bc_pipeline/lib/python3.11/site-packages/airflow/example_dags/tutorial_taskflow_api.py
[2025-06-12T16:02:31.181+0300] {logging_mixin.py:190} INFO - [2025-06-12T16:02:31.181+0300] {dag.py:3239} INFO - Sync 1 DAGs
[2025-06-12T16:02:31.211+0300] {logging_mixin.py:190} INFO - [2025-06-12T16:02:31.211+0300] {dag.py:4180} INFO - Setting next_dagrun for tutorial_taskflow_api to None, run_after=None
[2025-06-12T16:02:31.218+0300] {processor.py:208} INFO - Processing /opt/anaconda3/envs/bc_pipeline/lib/python3.11/site-packages/airflow/example_dags/tutorial_taskflow_api.py took 0.087 seconds
