[2025-06-12T16:01:03.834+0300] {local_task_job_runner.py:123} INFO - ::group::Pre task execution logs
[2025-06-12T16:01:03.838+0300] {taskinstance.py:2612} INFO - Dependencies all met for dep_context=non-requeueable deps ti=<TaskInstance: breast_cancer_pipeline.preprocess manual__2025-06-12T13:00:49.718749+00:00 [queued]>
[2025-06-12T16:01:03.842+0300] {taskinstance.py:2612} INFO - Dependencies all met for dep_context=requeueable deps ti=<TaskInstance: breast_cancer_pipeline.preprocess manual__2025-06-12T13:00:49.718749+00:00 [queued]>
[2025-06-12T16:01:03.842+0300] {taskinstance.py:2865} INFO - Starting attempt 1 of 3
[2025-06-12T16:01:03.846+0300] {taskinstance.py:2888} INFO - Executing <Task(PythonOperator): preprocess> on 2025-06-12 13:00:49.718749+00:00
[2025-06-12T16:01:03.852+0300] {standard_task_runner.py:72} INFO - Started process 30604 to run task
[2025-06-12T16:01:03.856+0300] {standard_task_runner.py:104} INFO - Running: ['airflow', 'tasks', 'run', 'breast_cancer_pipeline', 'preprocess', 'manual__2025-06-12T13:00:49.718749+00:00', '--job-id', '5', '--raw', '--subdir', 'DAGS_FOLDER/pipeline_dag.py', '--cfg-path', '/var/folders/l_/4np1fb3j1lx613c5qvnrj8xw0000gn/T/tmpf9npdsbh']
[2025-06-12T16:01:03.857+0300] {standard_task_runner.py:105} INFO - Job 5: Subtask preprocess
[2025-06-12T16:01:03.878+0300] {task_command.py:467} INFO - Running <TaskInstance: breast_cancer_pipeline.preprocess manual__2025-06-12T13:00:49.718749+00:00 [running]> on host macbook-pro-alexander.local
[2025-06-12T16:01:03.900+0300] {taskinstance.py:3131} INFO - Exporting env vars: AIRFLOW_CTX_DAG_EMAIL='alerts@example.com' AIRFLOW_CTX_DAG_OWNER='data_engineer' AIRFLOW_CTX_DAG_ID='breast_cancer_pipeline' AIRFLOW_CTX_TASK_ID='preprocess' AIRFLOW_CTX_EXECUTION_DATE='2025-06-12T13:00:49.718749+00:00' AIRFLOW_CTX_TRY_NUMBER='1' AIRFLOW_CTX_DAG_RUN_ID='manual__2025-06-12T13:00:49.718749+00:00'
[2025-06-12T16:01:03.901+0300] {logging_mixin.py:190} INFO - Task instance is in running state
[2025-06-12T16:01:03.901+0300] {logging_mixin.py:190} INFO -  Previous state of the Task instance: queued
[2025-06-12T16:01:03.901+0300] {logging_mixin.py:190} INFO - Current task name:preprocess state:running start_date:2025-06-12 13:01:03.839090+00:00
[2025-06-12T16:01:03.901+0300] {logging_mixin.py:190} INFO - Dag name:breast_cancer_pipeline and current dag run status:running
[2025-06-12T16:01:03.901+0300] {taskinstance.py:731} INFO - ::endgroup::
[2025-06-12T16:01:03.902+0300] {preprocess.py:122} INFO - Loading raw data from raw/breast_cancer.csv
[2025-06-12T16:01:03.906+0300] {preprocess.py:53} INFO - Starting preprocessing …
[2025-06-12T16:01:03.913+0300] {preprocess.py:95} INFO - Finished preprocessing: 569 rows × 31 columns
[2025-06-12T16:01:03.914+0300] {preprocess.py:128} INFO - Writing processed data to processed/data.parquet
[2025-06-12T16:01:06.933+0300] {preprocess.py:130} INFO - Done. File size: 158.6 KB
[2025-06-12T16:01:06.934+0300] {python.py:240} INFO - Done. Returned value was: None
[2025-06-12T16:01:06.937+0300] {taskinstance.py:340} INFO - ::group::Post task execution logs
[2025-06-12T16:01:06.938+0300] {taskinstance.py:352} INFO - Marking task as SUCCESS. dag_id=breast_cancer_pipeline, task_id=preprocess, run_id=manual__2025-06-12T13:00:49.718749+00:00, execution_date=20250612T130049, start_date=20250612T130103, end_date=20250612T130106
[2025-06-12T16:01:06.943+0300] {logging_mixin.py:190} INFO - Task instance in success state
[2025-06-12T16:01:06.943+0300] {logging_mixin.py:190} INFO -  Previous state of the Task instance: running
[2025-06-12T16:01:06.943+0300] {logging_mixin.py:190} INFO - Dag name:breast_cancer_pipeline queued_at:2025-06-12 13:00:49.733094+00:00
[2025-06-12T16:01:06.944+0300] {logging_mixin.py:190} INFO - Task hostname:macbook-pro-alexander.local operator:PythonOperator
[2025-06-12T16:01:06.949+0300] {local_task_job_runner.py:266} INFO - Task exited with return code 0
[2025-06-12T16:01:06.961+0300] {taskinstance.py:3900} INFO - 1 downstream tasks scheduled from follow-on schedule check
[2025-06-12T16:01:06.961+0300] {local_task_job_runner.py:245} INFO - ::endgroup::
