[2025-06-12T16:01:21.034+0300] {local_task_job_runner.py:123} INFO - ::group::Pre task execution logs
[2025-06-12T16:01:21.038+0300] {taskinstance.py:2612} INFO - Dependencies all met for dep_context=non-requeueable deps ti=<TaskInstance: breast_cancer_pipeline.save_results manual__2025-06-12T13:00:49.718749+00:00 [queued]>
[2025-06-12T16:01:21.040+0300] {taskinstance.py:2612} INFO - Dependencies all met for dep_context=requeueable deps ti=<TaskInstance: breast_cancer_pipeline.save_results manual__2025-06-12T13:00:49.718749+00:00 [queued]>
[2025-06-12T16:01:21.040+0300] {taskinstance.py:2865} INFO - Starting attempt 1 of 3
[2025-06-12T16:01:21.045+0300] {taskinstance.py:2888} INFO - Executing <Task(PythonOperator): save_results> on 2025-06-12 13:00:49.718749+00:00
[2025-06-12T16:01:21.050+0300] {standard_task_runner.py:72} INFO - Started process 30816 to run task
[2025-06-12T16:01:21.053+0300] {standard_task_runner.py:104} INFO - Running: ['airflow', 'tasks', 'run', 'breast_cancer_pipeline', 'save_results', 'manual__2025-06-12T13:00:49.718749+00:00', '--job-id', '9', '--raw', '--subdir', 'DAGS_FOLDER/pipeline_dag.py', '--cfg-path', '/var/folders/l_/4np1fb3j1lx613c5qvnrj8xw0000gn/T/tmphogra3z5']
[2025-06-12T16:01:21.054+0300] {standard_task_runner.py:105} INFO - Job 9: Subtask save_results
[2025-06-12T16:01:21.079+0300] {task_command.py:467} INFO - Running <TaskInstance: breast_cancer_pipeline.save_results manual__2025-06-12T13:00:49.718749+00:00 [running]> on host macbook-pro-alexander.local
[2025-06-12T16:01:21.099+0300] {taskinstance.py:3131} INFO - Exporting env vars: AIRFLOW_CTX_DAG_EMAIL='alerts@example.com' AIRFLOW_CTX_DAG_OWNER='data_engineer' AIRFLOW_CTX_DAG_ID='breast_cancer_pipeline' AIRFLOW_CTX_TASK_ID='save_results' AIRFLOW_CTX_EXECUTION_DATE='2025-06-12T13:00:49.718749+00:00' AIRFLOW_CTX_TRY_NUMBER='1' AIRFLOW_CTX_DAG_RUN_ID='manual__2025-06-12T13:00:49.718749+00:00'
[2025-06-12T16:01:21.100+0300] {logging_mixin.py:190} INFO - Task instance is in running state
[2025-06-12T16:01:21.100+0300] {logging_mixin.py:190} INFO -  Previous state of the Task instance: queued
[2025-06-12T16:01:21.101+0300] {logging_mixin.py:190} INFO - Current task name:save_results state:running start_date:2025-06-12 13:01:21.038497+00:00
[2025-06-12T16:01:21.101+0300] {logging_mixin.py:190} INFO - Dag name:breast_cancer_pipeline and current dag run status:running
[2025-06-12T16:01:21.101+0300] {taskinstance.py:731} INFO - ::endgroup::
[2025-06-12T16:01:21.103+0300] {save_results.py:54} INFO - Copied artifacts/model.pkl → results/model.pkl
[2025-06-12T16:01:21.103+0300] {save_results.py:54} INFO - Copied artifacts/test_metrics.json → results/test_metrics.json
[2025-06-12T16:01:21.104+0300] {save_results.py:54} INFO - Copied artifacts/classification_report.csv → results/classification_report.csv
[2025-06-12T16:01:21.104+0300] {save_results.py:74} INFO - Manifest written to results/manifest.json
[2025-06-12T16:01:21.105+0300] {python.py:240} INFO - Done. Returned value was: None
[2025-06-12T16:01:21.107+0300] {taskinstance.py:340} INFO - ::group::Post task execution logs
[2025-06-12T16:01:21.107+0300] {taskinstance.py:352} INFO - Marking task as SUCCESS. dag_id=breast_cancer_pipeline, task_id=save_results, run_id=manual__2025-06-12T13:00:49.718749+00:00, execution_date=20250612T130049, start_date=20250612T130121, end_date=20250612T130121
[2025-06-12T16:01:21.110+0300] {logging_mixin.py:190} INFO - Task instance in success state
[2025-06-12T16:01:21.110+0300] {logging_mixin.py:190} INFO -  Previous state of the Task instance: running
[2025-06-12T16:01:21.110+0300] {logging_mixin.py:190} INFO - Dag name:breast_cancer_pipeline queued_at:2025-06-12 13:00:49.733094+00:00
[2025-06-12T16:01:21.110+0300] {logging_mixin.py:190} INFO - Task hostname:macbook-pro-alexander.local operator:PythonOperator
[2025-06-12T16:01:21.114+0300] {local_task_job_runner.py:266} INFO - Task exited with return code 0
[2025-06-12T16:01:21.120+0300] {taskinstance.py:3900} INFO - 0 downstream tasks scheduled from follow-on schedule check
[2025-06-12T16:01:21.120+0300] {local_task_job_runner.py:245} INFO - ::endgroup::
